<?xml version="1.0" encoding="utf-8"?><testsuites name="pytest tests"><testsuite name="pytest" errors="0" failures="0" skipped="2" tests="3895" time="5.804" timestamp="2025-10-23T19:59:10.611316+00:00" hostname="5d097fedf87b"><testcase classname="tests.api.test_apply_action_bankroll" name="test_insufficient_funds_rejected" time="0.001" /><testcase classname="tests.api.test_apply_action_bankroll" name="test_bankroll_deducts_deterministically" time="0.000" /><testcase classname="tests.api.test_apply_action_bankroll" name="test_table_rule_block_error_envelope_consistency" time="0.000" /><testcase classname="tests.api.test_apply_action_bankroll" name="test_default_bankroll_if_unknown_session" time="0.000" /><testcase classname="tests.api.test_apply_action_legality" name="test_place_illegal_on_comeout" time="0.000" /><testcase classname="tests.api.test_apply_action_legality" name="test_place_legal_when_puck_on_with_increment_ok" time="0.000" /><testcase classname="tests.api.test_apply_action_legality" name="test_increment_violation_on_place6" time="0.000" /><testcase classname="tests.api.test_apply_action_legality" name="test_table_cap_limit_breach" time="0.000" /><testcase classname="tests.api.test_apply_action_legality" name="test_line_bet_only_on_comeout" time="0.000" /><testcase classname="tests.api.test_apply_action_placeholder" name="test_apply_action_placeholder" time="0.000"><skipped type="pytest.skip" message="Phase 3 not implemented yet: /apply_action scaffolding only">/workspace/crapssim/tests/api/test_apply_action_placeholder.py:4: Phase 3 not implemented yet: /apply_action scaffolding only</skipped></testcase><testcase classname="tests.api.test_apply_action_stub" name="test_known_verb_stub_ok" time="0.000" /><testcase classname="tests.api.test_apply_action_stub" name="test_unknown_verb_raises_unsupported" time="0.000" /><testcase classname="tests.api.test_apply_action_stub" name="test_bad_args_not_dict" time="0.000" /><testcase classname="tests.api.test_apply_action_stub" name="test_bad_args_empty_verb" time="0.000" /><testcase classname="tests.api.test_baseline_smoke" name="test_version_tag" time="0.000" /><testcase classname="tests.api.test_baseline_smoke" name="test_capabilities_contains_core_keys" time="0.000" /><testcase classname="tests.api.test_baseline_smoke" name="test_start_session_echoes_profile_and_seed" time="0.000" /><testcase classname="tests.api.test_baseline_smoke" name="test_fingerprint_script_runs" time="0.583" /><testcase classname="tests.api.test_capabilities_contract" name="test_capabilities_basic" time="0.000" /><testcase classname="tests.api.test_capabilities_contract" name="test_start_session_reflects_disabled_buylay" time="0.000" /><testcase classname="tests.api.test_error_contract" name="test_bad_args_seed_type" time="0.000" /><testcase classname="tests.api.test_error_contract" name="test_unsupported_bet" time="0.000" /><testcase classname="tests.api.test_error_contract" name="test_table_rule_block" time="0.001" /><testcase classname="tests.integration.test_bet" name="test_bet_equality2[bet_one0-bet_two0]" time="0.001" /><testcase classname="tests.integration.test_bet" name="test_bet_equality2[bet_one1-bet_two1]" time="0.000" /><testcase classname="tests.integration.test_bet" name="test_bet_equality2[bet_one2-bet_two2]" time="0.000" /><testcase classname="tests.integration.test_bet" name="test_bet_equality2[bet_one3-bet_two3]" time="0.000" /><testcase classname="tests.integration.test_bet" name="test_bet_equality2[bet_one4-bet_two4]" time="0.001" /><testcase classname="tests.integration.test_bet" name="test_bet_equality2[bet_one5-bet_two5]" time="0.000" /><testcase classname="tests.integration.test_bet" name="test_bet_equality2[bet_one6-bet_two6]" time="0.000" /><testcase classname="tests.integration.test_bet" name="test_bet_equality2[bet_one7-bet_two7]" time="0.000" /><testcase classname="tests.integration.test_bet" name="test_bet_equality2[bet_one8-bet_two8]" time="0.000" /><testcase classname="tests.integration.test_bet" name="test_bet_equality2[bet_one9-bet_two9]" time="0.000" /><testcase classname="tests.integration.test_bet" name="test_bet_equality2[bet_one10-bet_two10]" time="0.000" /><testcase classname="tests.integration.test_bet" name="test_bet_equality2[bet_one11-bet_two11]" time="0.000" /><testcase classname="tests.integration.test_bet" name="test_bet_equality2[bet_one12-bet_two12]" time="0.000" /><testcase classname="tests.integration.test_bet" name="test_bet_equality2[bet_one13-bet_two13]" time="0.000" /><testcase classname="tests.integration.test_bet" name="test_bet_equality2[bet_one14-bet_two14]" time="0.000" /><testcase classname="tests.integration.test_bet" name="test_bet_equality2[bet_one15-bet_two15]" time="0.000" /><testcase classname="tests.integration.test_bet" name="test_bet_equality2[bet_one16-bet_two16]" time="0.000" /><testcase classname="tests.integration.test_bet" name="test_bet_equality2[bet_one17-bet_two17]" time="0.000" /><testcase classname="tests.integration.test_bet" name="test_bet_equality2[bet_one18-bet_two18]" time="0.000" /><testcase classname="tests.integration.test_bet" name="test_bet_equality2[bet_one19-bet_two19]" time="0.000" /><testcase classname="tests.integration.test_bet" name="test_bet_equality2[bet_one20-bet_two20]" time="0.000" /><testcase classname="tests.integration.test_bet" name="test_bet_equality2[bet_one21-bet_two21]" time="0.000" /><testcase classname="tests.integration.test_bet" name="test_bet_equality2[bet_one22-bet_two22]" time="0.000" /><testcase classname="tests.integration.test_bet" name="test_bet_equality2[bet_one23-bet_two23]" time="0.000" /><testcase classname="tests.integration.test_bet" name="test_bet_equality2[bet_one24-bet_two24]" time="0.001" /><testcase classname="tests.integration.test_bet" name="test_bet_equality2[bet_one25-bet_two25]" time="0.000" /><testcase classname="tests.integration.test_bet" name="test_bet_equality2[bet_one26-bet_two26]" time="0.000" /><testcase classname="tests.integration.test_bet" name="test_bet_equality2[bet_one27-bet_two27]" time="0.001" /><testcase classname="tests.integration.test_bet" name="test_bet_equality2[bet_one28-bet_two28]" time="0.000" /><testcase classname="tests.integration.test_bet" name="test_bet_equality2[bet_one29-bet_two29]" time="0.000" /><testcase classname="tests.integration.test_bet" name="test_bet_equality2[bet_one30-bet_two30]" time="0.000" /><testcase classname="tests.integration.test_bet" name="test_bet_equality2[bet_one31-bet_two31]" time="0.000" /><testcase classname="tests.integration.test_bet" name="test_bet_equality2[bet_one32-bet_two32]" time="0.000" /><testcase classname="tests.integration.test_bet" name="test_bet_equality2[bet_one33-bet_two33]" time="0.000" /><testcase classname="tests.integration.test_bet" name="test_bet_equality2[bet_one34-bet_two34]" time="0.000" /><testcase classname="tests.integration.test_bet" name="test_bet_equality2[bet_one35-bet_two35]" time="0.000" /><testcase classname="tests.integration.test_bet" name="test_bet_equality2[bet_one36-bet_two36]" time="0.000" /><testcase classname="tests.integration.test_bet" name="test_bet_equality2[bet_one37-bet_two37]" time="0.000" /><testcase classname="tests.integration.test_bet" name="test_bet_equality2[bet_one38-bet_two38]" time="0.001" /><testcase classname="tests.integration.test_bet" name="test_bet_equality2[bet_one39-bet_two39]" time="0.000" /><testcase classname="tests.integration.test_bet" name="test_bet_equality2[bet_one40-bet_two40]" time="0.000" /><testcase classname="tests.integration.test_bet" name="test_bet_equality2[bet_one41-bet_two41]" time="0.000" /><testcase classname="tests.integration.test_bet" name="test_bet_equality2[bet_one42-bet_two42]" time="0.000" /><testcase classname="tests.integration.test_bet" name="test_bet_equality2[bet_one43-bet_two43]" time="0.000" /><testcase classname="tests.integration.test_bet" name="test_bet_equality2[bet_one44-bet_two44]" time="0.000" /><testcase classname="tests.integration.test_bet" name="test_bet_equality2[bet_one45-bet_two45]" time="0.000" /><testcase classname="tests.integration.test_bet" name="test_bet_equality2[bet_one46-bet_two46]" time="0.000" /><testcase classname="tests.integration.test_bet" name="test_bet_equality2[bet_one47-bet_two47]" time="0.000" /><testcase classname="tests.integration.test_bet" name="test_bet_equality2[bet_one48-bet_two48]" time="0.000" /><testcase classname="tests.integration.test_bet" name="test_bet_equality2[bet_one49-bet_two49]" time="0.000" /><testcase classname="tests.integration.test_bet" name="test_bet_type_inequality[bet_one0-bet_two0]" time="0.000" /><testcase classname="tests.integration.test_bet" name="test_bet_type_inequality[bet_one1-bet_two1]" time="0.000" /><testcase classname="tests.integration.test_bet" name="test_bet_type_inequality[bet_one2-bet_two2]" time="0.000" /><testcase classname="tests.integration.test_bet" name="test_bet_type_inequality[bet_one3-bet_two3]" time="0.000" /><testcase classname="tests.integration.test_bet" name="test_bet_type_inequality[bet_one4-bet_two4]" time="0.000" /><testcase classname="tests.integration.test_bet" name="test_bet_type_inequality[bet_one5-bet_two5]" time="0.000" /><testcase classname="tests.integration.test_bet" name="test_bet_type_inequality[bet_one6-bet_two6]" time="0.000" /><testcase classname="tests.integration.test_bet" name="test_bet_type_inequality[bet_one7-bet_two7]" time="0.000" /><testcase classname="tests.integration.test_bet" name="test_bet_type_inequality[bet_one8-bet_two8]" time="0.000" /><testcase classname="tests.integration.test_bet" name="test_bet_type_inequality[bet_one9-bet_two9]" time="0.000" /><testcase classname="tests.integration.test_bet" name="test_bet_type_inequality[bet_one10-bet_two10]" time="0.000" /><testcase classname="tests.integration.test_bet" name="test_bet_type_inequality[bet_one11-bet_two11]" time="0.000" /><testcase classname="tests.integration.test_bet" name="test_bet_type_inequality[bet_one12-bet_two12]" time="0.000" /><testcase classname="tests.integration.test_bet" name="test_bet_type_inequality[bet_one13-bet_two13]" time="0.000" /><testcase classname="tests.integration.test_bet" name="test_bet_type_inequality[bet_one14-bet_two14]" time="0.000" /><testcase classname="tests.integration.test_bet" name="test_bet_type_inequality[bet_one15-bet_two15]" time="0.000" /><testcase classname="tests.integration.test_bet" name="test_bet_type_inequality[bet_one16-bet_two16]" time="0.000" /><testcase classname="tests.integration.test_bet" name="test_bet_type_inequality[bet_one17-bet_two17]" time="0.000" /><testcase classname="tests.integration.test_bet" name="test_bet_type_inequality[bet_one18-bet_two18]" time="0.000" /><testcase classname="tests.integration.test_bet" name="test_bet_type_inequality[bet_one19-bet_two19]" time="0.000" /><testcase classname="tests.integration.test_bet" name="test_bet_type_inequality[bet_one20-bet_two20]" time="0.000" /><testcase classname="tests.integration.test_bet" name="test_bet_type_inequality[bet_one21-bet_two21]" time="0.000" /><testcase classname="tests.integration.test_bet" name="test_bet_type_inequality[bet_one22-bet_two22]" time="0.000" /><testcase classname="tests.integration.test_bet" name="test_bet_type_inequality[bet_one23-bet_two23]" time="0.000" /><testcase classname="tests.integration.test_bet" name="test_bet_type_inequality[bet_one24-bet_two24]" time="0.000" /><testcase classname="tests.integration.test_bet" name="test_bet_type_inequality[bet_one25-bet_two25]" time="0.000" /><testcase classname="tests.integration.test_bet" name="test_bet_type_inequality[bet_one26-bet_two26]" time="0.000" /><testcase classname="tests.integration.test_bet" name="test_bet_type_inequality[bet_one27-bet_two27]" time="0.000" /><testcase classname="tests.integration.test_bet" name="test_bet_type_inequality[bet_one28-bet_two28]" time="0.000" /><testcase classname="tests.integration.test_bet" name="test_bet_type_inequality[bet_one29-bet_two29]" time="0.000" /><testcase classname="tests.integration.test_bet" name="test_bet_type_inequality[bet_one30-bet_two30]" time="0.000" /><testcase classname="tests.integration.test_bet" name="test_bet_type_inequality[bet_one31-bet_two31]" time="0.000" /><testcase classname="tests.integration.test_bet" name="test_bet_type_inequality[bet_one32-bet_two32]" time="0.000" /><testcase classname="tests.integration.test_bet" name="test_bet_type_inequality[bet_one33-bet_two33]" time="0.000" /><testcase classname="tests.integration.test_bet" name="test_bet_type_inequality[bet_one34-bet_two34]" time="0.000" /><testcase classname="tests.integration.test_bet" name="test_bet_type_inequality[bet_one35-bet_two35]" time="0.000" /><testcase classname="tests.integration.test_bet" name="test_bet_type_inequality[bet_one36-bet_two36]" time="0.000" /><testcase classname="tests.integration.test_bet" name="test_bet_type_inequality[bet_one37-bet_two37]" time="0.000" /><testcase classname="tests.integration.test_bet" name="test_bet_type_inequality[bet_one38-bet_two38]" time="0.000" /><testcase classname="tests.integration.test_bet" name="test_bet_type_inequality[bet_one39-bet_two39]" time="0.000" /><testcase classname="tests.integration.test_bet" name="test_bet_type_inequality[bet_one40-bet_two40]" time="0.000" /><testcase classname="tests.integration.test_bet" name="test_bet_type_inequality[bet_one41-bet_two41]" time="0.000" /><testcase classname="tests.integration.test_bet" name="test_bet_type_inequality[bet_one42-bet_two42]" time="0.000" /><testcase classname="tests.integration.test_bet" name="test_bet_type_inequality[bet_one43-bet_two43]" time="0.000" /><testcase classname="tests.integration.test_bet" name="test_bet_type_inequality[bet_one44-bet_two44]" time="0.000" /><testcase classname="tests.integration.test_bet" name="test_bet_type_inequality[bet_one45-bet_two45]" time="0.000" /><testcase classname="tests.integration.test_bet" name="test_bet_type_inequality[bet_one46-bet_two46]" time="0.000" /><testcase classname="tests.integration.test_bet" name="test_bet_type_inequality[bet_one47-bet_two47]" time="0.000" /><testcase classname="tests.integration.test_bet" name="test_bet_type_inequality[bet_one48-bet_two48]" time="0.000" /><testcase classname="tests.integration.test_bet" name="test_bet_type_inequality[bet_one49-bet_two49]" time="0.000" /><testcase classname="tests.integration.test_bet" name="test_bet_type_inequality[bet_one50-bet_two50]" time="0.000" /><testcase classname="tests.integration.test_bet" name="test_bet_type_inequality[bet_one51-bet_two51]" time="0.000" /><testcase classname="tests.integration.test_bet" name="test_bet_type_inequality[bet_one52-bet_two52]" time="0.000" /><testcase classname="tests.integration.test_bet" name="test_bet_type_inequality[bet_one53-bet_two53]" time="0.000" /><testcase classname="tests.integration.test_bet" name="test_bet_type_inequality[bet_one54-bet_two54]" time="0.000" /><testcase classname="tests.integration.test_bet" name="test_bet_type_inequality[bet_one55-bet_two55]" time="0.000" /><testcase classname="tests.integration.test_bet" name="test_bet_type_inequality[bet_one56-bet_two56]" time="0.000" /><testcase classname="tests.integration.test_bet" name="test_bet_type_inequality[bet_one57-bet_two57]" time="0.000" /><testcase classname="tests.integration.test_bet" name="test_bet_type_inequality[bet_one58-bet_two58]" time="0.000" /><testcase classname="tests.integration.test_bet" name="test_bet_type_inequality[bet_one59-bet_two59]" time="0.000" /><testcase classname="tests.integration.test_bet" name="test_bet_type_inequality[bet_one60-bet_two60]" time="0.000" /><testcase classname="tests.integration.test_bet" name="test_bet_type_inequality[bet_one61-bet_two61]" time="0.000" /><testcase classname="tests.integration.test_bet" name="test_bet_type_inequality[bet_one62-bet_two62]" time="0.000" /><testcase classname="tests.integration.test_bet" name="test_bet_type_inequality[bet_one63-bet_two63]" time="0.000" /><testcase classname="tests.integration.test_bet" name="test_bet_type_inequality[bet_one64-bet_two64]" time="0.001" /><testcase classname="tests.integration.test_bet" name="test_bet_type_inequality[bet_one65-bet_two65]" time="0.000" /><testcase classname="tests.integration.test_bet" name="test_bet_type_inequality[bet_one66-bet_two66]" time="0.000" /><testcase classname="tests.integration.test_bet" name="test_bet_type_inequality[bet_one67-bet_two67]" time="0.000" /><testcase classname="tests.integration.test_bet" name="test_bet_type_inequality[bet_one68-bet_two68]" time="0.000" /><testcase classname="tests.integration.test_bet" name="test_bet_type_inequality[bet_one69-bet_two69]" time="0.000" /><testcase classname="tests.integration.test_bet" name="test_bet_type_inequality[bet_one70-bet_two70]" time="0.000" /><testcase classname="tests.integration.test_bet" name="test_bet_type_inequality[bet_one71-bet_two71]" time="0.000" /><testcase classname="tests.integration.test_bet" name="test_bet_type_inequality[bet_one72-bet_two72]" time="0.000" /><testcase classname="tests.integration.test_bet" name="test_bet_type_inequality[bet_one73-bet_two73]" time="0.000" /><testcase classname="tests.integration.test_bet" name="test_bet_type_inequality[bet_one74-bet_two74]" time="0.000" /><testcase classname="tests.integration.test_bet" name="test_bet_type_inequality[bet_one75-bet_two75]" time="0.000" /><testcase classname="tests.integration.test_bet" name="test_bet_type_inequality[bet_one76-bet_two76]" time="0.000" /><testcase classname="tests.integration.test_bet" name="test_bet_type_inequality[bet_one77-bet_two77]" time="0.000" /><testcase classname="tests.integration.test_bet" name="test_bet_type_inequality[bet_one78-bet_two78]" time="0.000" /><testcase classname="tests.integration.test_bet" name="test_bet_type_inequality[bet_one79-bet_two79]" time="0.000" /><testcase classname="tests.integration.test_bet" name="test_bet_type_inequality[bet_one80-bet_two80]" time="0.000" /><testcase classname="tests.integration.test_bet" name="test_bet_type_inequality[bet_one81-bet_two81]" time="0.000" /><testcase classname="tests.integration.test_bet" name="test_bet_type_inequality[bet_one82-bet_two82]" time="0.000" /><testcase classname="tests.integration.test_bet" name="test_bet_type_inequality[bet_one83-bet_two83]" time="0.000" /><testcase classname="tests.integration.test_bet" name="test_bet_type_inequality[bet_one84-bet_two84]" time="0.000" /><testcase classname="tests.integration.test_bet" name="test_bet_type_inequality[bet_one85-bet_two85]" time="0.000" /><testcase classname="tests.integration.test_bet" name="test_bet_type_inequality[bet_one86-bet_two86]" time="0.000" /><testcase classname="tests.integration.test_bet" name="test_bet_type_inequality[bet_one87-bet_two87]" time="0.000" /><testcase classname="tests.integration.test_bet" name="test_bet_type_inequality[bet_one88-bet_two88]" time="0.000" /><testcase classname="tests.integration.test_bet" name="test_bet_type_inequality[bet_one89-bet_two89]" time="0.000" /><testcase classname="tests.integration.test_bet" name="test_bet_type_inequality[bet_one90-bet_two90]" time="0.000" /><testcase classname="tests.integration.test_bet" name="test_bet_type_inequality[bet_one91-bet_two91]" time="0.000" /><testcase classname="tests.integration.test_bet" name="test_bet_type_inequality[bet_one92-bet_two92]" time="0.000" /><testcase classname="tests.integration.test_bet" name="test_bet_type_inequality[bet_one93-bet_two93]" time="0.000" /><testcase classname="tests.integration.test_bet" name="test_bet_type_inequality[bet_one94-bet_two94]" time="0.000" /><testcase classname="tests.integration.test_bet" name="test_bet_type_inequality[bet_one95-bet_two95]" time="0.000" /><testcase classname="tests.integration.test_bet" name="test_bet_type_inequality[bet_one96-bet_two96]" time="0.000" /><testcase classname="tests.integration.test_bet" name="test_bet_type_inequality[bet_one97-bet_two97]" time="0.000" /><testcase classname="tests.integration.test_bet" name="test_bet_type_inequality[bet_one98-bet_two98]" time="0.000" /><testcase classname="tests.integration.test_bet" name="test_bet_type_inequality[bet_one99-bet_two99]" time="0.000" /><testcase classname="tests.integration.test_bet" name="test_bet_type_inequality[bet_one100-bet_two100]" time="0.000" /><testcase classname="tests.integration.test_bet" name="test_bet_type_inequality[bet_one101-bet_two101]" time="0.000" /><testcase classname="tests.integration.test_bet" name="test_bet_type_inequality[bet_one102-bet_two102]" time="0.000" /><testcase classname="tests.integration.test_bet" name="test_bet_type_inequality[bet_one103-bet_two103]" time="0.000" /><testcase classname="tests.integration.test_bet" name="test_bet_type_inequality[bet_one104-bet_two104]" time="0.000" /><testcase classname="tests.integration.test_bet" name="test_bet_type_inequality[bet_one105-bet_two105]" time="0.000" /><testcase classname="tests.integration.test_bet" name="test_bet_type_inequality[bet_one106-bet_two106]" time="0.000" /><testcase classname="tests.integration.test_bet" name="test_bet_type_inequality[bet_one107-bet_two107]" time="0.000" /><testcase classname="tests.integration.test_bet" name="test_bet_type_inequality[bet_one108-bet_two108]" time="0.000" /><testcase classname="tests.integration.test_bet" name="test_bet_type_inequality[bet_one109-bet_two109]" time="0.000" /><testcase classname="tests.integration.test_bet" name="test_bet_type_inequality[bet_one110-bet_two110]" time="0.000" /><testcase classname="tests.integration.test_bet" name="test_bet_type_inequality[bet_one111-bet_two111]" time="0.000" /><testcase classname="tests.integration.test_bet" name="test_bet_type_inequality[bet_one112-bet_two112]" time="0.000" /><testcase classname="tests.integration.test_bet" name="test_bet_type_inequality[bet_one113-bet_two113]" time="0.000" /><testcase classname="tests.integration.test_bet" name="test_bet_type_inequality[bet_one114-bet_two114]" time="0.000" /><testcase classname="tests.integration.test_bet" name="test_bet_type_inequality[bet_one115-bet_two115]" time="0.000" /><testcase classname="tests.integration.test_bet" name="test_bet_type_inequality[bet_one116-bet_two116]" time="0.000" /><testcase classname="tests.integration.test_bet" name="test_bet_type_inequality[bet_one117-bet_two117]" time="0.000" /><testcase classname="tests.integration.test_bet" name="test_bet_type_inequality[bet_one118-bet_two118]" time="0.000" /><testcase classname="tests.integration.test_bet" name="test_bet_type_inequality[bet_one119-bet_two119]" time="0.000" /><testcase classname="tests.integration.test_bet" name="test_bet_type_inequality[bet_one120-bet_two120]" time="0.000" /><testcase classname="tests.integration.test_bet" name="test_bet_type_inequality[bet_one121-bet_two121]" time="0.000" /><testcase classname="tests.integration.test_bet" name="test_bet_type_inequality[bet_one122-bet_two122]" time="0.000" /><testcase classname="tests.integration.test_bet" name="test_bet_type_inequality[bet_one123-bet_two123]" time="0.000" /><testcase classname="tests.integration.test_bet" name="test_bet_type_inequality[bet_one124-bet_two124]" time="0.000" /><testcase classname="tests.integration.test_bet" name="test_bet_type_inequality[bet_one125-bet_two125]" time="0.000" /><testcase classname="tests.integration.test_bet" name="test_bet_type_inequality[bet_one126-bet_two126]" time="0.000" /><testcase classname="tests.integration.test_bet" name="test_bet_type_inequality[bet_one127-bet_two127]" time="0.000" /><testcase classname="tests.integration.test_bet" name="test_bet_type_inequality[bet_one128-bet_two128]" time="0.000" /><testcase classname="tests.integration.test_bet" name="test_bet_type_inequality[bet_one129-bet_two129]" time="0.000" /><testcase classname="tests.integration.test_bet" name="test_bet_type_inequality[bet_one130-bet_two130]" time="0.000" /><testcase classname="tests.integration.test_bet" name="test_bet_type_inequality[bet_one131-bet_two131]" time="0.000" /><testcase classname="tests.integration.test_bet" name="test_bet_type_inequality[bet_one132-bet_two132]" time="0.000" /><testcase classname="tests.integration.test_bet" name="test_bet_type_inequality[bet_one133-bet_two133]" time="0.000" /><testcase classname="tests.integration.test_bet" name="test_bet_type_inequality[bet_one134-bet_two134]" time="0.000" /><testcase classname="tests.integration.test_bet" name="test_bet_type_inequality[bet_one135-bet_two135]" time="0.000" /><testcase classname="tests.integration.test_bet" name="test_bet_type_inequality[bet_one136-bet_two136]" time="0.000" /><testcase classname="tests.integration.test_bet" name="test_bet_type_inequality[bet_one137-bet_two137]" time="0.000" /><testcase classname="tests.integration.test_bet" name="test_bet_type_inequality[bet_one138-bet_two138]" time="0.000" /><testcase classname="tests.integration.test_bet" name="test_bet_type_inequality[bet_one139-bet_two139]" time="0.000" /><testcase classname="tests.integration.test_bet" name="test_bet_type_inequality[bet_one140-bet_two140]" time="0.000" /><testcase classname="tests.integration.test_bet" name="test_bet_type_inequality[bet_one141-bet_two141]" time="0.000" /><testcase classname="tests.integration.test_bet" name="test_bet_type_inequality[bet_one142-bet_two142]" time="0.000" /><testcase classname="tests.integration.test_bet" name="test_bet_type_inequality[bet_one143-bet_two143]" time="0.000" /><testcase classname="tests.integration.test_bet" name="test_bet_type_inequality[bet_one144-bet_two144]" time="0.000" /><testcase classname="tests.integration.test_bet" name="test_bet_type_inequality[bet_one145-bet_two145]" time="0.000" /><testcase classname="tests.integration.test_bet" name="test_bet_type_inequality[bet_one146-bet_two146]" time="0.000" /><testcase classname="tests.integration.test_bet" name="test_bet_type_inequality[bet_one147-bet_two147]" time="0.000" /><testcase classname="tests.integration.test_bet" name="test_bet_type_inequality[bet_one148-bet_two148]" time="0.000" /><testcase classname="tests.integration.test_bet" name="test_bet_type_inequality[bet_one149-bet_two149]" time="0.000" /><testcase classname="tests.integration.test_bet" name="test_bet_type_inequality[bet_one150-bet_two150]" time="0.000" /><testcase classname="tests.integration.test_bet" name="test_bet_type_inequality[bet_one151-bet_two151]" time="0.000" /><testcase classname="tests.integration.test_bet" name="test_bet_type_inequality[bet_one152-bet_two152]" time="0.000" /><testcase classname="tests.integration.test_bet" name="test_bet_type_inequality[bet_one153-bet_two153]" time="0.000" /><testcase classname="tests.integration.test_bet" name="test_bet_type_inequality[bet_one154-bet_two154]" time="0.000" /><testcase classname="tests.integration.test_bet" name="test_bet_type_inequality[bet_one155-bet_two155]" time="0.000" /><testcase classname="tests.integration.test_bet" name="test_bet_type_inequality[bet_one156-bet_two156]" time="0.000" /><testcase classname="tests.integration.test_bet" name="test_bet_type_inequality[bet_one157-bet_two157]" time="0.000" /><testcase classname="tests.integration.test_bet" name="test_bet_type_inequality[bet_one158-bet_two158]" time="0.000" /><testcase classname="tests.integration.test_bet" name="test_bet_type_inequality[bet_one159-bet_two159]" time="0.000" /><testcase classname="tests.integration.test_bet" name="test_bet_type_inequality[bet_one160-bet_two160]" time="0.000" /><testcase classname="tests.integration.test_bet" name="test_bet_type_inequality[bet_one161-bet_two161]" time="0.000" /><testcase classname="tests.integration.test_bet" name="test_bet_type_inequality[bet_one162-bet_two162]" time="0.000" /><testcase classname="tests.integration.test_bet" name="test_bet_type_inequality[bet_one163-bet_two163]" time="0.000" /><testcase classname="tests.integration.test_bet" name="test_bet_type_inequality[bet_one164-bet_two164]" time="0.000" /><testcase classname="tests.integration.test_bet" name="test_bet_type_inequality[bet_one165-bet_two165]" time="0.000" /><testcase classname="tests.integration.test_bet" name="test_bet_type_inequality[bet_one166-bet_two166]" time="0.000" /><testcase classname="tests.integration.test_bet" name="test_bet_type_inequality[bet_one167-bet_two167]" time="0.000" /><testcase classname="tests.integration.test_bet" name="test_bet_type_inequality[bet_one168-bet_two168]" time="0.000" /><testcase classname="tests.integration.test_bet" name="test_bet_type_inequality[bet_one169-bet_two169]" time="0.000" /><testcase classname="tests.integration.test_bet" name="test_bet_type_inequality[bet_one170-bet_two170]" time="0.000" /><testcase classname="tests.integration.test_bet" name="test_bet_type_inequality[bet_one171-bet_two171]" time="0.000" /><testcase classname="tests.integration.test_bet" name="test_bet_type_inequality[bet_one172-bet_two172]" time="0.000" /><testcase classname="tests.integration.test_bet" name="test_bet_type_inequality[bet_one173-bet_two173]" time="0.000" /><testcase classname="tests.integration.test_bet" name="test_bet_type_inequality[bet_one174-bet_two174]" time="0.000" /><testcase classname="tests.integration.test_bet" name="test_bet_type_inequality[bet_one175-bet_two175]" time="0.000" /><testcase classname="tests.integration.test_bet" name="test_bet_type_inequality[bet_one176-bet_two176]" time="0.000" /><testcase classname="tests.integration.test_bet" name="test_bet_type_inequality[bet_one177-bet_two177]" time="0.000" /><testcase classname="tests.integration.test_bet" name="test_bet_type_inequality[bet_one178-bet_two178]" time="0.000" /><testcase classname="tests.integration.test_bet" name="test_bet_type_inequality[bet_one179-bet_two179]" time="0.000" /><testcase classname="tests.integration.test_bet" name="test_bet_type_inequality[bet_one180-bet_two180]" time="0.000" /><testcase classname="tests.integration.test_bet" name="test_bet_type_inequality[bet_one181-bet_two181]" time="0.000" /><testcase classname="tests.integration.test_bet" name="test_bet_type_inequality[bet_one182-bet_two182]" time="0.000" /><testcase classname="tests.integration.test_bet" name="test_bet_type_inequality[bet_one183-bet_two183]" time="0.000" /><testcase classname="tests.integration.test_bet" name="test_bet_type_inequality[bet_one184-bet_two184]" time="0.000" /><testcase classname="tests.integration.test_bet" name="test_bet_type_inequality[bet_one185-bet_two185]" time="0.000" /><testcase classname="tests.integration.test_bet" name="test_bet_type_inequality[bet_one186-bet_two186]" time="0.000" /><testcase classname="tests.integration.test_bet" name="test_bet_type_inequality[bet_one187-bet_two187]" time="0.000" /><testcase classname="tests.integration.test_bet" name="test_bet_type_inequality[bet_one188-bet_two188]" time="0.000" /><testcase classname="tests.integration.test_bet" name="test_bet_type_inequality[bet_one189-bet_two189]" time="0.000" /><testcase classname="tests.integration.test_bet" name="test_bet_type_inequality[bet_one190-bet_two190]" time="0.000" /><testcase classname="tests.integration.test_bet" name="test_bet_type_inequality[bet_one191-bet_two191]" time="0.000" /><testcase classname="tests.integration.test_bet" name="test_bet_type_inequality[bet_one192-bet_two192]" time="0.000" /><testcase classname="tests.integration.test_bet" name="test_bet_type_inequality[bet_one193-bet_two193]" time="0.000" /><testcase classname="tests.integration.test_bet" name="test_bet_type_inequality[bet_one194-bet_two194]" time="0.000" /><testcase classname="tests.integration.test_bet" name="test_bet_type_inequality[bet_one195-bet_two195]" time="0.000" /><testcase classname="tests.integration.test_bet" name="test_bet_type_inequality[bet_one196-bet_two196]" time="0.000" /><testcase classname="tests.integration.test_bet" name="test_bet_type_inequality[bet_one197-bet_two197]" time="0.000" /><testcase classname="tests.integration.test_bet" name="test_bet_type_inequality[bet_one198-bet_two198]" time="0.000" /><testcase classname="tests.integration.test_bet" name="test_bet_type_inequality[bet_one199-bet_two199]" time="0.000" /><testcase classname="tests.integration.test_bet" name="test_bet_type_inequality[bet_one200-bet_two200]" time="0.000" /><testcase classname="tests.integration.test_bet" name="test_bet_type_inequality[bet_one201-bet_two201]" time="0.000" /><testcase classname="tests.integration.test_bet" name="test_bet_type_inequality[bet_one202-bet_two202]" time="0.000" /><testcase classname="tests.integration.test_bet" name="test_bet_type_inequality[bet_one203-bet_two203]" time="0.000" /><testcase classname="tests.integration.test_bet" name="test_bet_type_inequality[bet_one204-bet_two204]" time="0.000" /><testcase classname="tests.integration.test_bet" name="test_bet_type_inequality[bet_one205-bet_two205]" time="0.000" /><testcase classname="tests.integration.test_bet" name="test_bet_type_inequality[bet_one206-bet_two206]" time="0.000" /><testcase classname="tests.integration.test_bet" name="test_bet_type_inequality[bet_one207-bet_two207]" time="0.000" /><testcase classname="tests.integration.test_bet" name="test_bet_type_inequality[bet_one208-bet_two208]" time="0.000" /><testcase classname="tests.integration.test_bet" name="test_bet_type_inequality[bet_one209-bet_two209]" time="0.000" /><testcase classname="tests.integration.test_bet" name="test_bet_type_inequality[bet_one210-bet_two210]" time="0.000" /><testcase classname="tests.integration.test_bet" name="test_bet_type_inequality[bet_one211-bet_two211]" time="0.000" /><testcase classname="tests.integration.test_bet" name="test_bet_type_inequality[bet_one212-bet_two212]" time="0.000" /><testcase classname="tests.integration.test_bet" name="test_bet_type_inequality[bet_one213-bet_two213]" time="0.000" /><testcase classname="tests.integration.test_bet" name="test_bet_type_inequality[bet_one214-bet_two214]" time="0.000" /><testcase classname="tests.integration.test_bet" name="test_bet_type_inequality[bet_one215-bet_two215]" time="0.000" /><testcase classname="tests.integration.test_bet" name="test_bet_type_inequality[bet_one216-bet_two216]" time="0.000" /><testcase classname="tests.integration.test_bet" name="test_bet_type_inequality[bet_one217-bet_two217]" time="0.000" /><testcase classname="tests.integration.test_bet" name="test_bet_type_inequality[bet_one218-bet_two218]" time="0.000" /><testcase classname="tests.integration.test_bet" name="test_bet_type_inequality[bet_one219-bet_two219]" time="0.000" /><testcase classname="tests.integration.test_bet" name="test_bet_type_inequality[bet_one220-bet_two220]" time="0.000" /><testcase classname="tests.integration.test_bet" name="test_bet_type_inequality[bet_one221-bet_two221]" time="0.000" /><testcase classname="tests.integration.test_bet" name="test_bet_type_inequality[bet_one222-bet_two222]" time="0.000" /><testcase classname="tests.integration.test_bet" name="test_bet_type_inequality[bet_one223-bet_two223]" time="0.000" /><testcase classname="tests.integration.test_bet" name="test_bet_type_inequality[bet_one224-bet_two224]" time="0.000" /><testcase classname="tests.integration.test_bet" name="test_bet_type_inequality[bet_one225-bet_two225]" time="0.000" /><testcase classname="tests.integration.test_bet" name="test_bet_type_inequality[bet_one226-bet_two226]" time="0.000" /><testcase classname="tests.integration.test_bet" name="test_bet_type_inequality[bet_one227-bet_two227]" time="0.000" /><testcase classname="tests.integration.test_bet" name="test_bet_type_inequality[bet_one228-bet_two228]" time="0.000" /><testcase classname="tests.integration.test_bet" name="test_bet_type_inequality[bet_one229-bet_two229]" time="0.000" /><testcase classname="tests.integration.test_bet" name="test_bet_type_inequality[bet_one230-bet_two230]" time="0.000" /><testcase classname="tests.integration.test_bet" name="test_bet_type_inequality[bet_one231-bet_two231]" time="0.000" /><testcase classname="tests.integration.test_bet" name="test_bet_type_inequality[bet_one232-bet_two232]" time="0.000" /><testcase classname="tests.integration.test_bet" name="test_bet_type_inequality[bet_one233-bet_two233]" time="0.000" /><testcase classname="tests.integration.test_bet" name="test_bet_type_inequality[bet_one234-bet_two234]" time="0.000" /><testcase classname="tests.integration.test_bet" name="test_bet_type_inequality[bet_one235-bet_two235]" time="0.000" /><testcase classname="tests.integration.test_bet" name="test_bet_type_inequality[bet_one236-bet_two236]" time="0.000" /><testcase classname="tests.integration.test_bet" name="test_bet_type_inequality[bet_one237-bet_two237]" time="0.000" /><testcase classname="tests.integration.test_bet" name="test_bet_type_inequality[bet_one238-bet_two238]" time="0.000" /><testcase classname="tests.integration.test_bet" name="test_bet_type_inequality[bet_one239-bet_two239]" time="0.000" /><testcase classname="tests.integration.test_bet" name="test_bet_type_inequality[bet_one240-bet_two240]" time="0.000" /><testcase classname="tests.integration.test_bet" name="test_bet_type_inequality[bet_one241-bet_two241]" time="0.000" /><testcase classname="tests.integration.test_bet" name="test_bet_type_inequality[bet_one242-bet_two242]" time="0.000" /><testcase classname="tests.integration.test_bet" name="test_bet_type_inequality[bet_one243-bet_two243]" time="0.001" /><testcase classname="tests.integration.test_bet" name="test_bet_type_inequality[bet_one244-bet_two244]" time="0.000" /><testcase classname="tests.integration.test_bet" name="test_bet_type_inequality[bet_one245-bet_two245]" time="0.000" /><testcase classname="tests.integration.test_bet" name="test_bet_type_inequality[bet_one246-bet_two246]" time="0.000" /><testcase classname="tests.integration.test_bet" name="test_bet_type_inequality[bet_one247-bet_two247]" time="0.000" /><testcase classname="tests.integration.test_bet" name="test_bet_type_inequality[bet_one248-bet_two248]" time="0.000" /><testcase classname="tests.integration.test_bet" name="test_bet_type_inequality[bet_one249-bet_two249]" time="0.000" /><testcase classname="tests.integration.test_bet" name="test_bet_type_inequality[bet_one250-bet_two250]" time="0.000" /><testcase classname="tests.integration.test_bet" name="test_bet_type_inequality[bet_one251-bet_two251]" time="0.000" /><testcase classname="tests.integration.test_bet" name="test_bet_type_inequality[bet_one252-bet_two252]" time="0.000" /><testcase classname="tests.integration.test_bet" name="test_bet_type_inequality[bet_one253-bet_two253]" time="0.000" /><testcase classname="tests.integration.test_bet" name="test_bet_type_inequality[bet_one254-bet_two254]" time="0.000" /><testcase classname="tests.integration.test_bet" name="test_bet_type_inequality[bet_one255-bet_two255]" time="0.000" /><testcase classname="tests.integration.test_bet" name="test_bet_type_inequality[bet_one256-bet_two256]" time="0.000" /><testcase classname="tests.integration.test_bet" name="test_bet_type_inequality[bet_one257-bet_two257]" time="0.000" /><testcase classname="tests.integration.test_bet" name="test_bet_type_inequality[bet_one258-bet_two258]" time="0.000" /><testcase classname="tests.integration.test_bet" name="test_bet_type_inequality[bet_one259-bet_two259]" time="0.000" /><testcase classname="tests.integration.test_bet" name="test_bet_type_inequality[bet_one260-bet_two260]" time="0.000" /><testcase classname="tests.integration.test_bet" name="test_bet_type_inequality[bet_one261-bet_two261]" time="0.000" /><testcase classname="tests.integration.test_bet" name="test_bet_type_inequality[bet_one262-bet_two262]" time="0.000" /><testcase classname="tests.integration.test_bet" name="test_bet_type_inequality[bet_one263-bet_two263]" time="0.000" /><testcase classname="tests.integration.test_bet" name="test_bet_type_inequality[bet_one264-bet_two264]" time="0.000" /><testcase classname="tests.integration.test_bet" name="test_bet_type_inequality[bet_one265-bet_two265]" time="0.000" /><testcase classname="tests.integration.test_bet" name="test_bet_type_inequality[bet_one266-bet_two266]" time="0.000" /><testcase classname="tests.integration.test_bet" name="test_bet_type_inequality[bet_one267-bet_two267]" time="0.000" /><testcase classname="tests.integration.test_bet" name="test_bet_type_inequality[bet_one268-bet_two268]" time="0.000" /><testcase classname="tests.integration.test_bet" name="test_bet_type_inequality[bet_one269-bet_two269]" time="0.000" /><testcase classname="tests.integration.test_bet" name="test_bet_type_inequality[bet_one270-bet_two270]" time="0.000" /><testcase classname="tests.integration.test_bet" name="test_bet_type_inequality[bet_one271-bet_two271]" time="0.000" /><testcase classname="tests.integration.test_bet" name="test_bet_type_inequality[bet_one272-bet_two272]" time="0.000" /><testcase classname="tests.integration.test_bet" name="test_bet_type_inequality[bet_one273-bet_two273]" time="0.000" /><testcase classname="tests.integration.test_bet" name="test_bet_type_inequality[bet_one274-bet_two274]" time="0.000" /><testcase classname="tests.integration.test_bet" name="test_bet_type_inequality[bet_one275-bet_two275]" time="0.000" /><testcase classname="tests.integration.test_bet" name="test_bet_type_inequality[bet_one276-bet_two276]" time="0.000" /><testcase classname="tests.integration.test_bet" name="test_bet_type_inequality[bet_one277-bet_two277]" time="0.000" /><testcase classname="tests.integration.test_bet" name="test_bet_type_inequality[bet_one278-bet_two278]" time="0.000" /><testcase classname="tests.integration.test_bet" name="test_bet_type_inequality[bet_one279-bet_two279]" time="0.000" /><testcase classname="tests.integration.test_bet" name="test_bet_type_inequality[bet_one280-bet_two280]" time="0.000" /><testcase classname="tests.integration.test_bet" name="test_bet_type_inequality[bet_one281-bet_two281]" time="0.000" /><testcase classname="tests.integration.test_bet" name="test_bet_type_inequality[bet_one282-bet_two282]" time="0.000" /><testcase classname="tests.integration.test_bet" name="test_bet_type_inequality[bet_one283-bet_two283]" time="0.000" /><testcase classname="tests.integration.test_bet" name="test_bet_type_inequality[bet_one284-bet_two284]" time="0.000" /><testcase classname="tests.integration.test_bet" name="test_bet_type_inequality[bet_one285-bet_two285]" time="0.000" /><testcase classname="tests.integration.test_bet" name="test_bet_type_inequality[bet_one286-bet_two286]" time="0.000" /><testcase classname="tests.integration.test_bet" name="test_bet_type_inequality[bet_one287-bet_two287]" time="0.000" /><testcase classname="tests.integration.test_bet" name="test_bet_type_inequality[bet_one288-bet_two288]" time="0.000" /><testcase classname="tests.integration.test_bet" name="test_bet_type_inequality[bet_one289-bet_two289]" time="0.000" /><testcase classname="tests.integration.test_bet" name="test_bet_type_inequality[bet_one290-bet_two290]" time="0.000" /><testcase classname="tests.integration.test_bet" name="test_bet_type_inequality[bet_one291-bet_two291]" time="0.000" /><testcase classname="tests.integration.test_bet" name="test_bet_type_inequality[bet_one292-bet_two292]" time="0.000" /><testcase classname="tests.integration.test_bet" name="test_bet_type_inequality[bet_one293-bet_two293]" time="0.000" /><testcase classname="tests.integration.test_bet" name="test_bet_type_inequality[bet_one294-bet_two294]" time="0.000" /><testcase classname="tests.integration.test_bet" name="test_bet_type_inequality[bet_one295-bet_two295]" time="0.000" /><testcase classname="tests.integration.test_bet" name="test_bet_type_inequality[bet_one296-bet_two296]" time="0.000" /><testcase classname="tests.integration.test_bet" name="test_bet_type_inequality[bet_one297-bet_two297]" time="0.000" /><testcase classname="tests.integration.test_bet" name="test_bet_type_inequality[bet_one298-bet_two298]" time="0.000" /><testcase classname="tests.integration.test_bet" name="test_bet_type_inequality[bet_one299-bet_two299]" time="0.000" /><testcase classname="tests.integration.test_bet" name="test_bet_type_inequality[bet_one300-bet_two300]" time="0.000" /><testcase classname="tests.integration.test_bet" name="test_bet_type_inequality[bet_one301-bet_two301]" time="0.000" /><testcase classname="tests.integration.test_bet" name="test_bet_type_inequality[bet_one302-bet_two302]" time="0.000" /><testcase classname="tests.integration.test_bet" name="test_bet_type_inequality[bet_one303-bet_two303]" time="0.000" /><testcase classname="tests.integration.test_bet" name="test_bet_type_inequality[bet_one304-bet_two304]" time="0.000" /><testcase classname="tests.integration.test_bet" name="test_bet_type_inequality[bet_one305-bet_two305]" time="0.000" /><testcase classname="tests.integration.test_bet" name="test_bet_type_inequality[bet_one306-bet_two306]" time="0.000" /><testcase classname="tests.integration.test_bet" name="test_bet_type_inequality[bet_one307-bet_two307]" time="0.000" /><testcase classname="tests.integration.test_bet" name="test_bet_type_inequality[bet_one308-bet_two308]" time="0.000" /><testcase classname="tests.integration.test_bet" name="test_bet_type_inequality[bet_one309-bet_two309]" time="0.000" /><testcase classname="tests.integration.test_bet" name="test_bet_type_inequality[bet_one310-bet_two310]" time="0.000" /><testcase classname="tests.integration.test_bet" name="test_bet_type_inequality[bet_one311-bet_two311]" time="0.000" /><testcase classname="tests.integration.test_bet" name="test_bet_type_inequality[bet_one312-bet_two312]" time="0.000" /><testcase classname="tests.integration.test_bet" name="test_bet_type_inequality[bet_one313-bet_two313]" time="0.000" /><testcase classname="tests.integration.test_bet" name="test_bet_type_inequality[bet_one314-bet_two314]" time="0.000" /><testcase classname="tests.integration.test_bet" name="test_bet_type_inequality[bet_one315-bet_two315]" time="0.000" /><testcase classname="tests.integration.test_bet" name="test_bet_type_inequality[bet_one316-bet_two316]" time="0.000" /><testcase classname="tests.integration.test_bet" name="test_bet_type_inequality[bet_one317-bet_two317]" time="0.000" /><testcase classname="tests.integration.test_bet" name="test_bet_type_inequality[bet_one318-bet_two318]" time="0.000" /><testcase classname="tests.integration.test_bet" name="test_bet_type_inequality[bet_one319-bet_two319]" time="0.000" /><testcase classname="tests.integration.test_bet" name="test_bet_type_inequality[bet_one320-bet_two320]" time="0.000" /><testcase classname="tests.integration.test_bet" name="test_bet_type_inequality[bet_one321-bet_two321]" time="0.000" /><testcase classname="tests.integration.test_bet" name="test_bet_type_inequality[bet_one322-bet_two322]" time="0.000" /><testcase classname="tests.integration.test_bet" name="test_bet_type_inequality[bet_one323-bet_two323]" time="0.000" /><testcase classname="tests.integration.test_bet" name="test_bet_type_inequality[bet_one324-bet_two324]" time="0.000" /><testcase classname="tests.integration.test_bet" name="test_bet_type_inequality[bet_one325-bet_two325]" time="0.000" /><testcase classname="tests.integration.test_bet" name="test_bet_type_inequality[bet_one326-bet_two326]" time="0.000" /><testcase classname="tests.integration.test_bet" name="test_bet_type_inequality[bet_one327-bet_two327]" time="0.000" /><testcase classname="tests.integration.test_bet" name="test_bet_type_inequality[bet_one328-bet_two328]" time="0.000" /><testcase classname="tests.integration.test_bet" name="test_bet_type_inequality[bet_one329-bet_two329]" time="0.000" /><testcase classname="tests.integration.test_bet" name="test_bet_type_inequality[bet_one330-bet_two330]" time="0.000" /><testcase classname="tests.integration.test_bet" name="test_bet_type_inequality[bet_one331-bet_two331]" time="0.000" /><testcase classname="tests.integration.test_bet" name="test_bet_type_inequality[bet_one332-bet_two332]" time="0.000" /><testcase classname="tests.integration.test_bet" name="test_bet_type_inequality[bet_one333-bet_two333]" time="0.000" /><testcase classname="tests.integration.test_bet" name="test_bet_type_inequality[bet_one334-bet_two334]" time="0.000" /><testcase classname="tests.integration.test_bet" name="test_bet_type_inequality[bet_one335-bet_two335]" time="0.000" /><testcase classname="tests.integration.test_bet" name="test_bet_type_inequality[bet_one336-bet_two336]" time="0.000" /><testcase classname="tests.integration.test_bet" name="test_bet_type_inequality[bet_one337-bet_two337]" time="0.000" /><testcase classname="tests.integration.test_bet" name="test_bet_type_inequality[bet_one338-bet_two338]" time="0.000" /><testcase classname="tests.integration.test_bet" name="test_bet_type_inequality[bet_one339-bet_two339]" time="0.000" /><testcase classname="tests.integration.test_bet" name="test_bet_type_inequality[bet_one340-bet_two340]" time="0.000" /><testcase classname="tests.integration.test_bet" name="test_bet_type_inequality[bet_one341-bet_two341]" time="0.000" /><testcase classname="tests.integration.test_bet" name="test_bet_type_inequality[bet_one342-bet_two342]" time="0.000" /><testcase classname="tests.integration.test_bet" name="test_bet_type_inequality[bet_one343-bet_two343]" time="0.000" /><testcase classname="tests.integration.test_bet" name="test_bet_type_inequality[bet_one344-bet_two344]" time="0.000" /><testcase classname="tests.integration.test_bet" name="test_bet_type_inequality[bet_one345-bet_two345]" time="0.000" /><testcase classname="tests.integration.test_bet" name="test_bet_type_inequality[bet_one346-bet_two346]" time="0.000" /><testcase classname="tests.integration.test_bet" name="test_bet_type_inequality[bet_one347-bet_two347]" time="0.000" /><testcase classname="tests.integration.test_bet" name="test_bet_type_inequality[bet_one348-bet_two348]" time="0.000" /><testcase classname="tests.integration.test_bet" name="test_bet_type_inequality[bet_one349-bet_two349]" time="0.000" /><testcase classname="tests.integration.test_bet" name="test_bet_type_inequality[bet_one350-bet_two350]" time="0.000" /><testcase classname="tests.integration.test_bet" name="test_bet_type_inequality[bet_one351-bet_two351]" time="0.000" /><testcase classname="tests.integration.test_bet" name="test_bet_type_inequality[bet_one352-bet_two352]" time="0.000" /><testcase classname="tests.integration.test_bet" name="test_bet_type_inequality[bet_one353-bet_two353]" time="0.000" /><testcase classname="tests.integration.test_bet" name="test_bet_type_inequality[bet_one354-bet_two354]" time="0.000" /><testcase classname="tests.integration.test_bet" name="test_bet_type_inequality[bet_one355-bet_two355]" time="0.000" /><testcase classname="tests.integration.test_bet" name="test_bet_type_inequality[bet_one356-bet_two356]" time="0.000" /><testcase classname="tests.integration.test_bet" name="test_bet_type_inequality[bet_one357-bet_two357]" time="0.000" /><testcase classname="tests.integration.test_bet" name="test_bet_type_inequality[bet_one358-bet_two358]" time="0.000" /><testcase classname="tests.integration.test_bet" name="test_bet_type_inequality[bet_one359-bet_two359]" time="0.000" /><testcase classname="tests.integration.test_bet" name="test_bet_type_inequality[bet_one360-bet_two360]" time="0.000" /><testcase classname="tests.integration.test_bet" name="test_bet_type_inequality[bet_one361-bet_two361]" time="0.000" /><testcase classname="tests.integration.test_bet" name="test_bet_type_inequality[bet_one362-bet_two362]" time="0.000" /><testcase classname="tests.integration.test_bet" name="test_bet_type_inequality[bet_one363-bet_two363]" time="0.000" /><testcase classname="tests.integration.test_bet" name="test_bet_type_inequality[bet_one364-bet_two364]" time="0.000" /><testcase classname="tests.integration.test_bet" name="test_bet_type_inequality[bet_one365-bet_two365]" time="0.000" /><testcase classname="tests.integration.test_bet" name="test_bet_type_inequality[bet_one366-bet_two366]" time="0.000" /><testcase classname="tests.integration.test_bet" name="test_bet_type_inequality[bet_one367-bet_two367]" time="0.000" /><testcase classname="tests.integration.test_bet" name="test_bet_type_inequality[bet_one368-bet_two368]" time="0.000" /><testcase classname="tests.integration.test_bet" name="test_bet_type_inequality[bet_one369-bet_two369]" time="0.000" /><testcase classname="tests.integration.test_bet" name="test_bet_type_inequality[bet_one370-bet_two370]" time="0.000" /><testcase classname="tests.integration.test_bet" name="test_bet_type_inequality[bet_one371-bet_two371]" time="0.000" /><testcase classname="tests.integration.test_bet" name="test_bet_type_inequality[bet_one372-bet_two372]" time="0.000" /><testcase classname="tests.integration.test_bet" name="test_bet_type_inequality[bet_one373-bet_two373]" time="0.000" /><testcase classname="tests.integration.test_bet" name="test_bet_type_inequality[bet_one374-bet_two374]" time="0.000" /><testcase classname="tests.integration.test_bet" name="test_bet_type_inequality[bet_one375-bet_two375]" time="0.000" /><testcase classname="tests.integration.test_bet" name="test_bet_type_inequality[bet_one376-bet_two376]" time="0.000" /><testcase classname="tests.integration.test_bet" name="test_bet_type_inequality[bet_one377-bet_two377]" time="0.000" /><testcase classname="tests.integration.test_bet" name="test_bet_type_inequality[bet_one378-bet_two378]" time="0.000" /><testcase classname="tests.integration.test_bet" name="test_bet_type_inequality[bet_one379-bet_two379]" time="0.000" /><testcase classname="tests.integration.test_bet" name="test_bet_type_inequality[bet_one380-bet_two380]" time="0.000" /><testcase classname="tests.integration.test_bet" name="test_bet_type_inequality[bet_one381-bet_two381]" time="0.000" /><testcase classname="tests.integration.test_bet" name="test_bet_type_inequality[bet_one382-bet_two382]" time="0.000" /><testcase classname="tests.integration.test_bet" name="test_bet_type_inequality[bet_one383-bet_two383]" time="0.000" /><testcase classname="tests.integration.test_bet" name="test_bet_type_inequality[bet_one384-bet_two384]" time="0.000" /><testcase classname="tests.integration.test_bet" name="test_bet_type_inequality[bet_one385-bet_two385]" time="0.000" /><testcase classname="tests.integration.test_bet" name="test_bet_type_inequality[bet_one386-bet_two386]" time="0.000" /><testcase classname="tests.integration.test_bet" name="test_bet_type_inequality[bet_one387-bet_two387]" time="0.000" /><testcase classname="tests.integration.test_bet" name="test_bet_type_inequality[bet_one388-bet_two388]" time="0.001" /><testcase classname="tests.integration.test_bet" name="test_bet_type_inequality[bet_one389-bet_two389]" time="0.000" /><testcase classname="tests.integration.test_bet" name="test_bet_type_inequality[bet_one390-bet_two390]" time="0.000" /><testcase classname="tests.integration.test_bet" name="test_bet_type_inequality[bet_one391-bet_two391]" time="0.000" /><testcase classname="tests.integration.test_bet" name="test_bet_type_inequality[bet_one392-bet_two392]" time="0.000" /><testcase classname="tests.integration.test_bet" name="test_bet_type_inequality[bet_one393-bet_two393]" time="0.000" /><testcase classname="tests.integration.test_bet" name="test_bet_type_inequality[bet_one394-bet_two394]" time="0.000" /><testcase classname="tests.integration.test_bet" name="test_bet_type_inequality[bet_one395-bet_two395]" time="0.000" /><testcase classname="tests.integration.test_bet" name="test_bet_type_inequality[bet_one396-bet_two396]" time="0.000" /><testcase classname="tests.integration.test_bet" name="test_bet_type_inequality[bet_one397-bet_two397]" time="0.000" /><testcase classname="tests.integration.test_bet" name="test_bet_type_inequality[bet_one398-bet_two398]" time="0.000" /><testcase classname="tests.integration.test_bet" name="test_bet_type_inequality[bet_one399-bet_two399]" time="0.000" /><testcase classname="tests.integration.test_bet" name="test_bet_type_inequality[bet_one400-bet_two400]" time="0.000" /><testcase classname="tests.integration.test_bet" name="test_bet_type_inequality[bet_one401-bet_two401]" time="0.000" /><testcase classname="tests.integration.test_bet" name="test_bet_type_inequality[bet_one402-bet_two402]" time="0.000" /><testcase classname="tests.integration.test_bet" name="test_bet_type_inequality[bet_one403-bet_two403]" time="0.000" /><testcase classname="tests.integration.test_bet" name="test_bet_type_inequality[bet_one404-bet_two404]" time="0.000" /><testcase classname="tests.integration.test_bet" name="test_bet_type_inequality[bet_one405-bet_two405]" time="0.000" /><testcase classname="tests.integration.test_bet" name="test_bet_type_inequality[bet_one406-bet_two406]" time="0.000" /><testcase classname="tests.integration.test_bet" name="test_bet_type_inequality[bet_one407-bet_two407]" time="0.000" /><testcase classname="tests.integration.test_bet" name="test_bet_type_inequality[bet_one408-bet_two408]" time="0.000" /><testcase classname="tests.integration.test_bet" name="test_bet_type_inequality[bet_one409-bet_two409]" time="0.000" /><testcase classname="tests.integration.test_bet" name="test_bet_type_inequality[bet_one410-bet_two410]" time="0.000" /><testcase classname="tests.integration.test_bet" name="test_bet_type_inequality[bet_one411-bet_two411]" time="0.000" /><testcase classname="tests.integration.test_bet" name="test_bet_type_inequality[bet_one412-bet_two412]" time="0.000" /><testcase classname="tests.integration.test_bet" name="test_bet_type_inequality[bet_one413-bet_two413]" time="0.000" /><testcase classname="tests.integration.test_bet" name="test_bet_type_inequality[bet_one414-bet_two414]" time="0.000" /><testcase classname="tests.integration.test_bet" name="test_bet_type_inequality[bet_one415-bet_two415]" time="0.000" /><testcase classname="tests.integration.test_bet" name="test_bet_type_inequality[bet_one416-bet_two416]" time="0.000" /><testcase classname="tests.integration.test_bet" name="test_bet_type_inequality[bet_one417-bet_two417]" time="0.000" /><testcase classname="tests.integration.test_bet" name="test_bet_type_inequality[bet_one418-bet_two418]" time="0.000" /><testcase classname="tests.integration.test_bet" name="test_bet_type_inequality[bet_one419-bet_two419]" time="0.000" /><testcase classname="tests.integration.test_bet" name="test_bet_type_inequality[bet_one420-bet_two420]" time="0.000" /><testcase classname="tests.integration.test_bet" name="test_bet_type_inequality[bet_one421-bet_two421]" time="0.000" /><testcase classname="tests.integration.test_bet" name="test_bet_type_inequality[bet_one422-bet_two422]" time="0.000" /><testcase classname="tests.integration.test_bet" name="test_bet_type_inequality[bet_one423-bet_two423]" time="0.000" /><testcase classname="tests.integration.test_bet" name="test_bet_type_inequality[bet_one424-bet_two424]" time="0.000" /><testcase classname="tests.integration.test_bet" name="test_bet_type_inequality[bet_one425-bet_two425]" time="0.000" /><testcase classname="tests.integration.test_bet" name="test_bet_type_inequality[bet_one426-bet_two426]" time="0.000" /><testcase classname="tests.integration.test_bet" name="test_bet_type_inequality[bet_one427-bet_two427]" time="0.000" /><testcase classname="tests.integration.test_bet" name="test_bet_type_inequality[bet_one428-bet_two428]" time="0.001" /><testcase classname="tests.integration.test_bet" name="test_bet_type_inequality[bet_one429-bet_two429]" time="0.001" /><testcase classname="tests.integration.test_bet" name="test_bet_type_inequality[bet_one430-bet_two430]" time="0.000" /><testcase classname="tests.integration.test_bet" name="test_bet_type_inequality[bet_one431-bet_two431]" time="0.000" /><testcase classname="tests.integration.test_bet" name="test_bet_type_inequality[bet_one432-bet_two432]" time="0.000" /><testcase classname="tests.integration.test_bet" name="test_bet_type_inequality[bet_one433-bet_two433]" time="0.000" /><testcase classname="tests.integration.test_bet" name="test_bet_type_inequality[bet_one434-bet_two434]" time="0.000" /><testcase classname="tests.integration.test_bet" name="test_bet_type_inequality[bet_one435-bet_two435]" time="0.001" /><testcase classname="tests.integration.test_bet" name="test_bet_type_inequality[bet_one436-bet_two436]" time="0.000" /><testcase classname="tests.integration.test_bet" name="test_bet_type_inequality[bet_one437-bet_two437]" time="0.000" /><testcase classname="tests.integration.test_bet" name="test_bet_type_inequality[bet_one438-bet_two438]" time="0.000" /><testcase classname="tests.integration.test_bet" name="test_bet_type_inequality[bet_one439-bet_two439]" time="0.000" /><testcase classname="tests.integration.test_bet" name="test_bet_type_inequality[bet_one440-bet_two440]" time="0.000" /><testcase classname="tests.integration.test_bet" name="test_bet_type_inequality[bet_one441-bet_two441]" time="0.000" /><testcase classname="tests.integration.test_bet" name="test_bet_type_inequality[bet_one442-bet_two442]" time="0.000" /><testcase classname="tests.integration.test_bet" name="test_bet_type_inequality[bet_one443-bet_two443]" time="0.000" /><testcase classname="tests.integration.test_bet" name="test_bet_type_inequality[bet_one444-bet_two444]" time="0.000" /><testcase classname="tests.integration.test_bet" name="test_bet_type_inequality[bet_one445-bet_two445]" time="0.000" /><testcase classname="tests.integration.test_bet" name="test_bet_type_inequality[bet_one446-bet_two446]" time="0.000" /><testcase classname="tests.integration.test_bet" name="test_bet_type_inequality[bet_one447-bet_two447]" time="0.000" /><testcase classname="tests.integration.test_bet" name="test_bet_type_inequality[bet_one448-bet_two448]" time="0.000" /><testcase classname="tests.integration.test_bet" name="test_bet_type_inequality[bet_one449-bet_two449]" time="0.000" /><testcase classname="tests.integration.test_bet" name="test_bet_type_inequality[bet_one450-bet_two450]" time="0.000" /><testcase classname="tests.integration.test_bet" name="test_bet_type_inequality[bet_one451-bet_two451]" time="0.000" /><testcase classname="tests.integration.test_bet" name="test_bet_type_inequality[bet_one452-bet_two452]" time="0.000" /><testcase classname="tests.integration.test_bet" name="test_bet_type_inequality[bet_one453-bet_two453]" time="0.000" /><testcase classname="tests.integration.test_bet" name="test_bet_type_inequality[bet_one454-bet_two454]" time="0.000" /><testcase classname="tests.integration.test_bet" name="test_bet_type_inequality[bet_one455-bet_two455]" time="0.000" /><testcase classname="tests.integration.test_bet" name="test_bet_type_inequality[bet_one456-bet_two456]" time="0.000" /><testcase classname="tests.integration.test_bet" name="test_bet_type_inequality[bet_one457-bet_two457]" time="0.000" /><testcase classname="tests.integration.test_bet" name="test_bet_type_inequality[bet_one458-bet_two458]" time="0.000" /><testcase classname="tests.integration.test_bet" name="test_bet_type_inequality[bet_one459-bet_two459]" time="0.000" /><testcase classname="tests.integration.test_bet" name="test_bet_type_inequality[bet_one460-bet_two460]" time="0.000" /><testcase classname="tests.integration.test_bet" name="test_bet_type_inequality[bet_one461-bet_two461]" time="0.000" /><testcase classname="tests.integration.test_bet" name="test_bet_type_inequality[bet_one462-bet_two462]" time="0.000" /><testcase classname="tests.integration.test_bet" name="test_bet_type_inequality[bet_one463-bet_two463]" time="0.000" /><testcase classname="tests.integration.test_bet" name="test_bet_type_inequality[bet_one464-bet_two464]" time="0.000" /><testcase classname="tests.integration.test_bet" name="test_bet_type_inequality[bet_one465-bet_two465]" time="0.000" /><testcase classname="tests.integration.test_bet" name="test_bet_type_inequality[bet_one466-bet_two466]" time="0.000" /><testcase classname="tests.integration.test_bet" name="test_bet_type_inequality[bet_one467-bet_two467]" time="0.000" /><testcase classname="tests.integration.test_bet" name="test_bet_type_inequality[bet_one468-bet_two468]" time="0.000" /><testcase classname="tests.integration.test_bet" name="test_bet_type_inequality[bet_one469-bet_two469]" time="0.000" /><testcase classname="tests.integration.test_bet" name="test_bet_type_inequality[bet_one470-bet_two470]" time="0.000" /><testcase classname="tests.integration.test_bet" name="test_bet_type_inequality[bet_one471-bet_two471]" time="0.000" /><testcase classname="tests.integration.test_bet" name="test_bet_type_inequality[bet_one472-bet_two472]" time="0.000" /><testcase classname="tests.integration.test_bet" name="test_bet_type_inequality[bet_one473-bet_two473]" time="0.000" /><testcase classname="tests.integration.test_bet" name="test_bet_type_inequality[bet_one474-bet_two474]" time="0.000" /><testcase classname="tests.integration.test_bet" name="test_bet_type_inequality[bet_one475-bet_two475]" time="0.001" /><testcase classname="tests.integration.test_bet" name="test_bet_type_inequality[bet_one476-bet_two476]" time="0.000" /><testcase classname="tests.integration.test_bet" name="test_bet_type_inequality[bet_one477-bet_two477]" time="0.000" /><testcase classname="tests.integration.test_bet" name="test_bet_type_inequality[bet_one478-bet_two478]" time="0.000" /><testcase classname="tests.integration.test_bet" name="test_bet_type_inequality[bet_one479-bet_two479]" time="0.000" /><testcase classname="tests.integration.test_bet" name="test_bet_type_inequality[bet_one480-bet_two480]" time="0.000" /><testcase classname="tests.integration.test_bet" name="test_bet_type_inequality[bet_one481-bet_two481]" time="0.000" /><testcase classname="tests.integration.test_bet" name="test_bet_type_inequality[bet_one482-bet_two482]" time="0.000" /><testcase classname="tests.integration.test_bet" name="test_bet_type_inequality[bet_one483-bet_two483]" time="0.000" /><testcase classname="tests.integration.test_bet" name="test_bet_type_inequality[bet_one484-bet_two484]" time="0.000" /><testcase classname="tests.integration.test_bet" name="test_bet_type_inequality[bet_one485-bet_two485]" time="0.000" /><testcase classname="tests.integration.test_bet" name="test_bet_type_inequality[bet_one486-bet_two486]" time="0.000" /><testcase classname="tests.integration.test_bet" name="test_bet_type_inequality[bet_one487-bet_two487]" time="0.000" /><testcase classname="tests.integration.test_bet" name="test_bet_type_inequality[bet_one488-bet_two488]" time="0.000" /><testcase classname="tests.integration.test_bet" name="test_bet_type_inequality[bet_one489-bet_two489]" time="0.000" /><testcase classname="tests.integration.test_bet" name="test_bet_type_inequality[bet_one490-bet_two490]" time="0.000" /><testcase classname="tests.integration.test_bet" name="test_bet_type_inequality[bet_one491-bet_two491]" time="0.000" /><testcase classname="tests.integration.test_bet" name="test_bet_type_inequality[bet_one492-bet_two492]" time="0.000" /><testcase classname="tests.integration.test_bet" name="test_bet_type_inequality[bet_one493-bet_two493]" time="0.000" /><testcase classname="tests.integration.test_bet" name="test_bet_type_inequality[bet_one494-bet_two494]" time="0.000" /><testcase classname="tests.integration.test_bet" name="test_bet_type_inequality[bet_one495-bet_two495]" time="0.000" /><testcase classname="tests.integration.test_bet" name="test_bet_type_inequality[bet_one496-bet_two496]" time="0.000" /><testcase classname="tests.integration.test_bet" name="test_bet_type_inequality[bet_one497-bet_two497]" time="0.000" /><testcase classname="tests.integration.test_bet" name="test_bet_type_inequality[bet_one498-bet_two498]" time="0.000" /><testcase classname="tests.integration.test_bet" name="test_bet_type_inequality[bet_one499-bet_two499]" time="0.000" /><testcase classname="tests.integration.test_bet" name="test_bet_type_inequality[bet_one500-bet_two500]" time="0.000" /><testcase classname="tests.integration.test_bet" name="test_bet_type_inequality[bet_one501-bet_two501]" time="0.000" /><testcase classname="tests.integration.test_bet" name="test_bet_type_inequality[bet_one502-bet_two502]" time="0.000" /><testcase classname="tests.integration.test_bet" name="test_bet_type_inequality[bet_one503-bet_two503]" time="0.000" /><testcase classname="tests.integration.test_bet" name="test_bet_type_inequality[bet_one504-bet_two504]" time="0.000" /><testcase classname="tests.integration.test_bet" name="test_bet_type_inequality[bet_one505-bet_two505]" time="0.000" /><testcase classname="tests.integration.test_bet" name="test_bet_type_inequality[bet_one506-bet_two506]" time="0.000" /><testcase classname="tests.integration.test_bet" name="test_bet_type_inequality[bet_one507-bet_two507]" time="0.000" /><testcase classname="tests.integration.test_bet" name="test_bet_type_inequality[bet_one508-bet_two508]" time="0.000" /><testcase classname="tests.integration.test_bet" name="test_bet_type_inequality[bet_one509-bet_two509]" time="0.000" /><testcase classname="tests.integration.test_bet" name="test_bet_type_inequality[bet_one510-bet_two510]" time="0.000" /><testcase classname="tests.integration.test_bet" name="test_bet_type_inequality[bet_one511-bet_two511]" time="0.000" /><testcase classname="tests.integration.test_bet" name="test_bet_type_inequality[bet_one512-bet_two512]" time="0.000" /><testcase classname="tests.integration.test_bet" name="test_bet_type_inequality[bet_one513-bet_two513]" time="0.000" /><testcase classname="tests.integration.test_bet" name="test_bet_type_inequality[bet_one514-bet_two514]" time="0.000" /><testcase classname="tests.integration.test_bet" name="test_bet_type_inequality[bet_one515-bet_two515]" time="0.000" /><testcase classname="tests.integration.test_bet" name="test_bet_type_inequality[bet_one516-bet_two516]" time="0.000" /><testcase classname="tests.integration.test_bet" name="test_bet_type_inequality[bet_one517-bet_two517]" time="0.000" /><testcase classname="tests.integration.test_bet" name="test_bet_type_inequality[bet_one518-bet_two518]" time="0.000" /><testcase classname="tests.integration.test_bet" name="test_bet_type_inequality[bet_one519-bet_two519]" time="0.000" /><testcase classname="tests.integration.test_bet" name="test_bet_type_inequality[bet_one520-bet_two520]" time="0.000" /><testcase classname="tests.integration.test_bet" name="test_bet_type_inequality[bet_one521-bet_two521]" time="0.000" /><testcase classname="tests.integration.test_bet" name="test_bet_type_inequality[bet_one522-bet_two522]" time="0.000" /><testcase classname="tests.integration.test_bet" name="test_bet_type_inequality[bet_one523-bet_two523]" time="0.000" /><testcase classname="tests.integration.test_bet" name="test_bet_type_inequality[bet_one524-bet_two524]" time="0.000" /><testcase classname="tests.integration.test_bet" name="test_bet_type_inequality[bet_one525-bet_two525]" time="0.000" /><testcase classname="tests.integration.test_bet" name="test_bet_type_inequality[bet_one526-bet_two526]" time="0.000" /><testcase classname="tests.integration.test_bet" name="test_bet_type_inequality[bet_one527-bet_two527]" time="0.000" /><testcase classname="tests.integration.test_bet" name="test_bet_type_inequality[bet_one528-bet_two528]" time="0.000" /><testcase classname="tests.integration.test_bet" name="test_bet_type_inequality[bet_one529-bet_two529]" time="0.000" /><testcase classname="tests.integration.test_bet" name="test_bet_type_inequality[bet_one530-bet_two530]" time="0.000" /><testcase classname="tests.integration.test_bet" name="test_bet_type_inequality[bet_one531-bet_two531]" time="0.000" /><testcase classname="tests.integration.test_bet" name="test_bet_type_inequality[bet_one532-bet_two532]" time="0.000" /><testcase classname="tests.integration.test_bet" name="test_bet_type_inequality[bet_one533-bet_two533]" time="0.000" /><testcase classname="tests.integration.test_bet" name="test_bet_type_inequality[bet_one534-bet_two534]" time="0.000" /><testcase classname="tests.integration.test_bet" name="test_bet_type_inequality[bet_one535-bet_two535]" time="0.000" /><testcase classname="tests.integration.test_bet" name="test_bet_type_inequality[bet_one536-bet_two536]" time="0.000" /><testcase classname="tests.integration.test_bet" name="test_bet_type_inequality[bet_one537-bet_two537]" time="0.000" /><testcase classname="tests.integration.test_bet" name="test_bet_type_inequality[bet_one538-bet_two538]" time="0.000" /><testcase classname="tests.integration.test_bet" name="test_bet_type_inequality[bet_one539-bet_two539]" time="0.000" /><testcase classname="tests.integration.test_bet" name="test_bet_type_inequality[bet_one540-bet_two540]" time="0.000" /><testcase classname="tests.integration.test_bet" name="test_bet_type_inequality[bet_one541-bet_two541]" time="0.000" /><testcase classname="tests.integration.test_bet" name="test_bet_type_inequality[bet_one542-bet_two542]" time="0.000" /><testcase classname="tests.integration.test_bet" name="test_bet_type_inequality[bet_one543-bet_two543]" time="0.000" /><testcase classname="tests.integration.test_bet" name="test_bet_type_inequality[bet_one544-bet_two544]" time="0.000" /><testcase classname="tests.integration.test_bet" name="test_bet_type_inequality[bet_one545-bet_two545]" time="0.000" /><testcase classname="tests.integration.test_bet" name="test_bet_type_inequality[bet_one546-bet_two546]" time="0.000" /><testcase classname="tests.integration.test_bet" name="test_bet_type_inequality[bet_one547-bet_two547]" time="0.000" /><testcase classname="tests.integration.test_bet" name="test_bet_type_inequality[bet_one548-bet_two548]" time="0.000" /><testcase classname="tests.integration.test_bet" name="test_bet_type_inequality[bet_one549-bet_two549]" time="0.000" /><testcase classname="tests.integration.test_bet" name="test_bet_type_inequality[bet_one550-bet_two550]" time="0.000" /><testcase classname="tests.integration.test_bet" name="test_bet_type_inequality[bet_one551-bet_two551]" time="0.000" /><testcase classname="tests.integration.test_bet" name="test_bet_type_inequality[bet_one552-bet_two552]" time="0.000" /><testcase classname="tests.integration.test_bet" name="test_bet_type_inequality[bet_one553-bet_two553]" time="0.000" /><testcase classname="tests.integration.test_bet" name="test_bet_type_inequality[bet_one554-bet_two554]" time="0.000" /><testcase classname="tests.integration.test_bet" name="test_bet_type_inequality[bet_one555-bet_two555]" time="0.000" /><testcase classname="tests.integration.test_bet" name="test_bet_type_inequality[bet_one556-bet_two556]" time="0.000" /><testcase classname="tests.integration.test_bet" name="test_bet_type_inequality[bet_one557-bet_two557]" time="0.000" /><testcase classname="tests.integration.test_bet" name="test_bet_type_inequality[bet_one558-bet_two558]" time="0.000" /><testcase classname="tests.integration.test_bet" name="test_bet_type_inequality[bet_one559-bet_two559]" time="0.000" /><testcase classname="tests.integration.test_bet" name="test_bet_type_inequality[bet_one560-bet_two560]" time="0.000" /><testcase classname="tests.integration.test_bet" name="test_bet_type_inequality[bet_one561-bet_two561]" time="0.000" /><testcase classname="tests.integration.test_bet" name="test_bet_type_inequality[bet_one562-bet_two562]" time="0.000" /><testcase classname="tests.integration.test_bet" name="test_bet_type_inequality[bet_one563-bet_two563]" time="0.000" /><testcase classname="tests.integration.test_bet" name="test_bet_type_inequality[bet_one564-bet_two564]" time="0.000" /><testcase classname="tests.integration.test_bet" name="test_bet_type_inequality[bet_one565-bet_two565]" time="0.000" /><testcase classname="tests.integration.test_bet" name="test_bet_type_inequality[bet_one566-bet_two566]" time="0.000" /><testcase classname="tests.integration.test_bet" name="test_bet_type_inequality[bet_one567-bet_two567]" time="0.000" /><testcase classname="tests.integration.test_bet" name="test_bet_type_inequality[bet_one568-bet_two568]" time="0.000" /><testcase classname="tests.integration.test_bet" name="test_bet_type_inequality[bet_one569-bet_two569]" time="0.000" /><testcase classname="tests.integration.test_bet" name="test_bet_type_inequality[bet_one570-bet_two570]" time="0.000" /><testcase classname="tests.integration.test_bet" name="test_bet_type_inequality[bet_one571-bet_two571]" time="0.000" /><testcase classname="tests.integration.test_bet" name="test_bet_type_inequality[bet_one572-bet_two572]" time="0.000" /><testcase classname="tests.integration.test_bet" name="test_bet_type_inequality[bet_one573-bet_two573]" time="0.000" /><testcase classname="tests.integration.test_bet" name="test_bet_type_inequality[bet_one574-bet_two574]" time="0.000" /><testcase classname="tests.integration.test_bet" name="test_bet_type_inequality[bet_one575-bet_two575]" time="0.000" /><testcase classname="tests.integration.test_bet" name="test_bet_type_inequality[bet_one576-bet_two576]" time="0.000" /><testcase classname="tests.integration.test_bet" name="test_bet_type_inequality[bet_one577-bet_two577]" time="0.000" /><testcase classname="tests.integration.test_bet" name="test_bet_type_inequality[bet_one578-bet_two578]" time="0.000" /><testcase classname="tests.integration.test_bet" name="test_bet_type_inequality[bet_one579-bet_two579]" time="0.000" /><testcase classname="tests.integration.test_bet" name="test_bet_type_inequality[bet_one580-bet_two580]" time="0.000" /><testcase classname="tests.integration.test_bet" name="test_bet_type_inequality[bet_one581-bet_two581]" time="0.000" /><testcase classname="tests.integration.test_bet" name="test_bet_type_inequality[bet_one582-bet_two582]" time="0.000" /><testcase classname="tests.integration.test_bet" name="test_bet_type_inequality[bet_one583-bet_two583]" time="0.000" /><testcase classname="tests.integration.test_bet" name="test_bet_type_inequality[bet_one584-bet_two584]" time="0.000" /><testcase classname="tests.integration.test_bet" name="test_bet_type_inequality[bet_one585-bet_two585]" time="0.000" /><testcase classname="tests.integration.test_bet" name="test_bet_type_inequality[bet_one586-bet_two586]" time="0.000" /><testcase classname="tests.integration.test_bet" name="test_bet_type_inequality[bet_one587-bet_two587]" time="0.000" /><testcase classname="tests.integration.test_bet" name="test_bet_type_inequality[bet_one588-bet_two588]" time="0.000" /><testcase classname="tests.integration.test_bet" name="test_bet_type_inequality[bet_one589-bet_two589]" time="0.000" /><testcase classname="tests.integration.test_bet" name="test_bet_type_inequality[bet_one590-bet_two590]" time="0.000" /><testcase classname="tests.integration.test_bet" name="test_bet_type_inequality[bet_one591-bet_two591]" time="0.000" /><testcase classname="tests.integration.test_bet" name="test_bet_type_inequality[bet_one592-bet_two592]" time="0.000" /><testcase classname="tests.integration.test_bet" name="test_bet_type_inequality[bet_one593-bet_two593]" time="0.000" /><testcase classname="tests.integration.test_bet" name="test_bet_type_inequality[bet_one594-bet_two594]" time="0.000" /><testcase classname="tests.integration.test_bet" name="test_bet_type_inequality[bet_one595-bet_two595]" time="0.000" /><testcase classname="tests.integration.test_bet" name="test_bet_type_inequality[bet_one596-bet_two596]" time="0.000" /><testcase classname="tests.integration.test_bet" name="test_bet_type_inequality[bet_one597-bet_two597]" time="0.000" /><testcase classname="tests.integration.test_bet" name="test_bet_type_inequality[bet_one598-bet_two598]" time="0.000" /><testcase classname="tests.integration.test_bet" name="test_bet_type_inequality[bet_one599-bet_two599]" time="0.000" /><testcase classname="tests.integration.test_bet" name="test_bet_type_inequality[bet_one600-bet_two600]" time="0.000" /><testcase classname="tests.integration.test_bet" name="test_bet_type_inequality[bet_one601-bet_two601]" time="0.000" /><testcase classname="tests.integration.test_bet" name="test_bet_type_inequality[bet_one602-bet_two602]" time="0.000" /><testcase classname="tests.integration.test_bet" name="test_bet_type_inequality[bet_one603-bet_two603]" time="0.000" /><testcase classname="tests.integration.test_bet" name="test_bet_type_inequality[bet_one604-bet_two604]" time="0.000" /><testcase classname="tests.integration.test_bet" name="test_bet_type_inequality[bet_one605-bet_two605]" time="0.000" /><testcase classname="tests.integration.test_bet" name="test_bet_type_inequality[bet_one606-bet_two606]" time="0.000" /><testcase classname="tests.integration.test_bet" name="test_bet_type_inequality[bet_one607-bet_two607]" time="0.000" /><testcase classname="tests.integration.test_bet" name="test_bet_type_inequality[bet_one608-bet_two608]" time="0.000" /><testcase classname="tests.integration.test_bet" name="test_bet_type_inequality[bet_one609-bet_two609]" time="0.000" /><testcase classname="tests.integration.test_bet" name="test_bet_type_inequality[bet_one610-bet_two610]" time="0.000" /><testcase classname="tests.integration.test_bet" name="test_bet_type_inequality[bet_one611-bet_two611]" time="0.000" /><testcase classname="tests.integration.test_bet" name="test_bet_type_inequality[bet_one612-bet_two612]" time="0.000" /><testcase classname="tests.integration.test_bet" name="test_bet_type_inequality[bet_one613-bet_two613]" time="0.000" /><testcase classname="tests.integration.test_bet" name="test_bet_type_inequality[bet_one614-bet_two614]" time="0.000" /><testcase classname="tests.integration.test_bet" name="test_bet_type_inequality[bet_one615-bet_two615]" time="0.000" /><testcase classname="tests.integration.test_bet" name="test_bet_type_inequality[bet_one616-bet_two616]" time="0.000" /><testcase classname="tests.integration.test_bet" name="test_bet_type_inequality[bet_one617-bet_two617]" time="0.000" /><testcase classname="tests.integration.test_bet" name="test_bet_type_inequality[bet_one618-bet_two618]" time="0.000" /><testcase classname="tests.integration.test_bet" name="test_bet_type_inequality[bet_one619-bet_two619]" time="0.000" /><testcase classname="tests.integration.test_bet" name="test_bet_type_inequality[bet_one620-bet_two620]" time="0.000" /><testcase classname="tests.integration.test_bet" name="test_bet_type_inequality[bet_one621-bet_two621]" time="0.000" /><testcase classname="tests.integration.test_bet" name="test_bet_type_inequality[bet_one622-bet_two622]" time="0.000" /><testcase classname="tests.integration.test_bet" name="test_bet_type_inequality[bet_one623-bet_two623]" time="0.000" /><testcase classname="tests.integration.test_bet" name="test_bet_type_inequality[bet_one624-bet_two624]" time="0.000" /><testcase classname="tests.integration.test_bet" name="test_bet_type_inequality[bet_one625-bet_two625]" time="0.000" /><testcase classname="tests.integration.test_bet" name="test_bet_type_inequality[bet_one626-bet_two626]" time="0.000" /><testcase classname="tests.integration.test_bet" name="test_bet_type_inequality[bet_one627-bet_two627]" time="0.001" /><testcase classname="tests.integration.test_bet" name="test_bet_type_inequality[bet_one628-bet_two628]" time="0.000" /><testcase classname="tests.integration.test_bet" name="test_bet_type_inequality[bet_one629-bet_two629]" time="0.000" /><testcase classname="tests.integration.test_bet" name="test_bet_type_inequality[bet_one630-bet_two630]" time="0.000" /><testcase classname="tests.integration.test_bet" name="test_bet_type_inequality[bet_one631-bet_two631]" time="0.000" /><testcase classname="tests.integration.test_bet" name="test_bet_type_inequality[bet_one632-bet_two632]" time="0.000" /><testcase classname="tests.integration.test_bet" name="test_bet_type_inequality[bet_one633-bet_two633]" time="0.000" /><testcase classname="tests.integration.test_bet" name="test_bet_type_inequality[bet_one634-bet_two634]" time="0.000" /><testcase classname="tests.integration.test_bet" name="test_bet_type_inequality[bet_one635-bet_two635]" time="0.000" /><testcase classname="tests.integration.test_bet" name="test_bet_type_inequality[bet_one636-bet_two636]" time="0.000" /><testcase classname="tests.integration.test_bet" name="test_bet_type_inequality[bet_one637-bet_two637]" time="0.000" /><testcase classname="tests.integration.test_bet" name="test_bet_type_inequality[bet_one638-bet_two638]" time="0.000" /><testcase classname="tests.integration.test_bet" name="test_bet_type_inequality[bet_one639-bet_two639]" time="0.000" /><testcase classname="tests.integration.test_bet" name="test_bet_type_inequality[bet_one640-bet_two640]" time="0.000" /><testcase classname="tests.integration.test_bet" name="test_bet_type_inequality[bet_one641-bet_two641]" time="0.000" /><testcase classname="tests.integration.test_bet" name="test_bet_type_inequality[bet_one642-bet_two642]" time="0.000" /><testcase classname="tests.integration.test_bet" name="test_bet_type_inequality[bet_one643-bet_two643]" time="0.000" /><testcase classname="tests.integration.test_bet" name="test_bet_type_inequality[bet_one644-bet_two644]" time="0.000" /><testcase classname="tests.integration.test_bet" name="test_bet_type_inequality[bet_one645-bet_two645]" time="0.000" /><testcase classname="tests.integration.test_bet" name="test_bet_type_inequality[bet_one646-bet_two646]" time="0.000" /><testcase classname="tests.integration.test_bet" name="test_bet_type_inequality[bet_one647-bet_two647]" time="0.000" /><testcase classname="tests.integration.test_bet" name="test_bet_type_inequality[bet_one648-bet_two648]" time="0.000" /><testcase classname="tests.integration.test_bet" name="test_bet_type_inequality[bet_one649-bet_two649]" time="0.000" /><testcase classname="tests.integration.test_bet" name="test_bet_type_inequality[bet_one650-bet_two650]" time="0.000" /><testcase classname="tests.integration.test_bet" name="test_bet_type_inequality[bet_one651-bet_two651]" time="0.000" /><testcase classname="tests.integration.test_bet" name="test_bet_type_inequality[bet_one652-bet_two652]" time="0.000" /><testcase classname="tests.integration.test_bet" name="test_bet_type_inequality[bet_one653-bet_two653]" time="0.000" /><testcase classname="tests.integration.test_bet" name="test_bet_type_inequality[bet_one654-bet_two654]" time="0.000" /><testcase classname="tests.integration.test_bet" name="test_bet_type_inequality[bet_one655-bet_two655]" time="0.000" /><testcase classname="tests.integration.test_bet" name="test_bet_type_inequality[bet_one656-bet_two656]" time="0.000" /><testcase classname="tests.integration.test_bet" name="test_bet_type_inequality[bet_one657-bet_two657]" time="0.000" /><testcase classname="tests.integration.test_bet" name="test_bet_type_inequality[bet_one658-bet_two658]" time="0.000" /><testcase classname="tests.integration.test_bet" name="test_bet_type_inequality[bet_one659-bet_two659]" time="0.000" /><testcase classname="tests.integration.test_bet" name="test_bet_type_inequality[bet_one660-bet_two660]" time="0.000" /><testcase classname="tests.integration.test_bet" name="test_bet_type_inequality[bet_one661-bet_two661]" time="0.000" /><testcase classname="tests.integration.test_bet" name="test_bet_type_inequality[bet_one662-bet_two662]" time="0.000" /><testcase classname="tests.integration.test_bet" name="test_bet_type_inequality[bet_one663-bet_two663]" time="0.000" /><testcase classname="tests.integration.test_bet" name="test_bet_type_inequality[bet_one664-bet_two664]" time="0.000" /><testcase classname="tests.integration.test_bet" name="test_bet_type_inequality[bet_one665-bet_two665]" time="0.000" /><testcase classname="tests.integration.test_bet" name="test_bet_type_inequality[bet_one666-bet_two666]" time="0.000" /><testcase classname="tests.integration.test_bet" name="test_bet_type_inequality[bet_one667-bet_two667]" time="0.000" /><testcase classname="tests.integration.test_bet" name="test_bet_type_inequality[bet_one668-bet_two668]" time="0.000" /><testcase classname="tests.integration.test_bet" name="test_bet_type_inequality[bet_one669-bet_two669]" time="0.000" /><testcase classname="tests.integration.test_bet" name="test_bet_type_inequality[bet_one670-bet_two670]" time="0.000" /><testcase classname="tests.integration.test_bet" name="test_bet_type_inequality[bet_one671-bet_two671]" time="0.000" /><testcase classname="tests.integration.test_bet" name="test_bet_type_inequality[bet_one672-bet_two672]" time="0.000" /><testcase classname="tests.integration.test_bet" name="test_bet_type_inequality[bet_one673-bet_two673]" time="0.000" /><testcase classname="tests.integration.test_bet" name="test_bet_type_inequality[bet_one674-bet_two674]" time="0.000" /><testcase classname="tests.integration.test_bet" name="test_bet_type_inequality[bet_one675-bet_two675]" time="0.000" /><testcase classname="tests.integration.test_bet" name="test_bet_type_inequality[bet_one676-bet_two676]" time="0.000" /><testcase classname="tests.integration.test_bet" name="test_bet_type_inequality[bet_one677-bet_two677]" time="0.000" /><testcase classname="tests.integration.test_bet" name="test_bet_type_inequality[bet_one678-bet_two678]" time="0.000" /><testcase classname="tests.integration.test_bet" name="test_bet_type_inequality[bet_one679-bet_two679]" time="0.001" /><testcase classname="tests.integration.test_bet" name="test_bet_type_inequality[bet_one680-bet_two680]" time="0.000" /><testcase classname="tests.integration.test_bet" name="test_bet_type_inequality[bet_one681-bet_two681]" time="0.000" /><testcase classname="tests.integration.test_bet" name="test_bet_type_inequality[bet_one682-bet_two682]" time="0.000" /><testcase classname="tests.integration.test_bet" name="test_bet_type_inequality[bet_one683-bet_two683]" time="0.000" /><testcase classname="tests.integration.test_bet" name="test_bet_type_inequality[bet_one684-bet_two684]" time="0.000" /><testcase classname="tests.integration.test_bet" name="test_bet_type_inequality[bet_one685-bet_two685]" time="0.000" /><testcase classname="tests.integration.test_bet" name="test_bet_type_inequality[bet_one686-bet_two686]" time="0.000" /><testcase classname="tests.integration.test_bet" name="test_bet_type_inequality[bet_one687-bet_two687]" time="0.000" /><testcase classname="tests.integration.test_bet" name="test_bet_type_inequality[bet_one688-bet_two688]" time="0.000" /><testcase classname="tests.integration.test_bet" name="test_bet_type_inequality[bet_one689-bet_two689]" time="0.000" /><testcase classname="tests.integration.test_bet" name="test_bet_type_inequality[bet_one690-bet_two690]" time="0.000" /><testcase classname="tests.integration.test_bet" name="test_bet_type_inequality[bet_one691-bet_two691]" time="0.000" /><testcase classname="tests.integration.test_bet" name="test_bet_type_inequality[bet_one692-bet_two692]" time="0.000" /><testcase classname="tests.integration.test_bet" name="test_bet_type_inequality[bet_one693-bet_two693]" time="0.000" /><testcase classname="tests.integration.test_bet" name="test_bet_type_inequality[bet_one694-bet_two694]" time="0.000" /><testcase classname="tests.integration.test_bet" name="test_bet_type_inequality[bet_one695-bet_two695]" time="0.000" /><testcase classname="tests.integration.test_bet" name="test_bet_type_inequality[bet_one696-bet_two696]" time="0.000" /><testcase classname="tests.integration.test_bet" name="test_bet_type_inequality[bet_one697-bet_two697]" time="0.000" /><testcase classname="tests.integration.test_bet" name="test_bet_type_inequality[bet_one698-bet_two698]" time="0.000" /><testcase classname="tests.integration.test_bet" name="test_bet_type_inequality[bet_one699-bet_two699]" time="0.000" /><testcase classname="tests.integration.test_bet" name="test_bet_type_inequality[bet_one700-bet_two700]" time="0.000" /><testcase classname="tests.integration.test_bet" name="test_bet_type_inequality[bet_one701-bet_two701]" time="0.000" /><testcase classname="tests.integration.test_bet" name="test_bet_type_inequality[bet_one702-bet_two702]" time="0.000" /><testcase classname="tests.integration.test_bet" name="test_bet_type_inequality[bet_one703-bet_two703]" time="0.000" /><testcase classname="tests.integration.test_bet" name="test_bet_type_inequality[bet_one704-bet_two704]" time="0.000" /><testcase classname="tests.integration.test_bet" name="test_bet_type_inequality[bet_one705-bet_two705]" time="0.000" /><testcase classname="tests.integration.test_bet" name="test_bet_type_inequality[bet_one706-bet_two706]" time="0.000" /><testcase classname="tests.integration.test_bet" name="test_bet_type_inequality[bet_one707-bet_two707]" time="0.000" /><testcase classname="tests.integration.test_bet" name="test_bet_type_inequality[bet_one708-bet_two708]" time="0.000" /><testcase classname="tests.integration.test_bet" name="test_bet_type_inequality[bet_one709-bet_two709]" time="0.000" /><testcase classname="tests.integration.test_bet" name="test_bet_type_inequality[bet_one710-bet_two710]" time="0.000" /><testcase classname="tests.integration.test_bet" name="test_bet_type_inequality[bet_one711-bet_two711]" time="0.000" /><testcase classname="tests.integration.test_bet" name="test_bet_type_inequality[bet_one712-bet_two712]" time="0.000" /><testcase classname="tests.integration.test_bet" name="test_bet_type_inequality[bet_one713-bet_two713]" time="0.000" /><testcase classname="tests.integration.test_bet" name="test_bet_type_inequality[bet_one714-bet_two714]" time="0.000" /><testcase classname="tests.integration.test_bet" name="test_bet_type_inequality[bet_one715-bet_two715]" time="0.000" /><testcase classname="tests.integration.test_bet" name="test_bet_type_inequality[bet_one716-bet_two716]" time="0.000" /><testcase classname="tests.integration.test_bet" name="test_bet_type_inequality[bet_one717-bet_two717]" time="0.000" /><testcase classname="tests.integration.test_bet" name="test_bet_type_inequality[bet_one718-bet_two718]" time="0.000" /><testcase classname="tests.integration.test_bet" name="test_bet_type_inequality[bet_one719-bet_two719]" time="0.000" /><testcase classname="tests.integration.test_bet" name="test_bet_type_inequality[bet_one720-bet_two720]" time="0.000" /><testcase classname="tests.integration.test_bet" name="test_bet_type_inequality[bet_one721-bet_two721]" time="0.000" /><testcase classname="tests.integration.test_bet" name="test_bet_type_inequality[bet_one722-bet_two722]" time="0.000" /><testcase classname="tests.integration.test_bet" name="test_bet_type_inequality[bet_one723-bet_two723]" time="0.000" /><testcase classname="tests.integration.test_bet" name="test_bet_type_inequality[bet_one724-bet_two724]" time="0.000" /><testcase classname="tests.integration.test_bet" name="test_bet_type_inequality[bet_one725-bet_two725]" time="0.000" /><testcase classname="tests.integration.test_bet" name="test_bet_type_inequality[bet_one726-bet_two726]" time="0.000" /><testcase classname="tests.integration.test_bet" name="test_bet_type_inequality[bet_one727-bet_two727]" time="0.000" /><testcase classname="tests.integration.test_bet" name="test_bet_type_inequality[bet_one728-bet_two728]" time="0.000" /><testcase classname="tests.integration.test_bet" name="test_bet_type_inequality[bet_one729-bet_two729]" time="0.000" /><testcase classname="tests.integration.test_bet" name="test_bet_type_inequality[bet_one730-bet_two730]" time="0.000" /><testcase classname="tests.integration.test_bet" name="test_bet_type_inequality[bet_one731-bet_two731]" time="0.000" /><testcase classname="tests.integration.test_bet" name="test_bet_type_inequality[bet_one732-bet_two732]" time="0.000" /><testcase classname="tests.integration.test_bet" name="test_bet_type_inequality[bet_one733-bet_two733]" time="0.000" /><testcase classname="tests.integration.test_bet" name="test_bet_type_inequality[bet_one734-bet_two734]" time="0.000" /><testcase classname="tests.integration.test_bet" name="test_bet_type_inequality[bet_one735-bet_two735]" time="0.000" /><testcase classname="tests.integration.test_bet" name="test_bet_type_inequality[bet_one736-bet_two736]" time="0.000" /><testcase classname="tests.integration.test_bet" name="test_bet_type_inequality[bet_one737-bet_two737]" time="0.000" /><testcase classname="tests.integration.test_bet" name="test_bet_type_inequality[bet_one738-bet_two738]" time="0.000" /><testcase classname="tests.integration.test_bet" name="test_bet_type_inequality[bet_one739-bet_two739]" time="0.000" /><testcase classname="tests.integration.test_bet" name="test_bet_type_inequality[bet_one740-bet_two740]" time="0.000" /><testcase classname="tests.integration.test_bet" name="test_bet_type_inequality[bet_one741-bet_two741]" time="0.000" /><testcase classname="tests.integration.test_bet" name="test_bet_type_inequality[bet_one742-bet_two742]" time="0.000" /><testcase classname="tests.integration.test_bet" name="test_bet_type_inequality[bet_one743-bet_two743]" time="0.000" /><testcase classname="tests.integration.test_bet" name="test_bet_type_inequality[bet_one744-bet_two744]" time="0.000" /><testcase classname="tests.integration.test_bet" name="test_bet_type_inequality[bet_one745-bet_two745]" time="0.000" /><testcase classname="tests.integration.test_bet" name="test_bet_type_inequality[bet_one746-bet_two746]" time="0.000" /><testcase classname="tests.integration.test_bet" name="test_bet_type_inequality[bet_one747-bet_two747]" time="0.000" /><testcase classname="tests.integration.test_bet" name="test_bet_type_inequality[bet_one748-bet_two748]" time="0.000" /><testcase classname="tests.integration.test_bet" name="test_bet_type_inequality[bet_one749-bet_two749]" time="0.000" /><testcase classname="tests.integration.test_bet" name="test_bet_type_inequality[bet_one750-bet_two750]" time="0.000" /><testcase classname="tests.integration.test_bet" name="test_bet_type_inequality[bet_one751-bet_two751]" time="0.000" /><testcase classname="tests.integration.test_bet" name="test_bet_type_inequality[bet_one752-bet_two752]" time="0.000" /><testcase classname="tests.integration.test_bet" name="test_bet_type_inequality[bet_one753-bet_two753]" time="0.000" /><testcase classname="tests.integration.test_bet" name="test_bet_type_inequality[bet_one754-bet_two754]" time="0.000" /><testcase classname="tests.integration.test_bet" name="test_bet_type_inequality[bet_one755-bet_two755]" time="0.000" /><testcase classname="tests.integration.test_bet" name="test_bet_type_inequality[bet_one756-bet_two756]" time="0.000" /><testcase classname="tests.integration.test_bet" name="test_bet_type_inequality[bet_one757-bet_two757]" time="0.000" /><testcase classname="tests.integration.test_bet" name="test_bet_type_inequality[bet_one758-bet_two758]" time="0.000" /><testcase classname="tests.integration.test_bet" name="test_bet_type_inequality[bet_one759-bet_two759]" time="0.000" /><testcase classname="tests.integration.test_bet" name="test_bet_type_inequality[bet_one760-bet_two760]" time="0.000" /><testcase classname="tests.integration.test_bet" name="test_bet_type_inequality[bet_one761-bet_two761]" time="0.000" /><testcase classname="tests.integration.test_bet" name="test_bet_type_inequality[bet_one762-bet_two762]" time="0.000" /><testcase classname="tests.integration.test_bet" name="test_bet_type_inequality[bet_one763-bet_two763]" time="0.000" /><testcase classname="tests.integration.test_bet" name="test_bet_type_inequality[bet_one764-bet_two764]" time="0.000" /><testcase classname="tests.integration.test_bet" name="test_bet_type_inequality[bet_one765-bet_two765]" time="0.000" /><testcase classname="tests.integration.test_bet" name="test_bet_type_inequality[bet_one766-bet_two766]" time="0.000" /><testcase classname="tests.integration.test_bet" name="test_bet_type_inequality[bet_one767-bet_two767]" time="0.000" /><testcase classname="tests.integration.test_bet" name="test_bet_type_inequality[bet_one768-bet_two768]" time="0.000" /><testcase classname="tests.integration.test_bet" name="test_bet_type_inequality[bet_one769-bet_two769]" time="0.000" /><testcase classname="tests.integration.test_bet" name="test_bet_type_inequality[bet_one770-bet_two770]" time="0.000" /><testcase classname="tests.integration.test_bet" name="test_bet_type_inequality[bet_one771-bet_two771]" time="0.000" /><testcase classname="tests.integration.test_bet" name="test_bet_type_inequality[bet_one772-bet_two772]" time="0.000" /><testcase classname="tests.integration.test_bet" name="test_bet_type_inequality[bet_one773-bet_two773]" time="0.000" /><testcase classname="tests.integration.test_bet" name="test_bet_type_inequality[bet_one774-bet_two774]" time="0.000" /><testcase classname="tests.integration.test_bet" name="test_bet_type_inequality[bet_one775-bet_two775]" time="0.000" /><testcase classname="tests.integration.test_bet" name="test_bet_type_inequality[bet_one776-bet_two776]" time="0.000" /><testcase classname="tests.integration.test_bet" name="test_bet_type_inequality[bet_one777-bet_two777]" time="0.000" /><testcase classname="tests.integration.test_bet" name="test_bet_type_inequality[bet_one778-bet_two778]" time="0.000" /><testcase classname="tests.integration.test_bet" name="test_bet_type_inequality[bet_one779-bet_two779]" time="0.000" /><testcase classname="tests.integration.test_bet" name="test_bet_type_inequality[bet_one780-bet_two780]" time="0.000" /><testcase classname="tests.integration.test_bet" name="test_bet_type_inequality[bet_one781-bet_two781]" time="0.000" /><testcase classname="tests.integration.test_bet" name="test_bet_type_inequality[bet_one782-bet_two782]" time="0.000" /><testcase classname="tests.integration.test_bet" name="test_bet_type_inequality[bet_one783-bet_two783]" time="0.000" /><testcase classname="tests.integration.test_bet" name="test_bet_type_inequality[bet_one784-bet_two784]" time="0.000" /><testcase classname="tests.integration.test_bet" name="test_bet_type_inequality[bet_one785-bet_two785]" time="0.000" /><testcase classname="tests.integration.test_bet" name="test_bet_type_inequality[bet_one786-bet_two786]" time="0.000" /><testcase classname="tests.integration.test_bet" name="test_bet_type_inequality[bet_one787-bet_two787]" time="0.000" /><testcase classname="tests.integration.test_bet" name="test_bet_type_inequality[bet_one788-bet_two788]" time="0.000" /><testcase classname="tests.integration.test_bet" name="test_bet_type_inequality[bet_one789-bet_two789]" time="0.000" /><testcase classname="tests.integration.test_bet" name="test_bet_type_inequality[bet_one790-bet_two790]" time="0.000" /><testcase classname="tests.integration.test_bet" name="test_bet_type_inequality[bet_one791-bet_two791]" time="0.000" /><testcase classname="tests.integration.test_bet" name="test_bet_type_inequality[bet_one792-bet_two792]" time="0.000" /><testcase classname="tests.integration.test_bet" name="test_bet_type_inequality[bet_one793-bet_two793]" time="0.000" /><testcase classname="tests.integration.test_bet" name="test_bet_type_inequality[bet_one794-bet_two794]" time="0.000" /><testcase classname="tests.integration.test_bet" name="test_bet_type_inequality[bet_one795-bet_two795]" time="0.000" /><testcase classname="tests.integration.test_bet" name="test_bet_type_inequality[bet_one796-bet_two796]" time="0.000" /><testcase classname="tests.integration.test_bet" name="test_bet_type_inequality[bet_one797-bet_two797]" time="0.000" /><testcase classname="tests.integration.test_bet" name="test_bet_type_inequality[bet_one798-bet_two798]" time="0.000" /><testcase classname="tests.integration.test_bet" name="test_bet_type_inequality[bet_one799-bet_two799]" time="0.000" /><testcase classname="tests.integration.test_bet" name="test_bet_type_inequality[bet_one800-bet_two800]" time="0.000" /><testcase classname="tests.integration.test_bet" name="test_bet_type_inequality[bet_one801-bet_two801]" time="0.000" /><testcase classname="tests.integration.test_bet" name="test_bet_type_inequality[bet_one802-bet_two802]" time="0.000" /><testcase classname="tests.integration.test_bet" name="test_bet_type_inequality[bet_one803-bet_two803]" time="0.000" /><testcase classname="tests.integration.test_bet" name="test_bet_type_inequality[bet_one804-bet_two804]" time="0.000" /><testcase classname="tests.integration.test_bet" name="test_bet_type_inequality[bet_one805-bet_two805]" time="0.000" /><testcase classname="tests.integration.test_bet" name="test_bet_type_inequality[bet_one806-bet_two806]" time="0.000" /><testcase classname="tests.integration.test_bet" name="test_bet_type_inequality[bet_one807-bet_two807]" time="0.000" /><testcase classname="tests.integration.test_bet" name="test_bet_type_inequality[bet_one808-bet_two808]" time="0.000" /><testcase classname="tests.integration.test_bet" name="test_bet_type_inequality[bet_one809-bet_two809]" time="0.000" /><testcase classname="tests.integration.test_bet" name="test_bet_type_inequality[bet_one810-bet_two810]" time="0.000" /><testcase classname="tests.integration.test_bet" name="test_bet_type_inequality[bet_one811-bet_two811]" time="0.000" /><testcase classname="tests.integration.test_bet" name="test_bet_type_inequality[bet_one812-bet_two812]" time="0.000" /><testcase classname="tests.integration.test_bet" name="test_bet_type_inequality[bet_one813-bet_two813]" time="0.000" /><testcase classname="tests.integration.test_bet" name="test_bet_type_inequality[bet_one814-bet_two814]" time="0.000" /><testcase classname="tests.integration.test_bet" name="test_bet_type_inequality[bet_one815-bet_two815]" time="0.000" /><testcase classname="tests.integration.test_bet" name="test_bet_type_inequality[bet_one816-bet_two816]" time="0.000" /><testcase classname="tests.integration.test_bet" name="test_bet_type_inequality[bet_one817-bet_two817]" time="0.000" /><testcase classname="tests.integration.test_bet" name="test_bet_type_inequality[bet_one818-bet_two818]" time="0.000" /><testcase classname="tests.integration.test_bet" name="test_bet_type_inequality[bet_one819-bet_two819]" time="0.000" /><testcase classname="tests.integration.test_bet" name="test_bet_type_inequality[bet_one820-bet_two820]" time="0.000" /><testcase classname="tests.integration.test_bet" name="test_bet_type_inequality[bet_one821-bet_two821]" time="0.000" /><testcase classname="tests.integration.test_bet" name="test_bet_type_inequality[bet_one822-bet_two822]" time="0.000" /><testcase classname="tests.integration.test_bet" name="test_bet_type_inequality[bet_one823-bet_two823]" time="0.000" /><testcase classname="tests.integration.test_bet" name="test_bet_type_inequality[bet_one824-bet_two824]" time="0.000" /><testcase classname="tests.integration.test_bet" name="test_bet_type_inequality[bet_one825-bet_two825]" time="0.000" /><testcase classname="tests.integration.test_bet" name="test_bet_type_inequality[bet_one826-bet_two826]" time="0.000" /><testcase classname="tests.integration.test_bet" name="test_bet_type_inequality[bet_one827-bet_two827]" time="0.000" /><testcase classname="tests.integration.test_bet" name="test_bet_type_inequality[bet_one828-bet_two828]" time="0.000" /><testcase classname="tests.integration.test_bet" name="test_bet_type_inequality[bet_one829-bet_two829]" time="0.000" /><testcase classname="tests.integration.test_bet" name="test_bet_type_inequality[bet_one830-bet_two830]" time="0.000" /><testcase classname="tests.integration.test_bet" name="test_bet_type_inequality[bet_one831-bet_two831]" time="0.000" /><testcase classname="tests.integration.test_bet" name="test_bet_type_inequality[bet_one832-bet_two832]" time="0.000" /><testcase classname="tests.integration.test_bet" name="test_bet_type_inequality[bet_one833-bet_two833]" time="0.000" /><testcase classname="tests.integration.test_bet" name="test_bet_type_inequality[bet_one834-bet_two834]" time="0.000" /><testcase classname="tests.integration.test_bet" name="test_bet_type_inequality[bet_one835-bet_two835]" time="0.000" /><testcase classname="tests.integration.test_bet" name="test_bet_type_inequality[bet_one836-bet_two836]" time="0.000" /><testcase classname="tests.integration.test_bet" name="test_bet_type_inequality[bet_one837-bet_two837]" time="0.000" /><testcase classname="tests.integration.test_bet" name="test_bet_type_inequality[bet_one838-bet_two838]" time="0.000" /><testcase classname="tests.integration.test_bet" name="test_bet_type_inequality[bet_one839-bet_two839]" time="0.000" /><testcase classname="tests.integration.test_bet" name="test_bet_type_inequality[bet_one840-bet_two840]" time="0.000" /><testcase classname="tests.integration.test_bet" name="test_bet_type_inequality[bet_one841-bet_two841]" time="0.000" /><testcase classname="tests.integration.test_bet" name="test_bet_type_inequality[bet_one842-bet_two842]" time="0.000" /><testcase classname="tests.integration.test_bet" name="test_bet_type_inequality[bet_one843-bet_two843]" time="0.000" /><testcase classname="tests.integration.test_bet" name="test_bet_type_inequality[bet_one844-bet_two844]" time="0.000" /><testcase classname="tests.integration.test_bet" name="test_bet_type_inequality[bet_one845-bet_two845]" time="0.000" /><testcase classname="tests.integration.test_bet" name="test_bet_type_inequality[bet_one846-bet_two846]" time="0.000" /><testcase classname="tests.integration.test_bet" name="test_bet_type_inequality[bet_one847-bet_two847]" time="0.000" /><testcase classname="tests.integration.test_bet" name="test_bet_type_inequality[bet_one848-bet_two848]" time="0.000" /><testcase classname="tests.integration.test_bet" name="test_bet_type_inequality[bet_one849-bet_two849]" time="0.000" /><testcase classname="tests.integration.test_bet" name="test_bet_type_inequality[bet_one850-bet_two850]" time="0.000" /><testcase classname="tests.integration.test_bet" name="test_bet_type_inequality[bet_one851-bet_two851]" time="0.000" /><testcase classname="tests.integration.test_bet" name="test_bet_type_inequality[bet_one852-bet_two852]" time="0.000" /><testcase classname="tests.integration.test_bet" name="test_bet_type_inequality[bet_one853-bet_two853]" time="0.000" /><testcase classname="tests.integration.test_bet" name="test_bet_type_inequality[bet_one854-bet_two854]" time="0.000" /><testcase classname="tests.integration.test_bet" name="test_bet_type_inequality[bet_one855-bet_two855]" time="0.000" /><testcase classname="tests.integration.test_bet" name="test_bet_type_inequality[bet_one856-bet_two856]" time="0.000" /><testcase classname="tests.integration.test_bet" name="test_bet_type_inequality[bet_one857-bet_two857]" time="0.000" /><testcase classname="tests.integration.test_bet" name="test_bet_type_inequality[bet_one858-bet_two858]" time="0.000" /><testcase classname="tests.integration.test_bet" name="test_bet_type_inequality[bet_one859-bet_two859]" time="0.000" /><testcase classname="tests.integration.test_bet" name="test_bet_type_inequality[bet_one860-bet_two860]" time="0.000" /><testcase classname="tests.integration.test_bet" name="test_bet_type_inequality[bet_one861-bet_two861]" time="0.000" /><testcase classname="tests.integration.test_bet" name="test_bet_type_inequality[bet_one862-bet_two862]" time="0.000" /><testcase classname="tests.integration.test_bet" name="test_bet_type_inequality[bet_one863-bet_two863]" time="0.000" /><testcase classname="tests.integration.test_bet" name="test_bet_type_inequality[bet_one864-bet_two864]" time="0.000" /><testcase classname="tests.integration.test_bet" name="test_bet_type_inequality[bet_one865-bet_two865]" time="0.001" /><testcase classname="tests.integration.test_bet" name="test_bet_type_inequality[bet_one866-bet_two866]" time="0.000" /><testcase classname="tests.integration.test_bet" name="test_bet_type_inequality[bet_one867-bet_two867]" time="0.000" /><testcase classname="tests.integration.test_bet" name="test_bet_type_inequality[bet_one868-bet_two868]" time="0.000" /><testcase classname="tests.integration.test_bet" name="test_bet_type_inequality[bet_one869-bet_two869]" time="0.000" /><testcase classname="tests.integration.test_bet" name="test_bet_type_inequality[bet_one870-bet_two870]" time="0.000" /><testcase classname="tests.integration.test_bet" name="test_bet_type_inequality[bet_one871-bet_two871]" time="0.000" /><testcase classname="tests.integration.test_bet" name="test_bet_type_inequality[bet_one872-bet_two872]" time="0.000" /><testcase classname="tests.integration.test_bet" name="test_bet_type_inequality[bet_one873-bet_two873]" time="0.000" /><testcase classname="tests.integration.test_bet" name="test_bet_type_inequality[bet_one874-bet_two874]" time="0.000" /><testcase classname="tests.integration.test_bet" name="test_bet_type_inequality[bet_one875-bet_two875]" time="0.000" /><testcase classname="tests.integration.test_bet" name="test_bet_type_inequality[bet_one876-bet_two876]" time="0.000" /><testcase classname="tests.integration.test_bet" name="test_bet_type_inequality[bet_one877-bet_two877]" time="0.000" /><testcase classname="tests.integration.test_bet" name="test_bet_type_inequality[bet_one878-bet_two878]" time="0.000" /><testcase classname="tests.integration.test_bet" name="test_bet_type_inequality[bet_one879-bet_two879]" time="0.000" /><testcase classname="tests.integration.test_bet" name="test_bet_type_inequality[bet_one880-bet_two880]" time="0.000" /><testcase classname="tests.integration.test_bet" name="test_bet_type_inequality[bet_one881-bet_two881]" time="0.000" /><testcase classname="tests.integration.test_bet" name="test_bet_type_inequality[bet_one882-bet_two882]" time="0.000" /><testcase classname="tests.integration.test_bet" name="test_bet_type_inequality[bet_one883-bet_two883]" time="0.000" /><testcase classname="tests.integration.test_bet" name="test_bet_type_inequality[bet_one884-bet_two884]" time="0.000" /><testcase classname="tests.integration.test_bet" name="test_bet_type_inequality[bet_one885-bet_two885]" time="0.000" /><testcase classname="tests.integration.test_bet" name="test_bet_type_inequality[bet_one886-bet_two886]" time="0.000" /><testcase classname="tests.integration.test_bet" name="test_bet_type_inequality[bet_one887-bet_two887]" time="0.000" /><testcase classname="tests.integration.test_bet" name="test_bet_type_inequality[bet_one888-bet_two888]" time="0.000" /><testcase classname="tests.integration.test_bet" name="test_bet_type_inequality[bet_one889-bet_two889]" time="0.000" /><testcase classname="tests.integration.test_bet" name="test_bet_type_inequality[bet_one890-bet_two890]" time="0.000" /><testcase classname="tests.integration.test_bet" name="test_bet_type_inequality[bet_one891-bet_two891]" time="0.000" /><testcase classname="tests.integration.test_bet" name="test_bet_type_inequality[bet_one892-bet_two892]" time="0.000" /><testcase classname="tests.integration.test_bet" name="test_bet_type_inequality[bet_one893-bet_two893]" time="0.000" /><testcase classname="tests.integration.test_bet" name="test_bet_type_inequality[bet_one894-bet_two894]" time="0.000" /><testcase classname="tests.integration.test_bet" name="test_bet_type_inequality[bet_one895-bet_two895]" time="0.000" /><testcase classname="tests.integration.test_bet" name="test_bet_type_inequality[bet_one896-bet_two896]" time="0.000" /><testcase classname="tests.integration.test_bet" name="test_bet_type_inequality[bet_one897-bet_two897]" time="0.000" /><testcase classname="tests.integration.test_bet" name="test_bet_type_inequality[bet_one898-bet_two898]" time="0.000" /><testcase classname="tests.integration.test_bet" name="test_bet_type_inequality[bet_one899-bet_two899]" time="0.000" /><testcase classname="tests.integration.test_bet" name="test_bet_type_inequality[bet_one900-bet_two900]" time="0.000" /><testcase classname="tests.integration.test_bet" name="test_bet_type_inequality[bet_one901-bet_two901]" time="0.000" /><testcase classname="tests.integration.test_bet" name="test_bet_type_inequality[bet_one902-bet_two902]" time="0.000" /><testcase classname="tests.integration.test_bet" name="test_bet_type_inequality[bet_one903-bet_two903]" time="0.000" /><testcase classname="tests.integration.test_bet" name="test_bet_type_inequality[bet_one904-bet_two904]" time="0.000" /><testcase classname="tests.integration.test_bet" name="test_bet_type_inequality[bet_one905-bet_two905]" time="0.000" /><testcase classname="tests.integration.test_bet" name="test_bet_type_inequality[bet_one906-bet_two906]" time="0.000" /><testcase classname="tests.integration.test_bet" name="test_bet_type_inequality[bet_one907-bet_two907]" time="0.000" /><testcase classname="tests.integration.test_bet" name="test_bet_type_inequality[bet_one908-bet_two908]" time="0.000" /><testcase classname="tests.integration.test_bet" name="test_bet_type_inequality[bet_one909-bet_two909]" time="0.000" /><testcase classname="tests.integration.test_bet" name="test_bet_type_inequality[bet_one910-bet_two910]" time="0.000" /><testcase classname="tests.integration.test_bet" name="test_bet_type_inequality[bet_one911-bet_two911]" time="0.000" /><testcase classname="tests.integration.test_bet" name="test_bet_type_inequality[bet_one912-bet_two912]" time="0.000" /><testcase classname="tests.integration.test_bet" name="test_bet_type_inequality[bet_one913-bet_two913]" time="0.000" /><testcase classname="tests.integration.test_bet" name="test_bet_type_inequality[bet_one914-bet_two914]" time="0.000" /><testcase classname="tests.integration.test_bet" name="test_bet_type_inequality[bet_one915-bet_two915]" time="0.000" /><testcase classname="tests.integration.test_bet" name="test_bet_type_inequality[bet_one916-bet_two916]" time="0.000" /><testcase classname="tests.integration.test_bet" name="test_bet_type_inequality[bet_one917-bet_two917]" time="0.000" /><testcase classname="tests.integration.test_bet" name="test_bet_type_inequality[bet_one918-bet_two918]" time="0.000" /><testcase classname="tests.integration.test_bet" name="test_bet_type_inequality[bet_one919-bet_two919]" time="0.000" /><testcase classname="tests.integration.test_bet" name="test_bet_type_inequality[bet_one920-bet_two920]" time="0.000" /><testcase classname="tests.integration.test_bet" name="test_bet_type_inequality[bet_one921-bet_two921]" time="0.000" /><testcase classname="tests.integration.test_bet" name="test_bet_type_inequality[bet_one922-bet_two922]" time="0.000" /><testcase classname="tests.integration.test_bet" name="test_bet_type_inequality[bet_one923-bet_two923]" time="0.000" /><testcase classname="tests.integration.test_bet" name="test_bet_type_inequality[bet_one924-bet_two924]" time="0.000" /><testcase classname="tests.integration.test_bet" name="test_bet_type_inequality[bet_one925-bet_two925]" time="0.000" /><testcase classname="tests.integration.test_bet" name="test_bet_type_inequality[bet_one926-bet_two926]" time="0.000" /><testcase classname="tests.integration.test_bet" name="test_bet_type_inequality[bet_one927-bet_two927]" time="0.000" /><testcase classname="tests.integration.test_bet" name="test_bet_type_inequality[bet_one928-bet_two928]" time="0.000" /><testcase classname="tests.integration.test_bet" name="test_bet_type_inequality[bet_one929-bet_two929]" time="0.000" /><testcase classname="tests.integration.test_bet" name="test_bet_type_inequality[bet_one930-bet_two930]" time="0.000" /><testcase classname="tests.integration.test_bet" name="test_bet_type_inequality[bet_one931-bet_two931]" time="0.000" /><testcase classname="tests.integration.test_bet" name="test_bet_type_inequality[bet_one932-bet_two932]" time="0.000" /><testcase classname="tests.integration.test_bet" name="test_bet_type_inequality[bet_one933-bet_two933]" time="0.000" /><testcase classname="tests.integration.test_bet" name="test_bet_type_inequality[bet_one934-bet_two934]" time="0.000" /><testcase classname="tests.integration.test_bet" name="test_bet_type_inequality[bet_one935-bet_two935]" time="0.000" /><testcase classname="tests.integration.test_bet" name="test_bet_type_inequality[bet_one936-bet_two936]" time="0.000" /><testcase classname="tests.integration.test_bet" name="test_bet_type_inequality[bet_one937-bet_two937]" time="0.000" /><testcase classname="tests.integration.test_bet" name="test_bet_type_inequality[bet_one938-bet_two938]" time="0.000" /><testcase classname="tests.integration.test_bet" name="test_bet_type_inequality[bet_one939-bet_two939]" time="0.000" /><testcase classname="tests.integration.test_bet" name="test_bet_type_inequality[bet_one940-bet_two940]" time="0.000" /><testcase classname="tests.integration.test_bet" name="test_bet_type_inequality[bet_one941-bet_two941]" time="0.000" /><testcase classname="tests.integration.test_bet" name="test_bet_type_inequality[bet_one942-bet_two942]" time="0.000" /><testcase classname="tests.integration.test_bet" name="test_bet_type_inequality[bet_one943-bet_two943]" time="0.000" /><testcase classname="tests.integration.test_bet" name="test_bet_type_inequality[bet_one944-bet_two944]" time="0.000" /><testcase classname="tests.integration.test_bet" name="test_bet_type_inequality[bet_one945-bet_two945]" time="0.000" /><testcase classname="tests.integration.test_bet" name="test_bet_type_inequality[bet_one946-bet_two946]" time="0.000" /><testcase classname="tests.integration.test_bet" name="test_bet_type_inequality[bet_one947-bet_two947]" time="0.000" /><testcase classname="tests.integration.test_bet" name="test_bet_type_inequality[bet_one948-bet_two948]" time="0.000" /><testcase classname="tests.integration.test_bet" name="test_bet_type_inequality[bet_one949-bet_two949]" time="0.000" /><testcase classname="tests.integration.test_bet" name="test_bet_type_inequality[bet_one950-bet_two950]" time="0.000" /><testcase classname="tests.integration.test_bet" name="test_bet_type_inequality[bet_one951-bet_two951]" time="0.000" /><testcase classname="tests.integration.test_bet" name="test_bet_type_inequality[bet_one952-bet_two952]" time="0.000" /><testcase classname="tests.integration.test_bet" name="test_bet_type_inequality[bet_one953-bet_two953]" time="0.000" /><testcase classname="tests.integration.test_bet" name="test_bet_type_inequality[bet_one954-bet_two954]" time="0.000" /><testcase classname="tests.integration.test_bet" name="test_bet_type_inequality[bet_one955-bet_two955]" time="0.000" /><testcase classname="tests.integration.test_bet" name="test_bet_type_inequality[bet_one956-bet_two956]" time="0.000" /><testcase classname="tests.integration.test_bet" name="test_bet_type_inequality[bet_one957-bet_two957]" time="0.000" /><testcase classname="tests.integration.test_bet" name="test_bet_type_inequality[bet_one958-bet_two958]" time="0.000" /><testcase classname="tests.integration.test_bet" name="test_bet_type_inequality[bet_one959-bet_two959]" time="0.000" /><testcase classname="tests.integration.test_bet" name="test_bet_type_inequality[bet_one960-bet_two960]" time="0.000" /><testcase classname="tests.integration.test_bet" name="test_bet_type_inequality[bet_one961-bet_two961]" time="0.000" /><testcase classname="tests.integration.test_bet" name="test_bet_type_inequality[bet_one962-bet_two962]" time="0.000" /><testcase classname="tests.integration.test_bet" name="test_bet_type_inequality[bet_one963-bet_two963]" time="0.000" /><testcase classname="tests.integration.test_bet" name="test_bet_type_inequality[bet_one964-bet_two964]" time="0.000" /><testcase classname="tests.integration.test_bet" name="test_bet_type_inequality[bet_one965-bet_two965]" time="0.000" /><testcase classname="tests.integration.test_bet" name="test_bet_type_inequality[bet_one966-bet_two966]" time="0.000" /><testcase classname="tests.integration.test_bet" name="test_bet_type_inequality[bet_one967-bet_two967]" time="0.000" /><testcase classname="tests.integration.test_bet" name="test_bet_type_inequality[bet_one968-bet_two968]" time="0.000" /><testcase classname="tests.integration.test_bet" name="test_bet_type_inequality[bet_one969-bet_two969]" time="0.000" /><testcase classname="tests.integration.test_bet" name="test_bet_type_inequality[bet_one970-bet_two970]" time="0.000" /><testcase classname="tests.integration.test_bet" name="test_bet_type_inequality[bet_one971-bet_two971]" time="0.000" /><testcase classname="tests.integration.test_bet" name="test_bet_type_inequality[bet_one972-bet_two972]" time="0.000" /><testcase classname="tests.integration.test_bet" name="test_bet_type_inequality[bet_one973-bet_two973]" time="0.000" /><testcase classname="tests.integration.test_bet" name="test_bet_type_inequality[bet_one974-bet_two974]" time="0.000" /><testcase classname="tests.integration.test_bet" name="test_bet_type_inequality[bet_one975-bet_two975]" time="0.000" /><testcase classname="tests.integration.test_bet" name="test_bet_type_inequality[bet_one976-bet_two976]" time="0.000" /><testcase classname="tests.integration.test_bet" name="test_bet_type_inequality[bet_one977-bet_two977]" time="0.000" /><testcase classname="tests.integration.test_bet" name="test_bet_type_inequality[bet_one978-bet_two978]" time="0.000" /><testcase classname="tests.integration.test_bet" name="test_bet_type_inequality[bet_one979-bet_two979]" time="0.000" /><testcase classname="tests.integration.test_bet" name="test_bet_type_inequality[bet_one980-bet_two980]" time="0.000" /><testcase classname="tests.integration.test_bet" name="test_bet_type_inequality[bet_one981-bet_two981]" time="0.000" /><testcase classname="tests.integration.test_bet" name="test_bet_type_inequality[bet_one982-bet_two982]" time="0.000" /><testcase classname="tests.integration.test_bet" name="test_bet_type_inequality[bet_one983-bet_two983]" time="0.000" /><testcase classname="tests.integration.test_bet" name="test_bet_type_inequality[bet_one984-bet_two984]" time="0.000" /><testcase classname="tests.integration.test_bet" name="test_bet_type_inequality[bet_one985-bet_two985]" time="0.000" /><testcase classname="tests.integration.test_bet" name="test_bet_type_inequality[bet_one986-bet_two986]" time="0.000" /><testcase classname="tests.integration.test_bet" name="test_bet_type_inequality[bet_one987-bet_two987]" time="0.000" /><testcase classname="tests.integration.test_bet" name="test_bet_type_inequality[bet_one988-bet_two988]" time="0.000" /><testcase classname="tests.integration.test_bet" name="test_bet_type_inequality[bet_one989-bet_two989]" time="0.000" /><testcase classname="tests.integration.test_bet" name="test_bet_type_inequality[bet_one990-bet_two990]" time="0.000" /><testcase classname="tests.integration.test_bet" name="test_bet_type_inequality[bet_one991-bet_two991]" time="0.000" /><testcase classname="tests.integration.test_bet" name="test_bet_type_inequality[bet_one992-bet_two992]" time="0.000" /><testcase classname="tests.integration.test_bet" name="test_bet_type_inequality[bet_one993-bet_two993]" time="0.000" /><testcase classname="tests.integration.test_bet" name="test_bet_type_inequality[bet_one994-bet_two994]" time="0.000" /><testcase classname="tests.integration.test_bet" name="test_bet_type_inequality[bet_one995-bet_two995]" time="0.000" /><testcase classname="tests.integration.test_bet" name="test_bet_type_inequality[bet_one996-bet_two996]" time="0.000" /><testcase classname="tests.integration.test_bet" name="test_bet_type_inequality[bet_one997-bet_two997]" time="0.000" /><testcase classname="tests.integration.test_bet" name="test_bet_type_inequality[bet_one998-bet_two998]" time="0.000" /><testcase classname="tests.integration.test_bet" name="test_bet_type_inequality[bet_one999-bet_two999]" time="0.000" /><testcase classname="tests.integration.test_bet" name="test_bet_type_inequality[bet_one1000-bet_two1000]" time="0.000" /><testcase classname="tests.integration.test_bet" name="test_bet_type_inequality[bet_one1001-bet_two1001]" time="0.000" /><testcase classname="tests.integration.test_bet" name="test_bet_type_inequality[bet_one1002-bet_two1002]" time="0.000" /><testcase classname="tests.integration.test_bet" name="test_bet_type_inequality[bet_one1003-bet_two1003]" time="0.000" /><testcase classname="tests.integration.test_bet" name="test_bet_type_inequality[bet_one1004-bet_two1004]" time="0.000" /><testcase classname="tests.integration.test_bet" name="test_bet_type_inequality[bet_one1005-bet_two1005]" time="0.000" /><testcase classname="tests.integration.test_bet" name="test_bet_type_inequality[bet_one1006-bet_two1006]" time="0.000" /><testcase classname="tests.integration.test_bet" name="test_bet_type_inequality[bet_one1007-bet_two1007]" time="0.000" /><testcase classname="tests.integration.test_bet" name="test_bet_type_inequality[bet_one1008-bet_two1008]" time="0.000" /><testcase classname="tests.integration.test_bet" name="test_bet_type_inequality[bet_one1009-bet_two1009]" time="0.000" /><testcase classname="tests.integration.test_bet" name="test_bet_type_inequality[bet_one1010-bet_two1010]" time="0.000" /><testcase classname="tests.integration.test_bet" name="test_bet_type_inequality[bet_one1011-bet_two1011]" time="0.001" /><testcase classname="tests.integration.test_bet" name="test_bet_type_inequality[bet_one1012-bet_two1012]" time="0.000" /><testcase classname="tests.integration.test_bet" name="test_bet_type_inequality[bet_one1013-bet_two1013]" time="0.000" /><testcase classname="tests.integration.test_bet" name="test_bet_type_inequality[bet_one1014-bet_two1014]" time="0.000" /><testcase classname="tests.integration.test_bet" name="test_bet_type_inequality[bet_one1015-bet_two1015]" time="0.000" /><testcase classname="tests.integration.test_bet" name="test_bet_type_inequality[bet_one1016-bet_two1016]" time="0.000" /><testcase classname="tests.integration.test_bet" name="test_bet_type_inequality[bet_one1017-bet_two1017]" time="0.000" /><testcase classname="tests.integration.test_bet" name="test_bet_type_inequality[bet_one1018-bet_two1018]" time="0.000" /><testcase classname="tests.integration.test_bet" name="test_bet_type_inequality[bet_one1019-bet_two1019]" time="0.000" /><testcase classname="tests.integration.test_bet" name="test_bet_type_inequality[bet_one1020-bet_two1020]" time="0.000" /><testcase classname="tests.integration.test_bet" name="test_bet_type_inequality[bet_one1021-bet_two1021]" time="0.000" /><testcase classname="tests.integration.test_bet" name="test_bet_type_inequality[bet_one1022-bet_two1022]" time="0.000" /><testcase classname="tests.integration.test_bet" name="test_bet_type_inequality[bet_one1023-bet_two1023]" time="0.000" /><testcase classname="tests.integration.test_bet" name="test_bet_type_inequality[bet_one1024-bet_two1024]" time="0.000" /><testcase classname="tests.integration.test_bet" name="test_bet_type_inequality[bet_one1025-bet_two1025]" time="0.000" /><testcase classname="tests.integration.test_bet" name="test_bet_type_inequality[bet_one1026-bet_two1026]" time="0.000" /><testcase classname="tests.integration.test_bet" name="test_bet_type_inequality[bet_one1027-bet_two1027]" time="0.000" /><testcase classname="tests.integration.test_bet" name="test_bet_type_inequality[bet_one1028-bet_two1028]" time="0.000" /><testcase classname="tests.integration.test_bet" name="test_bet_type_inequality[bet_one1029-bet_two1029]" time="0.000" /><testcase classname="tests.integration.test_bet" name="test_bet_type_inequality[bet_one1030-bet_two1030]" time="0.000" /><testcase classname="tests.integration.test_bet" name="test_bet_type_inequality[bet_one1031-bet_two1031]" time="0.000" /><testcase classname="tests.integration.test_bet" name="test_bet_type_inequality[bet_one1032-bet_two1032]" time="0.000" /><testcase classname="tests.integration.test_bet" name="test_bet_type_inequality[bet_one1033-bet_two1033]" time="0.000" /><testcase classname="tests.integration.test_bet" name="test_bet_type_inequality[bet_one1034-bet_two1034]" time="0.000" /><testcase classname="tests.integration.test_bet" name="test_bet_type_inequality[bet_one1035-bet_two1035]" time="0.000" /><testcase classname="tests.integration.test_bet" name="test_bet_type_inequality[bet_one1036-bet_two1036]" time="0.001" /><testcase classname="tests.integration.test_bet" name="test_bet_type_inequality[bet_one1037-bet_two1037]" time="0.000" /><testcase classname="tests.integration.test_bet" name="test_bet_type_inequality[bet_one1038-bet_two1038]" time="0.000" /><testcase classname="tests.integration.test_bet" name="test_bet_type_inequality[bet_one1039-bet_two1039]" time="0.000" /><testcase classname="tests.integration.test_bet" name="test_bet_type_inequality[bet_one1040-bet_two1040]" time="0.000" /><testcase classname="tests.integration.test_bet" name="test_bet_type_inequality[bet_one1041-bet_two1041]" time="0.000" /><testcase classname="tests.integration.test_bet" name="test_bet_type_inequality[bet_one1042-bet_two1042]" time="0.000" /><testcase classname="tests.integration.test_bet" name="test_bet_type_inequality[bet_one1043-bet_two1043]" time="0.000" /><testcase classname="tests.integration.test_bet" name="test_bet_type_inequality[bet_one1044-bet_two1044]" time="0.000" /><testcase classname="tests.integration.test_bet" name="test_bet_type_inequality[bet_one1045-bet_two1045]" time="0.000" /><testcase classname="tests.integration.test_bet" name="test_bet_type_inequality[bet_one1046-bet_two1046]" time="0.000" /><testcase classname="tests.integration.test_bet" name="test_bet_type_inequality[bet_one1047-bet_two1047]" time="0.000" /><testcase classname="tests.integration.test_bet" name="test_bet_type_inequality[bet_one1048-bet_two1048]" time="0.000" /><testcase classname="tests.integration.test_bet" name="test_bet_type_inequality[bet_one1049-bet_two1049]" time="0.000" /><testcase classname="tests.integration.test_bet" name="test_bet_type_inequality[bet_one1050-bet_two1050]" time="0.000" /><testcase classname="tests.integration.test_bet" name="test_bet_type_inequality[bet_one1051-bet_two1051]" time="0.000" /><testcase classname="tests.integration.test_bet" name="test_bet_type_inequality[bet_one1052-bet_two1052]" time="0.000" /><testcase classname="tests.integration.test_bet" name="test_bet_type_inequality[bet_one1053-bet_two1053]" time="0.000" /><testcase classname="tests.integration.test_bet" name="test_bet_type_inequality[bet_one1054-bet_two1054]" time="0.000" /><testcase classname="tests.integration.test_bet" name="test_bet_type_inequality[bet_one1055-bet_two1055]" time="0.000" /><testcase classname="tests.integration.test_bet" name="test_bet_type_inequality[bet_one1056-bet_two1056]" time="0.000" /><testcase classname="tests.integration.test_bet" name="test_bet_type_inequality[bet_one1057-bet_two1057]" time="0.000" /><testcase classname="tests.integration.test_bet" name="test_bet_type_inequality[bet_one1058-bet_two1058]" time="0.000" /><testcase classname="tests.integration.test_bet" name="test_bet_type_inequality[bet_one1059-bet_two1059]" time="0.000" /><testcase classname="tests.integration.test_bet" name="test_bet_type_inequality[bet_one1060-bet_two1060]" time="0.000" /><testcase classname="tests.integration.test_bet" name="test_bet_type_inequality[bet_one1061-bet_two1061]" time="0.000" /><testcase classname="tests.integration.test_bet" name="test_bet_type_inequality[bet_one1062-bet_two1062]" time="0.000" /><testcase classname="tests.integration.test_bet" name="test_bet_type_inequality[bet_one1063-bet_two1063]" time="0.000" /><testcase classname="tests.integration.test_bet" name="test_bet_type_inequality[bet_one1064-bet_two1064]" time="0.000" /><testcase classname="tests.integration.test_bet" name="test_bet_type_inequality[bet_one1065-bet_two1065]" time="0.000" /><testcase classname="tests.integration.test_bet" name="test_bet_type_inequality[bet_one1066-bet_two1066]" time="0.000" /><testcase classname="tests.integration.test_bet" name="test_bet_type_inequality[bet_one1067-bet_two1067]" time="0.000" /><testcase classname="tests.integration.test_bet" name="test_bet_type_inequality[bet_one1068-bet_two1068]" time="0.000" /><testcase classname="tests.integration.test_bet" name="test_bet_type_inequality[bet_one1069-bet_two1069]" time="0.000" /><testcase classname="tests.integration.test_bet" name="test_bet_type_inequality[bet_one1070-bet_two1070]" time="0.000" /><testcase classname="tests.integration.test_bet" name="test_bet_type_inequality[bet_one1071-bet_two1071]" time="0.000" /><testcase classname="tests.integration.test_bet" name="test_bet_type_inequality[bet_one1072-bet_two1072]" time="0.000" /><testcase classname="tests.integration.test_bet" name="test_bet_type_inequality[bet_one1073-bet_two1073]" time="0.000" /><testcase classname="tests.integration.test_bet" name="test_bet_type_inequality[bet_one1074-bet_two1074]" time="0.000" /><testcase classname="tests.integration.test_bet" name="test_bet_type_inequality[bet_one1075-bet_two1075]" time="0.000" /><testcase classname="tests.integration.test_bet" name="test_bet_type_inequality[bet_one1076-bet_two1076]" time="0.000" /><testcase classname="tests.integration.test_bet" name="test_bet_type_inequality[bet_one1077-bet_two1077]" time="0.000" /><testcase classname="tests.integration.test_bet" name="test_bet_type_inequality[bet_one1078-bet_two1078]" time="0.000" /><testcase classname="tests.integration.test_bet" name="test_bet_type_inequality[bet_one1079-bet_two1079]" time="0.000" /><testcase classname="tests.integration.test_bet" name="test_bet_type_inequality[bet_one1080-bet_two1080]" time="0.000" /><testcase classname="tests.integration.test_bet" name="test_bet_type_inequality[bet_one1081-bet_two1081]" time="0.000" /><testcase classname="tests.integration.test_bet" name="test_bet_type_inequality[bet_one1082-bet_two1082]" time="0.000" /><testcase classname="tests.integration.test_bet" name="test_bet_type_inequality[bet_one1083-bet_two1083]" time="0.000" /><testcase classname="tests.integration.test_bet" name="test_bet_type_inequality[bet_one1084-bet_two1084]" time="0.000" /><testcase classname="tests.integration.test_bet" name="test_bet_type_inequality[bet_one1085-bet_two1085]" time="0.000" /><testcase classname="tests.integration.test_bet" name="test_bet_type_inequality[bet_one1086-bet_two1086]" time="0.000" /><testcase classname="tests.integration.test_bet" name="test_bet_type_inequality[bet_one1087-bet_two1087]" time="0.000" /><testcase classname="tests.integration.test_bet" name="test_bet_type_inequality[bet_one1088-bet_two1088]" time="0.000" /><testcase classname="tests.integration.test_bet" name="test_bet_type_inequality[bet_one1089-bet_two1089]" time="0.000" /><testcase classname="tests.integration.test_bet" name="test_bet_type_inequality[bet_one1090-bet_two1090]" time="0.000" /><testcase classname="tests.integration.test_bet" name="test_bet_type_inequality[bet_one1091-bet_two1091]" time="0.000" /><testcase classname="tests.integration.test_bet" name="test_bet_type_inequality[bet_one1092-bet_two1092]" time="0.000" /><testcase classname="tests.integration.test_bet" name="test_bet_type_inequality[bet_one1093-bet_two1093]" time="0.000" /><testcase classname="tests.integration.test_bet" name="test_bet_type_inequality[bet_one1094-bet_two1094]" time="0.000" /><testcase classname="tests.integration.test_bet" name="test_bet_type_inequality[bet_one1095-bet_two1095]" time="0.000" /><testcase classname="tests.integration.test_bet" name="test_bet_type_inequality[bet_one1096-bet_two1096]" time="0.000" /><testcase classname="tests.integration.test_bet" name="test_bet_type_inequality[bet_one1097-bet_two1097]" time="0.000" /><testcase classname="tests.integration.test_bet" name="test_bet_type_inequality[bet_one1098-bet_two1098]" time="0.000" /><testcase classname="tests.integration.test_bet" name="test_bet_type_inequality[bet_one1099-bet_two1099]" time="0.000" /><testcase classname="tests.integration.test_bet" name="test_bet_type_inequality[bet_one1100-bet_two1100]" time="0.000" /><testcase classname="tests.integration.test_bet" name="test_bet_type_inequality[bet_one1101-bet_two1101]" time="0.000" /><testcase classname="tests.integration.test_bet" name="test_bet_type_inequality[bet_one1102-bet_two1102]" time="0.000" /><testcase classname="tests.integration.test_bet" name="test_bet_type_inequality[bet_one1103-bet_two1103]" time="0.000" /><testcase classname="tests.integration.test_bet" name="test_bet_type_inequality[bet_one1104-bet_two1104]" time="0.000" /><testcase classname="tests.integration.test_bet" name="test_bet_type_inequality[bet_one1105-bet_two1105]" time="0.000" /><testcase classname="tests.integration.test_bet" name="test_bet_type_inequality[bet_one1106-bet_two1106]" time="0.000" /><testcase classname="tests.integration.test_bet" name="test_bet_type_inequality[bet_one1107-bet_two1107]" time="0.001" /><testcase classname="tests.integration.test_bet" name="test_bet_type_inequality[bet_one1108-bet_two1108]" time="0.000" /><testcase classname="tests.integration.test_bet" name="test_bet_type_inequality[bet_one1109-bet_two1109]" time="0.000" /><testcase classname="tests.integration.test_bet" name="test_bet_type_inequality[bet_one1110-bet_two1110]" time="0.000" /><testcase classname="tests.integration.test_bet" name="test_bet_type_inequality[bet_one1111-bet_two1111]" time="0.000" /><testcase classname="tests.integration.test_bet" name="test_bet_type_inequality[bet_one1112-bet_two1112]" time="0.000" /><testcase classname="tests.integration.test_bet" name="test_bet_type_inequality[bet_one1113-bet_two1113]" time="0.000" /><testcase classname="tests.integration.test_bet" name="test_bet_type_inequality[bet_one1114-bet_two1114]" time="0.000" /><testcase classname="tests.integration.test_bet" name="test_bet_type_inequality[bet_one1115-bet_two1115]" time="0.000" /><testcase classname="tests.integration.test_bet" name="test_bet_type_inequality[bet_one1116-bet_two1116]" time="0.000" /><testcase classname="tests.integration.test_bet" name="test_bet_type_inequality[bet_one1117-bet_two1117]" time="0.000" /><testcase classname="tests.integration.test_bet" name="test_bet_type_inequality[bet_one1118-bet_two1118]" time="0.000" /><testcase classname="tests.integration.test_bet" name="test_bet_type_inequality[bet_one1119-bet_two1119]" time="0.000" /><testcase classname="tests.integration.test_bet" name="test_bet_type_inequality[bet_one1120-bet_two1120]" time="0.000" /><testcase classname="tests.integration.test_bet" name="test_bet_type_inequality[bet_one1121-bet_two1121]" time="0.000" /><testcase classname="tests.integration.test_bet" name="test_bet_type_inequality[bet_one1122-bet_two1122]" time="0.000" /><testcase classname="tests.integration.test_bet" name="test_bet_type_inequality[bet_one1123-bet_two1123]" time="0.000" /><testcase classname="tests.integration.test_bet" name="test_bet_type_inequality[bet_one1124-bet_two1124]" time="0.000" /><testcase classname="tests.integration.test_bet" name="test_bet_type_inequality[bet_one1125-bet_two1125]" time="0.000" /><testcase classname="tests.integration.test_bet" name="test_bet_type_inequality[bet_one1126-bet_two1126]" time="0.000" /><testcase classname="tests.integration.test_bet" name="test_bet_type_inequality[bet_one1127-bet_two1127]" time="0.000" /><testcase classname="tests.integration.test_bet" name="test_bet_type_inequality[bet_one1128-bet_two1128]" time="0.000" /><testcase classname="tests.integration.test_bet" name="test_bet_type_inequality[bet_one1129-bet_two1129]" time="0.000" /><testcase classname="tests.integration.test_bet" name="test_bet_type_inequality[bet_one1130-bet_two1130]" time="0.000" /><testcase classname="tests.integration.test_bet" name="test_bet_type_inequality[bet_one1131-bet_two1131]" time="0.000" /><testcase classname="tests.integration.test_bet" name="test_bet_type_inequality[bet_one1132-bet_two1132]" time="0.000" /><testcase classname="tests.integration.test_bet" name="test_bet_type_inequality[bet_one1133-bet_two1133]" time="0.000" /><testcase classname="tests.integration.test_bet" name="test_bet_type_inequality[bet_one1134-bet_two1134]" time="0.000" /><testcase classname="tests.integration.test_bet" name="test_bet_type_inequality[bet_one1135-bet_two1135]" time="0.000" /><testcase classname="tests.integration.test_bet" name="test_bet_type_inequality[bet_one1136-bet_two1136]" time="0.000" /><testcase classname="tests.integration.test_bet" name="test_bet_type_inequality[bet_one1137-bet_two1137]" time="0.000" /><testcase classname="tests.integration.test_bet" name="test_bet_type_inequality[bet_one1138-bet_two1138]" time="0.000" /><testcase classname="tests.integration.test_bet" name="test_bet_type_inequality[bet_one1139-bet_two1139]" time="0.000" /><testcase classname="tests.integration.test_bet" name="test_bet_type_inequality[bet_one1140-bet_two1140]" time="0.000" /><testcase classname="tests.integration.test_bet" name="test_bet_type_inequality[bet_one1141-bet_two1141]" time="0.000" /><testcase classname="tests.integration.test_bet" name="test_bet_type_inequality[bet_one1142-bet_two1142]" time="0.000" /><testcase classname="tests.integration.test_bet" name="test_bet_type_inequality[bet_one1143-bet_two1143]" time="0.000" /><testcase classname="tests.integration.test_bet" name="test_bet_type_inequality[bet_one1144-bet_two1144]" time="0.000" /><testcase classname="tests.integration.test_bet" name="test_bet_type_inequality[bet_one1145-bet_two1145]" time="0.000" /><testcase classname="tests.integration.test_bet" name="test_bet_type_inequality[bet_one1146-bet_two1146]" time="0.000" /><testcase classname="tests.integration.test_bet" name="test_bet_type_inequality[bet_one1147-bet_two1147]" time="0.000" /><testcase classname="tests.integration.test_bet" name="test_bet_type_inequality[bet_one1148-bet_two1148]" time="0.000" /><testcase classname="tests.integration.test_bet" name="test_bet_type_inequality[bet_one1149-bet_two1149]" time="0.000" /><testcase classname="tests.integration.test_bet" name="test_bet_type_inequality[bet_one1150-bet_two1150]" time="0.000" /><testcase classname="tests.integration.test_bet" name="test_bet_type_inequality[bet_one1151-bet_two1151]" time="0.000" /><testcase classname="tests.integration.test_bet" name="test_bet_type_inequality[bet_one1152-bet_two1152]" time="0.000" /><testcase classname="tests.integration.test_bet" name="test_bet_type_inequality[bet_one1153-bet_two1153]" time="0.000" /><testcase classname="tests.integration.test_bet" name="test_bet_type_inequality[bet_one1154-bet_two1154]" time="0.000" /><testcase classname="tests.integration.test_bet" name="test_bet_type_inequality[bet_one1155-bet_two1155]" time="0.000" /><testcase classname="tests.integration.test_bet" name="test_bet_type_inequality[bet_one1156-bet_two1156]" time="0.000" /><testcase classname="tests.integration.test_bet" name="test_bet_type_inequality[bet_one1157-bet_two1157]" time="0.000" /><testcase classname="tests.integration.test_bet" name="test_bet_type_inequality[bet_one1158-bet_two1158]" time="0.000" /><testcase classname="tests.integration.test_bet" name="test_bet_type_inequality[bet_one1159-bet_two1159]" time="0.000" /><testcase classname="tests.integration.test_bet" name="test_bet_type_inequality[bet_one1160-bet_two1160]" time="0.000" /><testcase classname="tests.integration.test_bet" name="test_bet_type_inequality[bet_one1161-bet_two1161]" time="0.000" /><testcase classname="tests.integration.test_bet" name="test_bet_type_inequality[bet_one1162-bet_two1162]" time="0.000" /><testcase classname="tests.integration.test_bet" name="test_bet_type_inequality[bet_one1163-bet_two1163]" time="0.000" /><testcase classname="tests.integration.test_bet" name="test_bet_type_inequality[bet_one1164-bet_two1164]" time="0.000" /><testcase classname="tests.integration.test_bet" name="test_bet_type_inequality[bet_one1165-bet_two1165]" time="0.000" /><testcase classname="tests.integration.test_bet" name="test_bet_type_inequality[bet_one1166-bet_two1166]" time="0.000" /><testcase classname="tests.integration.test_bet" name="test_bet_type_inequality[bet_one1167-bet_two1167]" time="0.000" /><testcase classname="tests.integration.test_bet" name="test_bet_type_inequality[bet_one1168-bet_two1168]" time="0.000" /><testcase classname="tests.integration.test_bet" name="test_bet_type_inequality[bet_one1169-bet_two1169]" time="0.000" /><testcase classname="tests.integration.test_bet" name="test_bet_type_inequality[bet_one1170-bet_two1170]" time="0.000" /><testcase classname="tests.integration.test_bet" name="test_bet_type_inequality[bet_one1171-bet_two1171]" time="0.000" /><testcase classname="tests.integration.test_bet" name="test_bet_type_inequality[bet_one1172-bet_two1172]" time="0.000" /><testcase classname="tests.integration.test_bet" name="test_bet_type_inequality[bet_one1173-bet_two1173]" time="0.000" /><testcase classname="tests.integration.test_bet" name="test_bet_type_inequality[bet_one1174-bet_two1174]" time="0.000" /><testcase classname="tests.integration.test_bet" name="test_bet_type_inequality[bet_one1175-bet_two1175]" time="0.000" /><testcase classname="tests.integration.test_bet" name="test_bet_type_inequality[bet_one1176-bet_two1176]" time="0.000" /><testcase classname="tests.integration.test_bet" name="test_bet_type_inequality[bet_one1177-bet_two1177]" time="0.000" /><testcase classname="tests.integration.test_bet" name="test_bet_type_inequality[bet_one1178-bet_two1178]" time="0.000" /><testcase classname="tests.integration.test_bet" name="test_bet_type_inequality[bet_one1179-bet_two1179]" time="0.000" /><testcase classname="tests.integration.test_bet" name="test_bet_type_inequality[bet_one1180-bet_two1180]" time="0.000" /><testcase classname="tests.integration.test_bet" name="test_bet_type_inequality[bet_one1181-bet_two1181]" time="0.000" /><testcase classname="tests.integration.test_bet" name="test_bet_type_inequality[bet_one1182-bet_two1182]" time="0.000" /><testcase classname="tests.integration.test_bet" name="test_bet_type_inequality[bet_one1183-bet_two1183]" time="0.000" /><testcase classname="tests.integration.test_bet" name="test_bet_type_inequality[bet_one1184-bet_two1184]" time="0.000" /><testcase classname="tests.integration.test_bet" name="test_bet_type_inequality[bet_one1185-bet_two1185]" time="0.000" /><testcase classname="tests.integration.test_bet" name="test_bet_type_inequality[bet_one1186-bet_two1186]" time="0.000" /><testcase classname="tests.integration.test_bet" name="test_bet_type_inequality[bet_one1187-bet_two1187]" time="0.000" /><testcase classname="tests.integration.test_bet" name="test_bet_type_inequality[bet_one1188-bet_two1188]" time="0.000" /><testcase classname="tests.integration.test_bet" name="test_bet_type_inequality[bet_one1189-bet_two1189]" time="0.000" /><testcase classname="tests.integration.test_bet" name="test_bet_type_inequality[bet_one1190-bet_two1190]" time="0.000" /><testcase classname="tests.integration.test_bet" name="test_bet_type_inequality[bet_one1191-bet_two1191]" time="0.000" /><testcase classname="tests.integration.test_bet" name="test_bet_type_inequality[bet_one1192-bet_two1192]" time="0.000" /><testcase classname="tests.integration.test_bet" name="test_bet_type_inequality[bet_one1193-bet_two1193]" time="0.000" /><testcase classname="tests.integration.test_bet" name="test_bet_type_inequality[bet_one1194-bet_two1194]" time="0.000" /><testcase classname="tests.integration.test_bet" name="test_bet_type_inequality[bet_one1195-bet_two1195]" time="0.000" /><testcase classname="tests.integration.test_bet" name="test_bet_type_inequality[bet_one1196-bet_two1196]" time="0.000" /><testcase classname="tests.integration.test_bet" name="test_bet_type_inequality[bet_one1197-bet_two1197]" time="0.000" /><testcase classname="tests.integration.test_bet" name="test_bet_type_inequality[bet_one1198-bet_two1198]" time="0.000" /><testcase classname="tests.integration.test_bet" name="test_bet_type_inequality[bet_one1199-bet_two1199]" time="0.000" /><testcase classname="tests.integration.test_bet" name="test_bet_type_inequality[bet_one1200-bet_two1200]" time="0.000" /><testcase classname="tests.integration.test_bet" name="test_bet_type_inequality[bet_one1201-bet_two1201]" time="0.000" /><testcase classname="tests.integration.test_bet" name="test_bet_type_inequality[bet_one1202-bet_two1202]" time="0.000" /><testcase classname="tests.integration.test_bet" name="test_bet_type_inequality[bet_one1203-bet_two1203]" time="0.000" /><testcase classname="tests.integration.test_bet" name="test_bet_type_inequality[bet_one1204-bet_two1204]" time="0.000" /><testcase classname="tests.integration.test_bet" name="test_bet_type_inequality[bet_one1205-bet_two1205]" time="0.000" /><testcase classname="tests.integration.test_bet" name="test_bet_type_inequality[bet_one1206-bet_two1206]" time="0.000" /><testcase classname="tests.integration.test_bet" name="test_bet_type_inequality[bet_one1207-bet_two1207]" time="0.000" /><testcase classname="tests.integration.test_bet" name="test_bet_type_inequality[bet_one1208-bet_two1208]" time="0.000" /><testcase classname="tests.integration.test_bet" name="test_bet_type_inequality[bet_one1209-bet_two1209]" time="0.000" /><testcase classname="tests.integration.test_bet" name="test_bet_type_inequality[bet_one1210-bet_two1210]" time="0.000" /><testcase classname="tests.integration.test_bet" name="test_bet_type_inequality[bet_one1211-bet_two1211]" time="0.000" /><testcase classname="tests.integration.test_bet" name="test_bet_type_inequality[bet_one1212-bet_two1212]" time="0.000" /><testcase classname="tests.integration.test_bet" name="test_bet_type_inequality[bet_one1213-bet_two1213]" time="0.000" /><testcase classname="tests.integration.test_bet" name="test_bet_type_inequality[bet_one1214-bet_two1214]" time="0.000" /><testcase classname="tests.integration.test_bet" name="test_bet_type_inequality[bet_one1215-bet_two1215]" time="0.000" /><testcase classname="tests.integration.test_bet" name="test_bet_type_inequality[bet_one1216-bet_two1216]" time="0.000" /><testcase classname="tests.integration.test_bet" name="test_bet_type_inequality[bet_one1217-bet_two1217]" time="0.000" /><testcase classname="tests.integration.test_bet" name="test_bet_type_inequality[bet_one1218-bet_two1218]" time="0.000" /><testcase classname="tests.integration.test_bet" name="test_bet_type_inequality[bet_one1219-bet_two1219]" time="0.000" /><testcase classname="tests.integration.test_bet" name="test_bet_type_inequality[bet_one1220-bet_two1220]" time="0.000" /><testcase classname="tests.integration.test_bet" name="test_bet_type_inequality[bet_one1221-bet_two1221]" time="0.000" /><testcase classname="tests.integration.test_bet" name="test_bet_type_inequality[bet_one1222-bet_two1222]" time="0.000" /><testcase classname="tests.integration.test_bet" name="test_bet_type_inequality[bet_one1223-bet_two1223]" time="0.000" /><testcase classname="tests.integration.test_bet" name="test_bet_type_inequality[bet_one1224-bet_two1224]" time="0.000" /><testcase classname="tests.integration.test_bet" name="test_bet_amount_inequality[bet_one0-bet_two0]" time="0.000" /><testcase classname="tests.integration.test_bet" name="test_bet_amount_inequality[bet_one1-bet_two1]" time="0.000" /><testcase classname="tests.integration.test_bet" name="test_bet_amount_inequality[bet_one2-bet_two2]" time="0.000" /><testcase classname="tests.integration.test_bet" name="test_bet_amount_inequality[bet_one3-bet_two3]" time="0.000" /><testcase classname="tests.integration.test_bet" name="test_bet_amount_inequality[bet_one4-bet_two4]" time="0.000" /><testcase classname="tests.integration.test_bet" name="test_bet_amount_inequality[bet_one5-bet_two5]" time="0.000" /><testcase classname="tests.integration.test_bet" name="test_bet_amount_inequality[bet_one6-bet_two6]" time="0.000" /><testcase classname="tests.integration.test_bet" name="test_bet_amount_inequality[bet_one7-bet_two7]" time="0.000" /><testcase classname="tests.integration.test_bet" name="test_bet_amount_inequality[bet_one8-bet_two8]" time="0.000" /><testcase classname="tests.integration.test_bet" name="test_bet_amount_inequality[bet_one9-bet_two9]" time="0.000" /><testcase classname="tests.integration.test_bet" name="test_bet_amount_inequality[bet_one10-bet_two10]" time="0.000" /><testcase classname="tests.integration.test_bet" name="test_bet_amount_inequality[bet_one11-bet_two11]" time="0.000" /><testcase classname="tests.integration.test_bet" name="test_bet_amount_inequality[bet_one12-bet_two12]" time="0.000" /><testcase classname="tests.integration.test_bet" name="test_bet_amount_inequality[bet_one13-bet_two13]" time="0.000" /><testcase classname="tests.integration.test_bet" name="test_bet_amount_inequality[bet_one14-bet_two14]" time="0.000" /><testcase classname="tests.integration.test_bet" name="test_bet_amount_inequality[bet_one15-bet_two15]" time="0.000" /><testcase classname="tests.integration.test_bet" name="test_bet_amount_inequality[bet_one16-bet_two16]" time="0.000" /><testcase classname="tests.integration.test_bet" name="test_bet_amount_inequality[bet_one17-bet_two17]" time="0.000" /><testcase classname="tests.integration.test_bet" name="test_bet_amount_inequality[bet_one18-bet_two18]" time="0.000" /><testcase classname="tests.integration.test_bet" name="test_bet_amount_inequality[bet_one19-bet_two19]" time="0.000" /><testcase classname="tests.integration.test_bet" name="test_bet_amount_inequality[bet_one20-bet_two20]" time="0.000" /><testcase classname="tests.integration.test_bet" name="test_bet_amount_inequality[bet_one21-bet_two21]" time="0.000" /><testcase classname="tests.integration.test_bet" name="test_bet_amount_inequality[bet_one22-bet_two22]" time="0.000" /><testcase classname="tests.integration.test_bet" name="test_bet_amount_inequality[bet_one23-bet_two23]" time="0.000" /><testcase classname="tests.integration.test_bet" name="test_bet_amount_inequality[bet_one24-bet_two24]" time="0.000" /><testcase classname="tests.integration.test_bet" name="test_bet_amount_inequality[bet_one25-bet_two25]" time="0.000" /><testcase classname="tests.integration.test_bet" name="test_bet_amount_inequality[bet_one26-bet_two26]" time="0.000" /><testcase classname="tests.integration.test_bet" name="test_bet_amount_inequality[bet_one27-bet_two27]" time="0.000" /><testcase classname="tests.integration.test_bet" name="test_bet_amount_inequality[bet_one28-bet_two28]" time="0.000" /><testcase classname="tests.integration.test_bet" name="test_bet_amount_inequality[bet_one29-bet_two29]" time="0.000" /><testcase classname="tests.integration.test_bet" name="test_bet_amount_inequality[bet_one30-bet_two30]" time="0.000" /><testcase classname="tests.integration.test_bet" name="test_bet_amount_inequality[bet_one31-bet_two31]" time="0.001" /><testcase classname="tests.integration.test_bet" name="test_bet_amount_inequality[bet_one32-bet_two32]" time="0.000" /><testcase classname="tests.integration.test_bet" name="test_bet_amount_inequality[bet_one33-bet_two33]" time="0.000" /><testcase classname="tests.integration.test_bet" name="test_bet_amount_inequality[bet_one34-bet_two34]" time="0.000" /><testcase classname="tests.integration.test_bet" name="test_bet_amount_inequality[bet_one35-bet_two35]" time="0.000" /><testcase classname="tests.integration.test_bet" name="test_bet_amount_inequality[bet_one36-bet_two36]" time="0.000" /><testcase classname="tests.integration.test_bet" name="test_bet_amount_inequality[bet_one37-bet_two37]" time="0.000" /><testcase classname="tests.integration.test_bet" name="test_is_removable_table_point_off[bet0]" time="0.010" /><testcase classname="tests.integration.test_bet" name="test_is_removable_table_point_off[bet1]" time="0.000" /><testcase classname="tests.integration.test_bet" name="test_is_removable_table_point_off[bet2]" time="0.000" /><testcase classname="tests.integration.test_bet" name="test_is_removable_table_point_off[bet3]" time="0.000" /><testcase classname="tests.integration.test_bet" name="test_is_removable_table_point_off[bet4]" time="0.000" /><testcase classname="tests.integration.test_bet" name="test_is_removable_table_point_off[bet5]" time="0.000" /><testcase classname="tests.integration.test_bet" name="test_is_removable_table_point_off[bet6]" time="0.000" /><testcase classname="tests.integration.test_bet" name="test_is_removable_table_point_off[bet7]" time="0.001" /><testcase classname="tests.integration.test_bet" name="test_is_removable_table_point_off[bet8]" time="0.001" /><testcase classname="tests.integration.test_bet" name="test_is_removable_table_point_off[bet9]" time="0.001" /><testcase classname="tests.integration.test_bet" name="test_is_removable_table_point_off[bet10]" time="0.000" /><testcase classname="tests.integration.test_bet" name="test_is_removable_table_point_off[bet11]" time="0.000" /><testcase classname="tests.integration.test_bet" name="test_is_removable_table_point_off[bet12]" time="0.000" /><testcase classname="tests.integration.test_bet" name="test_is_removable_table_point_off[bet13]" time="0.000" /><testcase classname="tests.integration.test_bet" name="test_is_removable_table_point_off[bet14]" time="0.000" /><testcase classname="tests.integration.test_bet" name="test_is_removable_table_point_off[bet15]" time="0.000" /><testcase classname="tests.integration.test_bet" name="test_is_removable_table_point_off[bet16]" time="0.000" /><testcase classname="tests.integration.test_bet" name="test_is_removable_table_point_off[bet17]" time="0.000" /><testcase classname="tests.integration.test_bet" name="test_is_removable_table_point_off[bet18]" time="0.000" /><testcase classname="tests.integration.test_bet" name="test_is_removable_table_point_off[bet19]" time="0.000" /><testcase classname="tests.integration.test_bet" name="test_is_removable_table_point_off[bet20]" time="0.000" /><testcase classname="tests.integration.test_bet" name="test_is_removable_table_point_off[bet21]" time="0.000" /><testcase classname="tests.integration.test_bet" name="test_is_removable_table_point_off[bet22]" time="0.000" /><testcase classname="tests.integration.test_bet" name="test_is_removable_table_point_off[bet23]" time="0.000" /><testcase classname="tests.integration.test_bet" name="test_is_removable_table_point_off[bet24]" time="0.000" /><testcase classname="tests.integration.test_bet" name="test_is_removable_table_point_off[bet25]" time="0.000" /><testcase classname="tests.integration.test_bet" name="test_is_removable_table_point_off[bet26]" time="0.000" /><testcase classname="tests.integration.test_bet" name="test_is_removable_table_point_off[bet27]" time="0.000" /><testcase classname="tests.integration.test_bet" name="test_is_removable_table_point_off[bet28]" time="0.000" /><testcase classname="tests.integration.test_bet" name="test_is_removable_table_point_off[bet29]" time="0.000" /><testcase classname="tests.integration.test_bet" name="test_is_removable_table_point_off[bet30]" time="0.000" /><testcase classname="tests.integration.test_bet" name="test_is_removable_table_point_off[bet31]" time="0.000" /><testcase classname="tests.integration.test_bet" name="test_is_removable_table_point_on[bet0]" time="0.001" /><testcase classname="tests.integration.test_bet" name="test_is_removable_table_point_on[bet1]" time="0.000" /><testcase classname="tests.integration.test_bet" name="test_is_removable_table_point_on[bet2]" time="0.000" /><testcase classname="tests.integration.test_bet" name="test_is_removable_table_point_on[bet3]" time="0.000" /><testcase classname="tests.integration.test_bet" name="test_is_removable_table_point_on[bet4]" time="0.000" /><testcase classname="tests.integration.test_bet" name="test_is_removable_table_point_on[bet5]" time="0.000" /><testcase classname="tests.integration.test_bet" name="test_is_removable_table_point_on[bet6]" time="0.000" /><testcase classname="tests.integration.test_bet" name="test_is_removable_table_point_on[bet7]" time="0.000" /><testcase classname="tests.integration.test_bet" name="test_is_removable_table_point_on[bet8]" time="0.000" /><testcase classname="tests.integration.test_bet" name="test_is_removable_table_point_on[bet9]" time="0.000" /><testcase classname="tests.integration.test_bet" name="test_is_removable_table_point_on[bet10]" time="0.000" /><testcase classname="tests.integration.test_bet" name="test_is_removable_table_point_on[bet11]" time="0.000" /><testcase classname="tests.integration.test_bet" name="test_is_removable_table_point_on[bet12]" time="0.000" /><testcase classname="tests.integration.test_bet" name="test_is_removable_table_point_on[bet13]" time="0.000" /><testcase classname="tests.integration.test_bet" name="test_is_removable_table_point_on[bet14]" time="0.001" /><testcase classname="tests.integration.test_bet" name="test_is_removable_table_point_on[bet15]" time="0.000" /><testcase classname="tests.integration.test_bet" name="test_is_removable_table_point_on[bet16]" time="0.000" /><testcase classname="tests.integration.test_bet" name="test_is_removable_table_point_on[bet17]" time="0.001" /><testcase classname="tests.integration.test_bet" name="test_is_removable_table_point_on[bet18]" time="0.000" /><testcase classname="tests.integration.test_bet" name="test_is_removable_table_point_on[bet19]" time="0.000" /><testcase classname="tests.integration.test_bet" name="test_is_removable_table_point_on[bet20]" time="0.000" /><testcase classname="tests.integration.test_bet" name="test_is_removable_table_point_on[bet21]" time="0.000" /><testcase classname="tests.integration.test_bet" name="test_is_removable_table_point_on[bet22]" time="0.000" /><testcase classname="tests.integration.test_bet" name="test_is_removable_table_point_on[bet23]" time="0.000" /><testcase classname="tests.integration.test_bet" name="test_is_removable_table_point_on[bet24]" time="0.000" /><testcase classname="tests.integration.test_bet" name="test_is_removable_table_point_on[bet25]" time="0.000" /><testcase classname="tests.integration.test_bet" name="test_is_removable_table_point_on[bet26]" time="0.000" /><testcase classname="tests.integration.test_bet" name="test_is_removable_table_point_on[bet27]" time="0.000" /><testcase classname="tests.integration.test_bet" name="test_is_removable_table_point_on[bet28]" time="0.000" /><testcase classname="tests.integration.test_bet" name="test_is_removable_table_point_on[bet29]" time="0.000" /><testcase classname="tests.integration.test_bet" name="test_is_removable_table_point_on[bet30]" time="0.000" /><testcase classname="tests.integration.test_bet" name="test_bet_is_removable_new_shooter[bet0-True-True]" time="0.001" /><testcase classname="tests.integration.test_bet" name="test_bet_is_removable_new_shooter[bet1-False-False]" time="0.000" /><testcase classname="tests.integration.test_bet" name="test_bet_is_removable_new_shooter[bet2-True-True]" time="0.001" /><testcase classname="tests.integration.test_bet" name="test_bet_is_removable_new_shooter[bet3-False-False]" time="0.000" /><testcase classname="tests.integration.test_bet" name="test_bet_is_removable_new_shooter[bet4-True-True]" time="0.000" /><testcase classname="tests.integration.test_bet" name="test_bet_is_removable_new_shooter[bet5-False-False]" time="0.000" /><testcase classname="tests.integration.test_bet" name="test_bet_is_removable_new_shooter[bet6-True-True]" time="0.000" /><testcase classname="tests.integration.test_bet" name="test_bet_is_removable_new_shooter[bet7-False-False]" time="0.000" /><testcase classname="tests.integration.test_bet" name="test_get_field_default_table_payout_ratio[1-1-2]" time="0.000" /><testcase classname="tests.integration.test_bet" name="test_get_field_default_table_payout_ratio[1-2-1]" time="0.000" /><testcase classname="tests.integration.test_bet" name="test_get_field_default_table_payout_ratio[2-2-1]" time="0.000" /><testcase classname="tests.integration.test_bet" name="test_get_field_default_table_payout_ratio[5-4-1]" time="0.000" /><testcase classname="tests.integration.test_bet" name="test_get_field_default_table_payout_ratio[5-5-1]" time="0.001" /><testcase classname="tests.integration.test_bet" name="test_get_field_default_table_payout_ratio[6-5-1]" time="0.000" /><testcase classname="tests.integration.test_bet" name="test_get_field_default_table_payout_ratio[6-6-2]" time="0.000" /><testcase classname="tests.integration.test_bet" name="test_get_field_non_default_table_payout_ratio[1-1-2]" time="0.001" /><testcase classname="tests.integration.test_bet" name="test_get_field_non_default_table_payout_ratio[1-2-14]" time="0.000" /><testcase classname="tests.integration.test_bet" name="test_get_field_non_default_table_payout_ratio[2-2-14000]" time="0.000" /><testcase classname="tests.integration.test_bet" name="test_get_field_non_default_table_payout_ratio[5-4-1]" time="0.000" /><testcase classname="tests.integration.test_bet" name="test_get_field_non_default_table_payout_ratio[5-5-1]" time="0.000" /><testcase classname="tests.integration.test_bet" name="test_get_field_non_default_table_payout_ratio[6-5-1]" time="0.000" /><testcase classname="tests.integration.test_bet" name="test_get_field_non_default_table_payout_ratio[6-6-3]" time="0.000" /><testcase classname="tests.integration.test_bet" name="test_get_fire_default_table_payout_ratio[points_made0-24]" time="0.000" /><testcase classname="tests.integration.test_bet" name="test_get_fire_default_table_payout_ratio[points_made1-249]" time="0.000" /><testcase classname="tests.integration.test_bet" name="test_get_fire_default_table_payout_ratio[points_made2-999]" time="0.000" /><testcase classname="tests.integration.test_bet" name="test_get_fire_non_default_table_payout_ratio[points_made0-6]" time="0.000" /><testcase classname="tests.integration.test_bet" name="test_get_fire_non_default_table_payout_ratio[points_made1-9]" time="0.000" /><testcase classname="tests.integration.test_bet" name="test_get_fire_non_default_table_payout_ratio[points_made2-69]" time="0.000" /><testcase classname="tests.integration.test_bet" name="test_get_fire_non_default_table_payout_ratio[points_made3-420]" time="0.000" /><testcase classname="tests.integration.test_bet" name="test_fire_on_table[rolls0--1-0-True]" time="0.001" /><testcase classname="tests.integration.test_bet" name="test_fire_on_table[rolls1--1-0-True]" time="0.002" /><testcase classname="tests.integration.test_bet" name="test_fire_on_table[rolls2--1--1-False]" time="0.001" /><testcase classname="tests.integration.test_bet" name="test_fire_on_table[rolls3--1-0-True]" time="0.001" /><testcase classname="tests.integration.test_bet" name="test_fire_on_table[rolls4--1-0-True]" time="0.001" /><testcase classname="tests.integration.test_bet" name="test_fire_on_table[rolls5-24-24-False]" time="0.001" /><testcase classname="tests.integration.test_bet" name="test_fire_on_table[rolls6--1-0-True]" time="0.001" /><testcase classname="tests.integration.test_bet" name="test_fire_on_table[rolls7--1-0-True]" time="0.001" /><testcase classname="tests.integration.test_bet" name="test_fire_on_table[rolls8-249-249-False]" time="0.001" /><testcase classname="tests.integration.test_bet" name="test_fire_on_table[rolls9-999-999-False]" time="0.001" /><testcase classname="tests.integration.test_bet" name="test_bet_is_allowed_point[bet0-None-True]" time="0.001" /><testcase classname="tests.integration.test_bet" name="test_bet_is_allowed_point[bet1-6-False]" time="0.001" /><testcase classname="tests.integration.test_bet" name="test_bet_is_allowed_point[bet2-None-False]" time="0.001" /><testcase classname="tests.integration.test_bet" name="test_bet_is_allowed_point[bet3-6-True]" time="0.001" /><testcase classname="tests.integration.test_bet" name="test_bet_is_allowed_point[bet4-None-True]" time="0.000" /><testcase classname="tests.integration.test_bet" name="test_bet_is_allowed_point[bet5-4-False]" time="0.001" /><testcase classname="tests.integration.test_bet" name="test_bet_is_allowed_point[bet6-None-False]" time="0.001" /><testcase classname="tests.integration.test_bet" name="test_bet_is_allowed_point[bet7-8-True]" time="0.001" /><testcase classname="tests.integration.test_bet" name="test_bet_is_allowed_point[bet8-None-True]" time="0.001" /><testcase classname="tests.integration.test_bet" name="test_bet_is_allowed_point[bet9-4-True]" time="0.000" /><testcase classname="tests.integration.test_bet" name="test_bet_is_allowed_new_shooter[bet0-True-True]" time="0.000" /><testcase classname="tests.integration.test_bet" name="test_bet_is_allowed_new_shooter[bet1-False-True]" time="0.000" /><testcase classname="tests.integration.test_bet" name="test_bet_is_allowed_new_shooter[bet2-True-True]" time="0.000" /><testcase classname="tests.integration.test_bet" name="test_bet_is_allowed_new_shooter[bet3-False-False]" time="0.000" /><testcase classname="tests.integration.test_bet" name="test_bet_is_allowed_new_shooter[bet4-True-True]" time="0.000" /><testcase classname="tests.integration.test_bet" name="test_bet_is_allowed_new_shooter[bet5-False-False]" time="0.000" /><testcase classname="tests.integration.test_bet" name="test_bet_is_allowed_new_shooter[bet6-True-True]" time="0.001" /><testcase classname="tests.integration.test_bet" name="test_bet_is_allowed_new_shooter[bet7-False-False]" time="0.000" /><testcase classname="tests.integration.test_bet" name="test_bet_is_allowed_new_shooter[bet8-True-True]" time="0.000" /><testcase classname="tests.integration.test_bet" name="test_bet_is_allowed_new_shooter[bet9-False-False]" time="0.000" /><testcase classname="tests.integration.test_bet" name="test_bets_always_is_allowed_point_off[bet0]" time="0.000" /><testcase classname="tests.integration.test_bet" name="test_bets_always_is_allowed_point_off[bet1]" time="0.000" /><testcase classname="tests.integration.test_bet" name="test_bets_always_is_allowed_point_off[bet2]" time="0.000" /><testcase classname="tests.integration.test_bet" name="test_bets_always_is_allowed_point_off[bet3]" time="0.000" /><testcase classname="tests.integration.test_bet" name="test_bets_always_is_allowed_point_off[bet4]" time="0.000" /><testcase classname="tests.integration.test_bet" name="test_bets_always_is_allowed_point_off[bet5]" time="0.000" /><testcase classname="tests.integration.test_bet" name="test_bets_always_is_allowed_point_off[bet6]" time="0.000" /><testcase classname="tests.integration.test_bet" name="test_bets_always_is_allowed_point_off[bet7]" time="0.000" /><testcase classname="tests.integration.test_bet" name="test_bets_always_is_allowed_point_off[bet8]" time="0.000" /><testcase classname="tests.integration.test_bet" name="test_bets_always_is_allowed_point_off[bet9]" time="0.000" /><testcase classname="tests.integration.test_bet" name="test_bets_always_is_allowed_point_off[bet10]" time="0.000" /><testcase classname="tests.integration.test_bet" name="test_bets_always_is_allowed_point_off[bet11]" time="0.000" /><testcase classname="tests.integration.test_bet" name="test_bets_always_is_allowed_point_off[bet12]" time="0.000" /><testcase classname="tests.integration.test_bet" name="test_bets_always_is_allowed_point_off[bet13]" time="0.000" /><testcase classname="tests.integration.test_bet" name="test_bets_always_is_allowed_point_off[bet14]" time="0.000" /><testcase classname="tests.integration.test_bet" name="test_bets_always_is_allowed_point_off[bet15]" time="0.000" /><testcase classname="tests.integration.test_bet" name="test_bets_always_is_allowed_point_off[bet16]" time="0.000" /><testcase classname="tests.integration.test_bet" name="test_bets_always_is_allowed_point_off[bet17]" time="0.000" /><testcase classname="tests.integration.test_bet" name="test_bets_always_is_allowed_point_off[bet18]" time="0.000" /><testcase classname="tests.integration.test_bet" name="test_bets_always_is_allowed_point_on[bet0]" time="0.000" /><testcase classname="tests.integration.test_bet" name="test_bets_always_is_allowed_point_on[bet1]" time="0.000" /><testcase classname="tests.integration.test_bet" name="test_bets_always_is_allowed_point_on[bet2]" time="0.001" /><testcase classname="tests.integration.test_bet" name="test_bets_always_is_allowed_point_on[bet3]" time="0.000" /><testcase classname="tests.integration.test_bet" name="test_bets_always_is_allowed_point_on[bet4]" time="0.000" /><testcase classname="tests.integration.test_bet" name="test_bets_always_is_allowed_point_on[bet5]" time="0.000" /><testcase classname="tests.integration.test_bet" name="test_bets_always_is_allowed_point_on[bet6]" time="0.000" /><testcase classname="tests.integration.test_bet" name="test_bets_always_is_allowed_point_on[bet7]" time="0.000" /><testcase classname="tests.integration.test_bet" name="test_bets_always_is_allowed_point_on[bet8]" time="0.000" /><testcase classname="tests.integration.test_bet" name="test_bets_always_is_allowed_point_on[bet9]" time="0.000" /><testcase classname="tests.integration.test_bet" name="test_bets_always_is_allowed_point_on[bet10]" time="0.000" /><testcase classname="tests.integration.test_bet" name="test_bets_always_is_allowed_point_on[bet11]" time="0.000" /><testcase classname="tests.integration.test_bet" name="test_bets_always_is_allowed_point_on[bet12]" time="0.000" /><testcase classname="tests.integration.test_bet" name="test_bets_always_is_allowed_point_on[bet13]" time="0.000" /><testcase classname="tests.integration.test_bet" name="test_bets_always_is_allowed_point_on[bet14]" time="0.000" /><testcase classname="tests.integration.test_bet" name="test_bets_always_is_allowed_point_on[bet15]" time="0.000" /><testcase classname="tests.integration.test_bet" name="test_bets_always_is_allowed_point_on[bet16]" time="0.000" /><testcase classname="tests.integration.test_bet" name="test_bets_always_is_allowed_point_on[bet17]" time="0.000" /><testcase classname="tests.integration.test_bet" name="test_bets_always_is_allowed_point_on[bet18]" time="0.000" /><testcase classname="tests.integration.test_bet" name="test_all_on_table[rolls0--1-0-True]" time="0.001" /><testcase classname="tests.integration.test_bet" name="test_all_on_table[rolls1-150-150-False]" time="0.001" /><testcase classname="tests.integration.test_bet" name="test_all_on_table[rolls2--1-0-True]" time="0.001" /><testcase classname="tests.integration.test_bet" name="test_all_on_table[rolls3--1--1-False]" time="0.001" /><testcase classname="tests.integration.test_bet" name="test_passline_on_table[rolls0-10-10-False]" time="0.001" /><testcase classname="tests.integration.test_bet" name="test_passline_on_table[rolls1--10-0-True]" time="0.001" /><testcase classname="tests.integration.test_bet" name="test_tall_on_table[rolls0--1-0-True]" time="0.001" /><testcase classname="tests.integration.test_bet" name="test_tall_on_table[rolls1--1-0-True]" time="0.001" /><testcase classname="tests.integration.test_bet" name="test_tall_on_table[rolls2-30-30-False]" time="0.001" /><testcase classname="tests.integration.test_bet" name="test_tall_on_table[rolls3--1--1-False]" time="0.001" /><testcase classname="tests.integration.test_bet" name="test_tall_on_table[rolls4--1-0-True]" time="0.001" /><testcase classname="tests.integration.test_bet" name="test_small_on_table[rolls0--1-0-True]" time="0.001" /><testcase classname="tests.integration.test_bet" name="test_small_on_table[rolls1-30-30-False]" time="0.001" /><testcase classname="tests.integration.test_bet" name="test_small_on_table[rolls2--1-0-True]" time="0.001" /><testcase classname="tests.integration.test_bet" name="test_small_on_table[rolls3--1--1-False]" time="0.001" /><testcase classname="tests.integration.test_bet" name="test_small_on_table[rolls4--1-0-True]" time="0.001" /><testcase classname="tests.integration.test_bet" name="test_all_tall_small_table_payout_ratio[ATS_payouts0-bet0-rolled_numbers0-150]" time="0.000" /><testcase classname="tests.integration.test_bet" name="test_all_tall_small_table_payout_ratio[ATS_payouts1-bet1-rolled_numbers1-150]" time="0.000" /><testcase classname="tests.integration.test_bet" name="test_all_tall_small_table_payout_ratio[ATS_payouts2-bet2-rolled_numbers2-30]" time="0.000" /><testcase classname="tests.integration.test_bet" name="test_all_tall_small_table_payout_ratio[ATS_payouts3-bet3-rolled_numbers3-30]" time="0.001" /><testcase classname="tests.integration.test_bet" name="test_all_tall_small_table_payout_ratio[ATS_payouts4-bet4-rolled_numbers4-174]" time="0.000" /><testcase classname="tests.integration.test_bet" name="test_all_tall_small_table_payout_ratio[ATS_payouts5-bet5-rolled_numbers5-34]" time="0.000" /><testcase classname="tests.integration.test_bet" name="test_all_tall_small_table_payout_ratio[ATS_payouts6-bet6-rolled_numbers6-34]" time="0.000" /><testcase classname="tests.integration.test_bet" name="test_all_tall_small_allowed_after_comeout_seven" time="0.001" /><testcase classname="tests.integration.test_bet" name="test_odds_inactive_when_point_off_unless_always_working" time="0.001" /><testcase classname="tests.integration.test_dicedoctor_integration" name="test_dicedoctor_integration[None-None-strat_info0-bets_before0-None-bets_after0]" time="0.001" /><testcase classname="tests.integration.test_dicedoctor_integration" name="test_dicedoctor_integration[None-2-strat_info1-bets_before1-dice_result1-bets_after1]" time="0.001" /><testcase classname="tests.integration.test_dicedoctor_integration" name="test_dicedoctor_integration[None-2-strat_info2-bets_before2-dice_result2-bets_after2]" time="0.001" /><testcase classname="tests.integration.test_dicedoctor_integration" name="test_dicedoctor_integration[None-3-strat_info3-bets_before3-dice_result3-bets_after3]" time="0.001" /><testcase classname="tests.integration.test_dicedoctor_integration" name="test_dicedoctor_integration[None-3-strat_info4-bets_before4-dice_result4-bets_after4]" time="0.001" /><testcase classname="tests.integration.test_dicedoctor_integration" name="test_dicedoctor_integration[None-4-strat_info5-bets_before5-dice_result5-bets_after5]" time="0.001" /><testcase classname="tests.integration.test_dicedoctor_integration" name="test_dicedoctor_integration[None-4-strat_info6-bets_before6-dice_result6-bets_after6]" time="0.001" /><testcase classname="tests.integration.test_dicedoctor_integration" name="test_dicedoctor_integration[None-4-strat_info7-bets_before7-dice_result7-bets_after7]" time="0.001" /><testcase classname="tests.integration.test_dicedoctor_integration" name="test_dicedoctor_integration[None-5-strat_info8-bets_before8-dice_result8-bets_after8]" time="0.001" /><testcase classname="tests.integration.test_dicedoctor_integration" name="test_dicedoctor_integration[None-6-strat_info9-bets_before9-dice_result9-bets_after9]" time="0.001" /><testcase classname="tests.integration.test_dicedoctor_integration" name="test_dicedoctor_integration[None-6-strat_info10-bets_before10-dice_result10-bets_after10]" time="0.001" /><testcase classname="tests.integration.test_dicedoctor_integration" name="test_dicedoctor_integration[None-6-strat_info11-bets_before11-dice_result11-bets_after11]" time="0.001" /><testcase classname="tests.integration.test_dicedoctor_integration" name="test_dicedoctor_integration[None-6-strat_info12-bets_before12-dice_result12-bets_after12]" time="0.001" /><testcase classname="tests.integration.test_dicedoctor_integration" name="test_dicedoctor_integration[None-7-strat_info13-bets_before13-dice_result13-bets_after13]" time="0.001" /><testcase classname="tests.integration.test_dicedoctor_integration" name="test_dicedoctor_integration[None-7-strat_info14-bets_before14-dice_result14-bets_after14]" time="0.001" /><testcase classname="tests.integration.test_dicedoctor_integration" name="test_dicedoctor_integration[None-7-strat_info15-bets_before15-dice_result15-bets_after15]" time="0.001" /><testcase classname="tests.integration.test_dicedoctor_integration" name="test_dicedoctor_integration[None-7-strat_info16-bets_before16-dice_result16-bets_after16]" time="0.001" /><testcase classname="tests.integration.test_dicedoctor_integration" name="test_dicedoctor_integration[None-7-strat_info17-bets_before17-dice_result17-bets_after17]" time="0.001" /><testcase classname="tests.integration.test_dicedoctor_integration" name="test_dicedoctor_integration[None-7-strat_info18-bets_before18-dice_result18-bets_after18]" time="0.001" /><testcase classname="tests.integration.test_dicedoctor_integration" name="test_dicedoctor_integration[None-8-strat_info19-bets_before19-dice_result19-bets_after19]" time="0.001" /><testcase classname="tests.integration.test_dicedoctor_integration" name="test_dicedoctor_integration[None-8-strat_info20-bets_before20-dice_result20-bets_after20]" time="0.001" /><testcase classname="tests.integration.test_dicedoctor_integration" name="test_dicedoctor_integration[None-8-strat_info21-bets_before21-dice_result21-bets_after21]" time="0.001" /><testcase classname="tests.integration.test_dicedoctor_integration" name="test_dicedoctor_integration[None-8-strat_info22-bets_before22-dice_result22-bets_after22]" time="0.001" /><testcase classname="tests.integration.test_dicedoctor_integration" name="test_dicedoctor_integration[None-9-strat_info23-bets_before23-dice_result23-bets_after23]" time="0.001" /><testcase classname="tests.integration.test_dicedoctor_integration" name="test_dicedoctor_integration[None-9-strat_info24-bets_before24-dice_result24-bets_after24]" time="0.001" /><testcase classname="tests.integration.test_dicedoctor_integration" name="test_dicedoctor_integration[None-9-strat_info25-bets_before25-dice_result25-bets_after25]" time="0.001" /><testcase classname="tests.integration.test_dicedoctor_integration" name="test_dicedoctor_integration[None-9-strat_info26-bets_before26-dice_result26-bets_after26]" time="0.001" /><testcase classname="tests.integration.test_dicedoctor_integration" name="test_dicedoctor_integration[None-9-strat_info27-bets_before27-dice_result27-bets_after27]" time="0.001" /><testcase classname="tests.integration.test_dicedoctor_integration" name="test_dicedoctor_integration[None-10-strat_info28-bets_before28-dice_result28-bets_after28]" time="0.001" /><testcase classname="tests.integration.test_dicedoctor_integration" name="test_dicedoctor_integration[None-11-strat_info29-bets_before29-dice_result29-bets_after29]" time="0.001" /><testcase classname="tests.integration.test_dicedoctor_integration" name="test_dicedoctor_integration[None-11-strat_info30-bets_before30-dice_result30-bets_after30]" time="0.001" /><testcase classname="tests.integration.test_dicedoctor_integration" name="test_dicedoctor_integration[None-11-strat_info31-bets_before31-dice_result31-bets_after31]" time="0.001" /><testcase classname="tests.integration.test_dicedoctor_integration" name="test_dicedoctor_integration[None-11-strat_info32-bets_before32-dice_result32-bets_after32]" time="0.001" /><testcase classname="tests.integration.test_dicedoctor_integration" name="test_dicedoctor_integration[None-11-strat_info33-bets_before33-dice_result33-bets_after33]" time="0.001" /><testcase classname="tests.integration.test_dicedoctor_integration" name="test_dicedoctor_integration[None-12-strat_info34-bets_before34-dice_result34-bets_after34]" time="0.001" /><testcase classname="tests.integration.test_dicedoctor_integration" name="test_dicedoctor_integration[None-12-strat_info35-bets_before35-dice_result35-bets_after35]" time="0.001" /><testcase classname="tests.integration.test_dicedoctor_integration" name="test_dicedoctor_integration[4-4-strat_info36-bets_before36-dice_result36-bets_after36]" time="0.001" /><testcase classname="tests.integration.test_dicedoctor_integration" name="test_dicedoctor_integration[4-4-strat_info37-bets_before37-dice_result37-bets_after37]" time="0.001" /><testcase classname="tests.integration.test_dicedoctor_integration" name="test_dicedoctor_integration[4-4-strat_info38-bets_before38-dice_result38-bets_after38]" time="0.001" /><testcase classname="tests.integration.test_dicedoctor_integration" name="test_dicedoctor_integration[4-5-strat_info39-bets_before39-dice_result39-bets_after39]" time="0.001" /><testcase classname="tests.integration.test_dicedoctor_integration" name="test_dicedoctor_integration[4-5-strat_info40-bets_before40-dice_result40-bets_after40]" time="0.001" /><testcase classname="tests.integration.test_dicedoctor_integration" name="test_dicedoctor_integration[4-5-strat_info41-bets_before41-dice_result41-bets_after41]" time="0.001" /><testcase classname="tests.integration.test_dicedoctor_integration" name="test_dicedoctor_integration[4-10-strat_info42-bets_before42-dice_result42-bets_after42]" time="0.001" /><testcase classname="tests.integration.test_dicedoctor_integration" name="test_dicedoctor_integration[4-11-strat_info43-bets_before43-dice_result43-bets_after43]" time="0.001" /><testcase classname="tests.integration.test_dicedoctor_integration" name="test_dicedoctor_integration[4-12-strat_info44-bets_before44-dice_result44-bets_after44]" time="0.001" /><testcase classname="tests.integration.test_dicedoctor_integration" name="test_dicedoctor_integration[5-3-strat_info45-bets_before45-dice_result45-bets_after45]" time="0.001" /><testcase classname="tests.integration.test_dicedoctor_integration" name="test_dicedoctor_integration[5-4-strat_info46-bets_before46-dice_result46-bets_after46]" time="0.001" /><testcase classname="tests.integration.test_dicedoctor_integration" name="test_dicedoctor_integration[5-4-strat_info47-bets_before47-dice_result47-bets_after47]" time="0.001" /><testcase classname="tests.integration.test_dicedoctor_integration" name="test_dicedoctor_integration[5-5-strat_info48-bets_before48-dice_result48-bets_after48]" time="0.001" /><testcase classname="tests.integration.test_dicedoctor_integration" name="test_dicedoctor_integration[5-5-strat_info49-bets_before49-dice_result49-bets_after49]" time="0.001" /><testcase classname="tests.integration.test_dicedoctor_integration" name="test_dicedoctor_integration[5-5-strat_info50-bets_before50-dice_result50-bets_after50]" time="0.001" /><testcase classname="tests.integration.test_dicedoctor_integration" name="test_dicedoctor_integration[5-5-strat_info51-bets_before51-dice_result51-bets_after51]" time="0.001" /><testcase classname="tests.integration.test_dicedoctor_integration" name="test_dicedoctor_integration[5-6-strat_info52-bets_before52-dice_result52-bets_after52]" time="0.001" /><testcase classname="tests.integration.test_dicedoctor_integration" name="test_dicedoctor_integration[5-6-strat_info53-bets_before53-dice_result53-bets_after53]" time="0.001" /><testcase classname="tests.integration.test_dicedoctor_integration" name="test_dicedoctor_integration[5-6-strat_info54-bets_before54-dice_result54-bets_after54]" time="0.001" /><testcase classname="tests.integration.test_dicedoctor_integration" name="test_dicedoctor_integration[5-6-strat_info55-bets_before55-dice_result55-bets_after55]" time="0.001" /><testcase classname="tests.integration.test_dicedoctor_integration" name="test_dicedoctor_integration[5-8-strat_info56-bets_before56-dice_result56-bets_after56]" time="0.001" /><testcase classname="tests.integration.test_dicedoctor_integration" name="test_dicedoctor_integration[5-8-strat_info57-bets_before57-dice_result57-bets_after57]" time="0.001" /><testcase classname="tests.integration.test_dicedoctor_integration" name="test_dicedoctor_integration[5-8-strat_info58-bets_before58-dice_result58-bets_after58]" time="0.001" /><testcase classname="tests.integration.test_dicedoctor_integration" name="test_dicedoctor_integration[5-10-strat_info59-bets_before59-dice_result59-bets_after59]" time="0.001" /><testcase classname="tests.integration.test_dicedoctor_integration" name="test_dicedoctor_integration[5-10-strat_info60-bets_before60-dice_result60-bets_after60]" time="0.001" /><testcase classname="tests.integration.test_dicedoctor_integration" name="test_dicedoctor_integration[5-10-strat_info61-bets_before61-dice_result61-bets_after61]" time="0.001" /><testcase classname="tests.integration.test_dicedoctor_integration" name="test_dicedoctor_integration[5-11-strat_info62-bets_before62-dice_result62-bets_after62]" time="0.001" /><testcase classname="tests.integration.test_dicedoctor_integration" name="test_dicedoctor_integration[5-11-strat_info63-bets_before63-dice_result63-bets_after63]" time="0.001" /><testcase classname="tests.integration.test_dicedoctor_integration" name="test_dicedoctor_integration[6-2-strat_info64-bets_before64-dice_result64-bets_after64]" time="0.001" /><testcase classname="tests.integration.test_dicedoctor_integration" name="test_dicedoctor_integration[6-3-strat_info65-bets_before65-dice_result65-bets_after65]" time="0.001" /><testcase classname="tests.integration.test_dicedoctor_integration" name="test_dicedoctor_integration[6-4-strat_info66-bets_before66-dice_result66-bets_after66]" time="0.001" /><testcase classname="tests.integration.test_dicedoctor_integration" name="test_dicedoctor_integration[6-4-strat_info67-bets_before67-dice_result67-bets_after67]" time="0.001" /><testcase classname="tests.integration.test_dicedoctor_integration" name="test_dicedoctor_integration[6-4-strat_info68-bets_before68-dice_result68-bets_after68]" time="0.001" /><testcase classname="tests.integration.test_dicedoctor_integration" name="test_dicedoctor_integration[6-4-strat_info69-bets_before69-dice_result69-bets_after69]" time="0.001" /><testcase classname="tests.integration.test_dicedoctor_integration" name="test_dicedoctor_integration[6-5-strat_info70-bets_before70-dice_result70-bets_after70]" time="0.001" /><testcase classname="tests.integration.test_dicedoctor_integration" name="test_dicedoctor_integration[6-5-strat_info71-bets_before71-dice_result71-bets_after71]" time="0.001" /><testcase classname="tests.integration.test_dicedoctor_integration" name="test_dicedoctor_integration[6-5-strat_info72-bets_before72-dice_result72-bets_after72]" time="0.001" /><testcase classname="tests.integration.test_dicedoctor_integration" name="test_dicedoctor_integration[6-6-strat_info73-bets_before73-dice_result73-bets_after73]" time="0.001" /><testcase classname="tests.integration.test_dicedoctor_integration" name="test_dicedoctor_integration[6-6-strat_info74-bets_before74-dice_result74-bets_after74]" time="0.001" /><testcase classname="tests.integration.test_dicedoctor_integration" name="test_dicedoctor_integration[6-6-strat_info75-bets_before75-dice_result75-bets_after75]" time="0.001" /><testcase classname="tests.integration.test_dicedoctor_integration" name="test_dicedoctor_integration[6-6-strat_info76-bets_before76-dice_result76-bets_after76]" time="0.001" /><testcase classname="tests.integration.test_dicedoctor_integration" name="test_dicedoctor_integration[6-6-strat_info77-bets_before77-dice_result77-bets_after77]" time="0.001" /><testcase classname="tests.integration.test_dicedoctor_integration" name="test_dicedoctor_integration[6-8-strat_info78-bets_before78-dice_result78-bets_after78]" time="0.001" /><testcase classname="tests.integration.test_dicedoctor_integration" name="test_dicedoctor_integration[6-8-strat_info79-bets_before79-dice_result79-bets_after79]" time="0.001" /><testcase classname="tests.integration.test_dicedoctor_integration" name="test_dicedoctor_integration[6-9-strat_info80-bets_before80-dice_result80-bets_after80]" time="0.001" /><testcase classname="tests.integration.test_dicedoctor_integration" name="test_dicedoctor_integration[6-9-strat_info81-bets_before81-dice_result81-bets_after81]" time="0.001" /><testcase classname="tests.integration.test_dicedoctor_integration" name="test_dicedoctor_integration[6-9-strat_info82-bets_before82-dice_result82-bets_after82]" time="0.001" /><testcase classname="tests.integration.test_dicedoctor_integration" name="test_dicedoctor_integration[6-9-strat_info83-bets_before83-dice_result83-bets_after83]" time="0.001" /><testcase classname="tests.integration.test_dicedoctor_integration" name="test_dicedoctor_integration[6-9-strat_info84-bets_before84-dice_result84-bets_after84]" time="0.001" /><testcase classname="tests.integration.test_dicedoctor_integration" name="test_dicedoctor_integration[6-10-strat_info85-bets_before85-dice_result85-bets_after85]" time="0.001" /><testcase classname="tests.integration.test_dicedoctor_integration" name="test_dicedoctor_integration[6-10-strat_info86-bets_before86-dice_result86-bets_after86]" time="0.001" /><testcase classname="tests.integration.test_dicedoctor_integration" name="test_dicedoctor_integration[6-11-strat_info87-bets_before87-dice_result87-bets_after87]" time="0.001" /><testcase classname="tests.integration.test_dicedoctor_integration" name="test_dicedoctor_integration[6-11-strat_info88-bets_before88-dice_result88-bets_after88]" time="0.001" /><testcase classname="tests.integration.test_dicedoctor_integration" name="test_dicedoctor_integration[6-12-strat_info89-bets_before89-dice_result89-bets_after89]" time="0.001" /><testcase classname="tests.integration.test_dicedoctor_integration" name="test_dicedoctor_integration[8-3-strat_info90-bets_before90-dice_result90-bets_after90]" time="0.001" /><testcase classname="tests.integration.test_dicedoctor_integration" name="test_dicedoctor_integration[8-3-strat_info91-bets_before91-dice_result91-bets_after91]" time="0.001" /><testcase classname="tests.integration.test_dicedoctor_integration" name="test_dicedoctor_integration[8-3-strat_info92-bets_before92-dice_result92-bets_after92]" time="0.001" /><testcase classname="tests.integration.test_dicedoctor_integration" name="test_dicedoctor_integration[8-3-strat_info93-bets_before93-dice_result93-bets_after93]" time="0.001" /><testcase classname="tests.integration.test_dicedoctor_integration" name="test_dicedoctor_integration[8-3-strat_info94-bets_before94-dice_result94-bets_after94]" time="0.001" /><testcase classname="tests.integration.test_dicedoctor_integration" name="test_dicedoctor_integration[8-3-strat_info95-bets_before95-dice_result95-bets_after95]" time="0.001" /><testcase classname="tests.integration.test_dicedoctor_integration" name="test_dicedoctor_integration[8-4-strat_info96-bets_before96-dice_result96-bets_after96]" time="0.001" /><testcase classname="tests.integration.test_dicedoctor_integration" name="test_dicedoctor_integration[8-4-strat_info97-bets_before97-dice_result97-bets_after97]" time="0.001" /><testcase classname="tests.integration.test_dicedoctor_integration" name="test_dicedoctor_integration[8-4-strat_info98-bets_before98-dice_result98-bets_after98]" time="0.001" /><testcase classname="tests.integration.test_dicedoctor_integration" name="test_dicedoctor_integration[8-4-strat_info99-bets_before99-dice_result99-bets_after99]" time="0.001" /><testcase classname="tests.integration.test_dicedoctor_integration" name="test_dicedoctor_integration[8-4-strat_info100-bets_before100-dice_result100-bets_after100]" time="0.001" /><testcase classname="tests.integration.test_dicedoctor_integration" name="test_dicedoctor_integration[8-4-strat_info101-bets_before101-dice_result101-bets_after101]" time="0.001" /><testcase classname="tests.integration.test_dicedoctor_integration" name="test_dicedoctor_integration[8-4-strat_info102-bets_before102-dice_result102-bets_after102]" time="0.001" /><testcase classname="tests.integration.test_dicedoctor_integration" name="test_dicedoctor_integration[8-5-strat_info103-bets_before103-dice_result103-bets_after103]" time="0.001" /><testcase classname="tests.integration.test_dicedoctor_integration" name="test_dicedoctor_integration[8-5-strat_info104-bets_before104-dice_result104-bets_after104]" time="0.001" /><testcase classname="tests.integration.test_dicedoctor_integration" name="test_dicedoctor_integration[8-6-strat_info105-bets_before105-dice_result105-bets_after105]" time="0.001" /><testcase classname="tests.integration.test_dicedoctor_integration" name="test_dicedoctor_integration[8-6-strat_info106-bets_before106-dice_result106-bets_after106]" time="0.001" /><testcase classname="tests.integration.test_dicedoctor_integration" name="test_dicedoctor_integration[8-6-strat_info107-bets_before107-dice_result107-bets_after107]" time="0.001" /><testcase classname="tests.integration.test_dicedoctor_integration" name="test_dicedoctor_integration[8-8-strat_info108-bets_before108-dice_result108-bets_after108]" time="0.001" /><testcase classname="tests.integration.test_dicedoctor_integration" name="test_dicedoctor_integration[8-8-strat_info109-bets_before109-dice_result109-bets_after109]" time="0.001" /><testcase classname="tests.integration.test_dicedoctor_integration" name="test_dicedoctor_integration[8-8-strat_info110-bets_before110-dice_result110-bets_after110]" time="0.001" /><testcase classname="tests.integration.test_dicedoctor_integration" name="test_dicedoctor_integration[8-8-strat_info111-bets_before111-dice_result111-bets_after111]" time="0.001" /><testcase classname="tests.integration.test_dicedoctor_integration" name="test_dicedoctor_integration[8-8-strat_info112-bets_before112-dice_result112-bets_after112]" time="0.001" /><testcase classname="tests.integration.test_dicedoctor_integration" name="test_dicedoctor_integration[8-9-strat_info113-bets_before113-dice_result113-bets_after113]" time="0.001" /><testcase classname="tests.integration.test_dicedoctor_integration" name="test_dicedoctor_integration[8-9-strat_info114-bets_before114-dice_result114-bets_after114]" time="0.001" /><testcase classname="tests.integration.test_dicedoctor_integration" name="test_dicedoctor_integration[8-9-strat_info115-bets_before115-dice_result115-bets_after115]" time="0.001" /><testcase classname="tests.integration.test_dicedoctor_integration" name="test_dicedoctor_integration[8-9-strat_info116-bets_before116-dice_result116-bets_after116]" time="0.001" /><testcase classname="tests.integration.test_dicedoctor_integration" name="test_dicedoctor_integration[8-10-strat_info117-bets_before117-dice_result117-bets_after117]" time="0.001" /><testcase classname="tests.integration.test_dicedoctor_integration" name="test_dicedoctor_integration[8-10-strat_info118-bets_before118-dice_result118-bets_after118]" time="0.001" /><testcase classname="tests.integration.test_dicedoctor_integration" name="test_dicedoctor_integration[8-10-strat_info119-bets_before119-dice_result119-bets_after119]" time="0.001" /><testcase classname="tests.integration.test_dicedoctor_integration" name="test_dicedoctor_integration[8-10-strat_info120-bets_before120-dice_result120-bets_after120]" time="0.001" /><testcase classname="tests.integration.test_dicedoctor_integration" name="test_dicedoctor_integration[8-10-strat_info121-bets_before121-dice_result121-bets_after121]" time="0.001" /><testcase classname="tests.integration.test_dicedoctor_integration" name="test_dicedoctor_integration[8-11-strat_info122-bets_before122-dice_result122-bets_after122]" time="0.001" /><testcase classname="tests.integration.test_dicedoctor_integration" name="test_dicedoctor_integration[9-2-strat_info123-bets_before123-dice_result123-bets_after123]" time="0.001" /><testcase classname="tests.integration.test_dicedoctor_integration" name="test_dicedoctor_integration[9-3-strat_info124-bets_before124-dice_result124-bets_after124]" time="0.001" /><testcase classname="tests.integration.test_dicedoctor_integration" name="test_dicedoctor_integration[9-3-strat_info125-bets_before125-dice_result125-bets_after125]" time="0.001" /><testcase classname="tests.integration.test_dicedoctor_integration" name="test_dicedoctor_integration[9-4-strat_info126-bets_before126-dice_result126-bets_after126]" time="0.001" /><testcase classname="tests.integration.test_dicedoctor_integration" name="test_dicedoctor_integration[9-4-strat_info127-bets_before127-dice_result127-bets_after127]" time="0.001" /><testcase classname="tests.integration.test_dicedoctor_integration" name="test_dicedoctor_integration[9-4-strat_info128-bets_before128-dice_result128-bets_after128]" time="0.001" /><testcase classname="tests.integration.test_dicedoctor_integration" name="test_dicedoctor_integration[9-5-strat_info129-bets_before129-dice_result129-bets_after129]" time="0.001" /><testcase classname="tests.integration.test_dicedoctor_integration" name="test_dicedoctor_integration[9-5-strat_info130-bets_before130-dice_result130-bets_after130]" time="0.001" /><testcase classname="tests.integration.test_dicedoctor_integration" name="test_dicedoctor_integration[9-6-strat_info131-bets_before131-dice_result131-bets_after131]" time="0.001" /><testcase classname="tests.integration.test_dicedoctor_integration" name="test_dicedoctor_integration[9-6-strat_info132-bets_before132-dice_result132-bets_after132]" time="0.001" /><testcase classname="tests.integration.test_dicedoctor_integration" name="test_dicedoctor_integration[9-6-strat_info133-bets_before133-dice_result133-bets_after133]" time="0.001" /><testcase classname="tests.integration.test_dicedoctor_integration" name="test_dicedoctor_integration[9-6-strat_info134-bets_before134-dice_result134-bets_after134]" time="0.001" /><testcase classname="tests.integration.test_dicedoctor_integration" name="test_dicedoctor_integration[9-8-strat_info135-bets_before135-dice_result135-bets_after135]" time="0.001" /><testcase classname="tests.integration.test_dicedoctor_integration" name="test_dicedoctor_integration[9-8-strat_info136-bets_before136-dice_result136-bets_after136]" time="0.001" /><testcase classname="tests.integration.test_dicedoctor_integration" name="test_dicedoctor_integration[9-8-strat_info137-bets_before137-dice_result137-bets_after137]" time="0.001" /><testcase classname="tests.integration.test_dicedoctor_integration" name="test_dicedoctor_integration[9-8-strat_info138-bets_before138-dice_result138-bets_after138]" time="0.001" /><testcase classname="tests.integration.test_dicedoctor_integration" name="test_dicedoctor_integration[9-9-strat_info139-bets_before139-dice_result139-bets_after139]" time="0.001" /><testcase classname="tests.integration.test_dicedoctor_integration" name="test_dicedoctor_integration[9-9-strat_info140-bets_before140-dice_result140-bets_after140]" time="0.001" /><testcase classname="tests.integration.test_dicedoctor_integration" name="test_dicedoctor_integration[9-9-strat_info141-bets_before141-dice_result141-bets_after141]" time="0.001" /><testcase classname="tests.integration.test_dicedoctor_integration" name="test_dicedoctor_integration[9-9-strat_info142-bets_before142-dice_result142-bets_after142]" time="0.001" /><testcase classname="tests.integration.test_dicedoctor_integration" name="test_dicedoctor_integration[9-9-strat_info143-bets_before143-dice_result143-bets_after143]" time="0.001" /><testcase classname="tests.integration.test_dicedoctor_integration" name="test_dicedoctor_integration[9-9-strat_info144-bets_before144-dice_result144-bets_after144]" time="0.001" /><testcase classname="tests.integration.test_dicedoctor_integration" name="test_dicedoctor_integration[9-9-strat_info145-bets_before145-dice_result145-bets_after145]" time="0.001" /><testcase classname="tests.integration.test_dicedoctor_integration" name="test_dicedoctor_integration[9-10-strat_info146-bets_before146-dice_result146-bets_after146]" time="0.001" /><testcase classname="tests.integration.test_dicedoctor_integration" name="test_dicedoctor_integration[9-10-strat_info147-bets_before147-dice_result147-bets_after147]" time="0.001" /><testcase classname="tests.integration.test_dicedoctor_integration" name="test_dicedoctor_integration[9-11-strat_info148-bets_before148-dice_result148-bets_after148]" time="0.001" /><testcase classname="tests.integration.test_dicedoctor_integration" name="test_dicedoctor_integration[10-2-strat_info149-bets_before149-dice_result149-bets_after149]" time="0.001" /><testcase classname="tests.integration.test_dicedoctor_integration" name="test_dicedoctor_integration[10-4-strat_info150-bets_before150-dice_result150-bets_after150]" time="0.001" /><testcase classname="tests.integration.test_dicedoctor_integration" name="test_dicedoctor_integration[10-5-strat_info151-bets_before151-dice_result151-bets_after151]" time="0.001" /><testcase classname="tests.integration.test_dicedoctor_integration" name="test_dicedoctor_integration[10-5-strat_info152-bets_before152-dice_result152-bets_after152]" time="0.001" /><testcase classname="tests.integration.test_dicedoctor_integration" name="test_dicedoctor_integration[10-5-strat_info153-bets_before153-dice_result153-bets_after153]" time="0.001" /><testcase classname="tests.integration.test_dicedoctor_integration" name="test_dicedoctor_integration[10-6-strat_info154-bets_before154-dice_result154-bets_after154]" time="0.001" /><testcase classname="tests.integration.test_dicedoctor_integration" name="test_dicedoctor_integration[10-6-strat_info155-bets_before155-dice_result155-bets_after155]" time="0.001" /><testcase classname="tests.integration.test_dicedoctor_integration" name="test_dicedoctor_integration[10-6-strat_info156-bets_before156-dice_result156-bets_after156]" time="0.001" /><testcase classname="tests.integration.test_dicedoctor_integration" name="test_dicedoctor_integration[10-8-strat_info157-bets_before157-dice_result157-bets_after157]" time="0.001" /><testcase classname="tests.integration.test_dicedoctor_integration" name="test_dicedoctor_integration[10-8-strat_info158-bets_before158-dice_result158-bets_after158]" time="0.001" /><testcase classname="tests.integration.test_dicedoctor_integration" name="test_dicedoctor_integration[10-9-strat_info159-bets_before159-dice_result159-bets_after159]" time="0.001" /><testcase classname="tests.integration.test_dicedoctor_integration" name="test_dicedoctor_integration[10-10-strat_info160-bets_before160-dice_result160-bets_after160]" time="0.001" /><testcase classname="tests.integration.test_dicedoctor_integration" name="test_dicedoctor_integration[10-10-strat_info161-bets_before161-dice_result161-bets_after161]" time="0.001" /><testcase classname="tests.integration.test_dicedoctor_integration" name="test_dicedoctor_integration[10-10-strat_info162-bets_before162-dice_result162-bets_after162]" time="0.001" /><testcase classname="tests.integration.test_dicedoctor_integration" name="test_dicedoctor_integration[10-10-strat_info163-bets_before163-dice_result163-bets_after163]" time="0.001" /><testcase classname="tests.integration.test_dontpass_integration" name="test_dontpass_integration[None-None-None-bets_before0-None-bets_after0]" time="0.001" /><testcase classname="tests.integration.test_dontpass_integration" name="test_dontpass_integration[None-2-None-bets_before1-dice_result1-bets_after1]" time="0.001" /><testcase classname="tests.integration.test_dontpass_integration" name="test_dontpass_integration[None-3-None-bets_before2-dice_result2-bets_after2]" time="0.001" /><testcase classname="tests.integration.test_dontpass_integration" name="test_dontpass_integration[None-3-None-bets_before3-dice_result3-bets_after3]" time="0.001" /><testcase classname="tests.integration.test_dontpass_integration" name="test_dontpass_integration[None-4-None-bets_before4-dice_result4-bets_after4]" time="0.001" /><testcase classname="tests.integration.test_dontpass_integration" name="test_dontpass_integration[None-4-None-bets_before5-dice_result5-bets_after5]" time="0.001" /><testcase classname="tests.integration.test_dontpass_integration" name="test_dontpass_integration[None-5-None-bets_before6-dice_result6-bets_after6]" time="0.001" /><testcase classname="tests.integration.test_dontpass_integration" name="test_dontpass_integration[None-5-None-bets_before7-dice_result7-bets_after7]" time="0.001" /><testcase classname="tests.integration.test_dontpass_integration" name="test_dontpass_integration[None-6-None-bets_before8-dice_result8-bets_after8]" time="0.001" /><testcase classname="tests.integration.test_dontpass_integration" name="test_dontpass_integration[None-7-None-bets_before9-dice_result9-bets_after9]" time="0.001" /><testcase classname="tests.integration.test_dontpass_integration" name="test_dontpass_integration[None-7-None-bets_before10-dice_result10-bets_after10]" time="0.001" /><testcase classname="tests.integration.test_dontpass_integration" name="test_dontpass_integration[None-7-None-bets_before11-dice_result11-bets_after11]" time="0.001" /><testcase classname="tests.integration.test_dontpass_integration" name="test_dontpass_integration[None-7-None-bets_before12-dice_result12-bets_after12]" time="0.001" /><testcase classname="tests.integration.test_dontpass_integration" name="test_dontpass_integration[None-7-None-bets_before13-dice_result13-bets_after13]" time="0.001" /><testcase classname="tests.integration.test_dontpass_integration" name="test_dontpass_integration[None-7-None-bets_before14-dice_result14-bets_after14]" time="0.001" /><testcase classname="tests.integration.test_dontpass_integration" name="test_dontpass_integration[None-8-None-bets_before15-dice_result15-bets_after15]" time="0.001" /><testcase classname="tests.integration.test_dontpass_integration" name="test_dontpass_integration[None-8-None-bets_before16-dice_result16-bets_after16]" time="0.001" /><testcase classname="tests.integration.test_dontpass_integration" name="test_dontpass_integration[None-8-None-bets_before17-dice_result17-bets_after17]" time="0.001" /><testcase classname="tests.integration.test_dontpass_integration" name="test_dontpass_integration[None-8-None-bets_before18-dice_result18-bets_after18]" time="0.001" /><testcase classname="tests.integration.test_dontpass_integration" name="test_dontpass_integration[None-8-None-bets_before19-dice_result19-bets_after19]" time="0.001" /><testcase classname="tests.integration.test_dontpass_integration" name="test_dontpass_integration[None-9-None-bets_before20-dice_result20-bets_after20]" time="0.001" /><testcase classname="tests.integration.test_dontpass_integration" name="test_dontpass_integration[None-9-None-bets_before21-dice_result21-bets_after21]" time="0.001" /><testcase classname="tests.integration.test_dontpass_integration" name="test_dontpass_integration[None-10-None-bets_before22-dice_result22-bets_after22]" time="0.001" /><testcase classname="tests.integration.test_dontpass_integration" name="test_dontpass_integration[None-10-None-bets_before23-dice_result23-bets_after23]" time="0.001" /><testcase classname="tests.integration.test_dontpass_integration" name="test_dontpass_integration[None-11-None-bets_before24-dice_result24-bets_after24]" time="0.001" /><testcase classname="tests.integration.test_dontpass_integration" name="test_dontpass_integration[None-11-None-bets_before25-dice_result25-bets_after25]" time="0.001" /><testcase classname="tests.integration.test_dontpass_integration" name="test_dontpass_integration[None-12-None-bets_before26-dice_result26-bets_after26]" time="0.001" /><testcase classname="tests.integration.test_dontpass_integration" name="test_dontpass_integration[4-2-None-bets_before27-dice_result27-bets_after27]" time="0.001" /><testcase classname="tests.integration.test_dontpass_integration" name="test_dontpass_integration[4-3-None-bets_before28-dice_result28-bets_after28]" time="0.001" /><testcase classname="tests.integration.test_dontpass_integration" name="test_dontpass_integration[4-4-None-bets_before29-dice_result29-bets_after29]" time="0.001" /><testcase classname="tests.integration.test_dontpass_integration" name="test_dontpass_integration[4-4-None-bets_before30-dice_result30-bets_after30]" time="0.001" /><testcase classname="tests.integration.test_dontpass_integration" name="test_dontpass_integration[4-4-None-bets_before31-dice_result31-bets_after31]" time="0.001" /><testcase classname="tests.integration.test_dontpass_integration" name="test_dontpass_integration[4-5-None-bets_before32-dice_result32-bets_after32]" time="0.001" /><testcase classname="tests.integration.test_dontpass_integration" name="test_dontpass_integration[4-5-None-bets_before33-dice_result33-bets_after33]" time="0.001" /><testcase classname="tests.integration.test_dontpass_integration" name="test_dontpass_integration[4-5-None-bets_before34-dice_result34-bets_after34]" time="0.001" /><testcase classname="tests.integration.test_dontpass_integration" name="test_dontpass_integration[4-6-None-bets_before35-dice_result35-bets_after35]" time="0.001" /><testcase classname="tests.integration.test_dontpass_integration" name="test_dontpass_integration[4-6-None-bets_before36-dice_result36-bets_after36]" time="0.001" /><testcase classname="tests.integration.test_dontpass_integration" name="test_dontpass_integration[4-8-None-bets_before37-dice_result37-bets_after37]" time="0.001" /><testcase classname="tests.integration.test_dontpass_integration" name="test_dontpass_integration[4-9-None-bets_before38-dice_result38-bets_after38]" time="0.001" /><testcase classname="tests.integration.test_dontpass_integration" name="test_dontpass_integration[4-9-None-bets_before39-dice_result39-bets_after39]" time="0.001" /><testcase classname="tests.integration.test_dontpass_integration" name="test_dontpass_integration[4-9-None-bets_before40-dice_result40-bets_after40]" time="0.001" /><testcase classname="tests.integration.test_dontpass_integration" name="test_dontpass_integration[4-9-None-bets_before41-dice_result41-bets_after41]" time="0.001" /><testcase classname="tests.integration.test_dontpass_integration" name="test_dontpass_integration[4-10-None-bets_before42-dice_result42-bets_after42]" time="0.001" /><testcase classname="tests.integration.test_dontpass_integration" name="test_dontpass_integration[4-11-None-bets_before43-dice_result43-bets_after43]" time="0.000" /><testcase classname="tests.integration.test_dontpass_integration" name="test_dontpass_integration[4-11-None-bets_before44-dice_result44-bets_after44]" time="0.000" /><testcase classname="tests.integration.test_dontpass_integration" name="test_dontpass_integration[4-12-None-bets_before45-dice_result45-bets_after45]" time="0.001" /><testcase classname="tests.integration.test_dontpass_integration" name="test_dontpass_integration[5-2-None-bets_before46-dice_result46-bets_after46]" time="0.001" /><testcase classname="tests.integration.test_dontpass_integration" name="test_dontpass_integration[5-4-None-bets_before47-dice_result47-bets_after47]" time="0.000" /><testcase classname="tests.integration.test_dontpass_integration" name="test_dontpass_integration[5-5-None-bets_before48-dice_result48-bets_after48]" time="0.001" /><testcase classname="tests.integration.test_dontpass_integration" name="test_dontpass_integration[5-5-None-bets_before49-dice_result49-bets_after49]" time="0.001" /><testcase classname="tests.integration.test_dontpass_integration" name="test_dontpass_integration[5-5-None-bets_before50-dice_result50-bets_after50]" time="0.001" /><testcase classname="tests.integration.test_dontpass_integration" name="test_dontpass_integration[5-5-None-bets_before51-dice_result51-bets_after51]" time="0.001" /><testcase classname="tests.integration.test_dontpass_integration" name="test_dontpass_integration[5-6-None-bets_before52-dice_result52-bets_after52]" time="0.001" /><testcase classname="tests.integration.test_dontpass_integration" name="test_dontpass_integration[5-6-None-bets_before53-dice_result53-bets_after53]" time="0.001" /><testcase classname="tests.integration.test_dontpass_integration" name="test_dontpass_integration[5-6-None-bets_before54-dice_result54-bets_after54]" time="0.001" /><testcase classname="tests.integration.test_dontpass_integration" name="test_dontpass_integration[5-6-None-bets_before55-dice_result55-bets_after55]" time="0.001" /><testcase classname="tests.integration.test_dontpass_integration" name="test_dontpass_integration[5-8-None-bets_before56-dice_result56-bets_after56]" time="0.001" /><testcase classname="tests.integration.test_dontpass_integration" name="test_dontpass_integration[5-8-None-bets_before57-dice_result57-bets_after57]" time="0.000" /><testcase classname="tests.integration.test_dontpass_integration" name="test_dontpass_integration[5-8-None-bets_before58-dice_result58-bets_after58]" time="0.001" /><testcase classname="tests.integration.test_dontpass_integration" name="test_dontpass_integration[5-9-None-bets_before59-dice_result59-bets_after59]" time="0.001" /><testcase classname="tests.integration.test_dontpass_integration" name="test_dontpass_integration[5-9-None-bets_before60-dice_result60-bets_after60]" time="0.000" /><testcase classname="tests.integration.test_dontpass_integration" name="test_dontpass_integration[5-10-None-bets_before61-dice_result61-bets_after61]" time="0.000" /><testcase classname="tests.integration.test_dontpass_integration" name="test_dontpass_integration[5-10-None-bets_before62-dice_result62-bets_after62]" time="0.001" /><testcase classname="tests.integration.test_dontpass_integration" name="test_dontpass_integration[5-12-None-bets_before63-dice_result63-bets_after63]" time="0.000" /><testcase classname="tests.integration.test_dontpass_integration" name="test_dontpass_integration[6-2-None-bets_before64-dice_result64-bets_after64]" time="0.001" /><testcase classname="tests.integration.test_dontpass_integration" name="test_dontpass_integration[6-3-None-bets_before65-dice_result65-bets_after65]" time="0.001" /><testcase classname="tests.integration.test_dontpass_integration" name="test_dontpass_integration[6-3-None-bets_before66-dice_result66-bets_after66]" time="0.001" /><testcase classname="tests.integration.test_dontpass_integration" name="test_dontpass_integration[6-4-None-bets_before67-dice_result67-bets_after67]" time="0.001" /><testcase classname="tests.integration.test_dontpass_integration" name="test_dontpass_integration[6-4-None-bets_before68-dice_result68-bets_after68]" time="0.001" /><testcase classname="tests.integration.test_dontpass_integration" name="test_dontpass_integration[6-5-None-bets_before69-dice_result69-bets_after69]" time="0.001" /><testcase classname="tests.integration.test_dontpass_integration" name="test_dontpass_integration[6-5-None-bets_before70-dice_result70-bets_after70]" time="0.000" /><testcase classname="tests.integration.test_dontpass_integration" name="test_dontpass_integration[6-6-None-bets_before71-dice_result71-bets_after71]" time="0.001" /><testcase classname="tests.integration.test_dontpass_integration" name="test_dontpass_integration[6-6-None-bets_before72-dice_result72-bets_after72]" time="0.001" /><testcase classname="tests.integration.test_dontpass_integration" name="test_dontpass_integration[6-6-None-bets_before73-dice_result73-bets_after73]" time="0.001" /><testcase classname="tests.integration.test_dontpass_integration" name="test_dontpass_integration[6-6-None-bets_before74-dice_result74-bets_after74]" time="0.001" /><testcase classname="tests.integration.test_dontpass_integration" name="test_dontpass_integration[6-6-None-bets_before75-dice_result75-bets_after75]" time="0.001" /><testcase classname="tests.integration.test_dontpass_integration" name="test_dontpass_integration[6-8-None-bets_before76-dice_result76-bets_after76]" time="0.000" /><testcase classname="tests.integration.test_dontpass_integration" name="test_dontpass_integration[6-8-None-bets_before77-dice_result77-bets_after77]" time="0.001" /><testcase classname="tests.integration.test_dontpass_integration" name="test_dontpass_integration[6-8-None-bets_before78-dice_result78-bets_after78]" time="0.001" /><testcase classname="tests.integration.test_dontpass_integration" name="test_dontpass_integration[6-8-None-bets_before79-dice_result79-bets_after79]" time="0.001" /><testcase classname="tests.integration.test_dontpass_integration" name="test_dontpass_integration[6-9-None-bets_before80-dice_result80-bets_after80]" time="0.001" /><testcase classname="tests.integration.test_dontpass_integration" name="test_dontpass_integration[6-9-None-bets_before81-dice_result81-bets_after81]" time="0.001" /><testcase classname="tests.integration.test_dontpass_integration" name="test_dontpass_integration[6-10-None-bets_before82-dice_result82-bets_after82]" time="0.001" /><testcase classname="tests.integration.test_dontpass_integration" name="test_dontpass_integration[6-10-None-bets_before83-dice_result83-bets_after83]" time="0.001" /><testcase classname="tests.integration.test_dontpass_integration" name="test_dontpass_integration[6-10-None-bets_before84-dice_result84-bets_after84]" time="0.001" /><testcase classname="tests.integration.test_dontpass_integration" name="test_dontpass_integration[6-11-None-bets_before85-dice_result85-bets_after85]" time="0.001" /><testcase classname="tests.integration.test_dontpass_integration" name="test_dontpass_integration[8-2-None-bets_before86-dice_result86-bets_after86]" time="0.001" /><testcase classname="tests.integration.test_dontpass_integration" name="test_dontpass_integration[8-3-None-bets_before87-dice_result87-bets_after87]" time="0.001" /><testcase classname="tests.integration.test_dontpass_integration" name="test_dontpass_integration[8-3-None-bets_before88-dice_result88-bets_after88]" time="0.001" /><testcase classname="tests.integration.test_dontpass_integration" name="test_dontpass_integration[8-4-None-bets_before89-dice_result89-bets_after89]" time="0.001" /><testcase classname="tests.integration.test_dontpass_integration" name="test_dontpass_integration[8-4-None-bets_before90-dice_result90-bets_after90]" time="0.001" /><testcase classname="tests.integration.test_dontpass_integration" name="test_dontpass_integration[8-4-None-bets_before91-dice_result91-bets_after91]" time="0.001" /><testcase classname="tests.integration.test_dontpass_integration" name="test_dontpass_integration[8-5-None-bets_before92-dice_result92-bets_after92]" time="0.001" /><testcase classname="tests.integration.test_dontpass_integration" name="test_dontpass_integration[8-5-None-bets_before93-dice_result93-bets_after93]" time="0.000" /><testcase classname="tests.integration.test_dontpass_integration" name="test_dontpass_integration[8-5-None-bets_before94-dice_result94-bets_after94]" time="0.001" /><testcase classname="tests.integration.test_dontpass_integration" name="test_dontpass_integration[8-5-None-bets_before95-dice_result95-bets_after95]" time="0.001" /><testcase classname="tests.integration.test_dontpass_integration" name="test_dontpass_integration[8-6-None-bets_before96-dice_result96-bets_after96]" time="0.001" /><testcase classname="tests.integration.test_dontpass_integration" name="test_dontpass_integration[8-6-None-bets_before97-dice_result97-bets_after97]" time="0.001" /><testcase classname="tests.integration.test_dontpass_integration" name="test_dontpass_integration[8-6-None-bets_before98-dice_result98-bets_after98]" time="0.000" /><testcase classname="tests.integration.test_dontpass_integration" name="test_dontpass_integration[8-6-None-bets_before99-dice_result99-bets_after99]" time="0.001" /><testcase classname="tests.integration.test_dontpass_integration" name="test_dontpass_integration[8-8-None-bets_before100-dice_result100-bets_after100]" time="0.001" /><testcase classname="tests.integration.test_dontpass_integration" name="test_dontpass_integration[8-8-None-bets_before101-dice_result101-bets_after101]" time="0.001" /><testcase classname="tests.integration.test_dontpass_integration" name="test_dontpass_integration[8-8-None-bets_before102-dice_result102-bets_after102]" time="0.001" /><testcase classname="tests.integration.test_dontpass_integration" name="test_dontpass_integration[8-8-None-bets_before103-dice_result103-bets_after103]" time="0.001" /><testcase classname="tests.integration.test_dontpass_integration" name="test_dontpass_integration[8-9-None-bets_before104-dice_result104-bets_after104]" time="0.001" /><testcase classname="tests.integration.test_dontpass_integration" name="test_dontpass_integration[8-9-None-bets_before105-dice_result105-bets_after105]" time="0.001" /><testcase classname="tests.integration.test_dontpass_integration" name="test_dontpass_integration[8-10-None-bets_before106-dice_result106-bets_after106]" time="0.000" /><testcase classname="tests.integration.test_dontpass_integration" name="test_dontpass_integration[8-10-None-bets_before107-dice_result107-bets_after107]" time="0.001" /><testcase classname="tests.integration.test_dontpass_integration" name="test_dontpass_integration[8-11-None-bets_before108-dice_result108-bets_after108]" time="0.000" /><testcase classname="tests.integration.test_dontpass_integration" name="test_dontpass_integration[8-11-None-bets_before109-dice_result109-bets_after109]" time="0.000" /><testcase classname="tests.integration.test_dontpass_integration" name="test_dontpass_integration[9-3-None-bets_before110-dice_result110-bets_after110]" time="0.001" /><testcase classname="tests.integration.test_dontpass_integration" name="test_dontpass_integration[9-3-None-bets_before111-dice_result111-bets_after111]" time="0.001" /><testcase classname="tests.integration.test_dontpass_integration" name="test_dontpass_integration[9-4-None-bets_before112-dice_result112-bets_after112]" time="0.001" /><testcase classname="tests.integration.test_dontpass_integration" name="test_dontpass_integration[9-4-None-bets_before113-dice_result113-bets_after113]" time="0.001" /><testcase classname="tests.integration.test_dontpass_integration" name="test_dontpass_integration[9-5-None-bets_before114-dice_result114-bets_after114]" time="0.000" /><testcase classname="tests.integration.test_dontpass_integration" name="test_dontpass_integration[9-5-None-bets_before115-dice_result115-bets_after115]" time="0.001" /><testcase classname="tests.integration.test_dontpass_integration" name="test_dontpass_integration[9-5-None-bets_before116-dice_result116-bets_after116]" time="0.000" /><testcase classname="tests.integration.test_dontpass_integration" name="test_dontpass_integration[9-6-None-bets_before117-dice_result117-bets_after117]" time="0.001" /><testcase classname="tests.integration.test_dontpass_integration" name="test_dontpass_integration[9-6-None-bets_before118-dice_result118-bets_after118]" time="0.001" /><testcase classname="tests.integration.test_dontpass_integration" name="test_dontpass_integration[9-6-None-bets_before119-dice_result119-bets_after119]" time="0.001" /><testcase classname="tests.integration.test_dontpass_integration" name="test_dontpass_integration[9-8-None-bets_before120-dice_result120-bets_after120]" time="0.001" /><testcase classname="tests.integration.test_dontpass_integration" name="test_dontpass_integration[9-8-None-bets_before121-dice_result121-bets_after121]" time="0.001" /><testcase classname="tests.integration.test_dontpass_integration" name="test_dontpass_integration[9-8-None-bets_before122-dice_result122-bets_after122]" time="0.001" /><testcase classname="tests.integration.test_dontpass_integration" name="test_dontpass_integration[9-8-None-bets_before123-dice_result123-bets_after123]" time="0.001" /><testcase classname="tests.integration.test_dontpass_integration" name="test_dontpass_integration[9-9-None-bets_before124-dice_result124-bets_after124]" time="0.001" /><testcase classname="tests.integration.test_dontpass_integration" name="test_dontpass_integration[9-9-None-bets_before125-dice_result125-bets_after125]" time="0.000" /><testcase classname="tests.integration.test_dontpass_integration" name="test_dontpass_integration[9-9-None-bets_before126-dice_result126-bets_after126]" time="0.001" /><testcase classname="tests.integration.test_dontpass_integration" name="test_dontpass_integration[9-9-None-bets_before127-dice_result127-bets_after127]" time="0.001" /><testcase classname="tests.integration.test_dontpass_integration" name="test_dontpass_integration[9-10-None-bets_before128-dice_result128-bets_after128]" time="0.001" /><testcase classname="tests.integration.test_dontpass_integration" name="test_dontpass_integration[9-11-None-bets_before129-dice_result129-bets_after129]" time="0.001" /><testcase classname="tests.integration.test_dontpass_integration" name="test_dontpass_integration[9-12-None-bets_before130-dice_result130-bets_after130]" time="0.000" /><testcase classname="tests.integration.test_dontpass_integration" name="test_dontpass_integration[10-3-None-bets_before131-dice_result131-bets_after131]" time="0.001" /><testcase classname="tests.integration.test_dontpass_integration" name="test_dontpass_integration[10-3-None-bets_before132-dice_result132-bets_after132]" time="0.001" /><testcase classname="tests.integration.test_dontpass_integration" name="test_dontpass_integration[10-4-None-bets_before133-dice_result133-bets_after133]" time="0.001" /><testcase classname="tests.integration.test_dontpass_integration" name="test_dontpass_integration[10-5-None-bets_before134-dice_result134-bets_after134]" time="0.001" /><testcase classname="tests.integration.test_dontpass_integration" name="test_dontpass_integration[10-5-None-bets_before135-dice_result135-bets_after135]" time="0.001" /><testcase classname="tests.integration.test_dontpass_integration" name="test_dontpass_integration[10-6-None-bets_before136-dice_result136-bets_after136]" time="0.001" /><testcase classname="tests.integration.test_dontpass_integration" name="test_dontpass_integration[10-8-None-bets_before137-dice_result137-bets_after137]" time="0.001" /><testcase classname="tests.integration.test_dontpass_integration" name="test_dontpass_integration[10-8-None-bets_before138-dice_result138-bets_after138]" time="0.001" /><testcase classname="tests.integration.test_dontpass_integration" name="test_dontpass_integration[10-8-None-bets_before139-dice_result139-bets_after139]" time="0.001" /><testcase classname="tests.integration.test_dontpass_integration" name="test_dontpass_integration[10-9-None-bets_before140-dice_result140-bets_after140]" time="0.001" /><testcase classname="tests.integration.test_dontpass_integration" name="test_dontpass_integration[10-10-None-bets_before141-dice_result141-bets_after141]" time="0.001" /><testcase classname="tests.integration.test_dontpass_integration" name="test_dontpass_integration[10-10-None-bets_before142-dice_result142-bets_after142]" time="0.001" /><testcase classname="tests.integration.test_dontpass_integration" name="test_dontpass_integration[10-10-None-bets_before143-dice_result143-bets_after143]" time="0.000" /><testcase classname="tests.integration.test_dontpass_integration" name="test_dontpass_integration[10-11-None-bets_before144-dice_result144-bets_after144]" time="0.001" /><testcase classname="tests.integration.test_examples_smoke" name="test_examples_smoke" time="0.001" /><testcase classname="tests.integration.test_hammerlock_integration" name="test_hammerlock_integration[None-None-None-bets_before0-None-bets_after0]" time="0.001" /><testcase classname="tests.integration.test_hammerlock_integration" name="test_hammerlock_integration[None-2-strat_info1-bets_before1-dice_result1-bets_after1]" time="0.001" /><testcase classname="tests.integration.test_hammerlock_integration" name="test_hammerlock_integration[None-3-strat_info2-bets_before2-dice_result2-bets_after2]" time="0.001" /><testcase classname="tests.integration.test_hammerlock_integration" name="test_hammerlock_integration[None-3-strat_info3-bets_before3-dice_result3-bets_after3]" time="0.001" /><testcase classname="tests.integration.test_hammerlock_integration" name="test_hammerlock_integration[None-4-strat_info4-bets_before4-dice_result4-bets_after4]" time="0.001" /><testcase classname="tests.integration.test_hammerlock_integration" name="test_hammerlock_integration[None-4-strat_info5-bets_before5-dice_result5-bets_after5]" time="0.001" /><testcase classname="tests.integration.test_hammerlock_integration" name="test_hammerlock_integration[None-4-strat_info6-bets_before6-dice_result6-bets_after6]" time="0.001" /><testcase classname="tests.integration.test_hammerlock_integration" name="test_hammerlock_integration[None-4-strat_info7-bets_before7-dice_result7-bets_after7]" time="0.001" /><testcase classname="tests.integration.test_hammerlock_integration" name="test_hammerlock_integration[None-5-strat_info8-bets_before8-dice_result8-bets_after8]" time="0.001" /><testcase classname="tests.integration.test_hammerlock_integration" name="test_hammerlock_integration[None-5-strat_info9-bets_before9-dice_result9-bets_after9]" time="0.001" /><testcase classname="tests.integration.test_hammerlock_integration" name="test_hammerlock_integration[None-5-strat_info10-bets_before10-dice_result10-bets_after10]" time="0.054" /><testcase classname="tests.integration.test_hammerlock_integration" name="test_hammerlock_integration[None-5-strat_info11-bets_before11-dice_result11-bets_after11]" time="0.001" /><testcase classname="tests.integration.test_hammerlock_integration" name="test_hammerlock_integration[None-6-strat_info12-bets_before12-dice_result12-bets_after12]" time="0.001" /><testcase classname="tests.integration.test_hammerlock_integration" name="test_hammerlock_integration[None-6-strat_info13-bets_before13-dice_result13-bets_after13]" time="0.001" /><testcase classname="tests.integration.test_hammerlock_integration" name="test_hammerlock_integration[None-6-strat_info14-bets_before14-dice_result14-bets_after14]" time="0.001" /><testcase classname="tests.integration.test_hammerlock_integration" name="test_hammerlock_integration[None-6-strat_info15-bets_before15-dice_result15-bets_after15]" time="0.001" /><testcase classname="tests.integration.test_hammerlock_integration" name="test_hammerlock_integration[None-6-strat_info16-bets_before16-dice_result16-bets_after16]" time="0.001" /><testcase classname="tests.integration.test_hammerlock_integration" name="test_hammerlock_integration[None-7-strat_info17-bets_before17-dice_result17-bets_after17]" time="0.001" /><testcase classname="tests.integration.test_hammerlock_integration" name="test_hammerlock_integration[None-7-strat_info18-bets_before18-dice_result18-bets_after18]" time="0.001" /><testcase classname="tests.integration.test_hammerlock_integration" name="test_hammerlock_integration[None-7-strat_info19-bets_before19-dice_result19-bets_after19]" time="0.001" /><testcase classname="tests.integration.test_hammerlock_integration" name="test_hammerlock_integration[None-7-strat_info20-bets_before20-dice_result20-bets_after20]" time="0.001" /><testcase classname="tests.integration.test_hammerlock_integration" name="test_hammerlock_integration[None-7-strat_info21-bets_before21-dice_result21-bets_after21]" time="0.001" /><testcase classname="tests.integration.test_hammerlock_integration" name="test_hammerlock_integration[None-7-strat_info22-bets_before22-dice_result22-bets_after22]" time="0.001" /><testcase classname="tests.integration.test_hammerlock_integration" name="test_hammerlock_integration[None-7-strat_info23-bets_before23-dice_result23-bets_after23]" time="0.001" /><testcase classname="tests.integration.test_hammerlock_integration" name="test_hammerlock_integration[None-7-strat_info24-bets_before24-dice_result24-bets_after24]" time="0.001" /><testcase classname="tests.integration.test_hammerlock_integration" name="test_hammerlock_integration[None-7-strat_info25-bets_before25-dice_result25-bets_after25]" time="0.001" /><testcase classname="tests.integration.test_hammerlock_integration" name="test_hammerlock_integration[None-7-strat_info26-bets_before26-dice_result26-bets_after26]" time="0.001" /><testcase classname="tests.integration.test_hammerlock_integration" name="test_hammerlock_integration[None-7-strat_info27-bets_before27-dice_result27-bets_after27]" time="0.001" /><testcase classname="tests.integration.test_hammerlock_integration" name="test_hammerlock_integration[None-7-strat_info28-bets_before28-dice_result28-bets_after28]" time="0.001" /><testcase classname="tests.integration.test_hammerlock_integration" name="test_hammerlock_integration[None-7-strat_info29-bets_before29-dice_result29-bets_after29]" time="0.001" /><testcase classname="tests.integration.test_hammerlock_integration" name="test_hammerlock_integration[None-7-strat_info30-bets_before30-dice_result30-bets_after30]" time="0.001" /><testcase classname="tests.integration.test_hammerlock_integration" name="test_hammerlock_integration[None-7-strat_info31-bets_before31-dice_result31-bets_after31]" time="0.001" /><testcase classname="tests.integration.test_hammerlock_integration" name="test_hammerlock_integration[None-7-strat_info32-bets_before32-dice_result32-bets_after32]" time="0.001" /><testcase classname="tests.integration.test_hammerlock_integration" name="test_hammerlock_integration[None-8-strat_info33-bets_before33-dice_result33-bets_after33]" time="0.001" /><testcase classname="tests.integration.test_hammerlock_integration" name="test_hammerlock_integration[None-8-strat_info34-bets_before34-dice_result34-bets_after34]" time="0.001" /><testcase classname="tests.integration.test_hammerlock_integration" name="test_hammerlock_integration[None-8-strat_info35-bets_before35-dice_result35-bets_after35]" time="0.001" /><testcase classname="tests.integration.test_hammerlock_integration" name="test_hammerlock_integration[None-8-strat_info36-bets_before36-dice_result36-bets_after36]" time="0.001" /><testcase classname="tests.integration.test_hammerlock_integration" name="test_hammerlock_integration[None-9-strat_info37-bets_before37-dice_result37-bets_after37]" time="0.001" /><testcase classname="tests.integration.test_hammerlock_integration" name="test_hammerlock_integration[None-10-strat_info38-bets_before38-dice_result38-bets_after38]" time="0.001" /><testcase classname="tests.integration.test_hammerlock_integration" name="test_hammerlock_integration[None-11-strat_info39-bets_before39-dice_result39-bets_after39]" time="0.001" /><testcase classname="tests.integration.test_hammerlock_integration" name="test_hammerlock_integration[None-12-strat_info40-bets_before40-dice_result40-bets_after40]" time="0.001" /><testcase classname="tests.integration.test_hammerlock_integration" name="test_hammerlock_integration[4-2-strat_info41-bets_before41-dice_result41-bets_after41]" time="0.001" /><testcase classname="tests.integration.test_hammerlock_integration" name="test_hammerlock_integration[4-2-strat_info42-bets_before42-dice_result42-bets_after42]" time="0.001" /><testcase classname="tests.integration.test_hammerlock_integration" name="test_hammerlock_integration[4-3-strat_info43-bets_before43-dice_result43-bets_after43]" time="0.001" /><testcase classname="tests.integration.test_hammerlock_integration" name="test_hammerlock_integration[4-3-strat_info44-bets_before44-dice_result44-bets_after44]" time="0.001" /><testcase classname="tests.integration.test_hammerlock_integration" name="test_hammerlock_integration[4-3-strat_info45-bets_before45-dice_result45-bets_after45]" time="0.001" /><testcase classname="tests.integration.test_hammerlock_integration" name="test_hammerlock_integration[4-4-strat_info46-bets_before46-dice_result46-bets_after46]" time="0.001" /><testcase classname="tests.integration.test_hammerlock_integration" name="test_hammerlock_integration[4-4-strat_info47-bets_before47-dice_result47-bets_after47]" time="0.001" /><testcase classname="tests.integration.test_hammerlock_integration" name="test_hammerlock_integration[4-4-strat_info48-bets_before48-dice_result48-bets_after48]" time="0.001" /><testcase classname="tests.integration.test_hammerlock_integration" name="test_hammerlock_integration[4-5-strat_info49-bets_before49-dice_result49-bets_after49]" time="0.001" /><testcase classname="tests.integration.test_hammerlock_integration" name="test_hammerlock_integration[4-5-strat_info50-bets_before50-dice_result50-bets_after50]" time="0.001" /><testcase classname="tests.integration.test_hammerlock_integration" name="test_hammerlock_integration[4-5-strat_info51-bets_before51-dice_result51-bets_after51]" time="0.001" /><testcase classname="tests.integration.test_hammerlock_integration" name="test_hammerlock_integration[4-5-strat_info52-bets_before52-dice_result52-bets_after52]" time="0.001" /><testcase classname="tests.integration.test_hammerlock_integration" name="test_hammerlock_integration[4-6-strat_info53-bets_before53-dice_result53-bets_after53]" time="0.001" /><testcase classname="tests.integration.test_hammerlock_integration" name="test_hammerlock_integration[4-6-strat_info54-bets_before54-dice_result54-bets_after54]" time="0.001" /><testcase classname="tests.integration.test_hammerlock_integration" name="test_hammerlock_integration[4-6-strat_info55-bets_before55-dice_result55-bets_after55]" time="0.001" /><testcase classname="tests.integration.test_hammerlock_integration" name="test_hammerlock_integration[4-6-strat_info56-bets_before56-dice_result56-bets_after56]" time="0.001" /><testcase classname="tests.integration.test_hammerlock_integration" name="test_hammerlock_integration[4-8-strat_info57-bets_before57-dice_result57-bets_after57]" time="0.001" /><testcase classname="tests.integration.test_hammerlock_integration" name="test_hammerlock_integration[4-8-strat_info58-bets_before58-dice_result58-bets_after58]" time="0.001" /><testcase classname="tests.integration.test_hammerlock_integration" name="test_hammerlock_integration[4-8-strat_info59-bets_before59-dice_result59-bets_after59]" time="0.001" /><testcase classname="tests.integration.test_hammerlock_integration" name="test_hammerlock_integration[4-8-strat_info60-bets_before60-dice_result60-bets_after60]" time="0.001" /><testcase classname="tests.integration.test_hammerlock_integration" name="test_hammerlock_integration[4-9-strat_info61-bets_before61-dice_result61-bets_after61]" time="0.001" /><testcase classname="tests.integration.test_hammerlock_integration" name="test_hammerlock_integration[4-9-strat_info62-bets_before62-dice_result62-bets_after62]" time="0.001" /><testcase classname="tests.integration.test_hammerlock_integration" name="test_hammerlock_integration[4-9-strat_info63-bets_before63-dice_result63-bets_after63]" time="0.001" /><testcase classname="tests.integration.test_hammerlock_integration" name="test_hammerlock_integration[4-9-strat_info64-bets_before64-dice_result64-bets_after64]" time="0.001" /><testcase classname="tests.integration.test_hammerlock_integration" name="test_hammerlock_integration[4-10-strat_info65-bets_before65-dice_result65-bets_after65]" time="0.001" /><testcase classname="tests.integration.test_hammerlock_integration" name="test_hammerlock_integration[4-10-strat_info66-bets_before66-dice_result66-bets_after66]" time="0.001" /><testcase classname="tests.integration.test_hammerlock_integration" name="test_hammerlock_integration[4-10-strat_info67-bets_before67-dice_result67-bets_after67]" time="0.001" /><testcase classname="tests.integration.test_hammerlock_integration" name="test_hammerlock_integration[4-11-strat_info68-bets_before68-dice_result68-bets_after68]" time="0.001" /><testcase classname="tests.integration.test_hammerlock_integration" name="test_hammerlock_integration[4-11-strat_info69-bets_before69-dice_result69-bets_after69]" time="0.001" /><testcase classname="tests.integration.test_hammerlock_integration" name="test_hammerlock_integration[4-12-strat_info70-bets_before70-dice_result70-bets_after70]" time="0.001" /><testcase classname="tests.integration.test_hammerlock_integration" name="test_hammerlock_integration[5-3-strat_info71-bets_before71-dice_result71-bets_after71]" time="0.001" /><testcase classname="tests.integration.test_hammerlock_integration" name="test_hammerlock_integration[5-4-strat_info72-bets_before72-dice_result72-bets_after72]" time="0.001" /><testcase classname="tests.integration.test_hammerlock_integration" name="test_hammerlock_integration[5-5-strat_info73-bets_before73-dice_result73-bets_after73]" time="0.001" /><testcase classname="tests.integration.test_hammerlock_integration" name="test_hammerlock_integration[5-5-strat_info74-bets_before74-dice_result74-bets_after74]" time="0.001" /><testcase classname="tests.integration.test_hammerlock_integration" name="test_hammerlock_integration[5-5-strat_info75-bets_before75-dice_result75-bets_after75]" time="0.001" /><testcase classname="tests.integration.test_hammerlock_integration" name="test_hammerlock_integration[5-5-strat_info76-bets_before76-dice_result76-bets_after76]" time="0.001" /><testcase classname="tests.integration.test_hammerlock_integration" name="test_hammerlock_integration[5-6-strat_info77-bets_before77-dice_result77-bets_after77]" time="0.001" /><testcase classname="tests.integration.test_hammerlock_integration" name="test_hammerlock_integration[5-8-strat_info78-bets_before78-dice_result78-bets_after78]" time="0.001" /><testcase classname="tests.integration.test_hammerlock_integration" name="test_hammerlock_integration[5-8-strat_info79-bets_before79-dice_result79-bets_after79]" time="0.001" /><testcase classname="tests.integration.test_hammerlock_integration" name="test_hammerlock_integration[5-9-strat_info80-bets_before80-dice_result80-bets_after80]" time="0.001" /><testcase classname="tests.integration.test_hammerlock_integration" name="test_hammerlock_integration[5-9-strat_info81-bets_before81-dice_result81-bets_after81]" time="0.001" /><testcase classname="tests.integration.test_hammerlock_integration" name="test_hammerlock_integration[5-9-strat_info82-bets_before82-dice_result82-bets_after82]" time="0.001" /><testcase classname="tests.integration.test_hammerlock_integration" name="test_hammerlock_integration[5-10-strat_info83-bets_before83-dice_result83-bets_after83]" time="0.001" /><testcase classname="tests.integration.test_hammerlock_integration" name="test_hammerlock_integration[5-10-strat_info84-bets_before84-dice_result84-bets_after84]" time="0.001" /><testcase classname="tests.integration.test_hammerlock_integration" name="test_hammerlock_integration[5-11-strat_info85-bets_before85-dice_result85-bets_after85]" time="0.001" /><testcase classname="tests.integration.test_hammerlock_integration" name="test_hammerlock_integration[5-11-strat_info86-bets_before86-dice_result86-bets_after86]" time="0.001" /><testcase classname="tests.integration.test_hammerlock_integration" name="test_hammerlock_integration[5-12-strat_info87-bets_before87-dice_result87-bets_after87]" time="0.001" /><testcase classname="tests.integration.test_hammerlock_integration" name="test_hammerlock_integration[5-12-strat_info88-bets_before88-dice_result88-bets_after88]" time="0.001" /><testcase classname="tests.integration.test_hammerlock_integration" name="test_hammerlock_integration[6-2-strat_info89-bets_before89-dice_result89-bets_after89]" time="0.001" /><testcase classname="tests.integration.test_hammerlock_integration" name="test_hammerlock_integration[6-2-strat_info90-bets_before90-dice_result90-bets_after90]" time="0.001" /><testcase classname="tests.integration.test_hammerlock_integration" name="test_hammerlock_integration[6-3-strat_info91-bets_before91-dice_result91-bets_after91]" time="0.001" /><testcase classname="tests.integration.test_hammerlock_integration" name="test_hammerlock_integration[6-3-strat_info92-bets_before92-dice_result92-bets_after92]" time="0.001" /><testcase classname="tests.integration.test_hammerlock_integration" name="test_hammerlock_integration[6-4-strat_info93-bets_before93-dice_result93-bets_after93]" time="0.001" /><testcase classname="tests.integration.test_hammerlock_integration" name="test_hammerlock_integration[6-4-strat_info94-bets_before94-dice_result94-bets_after94]" time="0.001" /><testcase classname="tests.integration.test_hammerlock_integration" name="test_hammerlock_integration[6-4-strat_info95-bets_before95-dice_result95-bets_after95]" time="0.001" /><testcase classname="tests.integration.test_hammerlock_integration" name="test_hammerlock_integration[6-5-strat_info96-bets_before96-dice_result96-bets_after96]" time="0.001" /><testcase classname="tests.integration.test_hammerlock_integration" name="test_hammerlock_integration[6-5-strat_info97-bets_before97-dice_result97-bets_after97]" time="0.001" /><testcase classname="tests.integration.test_hammerlock_integration" name="test_hammerlock_integration[6-5-strat_info98-bets_before98-dice_result98-bets_after98]" time="0.001" /><testcase classname="tests.integration.test_hammerlock_integration" name="test_hammerlock_integration[6-5-strat_info99-bets_before99-dice_result99-bets_after99]" time="0.001" /><testcase classname="tests.integration.test_hammerlock_integration" name="test_hammerlock_integration[6-5-strat_info100-bets_before100-dice_result100-bets_after100]" time="0.001" /><testcase classname="tests.integration.test_hammerlock_integration" name="test_hammerlock_integration[6-5-strat_info101-bets_before101-dice_result101-bets_after101]" time="0.001" /><testcase classname="tests.integration.test_hammerlock_integration" name="test_hammerlock_integration[6-6-strat_info102-bets_before102-dice_result102-bets_after102]" time="0.001" /><testcase classname="tests.integration.test_hammerlock_integration" name="test_hammerlock_integration[6-6-strat_info103-bets_before103-dice_result103-bets_after103]" time="0.001" /><testcase classname="tests.integration.test_hammerlock_integration" name="test_hammerlock_integration[6-6-strat_info104-bets_before104-dice_result104-bets_after104]" time="0.001" /><testcase classname="tests.integration.test_hammerlock_integration" name="test_hammerlock_integration[6-6-strat_info105-bets_before105-dice_result105-bets_after105]" time="0.001" /><testcase classname="tests.integration.test_hammerlock_integration" name="test_hammerlock_integration[6-6-strat_info106-bets_before106-dice_result106-bets_after106]" time="0.001" /><testcase classname="tests.integration.test_hammerlock_integration" name="test_hammerlock_integration[6-8-strat_info107-bets_before107-dice_result107-bets_after107]" time="0.001" /><testcase classname="tests.integration.test_hammerlock_integration" name="test_hammerlock_integration[6-8-strat_info108-bets_before108-dice_result108-bets_after108]" time="0.001" /><testcase classname="tests.integration.test_hammerlock_integration" name="test_hammerlock_integration[6-8-strat_info109-bets_before109-dice_result109-bets_after109]" time="0.001" /><testcase classname="tests.integration.test_hammerlock_integration" name="test_hammerlock_integration[6-8-strat_info110-bets_before110-dice_result110-bets_after110]" time="0.001" /><testcase classname="tests.integration.test_hammerlock_integration" name="test_hammerlock_integration[6-8-strat_info111-bets_before111-dice_result111-bets_after111]" time="0.001" /><testcase classname="tests.integration.test_hammerlock_integration" name="test_hammerlock_integration[6-9-strat_info112-bets_before112-dice_result112-bets_after112]" time="0.001" /><testcase classname="tests.integration.test_hammerlock_integration" name="test_hammerlock_integration[6-9-strat_info113-bets_before113-dice_result113-bets_after113]" time="0.001" /><testcase classname="tests.integration.test_hammerlock_integration" name="test_hammerlock_integration[6-9-strat_info114-bets_before114-dice_result114-bets_after114]" time="0.001" /><testcase classname="tests.integration.test_hammerlock_integration" name="test_hammerlock_integration[6-9-strat_info115-bets_before115-dice_result115-bets_after115]" time="0.001" /><testcase classname="tests.integration.test_hammerlock_integration" name="test_hammerlock_integration[6-10-strat_info116-bets_before116-dice_result116-bets_after116]" time="0.001" /><testcase classname="tests.integration.test_hammerlock_integration" name="test_hammerlock_integration[6-10-strat_info117-bets_before117-dice_result117-bets_after117]" time="0.001" /><testcase classname="tests.integration.test_hammerlock_integration" name="test_hammerlock_integration[6-10-strat_info118-bets_before118-dice_result118-bets_after118]" time="0.001" /><testcase classname="tests.integration.test_hammerlock_integration" name="test_hammerlock_integration[6-11-strat_info119-bets_before119-dice_result119-bets_after119]" time="0.001" /><testcase classname="tests.integration.test_hammerlock_integration" name="test_hammerlock_integration[6-12-strat_info120-bets_before120-dice_result120-bets_after120]" time="0.001" /><testcase classname="tests.integration.test_hammerlock_integration" name="test_hammerlock_integration[8-2-strat_info121-bets_before121-dice_result121-bets_after121]" time="0.001" /><testcase classname="tests.integration.test_hammerlock_integration" name="test_hammerlock_integration[8-2-strat_info122-bets_before122-dice_result122-bets_after122]" time="0.001" /><testcase classname="tests.integration.test_hammerlock_integration" name="test_hammerlock_integration[8-3-strat_info123-bets_before123-dice_result123-bets_after123]" time="0.001" /><testcase classname="tests.integration.test_hammerlock_integration" name="test_hammerlock_integration[8-3-strat_info124-bets_before124-dice_result124-bets_after124]" time="0.001" /><testcase classname="tests.integration.test_hammerlock_integration" name="test_hammerlock_integration[8-4-strat_info125-bets_before125-dice_result125-bets_after125]" time="0.001" /><testcase classname="tests.integration.test_hammerlock_integration" name="test_hammerlock_integration[8-4-strat_info126-bets_before126-dice_result126-bets_after126]" time="0.001" /><testcase classname="tests.integration.test_hammerlock_integration" name="test_hammerlock_integration[8-5-strat_info127-bets_before127-dice_result127-bets_after127]" time="0.001" /><testcase classname="tests.integration.test_hammerlock_integration" name="test_hammerlock_integration[8-5-strat_info128-bets_before128-dice_result128-bets_after128]" time="0.001" /><testcase classname="tests.integration.test_hammerlock_integration" name="test_hammerlock_integration[8-5-strat_info129-bets_before129-dice_result129-bets_after129]" time="0.001" /><testcase classname="tests.integration.test_hammerlock_integration" name="test_hammerlock_integration[8-5-strat_info130-bets_before130-dice_result130-bets_after130]" time="0.001" /><testcase classname="tests.integration.test_hammerlock_integration" name="test_hammerlock_integration[8-6-strat_info131-bets_before131-dice_result131-bets_after131]" time="0.001" /><testcase classname="tests.integration.test_hammerlock_integration" name="test_hammerlock_integration[8-8-strat_info132-bets_before132-dice_result132-bets_after132]" time="0.001" /><testcase classname="tests.integration.test_hammerlock_integration" name="test_hammerlock_integration[8-8-strat_info133-bets_before133-dice_result133-bets_after133]" time="0.001" /><testcase classname="tests.integration.test_hammerlock_integration" name="test_hammerlock_integration[8-8-strat_info134-bets_before134-dice_result134-bets_after134]" time="0.001" /><testcase classname="tests.integration.test_hammerlock_integration" name="test_hammerlock_integration[8-8-strat_info135-bets_before135-dice_result135-bets_after135]" time="0.001" /><testcase classname="tests.integration.test_hammerlock_integration" name="test_hammerlock_integration[8-8-strat_info136-bets_before136-dice_result136-bets_after136]" time="0.001" /><testcase classname="tests.integration.test_hammerlock_integration" name="test_hammerlock_integration[8-9-strat_info137-bets_before137-dice_result137-bets_after137]" time="0.001" /><testcase classname="tests.integration.test_hammerlock_integration" name="test_hammerlock_integration[8-9-strat_info138-bets_before138-dice_result138-bets_after138]" time="0.001" /><testcase classname="tests.integration.test_hammerlock_integration" name="test_hammerlock_integration[8-9-strat_info139-bets_before139-dice_result139-bets_after139]" time="0.001" /><testcase classname="tests.integration.test_hammerlock_integration" name="test_hammerlock_integration[8-10-strat_info140-bets_before140-dice_result140-bets_after140]" time="0.001" /><testcase classname="tests.integration.test_hammerlock_integration" name="test_hammerlock_integration[8-10-strat_info141-bets_before141-dice_result141-bets_after141]" time="0.001" /><testcase classname="tests.integration.test_hammerlock_integration" name="test_hammerlock_integration[8-11-strat_info142-bets_before142-dice_result142-bets_after142]" time="0.001" /><testcase classname="tests.integration.test_hammerlock_integration" name="test_hammerlock_integration[8-11-strat_info143-bets_before143-dice_result143-bets_after143]" time="0.001" /><testcase classname="tests.integration.test_hammerlock_integration" name="test_hammerlock_integration[8-12-strat_info144-bets_before144-dice_result144-bets_after144]" time="0.001" /><testcase classname="tests.integration.test_hammerlock_integration" name="test_hammerlock_integration[9-2-strat_info145-bets_before145-dice_result145-bets_after145]" time="0.001" /><testcase classname="tests.integration.test_hammerlock_integration" name="test_hammerlock_integration[9-3-strat_info146-bets_before146-dice_result146-bets_after146]" time="0.001" /><testcase classname="tests.integration.test_hammerlock_integration" name="test_hammerlock_integration[9-4-strat_info147-bets_before147-dice_result147-bets_after147]" time="0.001" /><testcase classname="tests.integration.test_hammerlock_integration" name="test_hammerlock_integration[9-5-strat_info148-bets_before148-dice_result148-bets_after148]" time="0.001" /><testcase classname="tests.integration.test_hammerlock_integration" name="test_hammerlock_integration[9-5-strat_info149-bets_before149-dice_result149-bets_after149]" time="0.001" /><testcase classname="tests.integration.test_hammerlock_integration" name="test_hammerlock_integration[9-5-strat_info150-bets_before150-dice_result150-bets_after150]" time="0.001" /><testcase classname="tests.integration.test_hammerlock_integration" name="test_hammerlock_integration[9-5-strat_info151-bets_before151-dice_result151-bets_after151]" time="0.001" /><testcase classname="tests.integration.test_hammerlock_integration" name="test_hammerlock_integration[9-6-strat_info152-bets_before152-dice_result152-bets_after152]" time="0.001" /><testcase classname="tests.integration.test_hammerlock_integration" name="test_hammerlock_integration[9-6-strat_info153-bets_before153-dice_result153-bets_after153]" time="0.001" /><testcase classname="tests.integration.test_hammerlock_integration" name="test_hammerlock_integration[9-6-strat_info154-bets_before154-dice_result154-bets_after154]" time="0.001" /><testcase classname="tests.integration.test_hammerlock_integration" name="test_hammerlock_integration[9-8-strat_info155-bets_before155-dice_result155-bets_after155]" time="0.001" /><testcase classname="tests.integration.test_hammerlock_integration" name="test_hammerlock_integration[9-8-strat_info156-bets_before156-dice_result156-bets_after156]" time="0.001" /><testcase classname="tests.integration.test_hammerlock_integration" name="test_hammerlock_integration[9-9-strat_info157-bets_before157-dice_result157-bets_after157]" time="0.001" /><testcase classname="tests.integration.test_hammerlock_integration" name="test_hammerlock_integration[9-9-strat_info158-bets_before158-dice_result158-bets_after158]" time="0.001" /><testcase classname="tests.integration.test_hammerlock_integration" name="test_hammerlock_integration[9-9-strat_info159-bets_before159-dice_result159-bets_after159]" time="0.001" /><testcase classname="tests.integration.test_hammerlock_integration" name="test_hammerlock_integration[9-9-strat_info160-bets_before160-dice_result160-bets_after160]" time="0.001" /><testcase classname="tests.integration.test_hammerlock_integration" name="test_hammerlock_integration[9-12-strat_info161-bets_before161-dice_result161-bets_after161]" time="0.001" /><testcase classname="tests.integration.test_hammerlock_integration" name="test_hammerlock_integration[10-4-strat_info162-bets_before162-dice_result162-bets_after162]" time="0.001" /><testcase classname="tests.integration.test_hammerlock_integration" name="test_hammerlock_integration[10-8-strat_info163-bets_before163-dice_result163-bets_after163]" time="0.001" /><testcase classname="tests.integration.test_hammerlock_integration" name="test_hammerlock_integration[10-8-strat_info164-bets_before164-dice_result164-bets_after164]" time="0.001" /><testcase classname="tests.integration.test_hammerlock_integration" name="test_hammerlock_integration[10-9-strat_info165-bets_before165-dice_result165-bets_after165]" time="0.001" /><testcase classname="tests.integration.test_hammerlock_integration" name="test_hammerlock_integration[10-9-strat_info166-bets_before166-dice_result166-bets_after166]" time="0.001" /><testcase classname="tests.integration.test_hammerlock_integration" name="test_hammerlock_integration[10-9-strat_info167-bets_before167-dice_result167-bets_after167]" time="0.001" /><testcase classname="tests.integration.test_hammerlock_integration" name="test_hammerlock_integration[10-10-strat_info168-bets_before168-dice_result168-bets_after168]" time="0.001" /><testcase classname="tests.integration.test_hammerlock_integration" name="test_hammerlock_integration[10-10-strat_info169-bets_before169-dice_result169-bets_after169]" time="0.001" /><testcase classname="tests.integration.test_hammerlock_integration" name="test_hammerlock_integration[10-10-strat_info170-bets_before170-dice_result170-bets_after170]" time="0.001" /><testcase classname="tests.integration.test_hammerlock_integration" name="test_hammerlock_integration[10-11-strat_info171-bets_before171-dice_result171-bets_after171]" time="0.001" /><testcase classname="tests.integration.test_hammerlock_integration" name="test_hammerlock_integration[10-11-strat_info172-bets_before172-dice_result172-bets_after172]" time="0.001" /><testcase classname="tests.integration.test_hammerlock_integration" name="test_hammerlock_integration[10-12-strat_info173-bets_before173-dice_result173-bets_after173]" time="0.001" /><testcase classname="tests.integration.test_ironcross_integration" name="test_ironcross_integration[None-None-None-bets_before0-None-bets_after0]" time="0.001" /><testcase classname="tests.integration.test_ironcross_integration" name="test_ironcross_integration[None-2-None-bets_before1-dice_result1-bets_after1]" time="0.001" /><testcase classname="tests.integration.test_ironcross_integration" name="test_ironcross_integration[None-3-None-bets_before2-dice_result2-bets_after2]" time="0.001" /><testcase classname="tests.integration.test_ironcross_integration" name="test_ironcross_integration[None-3-None-bets_before3-dice_result3-bets_after3]" time="0.001" /><testcase classname="tests.integration.test_ironcross_integration" name="test_ironcross_integration[None-4-None-bets_before4-dice_result4-bets_after4]" time="0.001" /><testcase classname="tests.integration.test_ironcross_integration" name="test_ironcross_integration[None-5-None-bets_before5-dice_result5-bets_after5]" time="0.001" /><testcase classname="tests.integration.test_ironcross_integration" name="test_ironcross_integration[None-5-None-bets_before6-dice_result6-bets_after6]" time="0.002" /><testcase classname="tests.integration.test_ironcross_integration" name="test_ironcross_integration[None-6-None-bets_before7-dice_result7-bets_after7]" time="0.001" /><testcase classname="tests.integration.test_ironcross_integration" name="test_ironcross_integration[None-6-None-bets_before8-dice_result8-bets_after8]" time="0.001" /><testcase classname="tests.integration.test_ironcross_integration" name="test_ironcross_integration[None-6-None-bets_before9-dice_result9-bets_after9]" time="0.001" /><testcase classname="tests.integration.test_ironcross_integration" name="test_ironcross_integration[None-6-None-bets_before10-dice_result10-bets_after10]" time="0.001" /><testcase classname="tests.integration.test_ironcross_integration" name="test_ironcross_integration[None-6-None-bets_before11-dice_result11-bets_after11]" time="0.001" /><testcase classname="tests.integration.test_ironcross_integration" name="test_ironcross_integration[None-6-None-bets_before12-dice_result12-bets_after12]" time="0.001" /><testcase classname="tests.integration.test_ironcross_integration" name="test_ironcross_integration[None-7-None-bets_before13-dice_result13-bets_after13]" time="0.001" /><testcase classname="tests.integration.test_ironcross_integration" name="test_ironcross_integration[None-7-None-bets_before14-dice_result14-bets_after14]" time="0.001" /><testcase classname="tests.integration.test_ironcross_integration" name="test_ironcross_integration[None-7-None-bets_before15-dice_result15-bets_after15]" time="0.001" /><testcase classname="tests.integration.test_ironcross_integration" name="test_ironcross_integration[None-7-None-bets_before16-dice_result16-bets_after16]" time="0.001" /><testcase classname="tests.integration.test_ironcross_integration" name="test_ironcross_integration[None-7-None-bets_before17-dice_result17-bets_after17]" time="0.001" /><testcase classname="tests.integration.test_ironcross_integration" name="test_ironcross_integration[None-7-None-bets_before18-dice_result18-bets_after18]" time="0.001" /><testcase classname="tests.integration.test_ironcross_integration" name="test_ironcross_integration[None-8-None-bets_before19-dice_result19-bets_after19]" time="0.001" /><testcase classname="tests.integration.test_ironcross_integration" name="test_ironcross_integration[None-8-None-bets_before20-dice_result20-bets_after20]" time="0.001" /><testcase classname="tests.integration.test_ironcross_integration" name="test_ironcross_integration[None-8-None-bets_before21-dice_result21-bets_after21]" time="0.001" /><testcase classname="tests.integration.test_ironcross_integration" name="test_ironcross_integration[None-9-None-bets_before22-dice_result22-bets_after22]" time="0.001" /><testcase classname="tests.integration.test_ironcross_integration" name="test_ironcross_integration[None-9-None-bets_before23-dice_result23-bets_after23]" time="0.001" /><testcase classname="tests.integration.test_ironcross_integration" name="test_ironcross_integration[None-9-None-bets_before24-dice_result24-bets_after24]" time="0.001" /><testcase classname="tests.integration.test_ironcross_integration" name="test_ironcross_integration[None-9-None-bets_before25-dice_result25-bets_after25]" time="0.001" /><testcase classname="tests.integration.test_ironcross_integration" name="test_ironcross_integration[None-9-None-bets_before26-dice_result26-bets_after26]" time="0.001" /><testcase classname="tests.integration.test_ironcross_integration" name="test_ironcross_integration[None-9-None-bets_before27-dice_result27-bets_after27]" time="0.001" /><testcase classname="tests.integration.test_ironcross_integration" name="test_ironcross_integration[None-11-None-bets_before28-dice_result28-bets_after28]" time="0.001" /><testcase classname="tests.integration.test_ironcross_integration" name="test_ironcross_integration[None-11-None-bets_before29-dice_result29-bets_after29]" time="0.001" /><testcase classname="tests.integration.test_ironcross_integration" name="test_ironcross_integration[None-11-None-bets_before30-dice_result30-bets_after30]" time="0.001" /><testcase classname="tests.integration.test_ironcross_integration" name="test_ironcross_integration[None-11-None-bets_before31-dice_result31-bets_after31]" time="0.001" /><testcase classname="tests.integration.test_ironcross_integration" name="test_ironcross_integration[None-11-None-bets_before32-dice_result32-bets_after32]" time="0.001" /><testcase classname="tests.integration.test_ironcross_integration" name="test_ironcross_integration[None-12-None-bets_before33-dice_result33-bets_after33]" time="0.001" /><testcase classname="tests.integration.test_ironcross_integration" name="test_ironcross_integration[4-2-None-bets_before34-dice_result34-bets_after34]" time="0.001" /><testcase classname="tests.integration.test_ironcross_integration" name="test_ironcross_integration[4-3-None-bets_before35-dice_result35-bets_after35]" time="0.001" /><testcase classname="tests.integration.test_ironcross_integration" name="test_ironcross_integration[4-3-None-bets_before36-dice_result36-bets_after36]" time="0.001" /><testcase classname="tests.integration.test_ironcross_integration" name="test_ironcross_integration[4-3-None-bets_before37-dice_result37-bets_after37]" time="0.001" /><testcase classname="tests.integration.test_ironcross_integration" name="test_ironcross_integration[4-4-None-bets_before38-dice_result38-bets_after38]" time="0.001" /><testcase classname="tests.integration.test_ironcross_integration" name="test_ironcross_integration[4-4-None-bets_before39-dice_result39-bets_after39]" time="0.001" /><testcase classname="tests.integration.test_ironcross_integration" name="test_ironcross_integration[4-4-None-bets_before40-dice_result40-bets_after40]" time="0.001" /><testcase classname="tests.integration.test_ironcross_integration" name="test_ironcross_integration[4-4-None-bets_before41-dice_result41-bets_after41]" time="0.001" /><testcase classname="tests.integration.test_ironcross_integration" name="test_ironcross_integration[4-4-None-bets_before42-dice_result42-bets_after42]" time="0.001" /><testcase classname="tests.integration.test_ironcross_integration" name="test_ironcross_integration[4-4-None-bets_before43-dice_result43-bets_after43]" time="0.001" /><testcase classname="tests.integration.test_ironcross_integration" name="test_ironcross_integration[4-5-None-bets_before44-dice_result44-bets_after44]" time="0.001" /><testcase classname="tests.integration.test_ironcross_integration" name="test_ironcross_integration[4-5-None-bets_before45-dice_result45-bets_after45]" time="0.001" /><testcase classname="tests.integration.test_ironcross_integration" name="test_ironcross_integration[4-5-None-bets_before46-dice_result46-bets_after46]" time="0.001" /><testcase classname="tests.integration.test_ironcross_integration" name="test_ironcross_integration[4-5-None-bets_before47-dice_result47-bets_after47]" time="0.001" /><testcase classname="tests.integration.test_ironcross_integration" name="test_ironcross_integration[4-6-None-bets_before48-dice_result48-bets_after48]" time="0.001" /><testcase classname="tests.integration.test_ironcross_integration" name="test_ironcross_integration[4-6-None-bets_before49-dice_result49-bets_after49]" time="0.001" /><testcase classname="tests.integration.test_ironcross_integration" name="test_ironcross_integration[4-6-None-bets_before50-dice_result50-bets_after50]" time="0.001" /><testcase classname="tests.integration.test_ironcross_integration" name="test_ironcross_integration[4-6-None-bets_before51-dice_result51-bets_after51]" time="0.001" /><testcase classname="tests.integration.test_ironcross_integration" name="test_ironcross_integration[4-8-None-bets_before52-dice_result52-bets_after52]" time="0.001" /><testcase classname="tests.integration.test_ironcross_integration" name="test_ironcross_integration[4-8-None-bets_before53-dice_result53-bets_after53]" time="0.001" /><testcase classname="tests.integration.test_ironcross_integration" name="test_ironcross_integration[4-8-None-bets_before54-dice_result54-bets_after54]" time="0.001" /><testcase classname="tests.integration.test_ironcross_integration" name="test_ironcross_integration[4-8-None-bets_before55-dice_result55-bets_after55]" time="0.001" /><testcase classname="tests.integration.test_ironcross_integration" name="test_ironcross_integration[4-9-None-bets_before56-dice_result56-bets_after56]" time="0.001" /><testcase classname="tests.integration.test_ironcross_integration" name="test_ironcross_integration[4-9-None-bets_before57-dice_result57-bets_after57]" time="0.001" /><testcase classname="tests.integration.test_ironcross_integration" name="test_ironcross_integration[4-9-None-bets_before58-dice_result58-bets_after58]" time="0.001" /><testcase classname="tests.integration.test_ironcross_integration" name="test_ironcross_integration[4-9-None-bets_before59-dice_result59-bets_after59]" time="0.001" /><testcase classname="tests.integration.test_ironcross_integration" name="test_ironcross_integration[4-10-None-bets_before60-dice_result60-bets_after60]" time="0.001" /><testcase classname="tests.integration.test_ironcross_integration" name="test_ironcross_integration[4-10-None-bets_before61-dice_result61-bets_after61]" time="0.001" /><testcase classname="tests.integration.test_ironcross_integration" name="test_ironcross_integration[4-10-None-bets_before62-dice_result62-bets_after62]" time="0.001" /><testcase classname="tests.integration.test_ironcross_integration" name="test_ironcross_integration[4-10-None-bets_before63-dice_result63-bets_after63]" time="0.001" /><testcase classname="tests.integration.test_ironcross_integration" name="test_ironcross_integration[4-11-None-bets_before64-dice_result64-bets_after64]" time="0.001" /><testcase classname="tests.integration.test_ironcross_integration" name="test_ironcross_integration[4-12-None-bets_before65-dice_result65-bets_after65]" time="0.001" /><testcase classname="tests.integration.test_ironcross_integration" name="test_ironcross_integration[5-2-None-bets_before66-dice_result66-bets_after66]" time="0.001" /><testcase classname="tests.integration.test_ironcross_integration" name="test_ironcross_integration[5-2-None-bets_before67-dice_result67-bets_after67]" time="0.001" /><testcase classname="tests.integration.test_ironcross_integration" name="test_ironcross_integration[5-3-None-bets_before68-dice_result68-bets_after68]" time="0.001" /><testcase classname="tests.integration.test_ironcross_integration" name="test_ironcross_integration[5-3-None-bets_before69-dice_result69-bets_after69]" time="0.001" /><testcase classname="tests.integration.test_ironcross_integration" name="test_ironcross_integration[5-4-None-bets_before70-dice_result70-bets_after70]" time="0.001" /><testcase classname="tests.integration.test_ironcross_integration" name="test_ironcross_integration[5-4-None-bets_before71-dice_result71-bets_after71]" time="0.001" /><testcase classname="tests.integration.test_ironcross_integration" name="test_ironcross_integration[5-4-None-bets_before72-dice_result72-bets_after72]" time="0.001" /><testcase classname="tests.integration.test_ironcross_integration" name="test_ironcross_integration[5-4-None-bets_before73-dice_result73-bets_after73]" time="0.001" /><testcase classname="tests.integration.test_ironcross_integration" name="test_ironcross_integration[5-4-None-bets_before74-dice_result74-bets_after74]" time="0.001" /><testcase classname="tests.integration.test_ironcross_integration" name="test_ironcross_integration[5-5-None-bets_before75-dice_result75-bets_after75]" time="0.001" /><testcase classname="tests.integration.test_ironcross_integration" name="test_ironcross_integration[5-5-None-bets_before76-dice_result76-bets_after76]" time="0.001" /><testcase classname="tests.integration.test_ironcross_integration" name="test_ironcross_integration[5-5-None-bets_before77-dice_result77-bets_after77]" time="0.001" /><testcase classname="tests.integration.test_ironcross_integration" name="test_ironcross_integration[5-5-None-bets_before78-dice_result78-bets_after78]" time="0.001" /><testcase classname="tests.integration.test_ironcross_integration" name="test_ironcross_integration[5-5-None-bets_before79-dice_result79-bets_after79]" time="0.001" /><testcase classname="tests.integration.test_ironcross_integration" name="test_ironcross_integration[5-6-None-bets_before80-dice_result80-bets_after80]" time="0.001" /><testcase classname="tests.integration.test_ironcross_integration" name="test_ironcross_integration[5-6-None-bets_before81-dice_result81-bets_after81]" time="0.001" /><testcase classname="tests.integration.test_ironcross_integration" name="test_ironcross_integration[5-8-None-bets_before82-dice_result82-bets_after82]" time="0.001" /><testcase classname="tests.integration.test_ironcross_integration" name="test_ironcross_integration[5-8-None-bets_before83-dice_result83-bets_after83]" time="0.001" /><testcase classname="tests.integration.test_ironcross_integration" name="test_ironcross_integration[5-8-None-bets_before84-dice_result84-bets_after84]" time="0.001" /><testcase classname="tests.integration.test_ironcross_integration" name="test_ironcross_integration[5-9-None-bets_before85-dice_result85-bets_after85]" time="0.001" /><testcase classname="tests.integration.test_ironcross_integration" name="test_ironcross_integration[5-9-None-bets_before86-dice_result86-bets_after86]" time="0.001" /><testcase classname="tests.integration.test_ironcross_integration" name="test_ironcross_integration[5-9-None-bets_before87-dice_result87-bets_after87]" time="0.001" /><testcase classname="tests.integration.test_ironcross_integration" name="test_ironcross_integration[5-9-None-bets_before88-dice_result88-bets_after88]" time="0.001" /><testcase classname="tests.integration.test_ironcross_integration" name="test_ironcross_integration[5-9-None-bets_before89-dice_result89-bets_after89]" time="0.001" /><testcase classname="tests.integration.test_ironcross_integration" name="test_ironcross_integration[5-10-None-bets_before90-dice_result90-bets_after90]" time="0.001" /><testcase classname="tests.integration.test_ironcross_integration" name="test_ironcross_integration[5-10-None-bets_before91-dice_result91-bets_after91]" time="0.001" /><testcase classname="tests.integration.test_ironcross_integration" name="test_ironcross_integration[5-10-None-bets_before92-dice_result92-bets_after92]" time="0.001" /><testcase classname="tests.integration.test_ironcross_integration" name="test_ironcross_integration[5-11-None-bets_before93-dice_result93-bets_after93]" time="0.001" /><testcase classname="tests.integration.test_ironcross_integration" name="test_ironcross_integration[5-11-None-bets_before94-dice_result94-bets_after94]" time="0.001" /><testcase classname="tests.integration.test_ironcross_integration" name="test_ironcross_integration[5-11-None-bets_before95-dice_result95-bets_after95]" time="0.001" /><testcase classname="tests.integration.test_ironcross_integration" name="test_ironcross_integration[5-12-None-bets_before96-dice_result96-bets_after96]" time="0.001" /><testcase classname="tests.integration.test_ironcross_integration" name="test_ironcross_integration[6-2-None-bets_before97-dice_result97-bets_after97]" time="0.001" /><testcase classname="tests.integration.test_ironcross_integration" name="test_ironcross_integration[6-2-None-bets_before98-dice_result98-bets_after98]" time="0.001" /><testcase classname="tests.integration.test_ironcross_integration" name="test_ironcross_integration[6-3-None-bets_before99-dice_result99-bets_after99]" time="0.001" /><testcase classname="tests.integration.test_ironcross_integration" name="test_ironcross_integration[6-3-None-bets_before100-dice_result100-bets_after100]" time="0.001" /><testcase classname="tests.integration.test_ironcross_integration" name="test_ironcross_integration[6-3-None-bets_before101-dice_result101-bets_after101]" time="0.001" /><testcase classname="tests.integration.test_ironcross_integration" name="test_ironcross_integration[6-3-None-bets_before102-dice_result102-bets_after102]" time="0.001" /><testcase classname="tests.integration.test_ironcross_integration" name="test_ironcross_integration[6-4-None-bets_before103-dice_result103-bets_after103]" time="0.001" /><testcase classname="tests.integration.test_ironcross_integration" name="test_ironcross_integration[6-4-None-bets_before104-dice_result104-bets_after104]" time="0.001" /><testcase classname="tests.integration.test_ironcross_integration" name="test_ironcross_integration[6-4-None-bets_before105-dice_result105-bets_after105]" time="0.001" /><testcase classname="tests.integration.test_ironcross_integration" name="test_ironcross_integration[6-4-None-bets_before106-dice_result106-bets_after106]" time="0.001" /><testcase classname="tests.integration.test_ironcross_integration" name="test_ironcross_integration[6-5-None-bets_before107-dice_result107-bets_after107]" time="0.001" /><testcase classname="tests.integration.test_ironcross_integration" name="test_ironcross_integration[6-5-None-bets_before108-dice_result108-bets_after108]" time="0.001" /><testcase classname="tests.integration.test_ironcross_integration" name="test_ironcross_integration[6-5-None-bets_before109-dice_result109-bets_after109]" time="0.001" /><testcase classname="tests.integration.test_ironcross_integration" name="test_ironcross_integration[6-6-None-bets_before110-dice_result110-bets_after110]" time="0.001" /><testcase classname="tests.integration.test_ironcross_integration" name="test_ironcross_integration[6-6-None-bets_before111-dice_result111-bets_after111]" time="0.001" /><testcase classname="tests.integration.test_ironcross_integration" name="test_ironcross_integration[6-6-None-bets_before112-dice_result112-bets_after112]" time="0.001" /><testcase classname="tests.integration.test_ironcross_integration" name="test_ironcross_integration[6-6-None-bets_before113-dice_result113-bets_after113]" time="0.001" /><testcase classname="tests.integration.test_ironcross_integration" name="test_ironcross_integration[6-6-None-bets_before114-dice_result114-bets_after114]" time="0.001" /><testcase classname="tests.integration.test_ironcross_integration" name="test_ironcross_integration[6-6-None-bets_before115-dice_result115-bets_after115]" time="0.001" /><testcase classname="tests.integration.test_ironcross_integration" name="test_ironcross_integration[6-6-None-bets_before116-dice_result116-bets_after116]" time="0.001" /><testcase classname="tests.integration.test_ironcross_integration" name="test_ironcross_integration[6-6-None-bets_before117-dice_result117-bets_after117]" time="0.001" /><testcase classname="tests.integration.test_ironcross_integration" name="test_ironcross_integration[6-6-None-bets_before118-dice_result118-bets_after118]" time="0.001" /><testcase classname="tests.integration.test_ironcross_integration" name="test_ironcross_integration[6-6-None-bets_before119-dice_result119-bets_after119]" time="0.001" /><testcase classname="tests.integration.test_ironcross_integration" name="test_ironcross_integration[6-6-None-bets_before120-dice_result120-bets_after120]" time="0.001" /><testcase classname="tests.integration.test_ironcross_integration" name="test_ironcross_integration[6-6-None-bets_before121-dice_result121-bets_after121]" time="0.001" /><testcase classname="tests.integration.test_ironcross_integration" name="test_ironcross_integration[6-8-None-bets_before122-dice_result122-bets_after122]" time="0.001" /><testcase classname="tests.integration.test_ironcross_integration" name="test_ironcross_integration[6-8-None-bets_before123-dice_result123-bets_after123]" time="0.001" /><testcase classname="tests.integration.test_ironcross_integration" name="test_ironcross_integration[6-8-None-bets_before124-dice_result124-bets_after124]" time="0.001" /><testcase classname="tests.integration.test_ironcross_integration" name="test_ironcross_integration[6-8-None-bets_before125-dice_result125-bets_after125]" time="0.001" /><testcase classname="tests.integration.test_ironcross_integration" name="test_ironcross_integration[6-8-None-bets_before126-dice_result126-bets_after126]" time="0.001" /><testcase classname="tests.integration.test_ironcross_integration" name="test_ironcross_integration[6-8-None-bets_before127-dice_result127-bets_after127]" time="0.001" /><testcase classname="tests.integration.test_ironcross_integration" name="test_ironcross_integration[6-8-None-bets_before128-dice_result128-bets_after128]" time="0.001" /><testcase classname="tests.integration.test_ironcross_integration" name="test_ironcross_integration[6-9-None-bets_before129-dice_result129-bets_after129]" time="0.001" /><testcase classname="tests.integration.test_ironcross_integration" name="test_ironcross_integration[6-9-None-bets_before130-dice_result130-bets_after130]" time="0.001" /><testcase classname="tests.integration.test_ironcross_integration" name="test_ironcross_integration[6-9-None-bets_before131-dice_result131-bets_after131]" time="0.001" /><testcase classname="tests.integration.test_ironcross_integration" name="test_ironcross_integration[6-10-None-bets_before132-dice_result132-bets_after132]" time="0.001" /><testcase classname="tests.integration.test_ironcross_integration" name="test_ironcross_integration[6-10-None-bets_before133-dice_result133-bets_after133]" time="0.001" /><testcase classname="tests.integration.test_ironcross_integration" name="test_ironcross_integration[6-10-None-bets_before134-dice_result134-bets_after134]" time="0.001" /><testcase classname="tests.integration.test_ironcross_integration" name="test_ironcross_integration[6-11-None-bets_before135-dice_result135-bets_after135]" time="0.001" /><testcase classname="tests.integration.test_ironcross_integration" name="test_ironcross_integration[6-11-None-bets_before136-dice_result136-bets_after136]" time="0.001" /><testcase classname="tests.integration.test_ironcross_integration" name="test_ironcross_integration[6-11-None-bets_before137-dice_result137-bets_after137]" time="0.001" /><testcase classname="tests.integration.test_ironcross_integration" name="test_ironcross_integration[6-11-None-bets_before138-dice_result138-bets_after138]" time="0.001" /><testcase classname="tests.integration.test_ironcross_integration" name="test_ironcross_integration[6-12-None-bets_before139-dice_result139-bets_after139]" time="0.001" /><testcase classname="tests.integration.test_ironcross_integration" name="test_ironcross_integration[8-2-None-bets_before140-dice_result140-bets_after140]" time="0.001" /><testcase classname="tests.integration.test_ironcross_integration" name="test_ironcross_integration[8-2-None-bets_before141-dice_result141-bets_after141]" time="0.001" /><testcase classname="tests.integration.test_ironcross_integration" name="test_ironcross_integration[8-4-None-bets_before142-dice_result142-bets_after142]" time="0.001" /><testcase classname="tests.integration.test_ironcross_integration" name="test_ironcross_integration[8-5-None-bets_before143-dice_result143-bets_after143]" time="0.001" /><testcase classname="tests.integration.test_ironcross_integration" name="test_ironcross_integration[8-5-None-bets_before144-dice_result144-bets_after144]" time="0.001" /><testcase classname="tests.integration.test_ironcross_integration" name="test_ironcross_integration[8-5-None-bets_before145-dice_result145-bets_after145]" time="0.001" /><testcase classname="tests.integration.test_ironcross_integration" name="test_ironcross_integration[8-6-None-bets_before146-dice_result146-bets_after146]" time="0.001" /><testcase classname="tests.integration.test_ironcross_integration" name="test_ironcross_integration[8-8-None-bets_before147-dice_result147-bets_after147]" time="0.001" /><testcase classname="tests.integration.test_ironcross_integration" name="test_ironcross_integration[8-8-None-bets_before148-dice_result148-bets_after148]" time="0.001" /><testcase classname="tests.integration.test_ironcross_integration" name="test_ironcross_integration[8-8-None-bets_before149-dice_result149-bets_after149]" time="0.001" /><testcase classname="tests.integration.test_ironcross_integration" name="test_ironcross_integration[8-8-None-bets_before150-dice_result150-bets_after150]" time="0.001" /><testcase classname="tests.integration.test_ironcross_integration" name="test_ironcross_integration[8-8-None-bets_before151-dice_result151-bets_after151]" time="0.001" /><testcase classname="tests.integration.test_ironcross_integration" name="test_ironcross_integration[8-8-None-bets_before152-dice_result152-bets_after152]" time="0.001" /><testcase classname="tests.integration.test_ironcross_integration" name="test_ironcross_integration[8-8-None-bets_before153-dice_result153-bets_after153]" time="0.001" /><testcase classname="tests.integration.test_ironcross_integration" name="test_ironcross_integration[8-9-None-bets_before154-dice_result154-bets_after154]" time="0.001" /><testcase classname="tests.integration.test_ironcross_integration" name="test_ironcross_integration[8-10-None-bets_before155-dice_result155-bets_after155]" time="0.001" /><testcase classname="tests.integration.test_ironcross_integration" name="test_ironcross_integration[8-10-None-bets_before156-dice_result156-bets_after156]" time="0.001" /><testcase classname="tests.integration.test_ironcross_integration" name="test_ironcross_integration[8-11-None-bets_before157-dice_result157-bets_after157]" time="0.001" /><testcase classname="tests.integration.test_ironcross_integration" name="test_ironcross_integration[9-3-None-bets_before158-dice_result158-bets_after158]" time="0.001" /><testcase classname="tests.integration.test_ironcross_integration" name="test_ironcross_integration[9-3-None-bets_before159-dice_result159-bets_after159]" time="0.001" /><testcase classname="tests.integration.test_ironcross_integration" name="test_ironcross_integration[9-4-None-bets_before160-dice_result160-bets_after160]" time="0.001" /><testcase classname="tests.integration.test_ironcross_integration" name="test_ironcross_integration[9-4-None-bets_before161-dice_result161-bets_after161]" time="0.001" /><testcase classname="tests.integration.test_ironcross_integration" name="test_ironcross_integration[9-5-None-bets_before162-dice_result162-bets_after162]" time="0.001" /><testcase classname="tests.integration.test_ironcross_integration" name="test_ironcross_integration[9-5-None-bets_before163-dice_result163-bets_after163]" time="0.001" /><testcase classname="tests.integration.test_ironcross_integration" name="test_ironcross_integration[9-6-None-bets_before164-dice_result164-bets_after164]" time="0.001" /><testcase classname="tests.integration.test_ironcross_integration" name="test_ironcross_integration[9-6-None-bets_before165-dice_result165-bets_after165]" time="0.001" /><testcase classname="tests.integration.test_ironcross_integration" name="test_ironcross_integration[9-6-None-bets_before166-dice_result166-bets_after166]" time="0.001" /><testcase classname="tests.integration.test_ironcross_integration" name="test_ironcross_integration[9-6-None-bets_before167-dice_result167-bets_after167]" time="0.001" /><testcase classname="tests.integration.test_ironcross_integration" name="test_ironcross_integration[9-6-None-bets_before168-dice_result168-bets_after168]" time="0.001" /><testcase classname="tests.integration.test_ironcross_integration" name="test_ironcross_integration[9-6-None-bets_before169-dice_result169-bets_after169]" time="0.001" /><testcase classname="tests.integration.test_ironcross_integration" name="test_ironcross_integration[9-8-None-bets_before170-dice_result170-bets_after170]" time="0.001" /><testcase classname="tests.integration.test_ironcross_integration" name="test_ironcross_integration[9-8-None-bets_before171-dice_result171-bets_after171]" time="0.001" /><testcase classname="tests.integration.test_ironcross_integration" name="test_ironcross_integration[9-8-None-bets_before172-dice_result172-bets_after172]" time="0.001" /><testcase classname="tests.integration.test_ironcross_integration" name="test_ironcross_integration[9-8-None-bets_before173-dice_result173-bets_after173]" time="0.001" /><testcase classname="tests.integration.test_ironcross_integration" name="test_ironcross_integration[9-8-None-bets_before174-dice_result174-bets_after174]" time="0.001" /><testcase classname="tests.integration.test_ironcross_integration" name="test_ironcross_integration[9-8-None-bets_before175-dice_result175-bets_after175]" time="0.001" /><testcase classname="tests.integration.test_ironcross_integration" name="test_ironcross_integration[9-9-None-bets_before176-dice_result176-bets_after176]" time="0.001" /><testcase classname="tests.integration.test_ironcross_integration" name="test_ironcross_integration[9-9-None-bets_before177-dice_result177-bets_after177]" time="0.001" /><testcase classname="tests.integration.test_ironcross_integration" name="test_ironcross_integration[9-9-None-bets_before178-dice_result178-bets_after178]" time="0.001" /><testcase classname="tests.integration.test_ironcross_integration" name="test_ironcross_integration[9-9-None-bets_before179-dice_result179-bets_after179]" time="0.001" /><testcase classname="tests.integration.test_ironcross_integration" name="test_ironcross_integration[9-9-None-bets_before180-dice_result180-bets_after180]" time="0.001" /><testcase classname="tests.integration.test_ironcross_integration" name="test_ironcross_integration[9-9-None-bets_before181-dice_result181-bets_after181]" time="0.001" /><testcase classname="tests.integration.test_ironcross_integration" name="test_ironcross_integration[9-9-None-bets_before182-dice_result182-bets_after182]" time="0.001" /><testcase classname="tests.integration.test_ironcross_integration" name="test_ironcross_integration[9-9-None-bets_before183-dice_result183-bets_after183]" time="0.001" /><testcase classname="tests.integration.test_ironcross_integration" name="test_ironcross_integration[9-9-None-bets_before184-dice_result184-bets_after184]" time="0.001" /><testcase classname="tests.integration.test_ironcross_integration" name="test_ironcross_integration[9-9-None-bets_before185-dice_result185-bets_after185]" time="0.001" /><testcase classname="tests.integration.test_ironcross_integration" name="test_ironcross_integration[9-10-None-bets_before186-dice_result186-bets_after186]" time="0.001" /><testcase classname="tests.integration.test_ironcross_integration" name="test_ironcross_integration[9-10-None-bets_before187-dice_result187-bets_after187]" time="0.001" /><testcase classname="tests.integration.test_ironcross_integration" name="test_ironcross_integration[9-10-None-bets_before188-dice_result188-bets_after188]" time="0.001" /><testcase classname="tests.integration.test_ironcross_integration" name="test_ironcross_integration[10-6-None-bets_before189-dice_result189-bets_after189]" time="0.001" /><testcase classname="tests.integration.test_ironcross_integration" name="test_ironcross_integration[10-8-None-bets_before190-dice_result190-bets_after190]" time="0.001" /><testcase classname="tests.integration.test_ironcross_integration" name="test_ironcross_integration[10-10-None-bets_before191-dice_result191-bets_after191]" time="0.001" /><testcase classname="tests.integration.test_ironcross_integration" name="test_ironcross_integration[10-10-None-bets_before192-dice_result192-bets_after192]" time="0.001" /><testcase classname="tests.integration.test_knockout_integration" name="test_knockout_integration[None-None-None-bets_before0-None-bets_after0]" time="0.001" /><testcase classname="tests.integration.test_knockout_integration" name="test_knockout_integration[None-2-None-bets_before1-dice_result1-bets_after1]" time="0.001" /><testcase classname="tests.integration.test_knockout_integration" name="test_knockout_integration[None-3-None-bets_before2-dice_result2-bets_after2]" time="0.001" /><testcase classname="tests.integration.test_knockout_integration" name="test_knockout_integration[None-3-None-bets_before3-dice_result3-bets_after3]" time="0.001" /><testcase classname="tests.integration.test_knockout_integration" name="test_knockout_integration[None-4-None-bets_before4-dice_result4-bets_after4]" time="0.001" /><testcase classname="tests.integration.test_knockout_integration" name="test_knockout_integration[None-4-None-bets_before5-dice_result5-bets_after5]" time="0.001" /><testcase classname="tests.integration.test_knockout_integration" name="test_knockout_integration[None-5-None-bets_before6-dice_result6-bets_after6]" time="0.001" /><testcase classname="tests.integration.test_knockout_integration" name="test_knockout_integration[None-5-None-bets_before7-dice_result7-bets_after7]" time="0.001" /><testcase classname="tests.integration.test_knockout_integration" name="test_knockout_integration[None-5-None-bets_before8-dice_result8-bets_after8]" time="0.001" /><testcase classname="tests.integration.test_knockout_integration" name="test_knockout_integration[None-5-None-bets_before9-dice_result9-bets_after9]" time="0.001" /><testcase classname="tests.integration.test_knockout_integration" name="test_knockout_integration[None-6-None-bets_before10-dice_result10-bets_after10]" time="0.001" /><testcase classname="tests.integration.test_knockout_integration" name="test_knockout_integration[None-6-None-bets_before11-dice_result11-bets_after11]" time="0.001" /><testcase classname="tests.integration.test_knockout_integration" name="test_knockout_integration[None-6-None-bets_before12-dice_result12-bets_after12]" time="0.001" /><testcase classname="tests.integration.test_knockout_integration" name="test_knockout_integration[None-7-None-bets_before13-dice_result13-bets_after13]" time="0.001" /><testcase classname="tests.integration.test_knockout_integration" name="test_knockout_integration[None-7-None-bets_before14-dice_result14-bets_after14]" time="0.001" /><testcase classname="tests.integration.test_knockout_integration" name="test_knockout_integration[None-7-None-bets_before15-dice_result15-bets_after15]" time="0.001" /><testcase classname="tests.integration.test_knockout_integration" name="test_knockout_integration[None-7-None-bets_before16-dice_result16-bets_after16]" time="0.001" /><testcase classname="tests.integration.test_knockout_integration" name="test_knockout_integration[None-7-None-bets_before17-dice_result17-bets_after17]" time="0.001" /><testcase classname="tests.integration.test_knockout_integration" name="test_knockout_integration[None-7-None-bets_before18-dice_result18-bets_after18]" time="0.001" /><testcase classname="tests.integration.test_knockout_integration" name="test_knockout_integration[None-8-None-bets_before19-dice_result19-bets_after19]" time="0.001" /><testcase classname="tests.integration.test_knockout_integration" name="test_knockout_integration[None-8-None-bets_before20-dice_result20-bets_after20]" time="0.001" /><testcase classname="tests.integration.test_knockout_integration" name="test_knockout_integration[None-8-None-bets_before21-dice_result21-bets_after21]" time="0.001" /><testcase classname="tests.integration.test_knockout_integration" name="test_knockout_integration[None-8-None-bets_before22-dice_result22-bets_after22]" time="0.001" /><testcase classname="tests.integration.test_knockout_integration" name="test_knockout_integration[None-9-None-bets_before23-dice_result23-bets_after23]" time="0.001" /><testcase classname="tests.integration.test_knockout_integration" name="test_knockout_integration[None-9-None-bets_before24-dice_result24-bets_after24]" time="0.001" /><testcase classname="tests.integration.test_knockout_integration" name="test_knockout_integration[None-10-None-bets_before25-dice_result25-bets_after25]" time="0.001" /><testcase classname="tests.integration.test_knockout_integration" name="test_knockout_integration[None-10-None-bets_before26-dice_result26-bets_after26]" time="0.001" /><testcase classname="tests.integration.test_knockout_integration" name="test_knockout_integration[None-11-None-bets_before27-dice_result27-bets_after27]" time="0.001" /><testcase classname="tests.integration.test_knockout_integration" name="test_knockout_integration[None-11-None-bets_before28-dice_result28-bets_after28]" time="0.001" /><testcase classname="tests.integration.test_knockout_integration" name="test_knockout_integration[None-12-None-bets_before29-dice_result29-bets_after29]" time="0.001" /><testcase classname="tests.integration.test_knockout_integration" name="test_knockout_integration[4-3-None-bets_before30-dice_result30-bets_after30]" time="0.001" /><testcase classname="tests.integration.test_knockout_integration" name="test_knockout_integration[4-3-None-bets_before31-dice_result31-bets_after31]" time="0.001" /><testcase classname="tests.integration.test_knockout_integration" name="test_knockout_integration[4-4-None-bets_before32-dice_result32-bets_after32]" time="0.001" /><testcase classname="tests.integration.test_knockout_integration" name="test_knockout_integration[4-4-None-bets_before33-dice_result33-bets_after33]" time="0.001" /><testcase classname="tests.integration.test_knockout_integration" name="test_knockout_integration[4-4-None-bets_before34-dice_result34-bets_after34]" time="0.001" /><testcase classname="tests.integration.test_knockout_integration" name="test_knockout_integration[4-5-None-bets_before35-dice_result35-bets_after35]" time="0.001" /><testcase classname="tests.integration.test_knockout_integration" name="test_knockout_integration[4-5-None-bets_before36-dice_result36-bets_after36]" time="0.001" /><testcase classname="tests.integration.test_knockout_integration" name="test_knockout_integration[4-6-None-bets_before37-dice_result37-bets_after37]" time="0.001" /><testcase classname="tests.integration.test_knockout_integration" name="test_knockout_integration[4-6-None-bets_before38-dice_result38-bets_after38]" time="0.001" /><testcase classname="tests.integration.test_knockout_integration" name="test_knockout_integration[4-6-None-bets_before39-dice_result39-bets_after39]" time="0.001" /><testcase classname="tests.integration.test_knockout_integration" name="test_knockout_integration[4-8-None-bets_before40-dice_result40-bets_after40]" time="0.001" /><testcase classname="tests.integration.test_knockout_integration" name="test_knockout_integration[4-9-None-bets_before41-dice_result41-bets_after41]" time="0.001" /><testcase classname="tests.integration.test_knockout_integration" name="test_knockout_integration[4-10-None-bets_before42-dice_result42-bets_after42]" time="0.001" /><testcase classname="tests.integration.test_knockout_integration" name="test_knockout_integration[4-10-None-bets_before43-dice_result43-bets_after43]" time="0.001" /><testcase classname="tests.integration.test_knockout_integration" name="test_knockout_integration[4-12-None-bets_before44-dice_result44-bets_after44]" time="0.001" /><testcase classname="tests.integration.test_knockout_integration" name="test_knockout_integration[5-2-None-bets_before45-dice_result45-bets_after45]" time="0.001" /><testcase classname="tests.integration.test_knockout_integration" name="test_knockout_integration[5-3-None-bets_before46-dice_result46-bets_after46]" time="0.001" /><testcase classname="tests.integration.test_knockout_integration" name="test_knockout_integration[5-3-None-bets_before47-dice_result47-bets_after47]" time="0.001" /><testcase classname="tests.integration.test_knockout_integration" name="test_knockout_integration[5-4-None-bets_before48-dice_result48-bets_after48]" time="0.001" /><testcase classname="tests.integration.test_knockout_integration" name="test_knockout_integration[5-4-None-bets_before49-dice_result49-bets_after49]" time="0.001" /><testcase classname="tests.integration.test_knockout_integration" name="test_knockout_integration[5-5-None-bets_before50-dice_result50-bets_after50]" time="0.001" /><testcase classname="tests.integration.test_knockout_integration" name="test_knockout_integration[5-5-None-bets_before51-dice_result51-bets_after51]" time="0.001" /><testcase classname="tests.integration.test_knockout_integration" name="test_knockout_integration[5-5-None-bets_before52-dice_result52-bets_after52]" time="0.001" /><testcase classname="tests.integration.test_knockout_integration" name="test_knockout_integration[5-5-None-bets_before53-dice_result53-bets_after53]" time="0.001" /><testcase classname="tests.integration.test_knockout_integration" name="test_knockout_integration[5-6-None-bets_before54-dice_result54-bets_after54]" time="0.001" /><testcase classname="tests.integration.test_knockout_integration" name="test_knockout_integration[5-6-None-bets_before55-dice_result55-bets_after55]" time="0.001" /><testcase classname="tests.integration.test_knockout_integration" name="test_knockout_integration[5-8-None-bets_before56-dice_result56-bets_after56]" time="0.001" /><testcase classname="tests.integration.test_knockout_integration" name="test_knockout_integration[5-8-None-bets_before57-dice_result57-bets_after57]" time="0.001" /><testcase classname="tests.integration.test_knockout_integration" name="test_knockout_integration[5-8-None-bets_before58-dice_result58-bets_after58]" time="0.001" /><testcase classname="tests.integration.test_knockout_integration" name="test_knockout_integration[5-9-None-bets_before59-dice_result59-bets_after59]" time="0.001" /><testcase classname="tests.integration.test_knockout_integration" name="test_knockout_integration[5-9-None-bets_before60-dice_result60-bets_after60]" time="0.001" /><testcase classname="tests.integration.test_knockout_integration" name="test_knockout_integration[5-10-None-bets_before61-dice_result61-bets_after61]" time="0.001" /><testcase classname="tests.integration.test_knockout_integration" name="test_knockout_integration[5-10-None-bets_before62-dice_result62-bets_after62]" time="0.001" /><testcase classname="tests.integration.test_knockout_integration" name="test_knockout_integration[5-11-None-bets_before63-dice_result63-bets_after63]" time="0.001" /><testcase classname="tests.integration.test_knockout_integration" name="test_knockout_integration[5-12-None-bets_before64-dice_result64-bets_after64]" time="0.001" /><testcase classname="tests.integration.test_knockout_integration" name="test_knockout_integration[6-2-None-bets_before65-dice_result65-bets_after65]" time="0.001" /><testcase classname="tests.integration.test_knockout_integration" name="test_knockout_integration[6-4-None-bets_before66-dice_result66-bets_after66]" time="0.001" /><testcase classname="tests.integration.test_knockout_integration" name="test_knockout_integration[6-4-None-bets_before67-dice_result67-bets_after67]" time="0.001" /><testcase classname="tests.integration.test_knockout_integration" name="test_knockout_integration[6-4-None-bets_before68-dice_result68-bets_after68]" time="0.001" /><testcase classname="tests.integration.test_knockout_integration" name="test_knockout_integration[6-5-None-bets_before69-dice_result69-bets_after69]" time="0.001" /><testcase classname="tests.integration.test_knockout_integration" name="test_knockout_integration[6-6-None-bets_before70-dice_result70-bets_after70]" time="0.001" /><testcase classname="tests.integration.test_knockout_integration" name="test_knockout_integration[6-6-None-bets_before71-dice_result71-bets_after71]" time="0.001" /><testcase classname="tests.integration.test_knockout_integration" name="test_knockout_integration[6-6-None-bets_before72-dice_result72-bets_after72]" time="0.001" /><testcase classname="tests.integration.test_knockout_integration" name="test_knockout_integration[6-6-None-bets_before73-dice_result73-bets_after73]" time="0.001" /><testcase classname="tests.integration.test_knockout_integration" name="test_knockout_integration[6-6-None-bets_before74-dice_result74-bets_after74]" time="0.001" /><testcase classname="tests.integration.test_knockout_integration" name="test_knockout_integration[6-8-None-bets_before75-dice_result75-bets_after75]" time="0.001" /><testcase classname="tests.integration.test_knockout_integration" name="test_knockout_integration[6-8-None-bets_before76-dice_result76-bets_after76]" time="0.001" /><testcase classname="tests.integration.test_knockout_integration" name="test_knockout_integration[6-8-None-bets_before77-dice_result77-bets_after77]" time="0.001" /><testcase classname="tests.integration.test_knockout_integration" name="test_knockout_integration[6-8-None-bets_before78-dice_result78-bets_after78]" time="0.001" /><testcase classname="tests.integration.test_knockout_integration" name="test_knockout_integration[6-8-None-bets_before79-dice_result79-bets_after79]" time="0.001" /><testcase classname="tests.integration.test_knockout_integration" name="test_knockout_integration[6-9-None-bets_before80-dice_result80-bets_after80]" time="0.001" /><testcase classname="tests.integration.test_knockout_integration" name="test_knockout_integration[6-10-None-bets_before81-dice_result81-bets_after81]" time="0.001" /><testcase classname="tests.integration.test_knockout_integration" name="test_knockout_integration[6-10-None-bets_before82-dice_result82-bets_after82]" time="0.001" /><testcase classname="tests.integration.test_knockout_integration" name="test_knockout_integration[6-11-None-bets_before83-dice_result83-bets_after83]" time="0.001" /><testcase classname="tests.integration.test_knockout_integration" name="test_knockout_integration[8-2-None-bets_before84-dice_result84-bets_after84]" time="0.001" /><testcase classname="tests.integration.test_knockout_integration" name="test_knockout_integration[8-3-None-bets_before85-dice_result85-bets_after85]" time="0.001" /><testcase classname="tests.integration.test_knockout_integration" name="test_knockout_integration[8-4-None-bets_before86-dice_result86-bets_after86]" time="0.001" /><testcase classname="tests.integration.test_knockout_integration" name="test_knockout_integration[8-5-None-bets_before87-dice_result87-bets_after87]" time="0.001" /><testcase classname="tests.integration.test_knockout_integration" name="test_knockout_integration[8-5-None-bets_before88-dice_result88-bets_after88]" time="0.001" /><testcase classname="tests.integration.test_knockout_integration" name="test_knockout_integration[8-5-None-bets_before89-dice_result89-bets_after89]" time="0.001" /><testcase classname="tests.integration.test_knockout_integration" name="test_knockout_integration[8-6-None-bets_before90-dice_result90-bets_after90]" time="0.001" /><testcase classname="tests.integration.test_knockout_integration" name="test_knockout_integration[8-6-None-bets_before91-dice_result91-bets_after91]" time="0.001" /><testcase classname="tests.integration.test_knockout_integration" name="test_knockout_integration[8-6-None-bets_before92-dice_result92-bets_after92]" time="0.001" /><testcase classname="tests.integration.test_knockout_integration" name="test_knockout_integration[8-6-None-bets_before93-dice_result93-bets_after93]" time="0.001" /><testcase classname="tests.integration.test_knockout_integration" name="test_knockout_integration[8-8-None-bets_before94-dice_result94-bets_after94]" time="0.001" /><testcase classname="tests.integration.test_knockout_integration" name="test_knockout_integration[8-8-None-bets_before95-dice_result95-bets_after95]" time="0.001" /><testcase classname="tests.integration.test_knockout_integration" name="test_knockout_integration[8-8-None-bets_before96-dice_result96-bets_after96]" time="0.001" /><testcase classname="tests.integration.test_knockout_integration" name="test_knockout_integration[8-8-None-bets_before97-dice_result97-bets_after97]" time="0.001" /><testcase classname="tests.integration.test_knockout_integration" name="test_knockout_integration[8-8-None-bets_before98-dice_result98-bets_after98]" time="0.001" /><testcase classname="tests.integration.test_knockout_integration" name="test_knockout_integration[8-9-None-bets_before99-dice_result99-bets_after99]" time="0.001" /><testcase classname="tests.integration.test_knockout_integration" name="test_knockout_integration[8-9-None-bets_before100-dice_result100-bets_after100]" time="0.001" /><testcase classname="tests.integration.test_knockout_integration" name="test_knockout_integration[8-9-None-bets_before101-dice_result101-bets_after101]" time="0.001" /><testcase classname="tests.integration.test_knockout_integration" name="test_knockout_integration[8-9-None-bets_before102-dice_result102-bets_after102]" time="0.001" /><testcase classname="tests.integration.test_knockout_integration" name="test_knockout_integration[8-10-None-bets_before103-dice_result103-bets_after103]" time="0.001" /><testcase classname="tests.integration.test_knockout_integration" name="test_knockout_integration[8-10-None-bets_before104-dice_result104-bets_after104]" time="0.001" /><testcase classname="tests.integration.test_knockout_integration" name="test_knockout_integration[8-10-None-bets_before105-dice_result105-bets_after105]" time="0.001" /><testcase classname="tests.integration.test_knockout_integration" name="test_knockout_integration[8-11-None-bets_before106-dice_result106-bets_after106]" time="0.001" /><testcase classname="tests.integration.test_knockout_integration" name="test_knockout_integration[8-11-None-bets_before107-dice_result107-bets_after107]" time="0.001" /><testcase classname="tests.integration.test_knockout_integration" name="test_knockout_integration[8-12-None-bets_before108-dice_result108-bets_after108]" time="0.001" /><testcase classname="tests.integration.test_knockout_integration" name="test_knockout_integration[9-2-None-bets_before109-dice_result109-bets_after109]" time="0.001" /><testcase classname="tests.integration.test_knockout_integration" name="test_knockout_integration[9-3-None-bets_before110-dice_result110-bets_after110]" time="0.001" /><testcase classname="tests.integration.test_knockout_integration" name="test_knockout_integration[9-4-None-bets_before111-dice_result111-bets_after111]" time="0.001" /><testcase classname="tests.integration.test_knockout_integration" name="test_knockout_integration[9-5-None-bets_before112-dice_result112-bets_after112]" time="0.001" /><testcase classname="tests.integration.test_knockout_integration" name="test_knockout_integration[9-6-None-bets_before113-dice_result113-bets_after113]" time="0.001" /><testcase classname="tests.integration.test_knockout_integration" name="test_knockout_integration[9-6-None-bets_before114-dice_result114-bets_after114]" time="0.001" /><testcase classname="tests.integration.test_knockout_integration" name="test_knockout_integration[9-6-None-bets_before115-dice_result115-bets_after115]" time="0.001" /><testcase classname="tests.integration.test_knockout_integration" name="test_knockout_integration[9-6-None-bets_before116-dice_result116-bets_after116]" time="0.001" /><testcase classname="tests.integration.test_knockout_integration" name="test_knockout_integration[9-8-None-bets_before117-dice_result117-bets_after117]" time="0.001" /><testcase classname="tests.integration.test_knockout_integration" name="test_knockout_integration[9-8-None-bets_before118-dice_result118-bets_after118]" time="0.001" /><testcase classname="tests.integration.test_knockout_integration" name="test_knockout_integration[9-8-None-bets_before119-dice_result119-bets_after119]" time="0.001" /><testcase classname="tests.integration.test_knockout_integration" name="test_knockout_integration[9-8-None-bets_before120-dice_result120-bets_after120]" time="0.001" /><testcase classname="tests.integration.test_knockout_integration" name="test_knockout_integration[9-9-None-bets_before121-dice_result121-bets_after121]" time="0.001" /><testcase classname="tests.integration.test_knockout_integration" name="test_knockout_integration[9-9-None-bets_before122-dice_result122-bets_after122]" time="0.001" /><testcase classname="tests.integration.test_knockout_integration" name="test_knockout_integration[9-9-None-bets_before123-dice_result123-bets_after123]" time="0.001" /><testcase classname="tests.integration.test_knockout_integration" name="test_knockout_integration[9-10-None-bets_before124-dice_result124-bets_after124]" time="0.001" /><testcase classname="tests.integration.test_knockout_integration" name="test_knockout_integration[9-11-None-bets_before125-dice_result125-bets_after125]" time="0.001" /><testcase classname="tests.integration.test_knockout_integration" name="test_knockout_integration[9-12-None-bets_before126-dice_result126-bets_after126]" time="0.001" /><testcase classname="tests.integration.test_knockout_integration" name="test_knockout_integration[10-2-None-bets_before127-dice_result127-bets_after127]" time="0.001" /><testcase classname="tests.integration.test_knockout_integration" name="test_knockout_integration[10-3-None-bets_before128-dice_result128-bets_after128]" time="0.001" /><testcase classname="tests.integration.test_knockout_integration" name="test_knockout_integration[10-3-None-bets_before129-dice_result129-bets_after129]" time="0.001" /><testcase classname="tests.integration.test_knockout_integration" name="test_knockout_integration[10-4-None-bets_before130-dice_result130-bets_after130]" time="0.001" /><testcase classname="tests.integration.test_knockout_integration" name="test_knockout_integration[10-4-None-bets_before131-dice_result131-bets_after131]" time="0.001" /><testcase classname="tests.integration.test_knockout_integration" name="test_knockout_integration[10-6-None-bets_before132-dice_result132-bets_after132]" time="0.001" /><testcase classname="tests.integration.test_knockout_integration" name="test_knockout_integration[10-8-None-bets_before133-dice_result133-bets_after133]" time="0.001" /><testcase classname="tests.integration.test_knockout_integration" name="test_knockout_integration[10-8-None-bets_before134-dice_result134-bets_after134]" time="0.001" /><testcase classname="tests.integration.test_knockout_integration" name="test_knockout_integration[10-8-None-bets_before135-dice_result135-bets_after135]" time="0.001" /><testcase classname="tests.integration.test_knockout_integration" name="test_knockout_integration[10-8-None-bets_before136-dice_result136-bets_after136]" time="0.001" /><testcase classname="tests.integration.test_knockout_integration" name="test_knockout_integration[10-9-None-bets_before137-dice_result137-bets_after137]" time="0.001" /><testcase classname="tests.integration.test_knockout_integration" name="test_knockout_integration[10-10-None-bets_before138-dice_result138-bets_after138]" time="0.001" /><testcase classname="tests.integration.test_knockout_integration" name="test_knockout_integration[10-10-None-bets_before139-dice_result139-bets_after139]" time="0.001" /><testcase classname="tests.integration.test_knockout_integration" name="test_knockout_integration[10-10-None-bets_before140-dice_result140-bets_after140]" time="0.001" /><testcase classname="tests.integration.test_knockout_integration" name="test_knockout_integration[10-11-None-bets_before141-dice_result141-bets_after141]" time="0.001" /><testcase classname="tests.integration.test_knockout_integration" name="test_knockout_integration[10-12-None-bets_before142-dice_result142-bets_after142]" time="0.001" /><testcase classname="tests.integration.test_layodds_integration" name="test_layodds_integration[None-None-None-bets_before0-None-bets_after0]" time="0.001" /><testcase classname="tests.integration.test_layodds_integration" name="test_layodds_integration[None-2-None-bets_before1-dice_result1-bets_after1]" time="0.001" /><testcase classname="tests.integration.test_layodds_integration" name="test_layodds_integration[None-3-None-bets_before2-dice_result2-bets_after2]" time="0.001" /><testcase classname="tests.integration.test_layodds_integration" name="test_layodds_integration[None-3-None-bets_before3-dice_result3-bets_after3]" time="0.001" /><testcase classname="tests.integration.test_layodds_integration" name="test_layodds_integration[None-4-None-bets_before4-dice_result4-bets_after4]" time="0.001" /><testcase classname="tests.integration.test_layodds_integration" name="test_layodds_integration[None-4-None-bets_before5-dice_result5-bets_after5]" time="0.001" /><testcase classname="tests.integration.test_layodds_integration" name="test_layodds_integration[None-5-None-bets_before6-dice_result6-bets_after6]" time="0.001" /><testcase classname="tests.integration.test_layodds_integration" name="test_layodds_integration[None-5-None-bets_before7-dice_result7-bets_after7]" time="0.001" /><testcase classname="tests.integration.test_layodds_integration" name="test_layodds_integration[None-5-None-bets_before8-dice_result8-bets_after8]" time="0.001" /><testcase classname="tests.integration.test_layodds_integration" name="test_layodds_integration[None-5-None-bets_before9-dice_result9-bets_after9]" time="0.001" /><testcase classname="tests.integration.test_layodds_integration" name="test_layodds_integration[None-6-None-bets_before10-dice_result10-bets_after10]" time="0.001" /><testcase classname="tests.integration.test_layodds_integration" name="test_layodds_integration[None-6-None-bets_before11-dice_result11-bets_after11]" time="0.001" /><testcase classname="tests.integration.test_layodds_integration" name="test_layodds_integration[None-6-None-bets_before12-dice_result12-bets_after12]" time="0.001" /><testcase classname="tests.integration.test_layodds_integration" name="test_layodds_integration[None-6-None-bets_before13-dice_result13-bets_after13]" time="0.001" /><testcase classname="tests.integration.test_layodds_integration" name="test_layodds_integration[None-7-None-bets_before14-dice_result14-bets_after14]" time="0.001" /><testcase classname="tests.integration.test_layodds_integration" name="test_layodds_integration[None-7-None-bets_before15-dice_result15-bets_after15]" time="0.001" /><testcase classname="tests.integration.test_layodds_integration" name="test_layodds_integration[None-7-None-bets_before16-dice_result16-bets_after16]" time="0.001" /><testcase classname="tests.integration.test_layodds_integration" name="test_layodds_integration[None-7-None-bets_before17-dice_result17-bets_after17]" time="0.001" /><testcase classname="tests.integration.test_layodds_integration" name="test_layodds_integration[None-7-None-bets_before18-dice_result18-bets_after18]" time="0.001" /><testcase classname="tests.integration.test_layodds_integration" name="test_layodds_integration[None-7-None-bets_before19-dice_result19-bets_after19]" time="0.001" /><testcase classname="tests.integration.test_layodds_integration" name="test_layodds_integration[None-8-None-bets_before20-dice_result20-bets_after20]" time="0.001" /><testcase classname="tests.integration.test_layodds_integration" name="test_layodds_integration[None-8-None-bets_before21-dice_result21-bets_after21]" time="0.001" /><testcase classname="tests.integration.test_layodds_integration" name="test_layodds_integration[None-8-None-bets_before22-dice_result22-bets_after22]" time="0.001" /><testcase classname="tests.integration.test_layodds_integration" name="test_layodds_integration[None-9-None-bets_before23-dice_result23-bets_after23]" time="0.001" /><testcase classname="tests.integration.test_layodds_integration" name="test_layodds_integration[None-9-None-bets_before24-dice_result24-bets_after24]" time="0.001" /><testcase classname="tests.integration.test_layodds_integration" name="test_layodds_integration[None-10-None-bets_before25-dice_result25-bets_after25]" time="0.001" /><testcase classname="tests.integration.test_layodds_integration" name="test_layodds_integration[None-10-None-bets_before26-dice_result26-bets_after26]" time="0.001" /><testcase classname="tests.integration.test_layodds_integration" name="test_layodds_integration[None-11-None-bets_before27-dice_result27-bets_after27]" time="0.001" /><testcase classname="tests.integration.test_layodds_integration" name="test_layodds_integration[None-11-None-bets_before28-dice_result28-bets_after28]" time="0.001" /><testcase classname="tests.integration.test_layodds_integration" name="test_layodds_integration[None-12-None-bets_before29-dice_result29-bets_after29]" time="0.001" /><testcase classname="tests.integration.test_layodds_integration" name="test_layodds_integration[4-2-None-bets_before30-dice_result30-bets_after30]" time="0.001" /><testcase classname="tests.integration.test_layodds_integration" name="test_layodds_integration[4-3-None-bets_before31-dice_result31-bets_after31]" time="0.001" /><testcase classname="tests.integration.test_layodds_integration" name="test_layodds_integration[4-4-None-bets_before32-dice_result32-bets_after32]" time="0.001" /><testcase classname="tests.integration.test_layodds_integration" name="test_layodds_integration[4-4-None-bets_before33-dice_result33-bets_after33]" time="0.001" /><testcase classname="tests.integration.test_layodds_integration" name="test_layodds_integration[4-4-None-bets_before34-dice_result34-bets_after34]" time="0.001" /><testcase classname="tests.integration.test_layodds_integration" name="test_layodds_integration[4-5-None-bets_before35-dice_result35-bets_after35]" time="0.001" /><testcase classname="tests.integration.test_layodds_integration" name="test_layodds_integration[4-6-None-bets_before36-dice_result36-bets_after36]" time="0.001" /><testcase classname="tests.integration.test_layodds_integration" name="test_layodds_integration[4-6-None-bets_before37-dice_result37-bets_after37]" time="0.001" /><testcase classname="tests.integration.test_layodds_integration" name="test_layodds_integration[4-6-None-bets_before38-dice_result38-bets_after38]" time="0.001" /><testcase classname="tests.integration.test_layodds_integration" name="test_layodds_integration[4-8-None-bets_before39-dice_result39-bets_after39]" time="0.001" /><testcase classname="tests.integration.test_layodds_integration" name="test_layodds_integration[4-10-None-bets_before40-dice_result40-bets_after40]" time="0.001" /><testcase classname="tests.integration.test_layodds_integration" name="test_layodds_integration[4-10-None-bets_before41-dice_result41-bets_after41]" time="0.001" /><testcase classname="tests.integration.test_layodds_integration" name="test_layodds_integration[4-11-None-bets_before42-dice_result42-bets_after42]" time="0.001" /><testcase classname="tests.integration.test_layodds_integration" name="test_layodds_integration[5-2-None-bets_before43-dice_result43-bets_after43]" time="0.001" /><testcase classname="tests.integration.test_layodds_integration" name="test_layodds_integration[5-3-None-bets_before44-dice_result44-bets_after44]" time="0.001" /><testcase classname="tests.integration.test_layodds_integration" name="test_layodds_integration[5-4-None-bets_before45-dice_result45-bets_after45]" time="0.001" /><testcase classname="tests.integration.test_layodds_integration" name="test_layodds_integration[5-4-None-bets_before46-dice_result46-bets_after46]" time="0.001" /><testcase classname="tests.integration.test_layodds_integration" name="test_layodds_integration[5-4-None-bets_before47-dice_result47-bets_after47]" time="0.001" /><testcase classname="tests.integration.test_layodds_integration" name="test_layodds_integration[5-5-None-bets_before48-dice_result48-bets_after48]" time="0.001" /><testcase classname="tests.integration.test_layodds_integration" name="test_layodds_integration[5-5-None-bets_before49-dice_result49-bets_after49]" time="0.001" /><testcase classname="tests.integration.test_layodds_integration" name="test_layodds_integration[5-5-None-bets_before50-dice_result50-bets_after50]" time="0.001" /><testcase classname="tests.integration.test_layodds_integration" name="test_layodds_integration[5-6-None-bets_before51-dice_result51-bets_after51]" time="0.001" /><testcase classname="tests.integration.test_layodds_integration" name="test_layodds_integration[5-6-None-bets_before52-dice_result52-bets_after52]" time="0.001" /><testcase classname="tests.integration.test_layodds_integration" name="test_layodds_integration[5-6-None-bets_before53-dice_result53-bets_after53]" time="0.001" /><testcase classname="tests.integration.test_layodds_integration" name="test_layodds_integration[5-8-None-bets_before54-dice_result54-bets_after54]" time="0.001" /><testcase classname="tests.integration.test_layodds_integration" name="test_layodds_integration[5-8-None-bets_before55-dice_result55-bets_after55]" time="0.001" /><testcase classname="tests.integration.test_layodds_integration" name="test_layodds_integration[5-8-None-bets_before56-dice_result56-bets_after56]" time="0.001" /><testcase classname="tests.integration.test_layodds_integration" name="test_layodds_integration[5-8-None-bets_before57-dice_result57-bets_after57]" time="0.001" /><testcase classname="tests.integration.test_layodds_integration" name="test_layodds_integration[5-9-None-bets_before58-dice_result58-bets_after58]" time="0.001" /><testcase classname="tests.integration.test_layodds_integration" name="test_layodds_integration[5-9-None-bets_before59-dice_result59-bets_after59]" time="0.001" /><testcase classname="tests.integration.test_layodds_integration" name="test_layodds_integration[5-9-None-bets_before60-dice_result60-bets_after60]" time="0.001" /><testcase classname="tests.integration.test_layodds_integration" name="test_layodds_integration[5-9-None-bets_before61-dice_result61-bets_after61]" time="0.001" /><testcase classname="tests.integration.test_layodds_integration" name="test_layodds_integration[5-10-None-bets_before62-dice_result62-bets_after62]" time="0.001" /><testcase classname="tests.integration.test_layodds_integration" name="test_layodds_integration[5-10-None-bets_before63-dice_result63-bets_after63]" time="0.001" /><testcase classname="tests.integration.test_layodds_integration" name="test_layodds_integration[5-10-None-bets_before64-dice_result64-bets_after64]" time="0.001" /><testcase classname="tests.integration.test_layodds_integration" name="test_layodds_integration[5-11-None-bets_before65-dice_result65-bets_after65]" time="0.001" /><testcase classname="tests.integration.test_layodds_integration" name="test_layodds_integration[6-2-None-bets_before66-dice_result66-bets_after66]" time="0.001" /><testcase classname="tests.integration.test_layodds_integration" name="test_layodds_integration[6-3-None-bets_before67-dice_result67-bets_after67]" time="0.001" /><testcase classname="tests.integration.test_layodds_integration" name="test_layodds_integration[6-3-None-bets_before68-dice_result68-bets_after68]" time="0.001" /><testcase classname="tests.integration.test_layodds_integration" name="test_layodds_integration[6-4-None-bets_before69-dice_result69-bets_after69]" time="0.001" /><testcase classname="tests.integration.test_layodds_integration" name="test_layodds_integration[6-4-None-bets_before70-dice_result70-bets_after70]" time="0.001" /><testcase classname="tests.integration.test_layodds_integration" name="test_layodds_integration[6-5-None-bets_before71-dice_result71-bets_after71]" time="0.001" /><testcase classname="tests.integration.test_layodds_integration" name="test_layodds_integration[6-5-None-bets_before72-dice_result72-bets_after72]" time="0.001" /><testcase classname="tests.integration.test_layodds_integration" name="test_layodds_integration[6-5-None-bets_before73-dice_result73-bets_after73]" time="0.001" /><testcase classname="tests.integration.test_layodds_integration" name="test_layodds_integration[6-6-None-bets_before74-dice_result74-bets_after74]" time="0.001" /><testcase classname="tests.integration.test_layodds_integration" name="test_layodds_integration[6-6-None-bets_before75-dice_result75-bets_after75]" time="0.001" /><testcase classname="tests.integration.test_layodds_integration" name="test_layodds_integration[6-6-None-bets_before76-dice_result76-bets_after76]" time="0.001" /><testcase classname="tests.integration.test_layodds_integration" name="test_layodds_integration[6-6-None-bets_before77-dice_result77-bets_after77]" time="0.001" /><testcase classname="tests.integration.test_layodds_integration" name="test_layodds_integration[6-6-None-bets_before78-dice_result78-bets_after78]" time="0.001" /><testcase classname="tests.integration.test_layodds_integration" name="test_layodds_integration[6-8-None-bets_before79-dice_result79-bets_after79]" time="0.001" /><testcase classname="tests.integration.test_layodds_integration" name="test_layodds_integration[6-8-None-bets_before80-dice_result80-bets_after80]" time="0.001" /><testcase classname="tests.integration.test_layodds_integration" name="test_layodds_integration[6-8-None-bets_before81-dice_result81-bets_after81]" time="0.001" /><testcase classname="tests.integration.test_layodds_integration" name="test_layodds_integration[6-8-None-bets_before82-dice_result82-bets_after82]" time="0.001" /><testcase classname="tests.integration.test_layodds_integration" name="test_layodds_integration[6-8-None-bets_before83-dice_result83-bets_after83]" time="0.001" /><testcase classname="tests.integration.test_layodds_integration" name="test_layodds_integration[6-9-None-bets_before84-dice_result84-bets_after84]" time="0.001" /><testcase classname="tests.integration.test_layodds_integration" name="test_layodds_integration[6-9-None-bets_before85-dice_result85-bets_after85]" time="0.001" /><testcase classname="tests.integration.test_layodds_integration" name="test_layodds_integration[6-9-None-bets_before86-dice_result86-bets_after86]" time="0.001" /><testcase classname="tests.integration.test_layodds_integration" name="test_layodds_integration[6-10-None-bets_before87-dice_result87-bets_after87]" time="0.001" /><testcase classname="tests.integration.test_layodds_integration" name="test_layodds_integration[6-10-None-bets_before88-dice_result88-bets_after88]" time="0.001" /><testcase classname="tests.integration.test_layodds_integration" name="test_layodds_integration[6-10-None-bets_before89-dice_result89-bets_after89]" time="0.001" /><testcase classname="tests.integration.test_layodds_integration" name="test_layodds_integration[6-11-None-bets_before90-dice_result90-bets_after90]" time="0.001" /><testcase classname="tests.integration.test_layodds_integration" name="test_layodds_integration[6-11-None-bets_before91-dice_result91-bets_after91]" time="0.001" /><testcase classname="tests.integration.test_layodds_integration" name="test_layodds_integration[6-12-None-bets_before92-dice_result92-bets_after92]" time="0.001" /><testcase classname="tests.integration.test_layodds_integration" name="test_layodds_integration[8-8-None-bets_before93-dice_result93-bets_after93]" time="0.001" /><testcase classname="tests.integration.test_layodds_integration" name="test_layodds_integration[8-8-None-bets_before94-dice_result94-bets_after94]" time="0.001" /><testcase classname="tests.integration.test_layodds_integration" name="test_layodds_integration[8-8-None-bets_before95-dice_result95-bets_after95]" time="0.001" /><testcase classname="tests.integration.test_layodds_integration" name="test_layodds_integration[8-8-None-bets_before96-dice_result96-bets_after96]" time="0.001" /><testcase classname="tests.integration.test_layodds_integration" name="test_layodds_integration[8-8-None-bets_before97-dice_result97-bets_after97]" time="0.001" /><testcase classname="tests.integration.test_layodds_integration" name="test_layodds_integration[8-10-None-bets_before98-dice_result98-bets_after98]" time="0.001" /><testcase classname="tests.integration.test_layodds_integration" name="test_layodds_integration[8-10-None-bets_before99-dice_result99-bets_after99]" time="0.001" /><testcase classname="tests.integration.test_layodds_integration" name="test_layodds_integration[9-3-None-bets_before100-dice_result100-bets_after100]" time="0.001" /><testcase classname="tests.integration.test_layodds_integration" name="test_layodds_integration[9-3-None-bets_before101-dice_result101-bets_after101]" time="0.001" /><testcase classname="tests.integration.test_layodds_integration" name="test_layodds_integration[9-4-None-bets_before102-dice_result102-bets_after102]" time="0.001" /><testcase classname="tests.integration.test_layodds_integration" name="test_layodds_integration[9-5-None-bets_before103-dice_result103-bets_after103]" time="0.001" /><testcase classname="tests.integration.test_layodds_integration" name="test_layodds_integration[9-5-None-bets_before104-dice_result104-bets_after104]" time="0.001" /><testcase classname="tests.integration.test_layodds_integration" name="test_layodds_integration[9-6-None-bets_before105-dice_result105-bets_after105]" time="0.001" /><testcase classname="tests.integration.test_layodds_integration" name="test_layodds_integration[9-6-None-bets_before106-dice_result106-bets_after106]" time="0.001" /><testcase classname="tests.integration.test_layodds_integration" name="test_layodds_integration[9-8-None-bets_before107-dice_result107-bets_after107]" time="0.001" /><testcase classname="tests.integration.test_layodds_integration" name="test_layodds_integration[9-8-None-bets_before108-dice_result108-bets_after108]" time="0.001" /><testcase classname="tests.integration.test_layodds_integration" name="test_layodds_integration[9-8-None-bets_before109-dice_result109-bets_after109]" time="0.001" /><testcase classname="tests.integration.test_layodds_integration" name="test_layodds_integration[9-8-None-bets_before110-dice_result110-bets_after110]" time="0.001" /><testcase classname="tests.integration.test_layodds_integration" name="test_layodds_integration[9-9-None-bets_before111-dice_result111-bets_after111]" time="0.001" /><testcase classname="tests.integration.test_layodds_integration" name="test_layodds_integration[9-9-None-bets_before112-dice_result112-bets_after112]" time="0.001" /><testcase classname="tests.integration.test_layodds_integration" name="test_layodds_integration[9-9-None-bets_before113-dice_result113-bets_after113]" time="0.001" /><testcase classname="tests.integration.test_layodds_integration" name="test_layodds_integration[9-10-None-bets_before114-dice_result114-bets_after114]" time="0.001" /><testcase classname="tests.integration.test_layodds_integration" name="test_layodds_integration[9-11-None-bets_before115-dice_result115-bets_after115]" time="0.001" /><testcase classname="tests.integration.test_layodds_integration" name="test_layodds_integration[9-11-None-bets_before116-dice_result116-bets_after116]" time="0.001" /><testcase classname="tests.integration.test_layodds_integration" name="test_layodds_integration[9-12-None-bets_before117-dice_result117-bets_after117]" time="0.001" /><testcase classname="tests.integration.test_layodds_integration" name="test_layodds_integration[10-2-None-bets_before118-dice_result118-bets_after118]" time="0.001" /><testcase classname="tests.integration.test_layodds_integration" name="test_layodds_integration[10-3-None-bets_before119-dice_result119-bets_after119]" time="0.001" /><testcase classname="tests.integration.test_layodds_integration" name="test_layodds_integration[10-4-None-bets_before120-dice_result120-bets_after120]" time="0.001" /><testcase classname="tests.integration.test_layodds_integration" name="test_layodds_integration[10-4-None-bets_before121-dice_result121-bets_after121]" time="0.001" /><testcase classname="tests.integration.test_layodds_integration" name="test_layodds_integration[10-6-None-bets_before122-dice_result122-bets_after122]" time="0.001" /><testcase classname="tests.integration.test_layodds_integration" name="test_layodds_integration[10-6-None-bets_before123-dice_result123-bets_after123]" time="0.001" /><testcase classname="tests.integration.test_layodds_integration" name="test_layodds_integration[10-6-None-bets_before124-dice_result124-bets_after124]" time="0.001" /><testcase classname="tests.integration.test_layodds_integration" name="test_layodds_integration[10-8-None-bets_before125-dice_result125-bets_after125]" time="0.001" /><testcase classname="tests.integration.test_layodds_integration" name="test_layodds_integration[10-8-None-bets_before126-dice_result126-bets_after126]" time="0.001" /><testcase classname="tests.integration.test_layodds_integration" name="test_layodds_integration[10-8-None-bets_before127-dice_result127-bets_after127]" time="0.001" /><testcase classname="tests.integration.test_layodds_integration" name="test_layodds_integration[10-10-None-bets_before128-dice_result128-bets_after128]" time="0.001" /><testcase classname="tests.integration.test_layodds_integration" name="test_layodds_integration[10-10-None-bets_before129-dice_result129-bets_after129]" time="0.001" /><testcase classname="tests.integration.test_layodds_integration" name="test_layodds_integration[10-10-None-bets_before130-dice_result130-bets_after130]" time="0.001" /><testcase classname="tests.integration.test_layodds_integration" name="test_layodds_integration[10-11-None-bets_before131-dice_result131-bets_after131]" time="0.001" /><testcase classname="tests.integration.test_pass2come_integration" name="test_pass2come_integration[None-None-None-bets_before0-None-bets_after0]" time="0.001" /><testcase classname="tests.integration.test_pass2come_integration" name="test_pass2come_integration[None-2-None-bets_before1-dice_result1-bets_after1]" time="0.001" /><testcase classname="tests.integration.test_pass2come_integration" name="test_pass2come_integration[None-2-None-bets_before2-dice_result2-bets_after2]" time="0.001" /><testcase classname="tests.integration.test_pass2come_integration" name="test_pass2come_integration[None-2-None-bets_before3-dice_result3-bets_after3]" time="0.001" /><testcase classname="tests.integration.test_pass2come_integration" name="test_pass2come_integration[None-3-None-bets_before4-dice_result4-bets_after4]" time="0.001" /><testcase classname="tests.integration.test_pass2come_integration" name="test_pass2come_integration[None-3-None-bets_before5-dice_result5-bets_after5]" time="0.001" /><testcase classname="tests.integration.test_pass2come_integration" name="test_pass2come_integration[None-3-None-bets_before6-dice_result6-bets_after6]" time="0.001" /><testcase classname="tests.integration.test_pass2come_integration" name="test_pass2come_integration[None-3-None-bets_before7-dice_result7-bets_after7]" time="0.001" /><testcase classname="tests.integration.test_pass2come_integration" name="test_pass2come_integration[None-4-None-bets_before8-dice_result8-bets_after8]" time="0.001" /><testcase classname="tests.integration.test_pass2come_integration" name="test_pass2come_integration[None-4-None-bets_before9-dice_result9-bets_after9]" time="0.001" /><testcase classname="tests.integration.test_pass2come_integration" name="test_pass2come_integration[None-5-None-bets_before10-dice_result10-bets_after10]" time="0.001" /><testcase classname="tests.integration.test_pass2come_integration" name="test_pass2come_integration[None-5-None-bets_before11-dice_result11-bets_after11]" time="0.001" /><testcase classname="tests.integration.test_pass2come_integration" name="test_pass2come_integration[None-6-None-bets_before12-dice_result12-bets_after12]" time="0.001" /><testcase classname="tests.integration.test_pass2come_integration" name="test_pass2come_integration[None-6-None-bets_before13-dice_result13-bets_after13]" time="0.001" /><testcase classname="tests.integration.test_pass2come_integration" name="test_pass2come_integration[None-6-None-bets_before14-dice_result14-bets_after14]" time="0.001" /><testcase classname="tests.integration.test_pass2come_integration" name="test_pass2come_integration[None-6-None-bets_before15-dice_result15-bets_after15]" time="0.001" /><testcase classname="tests.integration.test_pass2come_integration" name="test_pass2come_integration[None-6-None-bets_before16-dice_result16-bets_after16]" time="0.001" /><testcase classname="tests.integration.test_pass2come_integration" name="test_pass2come_integration[None-7-None-bets_before17-dice_result17-bets_after17]" time="0.001" /><testcase classname="tests.integration.test_pass2come_integration" name="test_pass2come_integration[None-7-None-bets_before18-dice_result18-bets_after18]" time="0.001" /><testcase classname="tests.integration.test_pass2come_integration" name="test_pass2come_integration[None-7-None-bets_before19-dice_result19-bets_after19]" time="0.001" /><testcase classname="tests.integration.test_pass2come_integration" name="test_pass2come_integration[None-7-None-bets_before20-dice_result20-bets_after20]" time="0.001" /><testcase classname="tests.integration.test_pass2come_integration" name="test_pass2come_integration[None-7-None-bets_before21-dice_result21-bets_after21]" time="0.001" /><testcase classname="tests.integration.test_pass2come_integration" name="test_pass2come_integration[None-7-None-bets_before22-dice_result22-bets_after22]" time="0.001" /><testcase classname="tests.integration.test_pass2come_integration" name="test_pass2come_integration[None-8-None-bets_before23-dice_result23-bets_after23]" time="0.001" /><testcase classname="tests.integration.test_pass2come_integration" name="test_pass2come_integration[None-8-None-bets_before24-dice_result24-bets_after24]" time="0.001" /><testcase classname="tests.integration.test_pass2come_integration" name="test_pass2come_integration[None-8-None-bets_before25-dice_result25-bets_after25]" time="0.001" /><testcase classname="tests.integration.test_pass2come_integration" name="test_pass2come_integration[None-8-None-bets_before26-dice_result26-bets_after26]" time="0.001" /><testcase classname="tests.integration.test_pass2come_integration" name="test_pass2come_integration[None-8-None-bets_before27-dice_result27-bets_after27]" time="0.001" /><testcase classname="tests.integration.test_pass2come_integration" name="test_pass2come_integration[None-8-None-bets_before28-dice_result28-bets_after28]" time="0.001" /><testcase classname="tests.integration.test_pass2come_integration" name="test_pass2come_integration[None-9-None-bets_before29-dice_result29-bets_after29]" time="0.001" /><testcase classname="tests.integration.test_pass2come_integration" name="test_pass2come_integration[None-9-None-bets_before30-dice_result30-bets_after30]" time="0.001" /><testcase classname="tests.integration.test_pass2come_integration" name="test_pass2come_integration[None-9-None-bets_before31-dice_result31-bets_after31]" time="0.001" /><testcase classname="tests.integration.test_pass2come_integration" name="test_pass2come_integration[None-9-None-bets_before32-dice_result32-bets_after32]" time="0.001" /><testcase classname="tests.integration.test_pass2come_integration" name="test_pass2come_integration[None-9-None-bets_before33-dice_result33-bets_after33]" time="0.001" /><testcase classname="tests.integration.test_pass2come_integration" name="test_pass2come_integration[None-9-None-bets_before34-dice_result34-bets_after34]" time="0.001" /><testcase classname="tests.integration.test_pass2come_integration" name="test_pass2come_integration[None-9-None-bets_before35-dice_result35-bets_after35]" time="0.001" /><testcase classname="tests.integration.test_pass2come_integration" name="test_pass2come_integration[None-9-None-bets_before36-dice_result36-bets_after36]" time="0.001" /><testcase classname="tests.integration.test_pass2come_integration" name="test_pass2come_integration[None-10-None-bets_before37-dice_result37-bets_after37]" time="0.001" /><testcase classname="tests.integration.test_pass2come_integration" name="test_pass2come_integration[None-10-None-bets_before38-dice_result38-bets_after38]" time="0.001" /><testcase classname="tests.integration.test_pass2come_integration" name="test_pass2come_integration[None-10-None-bets_before39-dice_result39-bets_after39]" time="0.001" /><testcase classname="tests.integration.test_pass2come_integration" name="test_pass2come_integration[None-11-None-bets_before40-dice_result40-bets_after40]" time="0.001" /><testcase classname="tests.integration.test_pass2come_integration" name="test_pass2come_integration[None-11-None-bets_before41-dice_result41-bets_after41]" time="0.001" /><testcase classname="tests.integration.test_pass2come_integration" name="test_pass2come_integration[None-12-None-bets_before42-dice_result42-bets_after42]" time="0.001" /><testcase classname="tests.integration.test_pass2come_integration" name="test_pass2come_integration[None-12-None-bets_before43-dice_result43-bets_after43]" time="0.001" /><testcase classname="tests.integration.test_pass2come_integration" name="test_pass2come_integration[4-4-None-bets_before44-dice_result44-bets_after44]" time="0.001" /><testcase classname="tests.integration.test_pass2come_integration" name="test_pass2come_integration[4-4-None-bets_before45-dice_result45-bets_after45]" time="0.001" /><testcase classname="tests.integration.test_pass2come_integration" name="test_pass2come_integration[4-4-None-bets_before46-dice_result46-bets_after46]" time="0.001" /><testcase classname="tests.integration.test_pass2come_integration" name="test_pass2come_integration[4-4-None-bets_before47-dice_result47-bets_after47]" time="0.001" /><testcase classname="tests.integration.test_pass2come_integration" name="test_pass2come_integration[4-4-None-bets_before48-dice_result48-bets_after48]" time="0.001" /><testcase classname="tests.integration.test_pass2come_integration" name="test_pass2come_integration[4-6-None-bets_before49-dice_result49-bets_after49]" time="0.001" /><testcase classname="tests.integration.test_pass2come_integration" name="test_pass2come_integration[4-9-None-bets_before50-dice_result50-bets_after50]" time="0.001" /><testcase classname="tests.integration.test_pass2come_integration" name="test_pass2come_integration[4-11-None-bets_before51-dice_result51-bets_after51]" time="0.001" /><testcase classname="tests.integration.test_pass2come_integration" name="test_pass2come_integration[5-3-None-bets_before52-dice_result52-bets_after52]" time="0.001" /><testcase classname="tests.integration.test_pass2come_integration" name="test_pass2come_integration[5-3-None-bets_before53-dice_result53-bets_after53]" time="0.001" /><testcase classname="tests.integration.test_pass2come_integration" name="test_pass2come_integration[5-4-None-bets_before54-dice_result54-bets_after54]" time="0.001" /><testcase classname="tests.integration.test_pass2come_integration" name="test_pass2come_integration[5-4-None-bets_before55-dice_result55-bets_after55]" time="0.001" /><testcase classname="tests.integration.test_pass2come_integration" name="test_pass2come_integration[5-4-None-bets_before56-dice_result56-bets_after56]" time="0.001" /><testcase classname="tests.integration.test_pass2come_integration" name="test_pass2come_integration[5-4-None-bets_before57-dice_result57-bets_after57]" time="0.001" /><testcase classname="tests.integration.test_pass2come_integration" name="test_pass2come_integration[5-5-None-bets_before58-dice_result58-bets_after58]" time="0.001" /><testcase classname="tests.integration.test_pass2come_integration" name="test_pass2come_integration[5-5-None-bets_before59-dice_result59-bets_after59]" time="0.001" /><testcase classname="tests.integration.test_pass2come_integration" name="test_pass2come_integration[5-5-None-bets_before60-dice_result60-bets_after60]" time="0.001" /><testcase classname="tests.integration.test_pass2come_integration" name="test_pass2come_integration[5-5-None-bets_before61-dice_result61-bets_after61]" time="0.001" /><testcase classname="tests.integration.test_pass2come_integration" name="test_pass2come_integration[5-5-None-bets_before62-dice_result62-bets_after62]" time="0.001" /><testcase classname="tests.integration.test_pass2come_integration" name="test_pass2come_integration[5-5-None-bets_before63-dice_result63-bets_after63]" time="0.001" /><testcase classname="tests.integration.test_pass2come_integration" name="test_pass2come_integration[5-5-None-bets_before64-dice_result64-bets_after64]" time="0.001" /><testcase classname="tests.integration.test_pass2come_integration" name="test_pass2come_integration[5-6-None-bets_before65-dice_result65-bets_after65]" time="0.001" /><testcase classname="tests.integration.test_pass2come_integration" name="test_pass2come_integration[5-8-None-bets_before66-dice_result66-bets_after66]" time="0.001" /><testcase classname="tests.integration.test_pass2come_integration" name="test_pass2come_integration[5-9-None-bets_before67-dice_result67-bets_after67]" time="0.001" /><testcase classname="tests.integration.test_pass2come_integration" name="test_pass2come_integration[5-9-None-bets_before68-dice_result68-bets_after68]" time="0.001" /><testcase classname="tests.integration.test_pass2come_integration" name="test_pass2come_integration[5-10-None-bets_before69-dice_result69-bets_after69]" time="0.001" /><testcase classname="tests.integration.test_pass2come_integration" name="test_pass2come_integration[5-11-None-bets_before70-dice_result70-bets_after70]" time="0.001" /><testcase classname="tests.integration.test_pass2come_integration" name="test_pass2come_integration[5-11-None-bets_before71-dice_result71-bets_after71]" time="0.001" /><testcase classname="tests.integration.test_pass2come_integration" name="test_pass2come_integration[5-11-None-bets_before72-dice_result72-bets_after72]" time="0.001" /><testcase classname="tests.integration.test_pass2come_integration" name="test_pass2come_integration[5-12-None-bets_before73-dice_result73-bets_after73]" time="0.001" /><testcase classname="tests.integration.test_pass2come_integration" name="test_pass2come_integration[6-3-None-bets_before74-dice_result74-bets_after74]" time="0.001" /><testcase classname="tests.integration.test_pass2come_integration" name="test_pass2come_integration[6-3-None-bets_before75-dice_result75-bets_after75]" time="0.001" /><testcase classname="tests.integration.test_pass2come_integration" name="test_pass2come_integration[6-4-None-bets_before76-dice_result76-bets_after76]" time="0.001" /><testcase classname="tests.integration.test_pass2come_integration" name="test_pass2come_integration[6-4-None-bets_before77-dice_result77-bets_after77]" time="0.001" /><testcase classname="tests.integration.test_pass2come_integration" name="test_pass2come_integration[6-4-None-bets_before78-dice_result78-bets_after78]" time="0.001" /><testcase classname="tests.integration.test_pass2come_integration" name="test_pass2come_integration[6-4-None-bets_before79-dice_result79-bets_after79]" time="0.001" /><testcase classname="tests.integration.test_pass2come_integration" name="test_pass2come_integration[6-5-None-bets_before80-dice_result80-bets_after80]" time="0.001" /><testcase classname="tests.integration.test_pass2come_integration" name="test_pass2come_integration[6-5-None-bets_before81-dice_result81-bets_after81]" time="0.001" /><testcase classname="tests.integration.test_pass2come_integration" name="test_pass2come_integration[6-5-None-bets_before82-dice_result82-bets_after82]" time="0.001" /><testcase classname="tests.integration.test_pass2come_integration" name="test_pass2come_integration[6-5-None-bets_before83-dice_result83-bets_after83]" time="0.001" /><testcase classname="tests.integration.test_pass2come_integration" name="test_pass2come_integration[6-5-None-bets_before84-dice_result84-bets_after84]" time="0.001" /><testcase classname="tests.integration.test_pass2come_integration" name="test_pass2come_integration[6-6-None-bets_before85-dice_result85-bets_after85]" time="0.001" /><testcase classname="tests.integration.test_pass2come_integration" name="test_pass2come_integration[6-6-None-bets_before86-dice_result86-bets_after86]" time="0.001" /><testcase classname="tests.integration.test_pass2come_integration" name="test_pass2come_integration[6-6-None-bets_before87-dice_result87-bets_after87]" time="0.001" /><testcase classname="tests.integration.test_pass2come_integration" name="test_pass2come_integration[6-6-None-bets_before88-dice_result88-bets_after88]" time="0.001" /><testcase classname="tests.integration.test_pass2come_integration" name="test_pass2come_integration[6-6-None-bets_before89-dice_result89-bets_after89]" time="0.001" /><testcase classname="tests.integration.test_pass2come_integration" name="test_pass2come_integration[6-9-None-bets_before90-dice_result90-bets_after90]" time="0.001" /><testcase classname="tests.integration.test_pass2come_integration" name="test_pass2come_integration[6-9-None-bets_before91-dice_result91-bets_after91]" time="0.001" /><testcase classname="tests.integration.test_pass2come_integration" name="test_pass2come_integration[6-9-None-bets_before92-dice_result92-bets_after92]" time="0.001" /><testcase classname="tests.integration.test_pass2come_integration" name="test_pass2come_integration[6-9-None-bets_before93-dice_result93-bets_after93]" time="0.001" /><testcase classname="tests.integration.test_pass2come_integration" name="test_pass2come_integration[6-10-None-bets_before94-dice_result94-bets_after94]" time="0.001" /><testcase classname="tests.integration.test_pass2come_integration" name="test_pass2come_integration[6-10-None-bets_before95-dice_result95-bets_after95]" time="0.001" /><testcase classname="tests.integration.test_pass2come_integration" name="test_pass2come_integration[6-10-None-bets_before96-dice_result96-bets_after96]" time="0.001" /><testcase classname="tests.integration.test_pass2come_integration" name="test_pass2come_integration[6-11-None-bets_before97-dice_result97-bets_after97]" time="0.001" /><testcase classname="tests.integration.test_pass2come_integration" name="test_pass2come_integration[6-11-None-bets_before98-dice_result98-bets_after98]" time="0.001" /><testcase classname="tests.integration.test_pass2come_integration" name="test_pass2come_integration[6-12-None-bets_before99-dice_result99-bets_after99]" time="0.001" /><testcase classname="tests.integration.test_pass2come_integration" name="test_pass2come_integration[6-12-None-bets_before100-dice_result100-bets_after100]" time="0.001" /><testcase classname="tests.integration.test_pass2come_integration" name="test_pass2come_integration[8-2-None-bets_before101-dice_result101-bets_after101]" time="0.001" /><testcase classname="tests.integration.test_pass2come_integration" name="test_pass2come_integration[8-3-None-bets_before102-dice_result102-bets_after102]" time="0.001" /><testcase classname="tests.integration.test_pass2come_integration" name="test_pass2come_integration[8-3-None-bets_before103-dice_result103-bets_after103]" time="0.001" /><testcase classname="tests.integration.test_pass2come_integration" name="test_pass2come_integration[8-3-None-bets_before104-dice_result104-bets_after104]" time="0.005" /><testcase classname="tests.integration.test_pass2come_integration" name="test_pass2come_integration[8-3-None-bets_before105-dice_result105-bets_after105]" time="0.001" /><testcase classname="tests.integration.test_pass2come_integration" name="test_pass2come_integration[8-4-None-bets_before106-dice_result106-bets_after106]" time="0.001" /><testcase classname="tests.integration.test_pass2come_integration" name="test_pass2come_integration[8-4-None-bets_before107-dice_result107-bets_after107]" time="0.001" /><testcase classname="tests.integration.test_pass2come_integration" name="test_pass2come_integration[8-4-None-bets_before108-dice_result108-bets_after108]" time="0.001" /><testcase classname="tests.integration.test_pass2come_integration" name="test_pass2come_integration[8-5-None-bets_before109-dice_result109-bets_after109]" time="0.001" /><testcase classname="tests.integration.test_pass2come_integration" name="test_pass2come_integration[8-5-None-bets_before110-dice_result110-bets_after110]" time="0.001" /><testcase classname="tests.integration.test_pass2come_integration" name="test_pass2come_integration[8-5-None-bets_before111-dice_result111-bets_after111]" time="0.001" /><testcase classname="tests.integration.test_pass2come_integration" name="test_pass2come_integration[8-5-None-bets_before112-dice_result112-bets_after112]" time="0.001" /><testcase classname="tests.integration.test_pass2come_integration" name="test_pass2come_integration[8-5-None-bets_before113-dice_result113-bets_after113]" time="0.001" /><testcase classname="tests.integration.test_pass2come_integration" name="test_pass2come_integration[8-5-None-bets_before114-dice_result114-bets_after114]" time="0.001" /><testcase classname="tests.integration.test_pass2come_integration" name="test_pass2come_integration[8-6-None-bets_before115-dice_result115-bets_after115]" time="0.001" /><testcase classname="tests.integration.test_pass2come_integration" name="test_pass2come_integration[8-6-None-bets_before116-dice_result116-bets_after116]" time="0.001" /><testcase classname="tests.integration.test_pass2come_integration" name="test_pass2come_integration[8-6-None-bets_before117-dice_result117-bets_after117]" time="0.001" /><testcase classname="tests.integration.test_pass2come_integration" name="test_pass2come_integration[8-6-None-bets_before118-dice_result118-bets_after118]" time="0.001" /><testcase classname="tests.integration.test_pass2come_integration" name="test_pass2come_integration[8-6-None-bets_before119-dice_result119-bets_after119]" time="0.001" /><testcase classname="tests.integration.test_pass2come_integration" name="test_pass2come_integration[8-6-None-bets_before120-dice_result120-bets_after120]" time="0.001" /><testcase classname="tests.integration.test_pass2come_integration" name="test_pass2come_integration[8-6-None-bets_before121-dice_result121-bets_after121]" time="0.001" /><testcase classname="tests.integration.test_pass2come_integration" name="test_pass2come_integration[8-6-None-bets_before122-dice_result122-bets_after122]" time="0.001" /><testcase classname="tests.integration.test_pass2come_integration" name="test_pass2come_integration[8-8-None-bets_before123-dice_result123-bets_after123]" time="0.001" /><testcase classname="tests.integration.test_pass2come_integration" name="test_pass2come_integration[8-8-None-bets_before124-dice_result124-bets_after124]" time="0.001" /><testcase classname="tests.integration.test_pass2come_integration" name="test_pass2come_integration[8-8-None-bets_before125-dice_result125-bets_after125]" time="0.001" /><testcase classname="tests.integration.test_pass2come_integration" name="test_pass2come_integration[8-8-None-bets_before126-dice_result126-bets_after126]" time="0.001" /><testcase classname="tests.integration.test_pass2come_integration" name="test_pass2come_integration[8-8-None-bets_before127-dice_result127-bets_after127]" time="0.001" /><testcase classname="tests.integration.test_pass2come_integration" name="test_pass2come_integration[8-8-None-bets_before128-dice_result128-bets_after128]" time="0.001" /><testcase classname="tests.integration.test_pass2come_integration" name="test_pass2come_integration[8-8-None-bets_before129-dice_result129-bets_after129]" time="0.001" /><testcase classname="tests.integration.test_pass2come_integration" name="test_pass2come_integration[8-8-None-bets_before130-dice_result130-bets_after130]" time="0.001" /><testcase classname="tests.integration.test_pass2come_integration" name="test_pass2come_integration[8-8-None-bets_before131-dice_result131-bets_after131]" time="0.001" /><testcase classname="tests.integration.test_pass2come_integration" name="test_pass2come_integration[8-9-None-bets_before132-dice_result132-bets_after132]" time="0.001" /><testcase classname="tests.integration.test_pass2come_integration" name="test_pass2come_integration[8-9-None-bets_before133-dice_result133-bets_after133]" time="0.001" /><testcase classname="tests.integration.test_pass2come_integration" name="test_pass2come_integration[8-9-None-bets_before134-dice_result134-bets_after134]" time="0.001" /><testcase classname="tests.integration.test_pass2come_integration" name="test_pass2come_integration[8-10-None-bets_before135-dice_result135-bets_after135]" time="0.001" /><testcase classname="tests.integration.test_pass2come_integration" name="test_pass2come_integration[8-10-None-bets_before136-dice_result136-bets_after136]" time="0.001" /><testcase classname="tests.integration.test_pass2come_integration" name="test_pass2come_integration[8-10-None-bets_before137-dice_result137-bets_after137]" time="0.001" /><testcase classname="tests.integration.test_pass2come_integration" name="test_pass2come_integration[8-11-None-bets_before138-dice_result138-bets_after138]" time="0.001" /><testcase classname="tests.integration.test_pass2come_integration" name="test_pass2come_integration[8-11-None-bets_before139-dice_result139-bets_after139]" time="0.001" /><testcase classname="tests.integration.test_pass2come_integration" name="test_pass2come_integration[8-12-None-bets_before140-dice_result140-bets_after140]" time="0.001" /><testcase classname="tests.integration.test_pass2come_integration" name="test_pass2come_integration[9-3-None-bets_before141-dice_result141-bets_after141]" time="0.001" /><testcase classname="tests.integration.test_pass2come_integration" name="test_pass2come_integration[9-4-None-bets_before142-dice_result142-bets_after142]" time="0.001" /><testcase classname="tests.integration.test_pass2come_integration" name="test_pass2come_integration[9-4-None-bets_before143-dice_result143-bets_after143]" time="0.001" /><testcase classname="tests.integration.test_pass2come_integration" name="test_pass2come_integration[9-4-None-bets_before144-dice_result144-bets_after144]" time="0.001" /><testcase classname="tests.integration.test_pass2come_integration" name="test_pass2come_integration[9-4-None-bets_before145-dice_result145-bets_after145]" time="0.001" /><testcase classname="tests.integration.test_pass2come_integration" name="test_pass2come_integration[9-5-None-bets_before146-dice_result146-bets_after146]" time="0.001" /><testcase classname="tests.integration.test_pass2come_integration" name="test_pass2come_integration[9-5-None-bets_before147-dice_result147-bets_after147]" time="0.001" /><testcase classname="tests.integration.test_pass2come_integration" name="test_pass2come_integration[9-5-None-bets_before148-dice_result148-bets_after148]" time="0.001" /><testcase classname="tests.integration.test_pass2come_integration" name="test_pass2come_integration[9-5-None-bets_before149-dice_result149-bets_after149]" time="0.001" /><testcase classname="tests.integration.test_pass2come_integration" name="test_pass2come_integration[9-5-None-bets_before150-dice_result150-bets_after150]" time="0.001" /><testcase classname="tests.integration.test_pass2come_integration" name="test_pass2come_integration[9-5-None-bets_before151-dice_result151-bets_after151]" time="0.001" /><testcase classname="tests.integration.test_pass2come_integration" name="test_pass2come_integration[9-5-None-bets_before152-dice_result152-bets_after152]" time="0.001" /><testcase classname="tests.integration.test_pass2come_integration" name="test_pass2come_integration[9-5-None-bets_before153-dice_result153-bets_after153]" time="0.001" /><testcase classname="tests.integration.test_pass2come_integration" name="test_pass2come_integration[9-5-None-bets_before154-dice_result154-bets_after154]" time="0.001" /><testcase classname="tests.integration.test_pass2come_integration" name="test_pass2come_integration[9-6-None-bets_before155-dice_result155-bets_after155]" time="0.001" /><testcase classname="tests.integration.test_pass2come_integration" name="test_pass2come_integration[9-6-None-bets_before156-dice_result156-bets_after156]" time="0.001" /><testcase classname="tests.integration.test_pass2come_integration" name="test_pass2come_integration[9-6-None-bets_before157-dice_result157-bets_after157]" time="0.001" /><testcase classname="tests.integration.test_pass2come_integration" name="test_pass2come_integration[9-6-None-bets_before158-dice_result158-bets_after158]" time="0.001" /><testcase classname="tests.integration.test_pass2come_integration" name="test_pass2come_integration[9-6-None-bets_before159-dice_result159-bets_after159]" time="0.001" /><testcase classname="tests.integration.test_pass2come_integration" name="test_pass2come_integration[9-6-None-bets_before160-dice_result160-bets_after160]" time="0.001" /><testcase classname="tests.integration.test_pass2come_integration" name="test_pass2come_integration[9-6-None-bets_before161-dice_result161-bets_after161]" time="0.001" /><testcase classname="tests.integration.test_pass2come_integration" name="test_pass2come_integration[9-8-None-bets_before162-dice_result162-bets_after162]" time="0.001" /><testcase classname="tests.integration.test_pass2come_integration" name="test_pass2come_integration[9-8-None-bets_before163-dice_result163-bets_after163]" time="0.001" /><testcase classname="tests.integration.test_pass2come_integration" name="test_pass2come_integration[9-8-None-bets_before164-dice_result164-bets_after164]" time="0.001" /><testcase classname="tests.integration.test_pass2come_integration" name="test_pass2come_integration[9-8-None-bets_before165-dice_result165-bets_after165]" time="0.001" /><testcase classname="tests.integration.test_pass2come_integration" name="test_pass2come_integration[9-8-None-bets_before166-dice_result166-bets_after166]" time="0.001" /><testcase classname="tests.integration.test_pass2come_integration" name="test_pass2come_integration[9-8-None-bets_before167-dice_result167-bets_after167]" time="0.001" /><testcase classname="tests.integration.test_pass2come_integration" name="test_pass2come_integration[9-8-None-bets_before168-dice_result168-bets_after168]" time="0.001" /><testcase classname="tests.integration.test_pass2come_integration" name="test_pass2come_integration[9-8-None-bets_before169-dice_result169-bets_after169]" time="0.001" /><testcase classname="tests.integration.test_pass2come_integration" name="test_pass2come_integration[9-8-None-bets_before170-dice_result170-bets_after170]" time="0.001" /><testcase classname="tests.integration.test_pass2come_integration" name="test_pass2come_integration[9-9-None-bets_before171-dice_result171-bets_after171]" time="0.001" /><testcase classname="tests.integration.test_pass2come_integration" name="test_pass2come_integration[9-9-None-bets_before172-dice_result172-bets_after172]" time="0.001" /><testcase classname="tests.integration.test_pass2come_integration" name="test_pass2come_integration[9-9-None-bets_before173-dice_result173-bets_after173]" time="0.001" /><testcase classname="tests.integration.test_pass2come_integration" name="test_pass2come_integration[9-9-None-bets_before174-dice_result174-bets_after174]" time="0.001" /><testcase classname="tests.integration.test_pass2come_integration" name="test_pass2come_integration[9-9-None-bets_before175-dice_result175-bets_after175]" time="0.001" /><testcase classname="tests.integration.test_pass2come_integration" name="test_pass2come_integration[9-9-None-bets_before176-dice_result176-bets_after176]" time="0.001" /><testcase classname="tests.integration.test_pass2come_integration" name="test_pass2come_integration[9-9-None-bets_before177-dice_result177-bets_after177]" time="0.001" /><testcase classname="tests.integration.test_pass2come_integration" name="test_pass2come_integration[9-9-None-bets_before178-dice_result178-bets_after178]" time="0.001" /><testcase classname="tests.integration.test_pass2come_integration" name="test_pass2come_integration[9-10-None-bets_before179-dice_result179-bets_after179]" time="0.001" /><testcase classname="tests.integration.test_pass2come_integration" name="test_pass2come_integration[9-10-None-bets_before180-dice_result180-bets_after180]" time="0.001" /><testcase classname="tests.integration.test_pass2come_integration" name="test_pass2come_integration[9-10-None-bets_before181-dice_result181-bets_after181]" time="0.001" /><testcase classname="tests.integration.test_pass2come_integration" name="test_pass2come_integration[9-10-None-bets_before182-dice_result182-bets_after182]" time="0.001" /><testcase classname="tests.integration.test_pass2come_integration" name="test_pass2come_integration[9-11-None-bets_before183-dice_result183-bets_after183]" time="0.001" /><testcase classname="tests.integration.test_pass2come_integration" name="test_pass2come_integration[9-11-None-bets_before184-dice_result184-bets_after184]" time="0.001" /><testcase classname="tests.integration.test_pass2come_integration" name="test_pass2come_integration[9-11-None-bets_before185-dice_result185-bets_after185]" time="0.001" /><testcase classname="tests.integration.test_pass2come_integration" name="test_pass2come_integration[10-2-None-bets_before186-dice_result186-bets_after186]" time="0.001" /><testcase classname="tests.integration.test_pass2come_integration" name="test_pass2come_integration[10-4-None-bets_before187-dice_result187-bets_after187]" time="0.001" /><testcase classname="tests.integration.test_pass2come_integration" name="test_pass2come_integration[10-4-None-bets_before188-dice_result188-bets_after188]" time="0.001" /><testcase classname="tests.integration.test_pass2come_integration" name="test_pass2come_integration[10-4-None-bets_before189-dice_result189-bets_after189]" time="0.001" /><testcase classname="tests.integration.test_pass2come_integration" name="test_pass2come_integration[10-5-None-bets_before190-dice_result190-bets_after190]" time="0.001" /><testcase classname="tests.integration.test_pass2come_integration" name="test_pass2come_integration[10-5-None-bets_before191-dice_result191-bets_after191]" time="0.001" /><testcase classname="tests.integration.test_pass2come_integration" name="test_pass2come_integration[10-5-None-bets_before192-dice_result192-bets_after192]" time="0.001" /><testcase classname="tests.integration.test_pass2come_integration" name="test_pass2come_integration[10-6-None-bets_before193-dice_result193-bets_after193]" time="0.001" /><testcase classname="tests.integration.test_pass2come_integration" name="test_pass2come_integration[10-8-None-bets_before194-dice_result194-bets_after194]" time="0.001" /><testcase classname="tests.integration.test_pass2come_integration" name="test_pass2come_integration[10-8-None-bets_before195-dice_result195-bets_after195]" time="0.001" /><testcase classname="tests.integration.test_pass2come_integration" name="test_pass2come_integration[10-9-None-bets_before196-dice_result196-bets_after196]" time="0.001" /><testcase classname="tests.integration.test_pass2come_integration" name="test_pass2come_integration[10-9-None-bets_before197-dice_result197-bets_after197]" time="0.001" /><testcase classname="tests.integration.test_pass2come_integration" name="test_pass2come_integration[10-9-None-bets_before198-dice_result198-bets_after198]" time="0.001" /><testcase classname="tests.integration.test_pass2come_integration" name="test_pass2come_integration[10-9-None-bets_before199-dice_result199-bets_after199]" time="0.001" /><testcase classname="tests.integration.test_pass2come_integration" name="test_pass2come_integration[10-10-None-bets_before200-dice_result200-bets_after200]" time="0.001" /><testcase classname="tests.integration.test_pass2come_integration" name="test_pass2come_integration[10-10-None-bets_before201-dice_result201-bets_after201]" time="0.001" /><testcase classname="tests.integration.test_pass2come_integration" name="test_pass2come_integration[10-10-None-bets_before202-dice_result202-bets_after202]" time="0.001" /><testcase classname="tests.integration.test_pass2come_integration" name="test_pass2come_integration[10-10-None-bets_before203-dice_result203-bets_after203]" time="0.001" /><testcase classname="tests.integration.test_pass2come_integration" name="test_pass2come_integration[10-10-None-bets_before204-dice_result204-bets_after204]" time="0.001" /><testcase classname="tests.integration.test_pass2come_integration" name="test_pass2come_integration[10-12-None-bets_before205-dice_result205-bets_after205]" time="0.001" /><testcase classname="tests.integration.test_passline_integration" name="test_passline_integration[None-None-None-bets_before0-None-bets_after0]" time="0.001" /><testcase classname="tests.integration.test_passline_integration" name="test_passline_integration[None-3-None-bets_before1-dice_result1-bets_after1]" time="0.001" /><testcase classname="tests.integration.test_passline_integration" name="test_passline_integration[None-3-None-bets_before2-dice_result2-bets_after2]" time="0.001" /><testcase classname="tests.integration.test_passline_integration" name="test_passline_integration[None-4-None-bets_before3-dice_result3-bets_after3]" time="0.001" /><testcase classname="tests.integration.test_passline_integration" name="test_passline_integration[None-5-None-bets_before4-dice_result4-bets_after4]" time="0.001" /><testcase classname="tests.integration.test_passline_integration" name="test_passline_integration[None-5-None-bets_before5-dice_result5-bets_after5]" time="0.001" /><testcase classname="tests.integration.test_passline_integration" name="test_passline_integration[None-6-None-bets_before6-dice_result6-bets_after6]" time="0.001" /><testcase classname="tests.integration.test_passline_integration" name="test_passline_integration[None-6-None-bets_before7-dice_result7-bets_after7]" time="0.001" /><testcase classname="tests.integration.test_passline_integration" name="test_passline_integration[None-6-None-bets_before8-dice_result8-bets_after8]" time="0.001" /><testcase classname="tests.integration.test_passline_integration" name="test_passline_integration[None-7-None-bets_before9-dice_result9-bets_after9]" time="0.001" /><testcase classname="tests.integration.test_passline_integration" name="test_passline_integration[None-7-None-bets_before10-dice_result10-bets_after10]" time="0.001" /><testcase classname="tests.integration.test_passline_integration" name="test_passline_integration[None-7-None-bets_before11-dice_result11-bets_after11]" time="0.001" /><testcase classname="tests.integration.test_passline_integration" name="test_passline_integration[None-7-None-bets_before12-dice_result12-bets_after12]" time="0.001" /><testcase classname="tests.integration.test_passline_integration" name="test_passline_integration[None-7-None-bets_before13-dice_result13-bets_after13]" time="0.001" /><testcase classname="tests.integration.test_passline_integration" name="test_passline_integration[None-7-None-bets_before14-dice_result14-bets_after14]" time="0.001" /><testcase classname="tests.integration.test_passline_integration" name="test_passline_integration[None-8-None-bets_before15-dice_result15-bets_after15]" time="0.001" /><testcase classname="tests.integration.test_passline_integration" name="test_passline_integration[None-8-None-bets_before16-dice_result16-bets_after16]" time="0.001" /><testcase classname="tests.integration.test_passline_integration" name="test_passline_integration[None-8-None-bets_before17-dice_result17-bets_after17]" time="0.001" /><testcase classname="tests.integration.test_passline_integration" name="test_passline_integration[None-9-None-bets_before18-dice_result18-bets_after18]" time="0.001" /><testcase classname="tests.integration.test_passline_integration" name="test_passline_integration[None-9-None-bets_before19-dice_result19-bets_after19]" time="0.001" /><testcase classname="tests.integration.test_passline_integration" name="test_passline_integration[None-9-None-bets_before20-dice_result20-bets_after20]" time="0.001" /><testcase classname="tests.integration.test_passline_integration" name="test_passline_integration[None-10-None-bets_before21-dice_result21-bets_after21]" time="0.001" /><testcase classname="tests.integration.test_passline_integration" name="test_passline_integration[None-10-None-bets_before22-dice_result22-bets_after22]" time="0.001" /><testcase classname="tests.integration.test_passline_integration" name="test_passline_integration[None-11-None-bets_before23-dice_result23-bets_after23]" time="0.001" /><testcase classname="tests.integration.test_passline_integration" name="test_passline_integration[None-11-None-bets_before24-dice_result24-bets_after24]" time="0.001" /><testcase classname="tests.integration.test_passline_integration" name="test_passline_integration[None-12-None-bets_before25-dice_result25-bets_after25]" time="0.001" /><testcase classname="tests.integration.test_passline_integration" name="test_passline_integration[4-3-None-bets_before26-dice_result26-bets_after26]" time="0.001" /><testcase classname="tests.integration.test_passline_integration" name="test_passline_integration[4-4-None-bets_before27-dice_result27-bets_after27]" time="0.001" /><testcase classname="tests.integration.test_passline_integration" name="test_passline_integration[4-4-None-bets_before28-dice_result28-bets_after28]" time="0.001" /><testcase classname="tests.integration.test_passline_integration" name="test_passline_integration[4-5-None-bets_before29-dice_result29-bets_after29]" time="0.001" /><testcase classname="tests.integration.test_passline_integration" name="test_passline_integration[4-5-None-bets_before30-dice_result30-bets_after30]" time="0.001" /><testcase classname="tests.integration.test_passline_integration" name="test_passline_integration[4-6-None-bets_before31-dice_result31-bets_after31]" time="0.001" /><testcase classname="tests.integration.test_passline_integration" name="test_passline_integration[4-9-None-bets_before32-dice_result32-bets_after32]" time="0.001" /><testcase classname="tests.integration.test_passline_integration" name="test_passline_integration[4-10-None-bets_before33-dice_result33-bets_after33]" time="0.001" /><testcase classname="tests.integration.test_passline_integration" name="test_passline_integration[4-11-None-bets_before34-dice_result34-bets_after34]" time="0.001" /><testcase classname="tests.integration.test_passline_integration" name="test_passline_integration[5-3-None-bets_before35-dice_result35-bets_after35]" time="0.001" /><testcase classname="tests.integration.test_passline_integration" name="test_passline_integration[5-3-None-bets_before36-dice_result36-bets_after36]" time="0.001" /><testcase classname="tests.integration.test_passline_integration" name="test_passline_integration[5-4-None-bets_before37-dice_result37-bets_after37]" time="0.001" /><testcase classname="tests.integration.test_passline_integration" name="test_passline_integration[5-4-None-bets_before38-dice_result38-bets_after38]" time="0.001" /><testcase classname="tests.integration.test_passline_integration" name="test_passline_integration[5-5-None-bets_before39-dice_result39-bets_after39]" time="0.001" /><testcase classname="tests.integration.test_passline_integration" name="test_passline_integration[5-5-None-bets_before40-dice_result40-bets_after40]" time="0.001" /><testcase classname="tests.integration.test_passline_integration" name="test_passline_integration[5-5-None-bets_before41-dice_result41-bets_after41]" time="0.001" /><testcase classname="tests.integration.test_passline_integration" name="test_passline_integration[5-6-None-bets_before42-dice_result42-bets_after42]" time="0.001" /><testcase classname="tests.integration.test_passline_integration" name="test_passline_integration[5-6-None-bets_before43-dice_result43-bets_after43]" time="0.001" /><testcase classname="tests.integration.test_passline_integration" name="test_passline_integration[5-6-None-bets_before44-dice_result44-bets_after44]" time="0.001" /><testcase classname="tests.integration.test_passline_integration" name="test_passline_integration[5-6-None-bets_before45-dice_result45-bets_after45]" time="0.001" /><testcase classname="tests.integration.test_passline_integration" name="test_passline_integration[5-8-None-bets_before46-dice_result46-bets_after46]" time="0.001" /><testcase classname="tests.integration.test_passline_integration" name="test_passline_integration[5-8-None-bets_before47-dice_result47-bets_after47]" time="0.001" /><testcase classname="tests.integration.test_passline_integration" name="test_passline_integration[5-8-None-bets_before48-dice_result48-bets_after48]" time="0.001" /><testcase classname="tests.integration.test_passline_integration" name="test_passline_integration[5-8-None-bets_before49-dice_result49-bets_after49]" time="0.001" /><testcase classname="tests.integration.test_passline_integration" name="test_passline_integration[5-9-None-bets_before50-dice_result50-bets_after50]" time="0.001" /><testcase classname="tests.integration.test_passline_integration" name="test_passline_integration[5-9-None-bets_before51-dice_result51-bets_after51]" time="0.001" /><testcase classname="tests.integration.test_passline_integration" name="test_passline_integration[5-10-None-bets_before52-dice_result52-bets_after52]" time="0.001" /><testcase classname="tests.integration.test_passline_integration" name="test_passline_integration[5-10-None-bets_before53-dice_result53-bets_after53]" time="0.001" /><testcase classname="tests.integration.test_passline_integration" name="test_passline_integration[5-10-None-bets_before54-dice_result54-bets_after54]" time="0.001" /><testcase classname="tests.integration.test_passline_integration" name="test_passline_integration[5-12-None-bets_before55-dice_result55-bets_after55]" time="0.001" /><testcase classname="tests.integration.test_passline_integration" name="test_passline_integration[6-2-None-bets_before56-dice_result56-bets_after56]" time="0.001" /><testcase classname="tests.integration.test_passline_integration" name="test_passline_integration[6-4-None-bets_before57-dice_result57-bets_after57]" time="0.001" /><testcase classname="tests.integration.test_passline_integration" name="test_passline_integration[6-4-None-bets_before58-dice_result58-bets_after58]" time="0.001" /><testcase classname="tests.integration.test_passline_integration" name="test_passline_integration[6-5-None-bets_before59-dice_result59-bets_after59]" time="0.001" /><testcase classname="tests.integration.test_passline_integration" name="test_passline_integration[6-5-None-bets_before60-dice_result60-bets_after60]" time="0.001" /><testcase classname="tests.integration.test_passline_integration" name="test_passline_integration[6-5-None-bets_before61-dice_result61-bets_after61]" time="0.001" /><testcase classname="tests.integration.test_passline_integration" name="test_passline_integration[6-5-None-bets_before62-dice_result62-bets_after62]" time="0.001" /><testcase classname="tests.integration.test_passline_integration" name="test_passline_integration[6-6-None-bets_before63-dice_result63-bets_after63]" time="0.001" /><testcase classname="tests.integration.test_passline_integration" name="test_passline_integration[6-6-None-bets_before64-dice_result64-bets_after64]" time="0.001" /><testcase classname="tests.integration.test_passline_integration" name="test_passline_integration[6-6-None-bets_before65-dice_result65-bets_after65]" time="0.001" /><testcase classname="tests.integration.test_passline_integration" name="test_passline_integration[6-6-None-bets_before66-dice_result66-bets_after66]" time="0.001" /><testcase classname="tests.integration.test_passline_integration" name="test_passline_integration[6-6-None-bets_before67-dice_result67-bets_after67]" time="0.001" /><testcase classname="tests.integration.test_passline_integration" name="test_passline_integration[6-8-None-bets_before68-dice_result68-bets_after68]" time="0.001" /><testcase classname="tests.integration.test_passline_integration" name="test_passline_integration[6-8-None-bets_before69-dice_result69-bets_after69]" time="0.001" /><testcase classname="tests.integration.test_passline_integration" name="test_passline_integration[6-8-None-bets_before70-dice_result70-bets_after70]" time="0.001" /><testcase classname="tests.integration.test_passline_integration" name="test_passline_integration[6-8-None-bets_before71-dice_result71-bets_after71]" time="0.001" /><testcase classname="tests.integration.test_passline_integration" name="test_passline_integration[6-9-None-bets_before72-dice_result72-bets_after72]" time="0.001" /><testcase classname="tests.integration.test_passline_integration" name="test_passline_integration[6-9-None-bets_before73-dice_result73-bets_after73]" time="0.001" /><testcase classname="tests.integration.test_passline_integration" name="test_passline_integration[6-9-None-bets_before74-dice_result74-bets_after74]" time="0.001" /><testcase classname="tests.integration.test_passline_integration" name="test_passline_integration[6-10-None-bets_before75-dice_result75-bets_after75]" time="0.001" /><testcase classname="tests.integration.test_passline_integration" name="test_passline_integration[6-10-None-bets_before76-dice_result76-bets_after76]" time="0.001" /><testcase classname="tests.integration.test_passline_integration" name="test_passline_integration[6-11-None-bets_before77-dice_result77-bets_after77]" time="0.001" /><testcase classname="tests.integration.test_passline_integration" name="test_passline_integration[6-12-None-bets_before78-dice_result78-bets_after78]" time="0.001" /><testcase classname="tests.integration.test_passline_integration" name="test_passline_integration[8-2-None-bets_before79-dice_result79-bets_after79]" time="0.001" /><testcase classname="tests.integration.test_passline_integration" name="test_passline_integration[8-5-None-bets_before80-dice_result80-bets_after80]" time="0.001" /><testcase classname="tests.integration.test_passline_integration" name="test_passline_integration[8-5-None-bets_before81-dice_result81-bets_after81]" time="0.001" /><testcase classname="tests.integration.test_passline_integration" name="test_passline_integration[8-6-None-bets_before82-dice_result82-bets_after82]" time="0.001" /><testcase classname="tests.integration.test_passline_integration" name="test_passline_integration[8-6-None-bets_before83-dice_result83-bets_after83]" time="0.001" /><testcase classname="tests.integration.test_passline_integration" name="test_passline_integration[8-8-None-bets_before84-dice_result84-bets_after84]" time="0.001" /><testcase classname="tests.integration.test_passline_integration" name="test_passline_integration[8-8-None-bets_before85-dice_result85-bets_after85]" time="0.001" /><testcase classname="tests.integration.test_passline_integration" name="test_passline_integration[8-8-None-bets_before86-dice_result86-bets_after86]" time="0.001" /><testcase classname="tests.integration.test_passline_integration" name="test_passline_integration[8-8-None-bets_before87-dice_result87-bets_after87]" time="0.001" /><testcase classname="tests.integration.test_passline_integration" name="test_passline_integration[8-8-None-bets_before88-dice_result88-bets_after88]" time="0.001" /><testcase classname="tests.integration.test_passline_integration" name="test_passline_integration[8-9-None-bets_before89-dice_result89-bets_after89]" time="0.001" /><testcase classname="tests.integration.test_passline_integration" name="test_passline_integration[8-10-None-bets_before90-dice_result90-bets_after90]" time="0.001" /><testcase classname="tests.integration.test_passline_integration" name="test_passline_integration[8-11-None-bets_before91-dice_result91-bets_after91]" time="0.001" /><testcase classname="tests.integration.test_passline_integration" name="test_passline_integration[8-11-None-bets_before92-dice_result92-bets_after92]" time="0.001" /><testcase classname="tests.integration.test_passline_integration" name="test_passline_integration[8-12-None-bets_before93-dice_result93-bets_after93]" time="0.001" /><testcase classname="tests.integration.test_passline_integration" name="test_passline_integration[9-2-None-bets_before94-dice_result94-bets_after94]" time="0.001" /><testcase classname="tests.integration.test_passline_integration" name="test_passline_integration[9-3-None-bets_before95-dice_result95-bets_after95]" time="0.001" /><testcase classname="tests.integration.test_passline_integration" name="test_passline_integration[9-3-None-bets_before96-dice_result96-bets_after96]" time="0.001" /><testcase classname="tests.integration.test_passline_integration" name="test_passline_integration[9-4-None-bets_before97-dice_result97-bets_after97]" time="0.001" /><testcase classname="tests.integration.test_passline_integration" name="test_passline_integration[9-5-None-bets_before98-dice_result98-bets_after98]" time="0.001" /><testcase classname="tests.integration.test_passline_integration" name="test_passline_integration[9-5-None-bets_before99-dice_result99-bets_after99]" time="0.001" /><testcase classname="tests.integration.test_passline_integration" name="test_passline_integration[9-5-None-bets_before100-dice_result100-bets_after100]" time="0.001" /><testcase classname="tests.integration.test_passline_integration" name="test_passline_integration[9-6-None-bets_before101-dice_result101-bets_after101]" time="0.001" /><testcase classname="tests.integration.test_passline_integration" name="test_passline_integration[9-6-None-bets_before102-dice_result102-bets_after102]" time="0.001" /><testcase classname="tests.integration.test_passline_integration" name="test_passline_integration[9-6-None-bets_before103-dice_result103-bets_after103]" time="0.001" /><testcase classname="tests.integration.test_passline_integration" name="test_passline_integration[9-8-None-bets_before104-dice_result104-bets_after104]" time="0.001" /><testcase classname="tests.integration.test_passline_integration" name="test_passline_integration[9-8-None-bets_before105-dice_result105-bets_after105]" time="0.001" /><testcase classname="tests.integration.test_passline_integration" name="test_passline_integration[9-8-None-bets_before106-dice_result106-bets_after106]" time="0.001" /><testcase classname="tests.integration.test_passline_integration" name="test_passline_integration[9-9-None-bets_before107-dice_result107-bets_after107]" time="0.001" /><testcase classname="tests.integration.test_passline_integration" name="test_passline_integration[9-9-None-bets_before108-dice_result108-bets_after108]" time="0.001" /><testcase classname="tests.integration.test_passline_integration" name="test_passline_integration[9-9-None-bets_before109-dice_result109-bets_after109]" time="0.001" /><testcase classname="tests.integration.test_passline_integration" name="test_passline_integration[9-9-None-bets_before110-dice_result110-bets_after110]" time="0.001" /><testcase classname="tests.integration.test_passline_integration" name="test_passline_integration[9-10-None-bets_before111-dice_result111-bets_after111]" time="0.001" /><testcase classname="tests.integration.test_passline_integration" name="test_passline_integration[9-10-None-bets_before112-dice_result112-bets_after112]" time="0.001" /><testcase classname="tests.integration.test_passline_integration" name="test_passline_integration[9-11-None-bets_before113-dice_result113-bets_after113]" time="0.001" /><testcase classname="tests.integration.test_passline_integration" name="test_passline_integration[9-12-None-bets_before114-dice_result114-bets_after114]" time="0.001" /><testcase classname="tests.integration.test_passline_integration" name="test_passline_integration[10-2-None-bets_before115-dice_result115-bets_after115]" time="0.001" /><testcase classname="tests.integration.test_passline_integration" name="test_passline_integration[10-3-None-bets_before116-dice_result116-bets_after116]" time="0.001" /><testcase classname="tests.integration.test_passline_integration" name="test_passline_integration[10-4-None-bets_before117-dice_result117-bets_after117]" time="0.001" /><testcase classname="tests.integration.test_passline_integration" name="test_passline_integration[10-4-None-bets_before118-dice_result118-bets_after118]" time="0.001" /><testcase classname="tests.integration.test_passline_integration" name="test_passline_integration[10-4-None-bets_before119-dice_result119-bets_after119]" time="0.001" /><testcase classname="tests.integration.test_passline_integration" name="test_passline_integration[10-5-None-bets_before120-dice_result120-bets_after120]" time="0.001" /><testcase classname="tests.integration.test_passline_integration" name="test_passline_integration[10-5-None-bets_before121-dice_result121-bets_after121]" time="0.001" /><testcase classname="tests.integration.test_passline_integration" name="test_passline_integration[10-5-None-bets_before122-dice_result122-bets_after122]" time="0.001" /><testcase classname="tests.integration.test_passline_integration" name="test_passline_integration[10-5-None-bets_before123-dice_result123-bets_after123]" time="0.001" /><testcase classname="tests.integration.test_passline_integration" name="test_passline_integration[10-6-None-bets_before124-dice_result124-bets_after124]" time="0.001" /><testcase classname="tests.integration.test_passline_integration" name="test_passline_integration[10-6-None-bets_before125-dice_result125-bets_after125]" time="0.001" /><testcase classname="tests.integration.test_passline_integration" name="test_passline_integration[10-6-None-bets_before126-dice_result126-bets_after126]" time="0.001" /><testcase classname="tests.integration.test_passline_integration" name="test_passline_integration[10-6-None-bets_before127-dice_result127-bets_after127]" time="0.001" /><testcase classname="tests.integration.test_passline_integration" name="test_passline_integration[10-8-None-bets_before128-dice_result128-bets_after128]" time="0.001" /><testcase classname="tests.integration.test_passline_integration" name="test_passline_integration[10-8-None-bets_before129-dice_result129-bets_after129]" time="0.001" /><testcase classname="tests.integration.test_passline_integration" name="test_passline_integration[10-8-None-bets_before130-dice_result130-bets_after130]" time="0.001" /><testcase classname="tests.integration.test_passline_integration" name="test_passline_integration[10-8-None-bets_before131-dice_result131-bets_after131]" time="0.001" /><testcase classname="tests.integration.test_passline_integration" name="test_passline_integration[10-9-None-bets_before132-dice_result132-bets_after132]" time="0.001" /><testcase classname="tests.integration.test_passline_integration" name="test_passline_integration[10-9-None-bets_before133-dice_result133-bets_after133]" time="0.001" /><testcase classname="tests.integration.test_passline_integration" name="test_passline_integration[10-9-None-bets_before134-dice_result134-bets_after134]" time="0.001" /><testcase classname="tests.integration.test_passline_integration" name="test_passline_integration[10-9-None-bets_before135-dice_result135-bets_after135]" time="0.001" /><testcase classname="tests.integration.test_passline_integration" name="test_passline_integration[10-10-None-bets_before136-dice_result136-bets_after136]" time="0.001" /><testcase classname="tests.integration.test_passline_integration" name="test_passline_integration[10-10-None-bets_before137-dice_result137-bets_after137]" time="0.001" /><testcase classname="tests.integration.test_passline_integration" name="test_passline_integration[10-10-None-bets_before138-dice_result138-bets_after138]" time="0.001" /><testcase classname="tests.integration.test_passline_integration" name="test_passline_integration[10-11-None-bets_before139-dice_result139-bets_after139]" time="0.001" /><testcase classname="tests.integration.test_passline_integration" name="test_passline_integration[10-11-None-bets_before140-dice_result140-bets_after140]" time="0.001" /><testcase classname="tests.integration.test_passline_integration" name="test_passline_integration[10-12-None-bets_before141-dice_result141-bets_after141]" time="0.001" /><testcase classname="tests.integration.test_passline_odds2_integration" name="test_passline_odds2_integration[None-None-None-bets_before0-None-bets_after0]" time="0.001" /><testcase classname="tests.integration.test_passline_odds2_integration" name="test_passline_odds2_integration[None-2-None-bets_before1-dice_result1-bets_after1]" time="0.001" /><testcase classname="tests.integration.test_passline_odds2_integration" name="test_passline_odds2_integration[None-3-None-bets_before2-dice_result2-bets_after2]" time="0.001" /><testcase classname="tests.integration.test_passline_odds2_integration" name="test_passline_odds2_integration[None-3-None-bets_before3-dice_result3-bets_after3]" time="0.001" /><testcase classname="tests.integration.test_passline_odds2_integration" name="test_passline_odds2_integration[None-4-None-bets_before4-dice_result4-bets_after4]" time="0.001" /><testcase classname="tests.integration.test_passline_odds2_integration" name="test_passline_odds2_integration[None-4-None-bets_before5-dice_result5-bets_after5]" time="0.001" /><testcase classname="tests.integration.test_passline_odds2_integration" name="test_passline_odds2_integration[None-4-None-bets_before6-dice_result6-bets_after6]" time="0.001" /><testcase classname="tests.integration.test_passline_odds2_integration" name="test_passline_odds2_integration[None-5-None-bets_before7-dice_result7-bets_after7]" time="0.001" /><testcase classname="tests.integration.test_passline_odds2_integration" name="test_passline_odds2_integration[None-5-None-bets_before8-dice_result8-bets_after8]" time="0.001" /><testcase classname="tests.integration.test_passline_odds2_integration" name="test_passline_odds2_integration[None-6-None-bets_before9-dice_result9-bets_after9]" time="0.001" /><testcase classname="tests.integration.test_passline_odds2_integration" name="test_passline_odds2_integration[None-6-None-bets_before10-dice_result10-bets_after10]" time="0.001" /><testcase classname="tests.integration.test_passline_odds2_integration" name="test_passline_odds2_integration[None-6-None-bets_before11-dice_result11-bets_after11]" time="0.001" /><testcase classname="tests.integration.test_passline_odds2_integration" name="test_passline_odds2_integration[None-6-None-bets_before12-dice_result12-bets_after12]" time="0.001" /><testcase classname="tests.integration.test_passline_odds2_integration" name="test_passline_odds2_integration[None-6-None-bets_before13-dice_result13-bets_after13]" time="0.001" /><testcase classname="tests.integration.test_passline_odds2_integration" name="test_passline_odds2_integration[None-7-None-bets_before14-dice_result14-bets_after14]" time="0.001" /><testcase classname="tests.integration.test_passline_odds2_integration" name="test_passline_odds2_integration[None-7-None-bets_before15-dice_result15-bets_after15]" time="0.001" /><testcase classname="tests.integration.test_passline_odds2_integration" name="test_passline_odds2_integration[None-7-None-bets_before16-dice_result16-bets_after16]" time="0.001" /><testcase classname="tests.integration.test_passline_odds2_integration" name="test_passline_odds2_integration[None-7-None-bets_before17-dice_result17-bets_after17]" time="0.001" /><testcase classname="tests.integration.test_passline_odds2_integration" name="test_passline_odds2_integration[None-7-None-bets_before18-dice_result18-bets_after18]" time="0.001" /><testcase classname="tests.integration.test_passline_odds2_integration" name="test_passline_odds2_integration[None-7-None-bets_before19-dice_result19-bets_after19]" time="0.001" /><testcase classname="tests.integration.test_passline_odds2_integration" name="test_passline_odds2_integration[None-8-None-bets_before20-dice_result20-bets_after20]" time="0.001" /><testcase classname="tests.integration.test_passline_odds2_integration" name="test_passline_odds2_integration[None-8-None-bets_before21-dice_result21-bets_after21]" time="0.001" /><testcase classname="tests.integration.test_passline_odds2_integration" name="test_passline_odds2_integration[None-8-None-bets_before22-dice_result22-bets_after22]" time="0.001" /><testcase classname="tests.integration.test_passline_odds2_integration" name="test_passline_odds2_integration[None-8-None-bets_before23-dice_result23-bets_after23]" time="0.001" /><testcase classname="tests.integration.test_passline_odds2_integration" name="test_passline_odds2_integration[None-8-None-bets_before24-dice_result24-bets_after24]" time="0.001" /><testcase classname="tests.integration.test_passline_odds2_integration" name="test_passline_odds2_integration[None-9-None-bets_before25-dice_result25-bets_after25]" time="0.001" /><testcase classname="tests.integration.test_passline_odds2_integration" name="test_passline_odds2_integration[None-10-None-bets_before26-dice_result26-bets_after26]" time="0.001" /><testcase classname="tests.integration.test_passline_odds2_integration" name="test_passline_odds2_integration[None-10-None-bets_before27-dice_result27-bets_after27]" time="0.001" /><testcase classname="tests.integration.test_passline_odds2_integration" name="test_passline_odds2_integration[None-11-None-bets_before28-dice_result28-bets_after28]" time="0.001" /><testcase classname="tests.integration.test_passline_odds2_integration" name="test_passline_odds2_integration[None-11-None-bets_before29-dice_result29-bets_after29]" time="0.001" /><testcase classname="tests.integration.test_passline_odds2_integration" name="test_passline_odds2_integration[None-12-None-bets_before30-dice_result30-bets_after30]" time="0.001" /><testcase classname="tests.integration.test_passline_odds2_integration" name="test_passline_odds2_integration[4-4-None-bets_before31-dice_result31-bets_after31]" time="0.001" /><testcase classname="tests.integration.test_passline_odds2_integration" name="test_passline_odds2_integration[4-4-None-bets_before32-dice_result32-bets_after32]" time="0.001" /><testcase classname="tests.integration.test_passline_odds2_integration" name="test_passline_odds2_integration[4-4-None-bets_before33-dice_result33-bets_after33]" time="0.001" /><testcase classname="tests.integration.test_passline_odds2_integration" name="test_passline_odds2_integration[4-5-None-bets_before34-dice_result34-bets_after34]" time="0.001" /><testcase classname="tests.integration.test_passline_odds2_integration" name="test_passline_odds2_integration[4-5-None-bets_before35-dice_result35-bets_after35]" time="0.001" /><testcase classname="tests.integration.test_passline_odds2_integration" name="test_passline_odds2_integration[4-6-None-bets_before36-dice_result36-bets_after36]" time="0.001" /><testcase classname="tests.integration.test_passline_odds2_integration" name="test_passline_odds2_integration[4-6-None-bets_before37-dice_result37-bets_after37]" time="0.001" /><testcase classname="tests.integration.test_passline_odds2_integration" name="test_passline_odds2_integration[4-6-None-bets_before38-dice_result38-bets_after38]" time="0.001" /><testcase classname="tests.integration.test_passline_odds2_integration" name="test_passline_odds2_integration[4-6-None-bets_before39-dice_result39-bets_after39]" time="0.001" /><testcase classname="tests.integration.test_passline_odds2_integration" name="test_passline_odds2_integration[4-8-None-bets_before40-dice_result40-bets_after40]" time="0.001" /><testcase classname="tests.integration.test_passline_odds2_integration" name="test_passline_odds2_integration[4-9-None-bets_before41-dice_result41-bets_after41]" time="0.001" /><testcase classname="tests.integration.test_passline_odds2_integration" name="test_passline_odds2_integration[4-9-None-bets_before42-dice_result42-bets_after42]" time="0.001" /><testcase classname="tests.integration.test_passline_odds2_integration" name="test_passline_odds2_integration[4-10-None-bets_before43-dice_result43-bets_after43]" time="0.001" /><testcase classname="tests.integration.test_passline_odds2_integration" name="test_passline_odds2_integration[4-10-None-bets_before44-dice_result44-bets_after44]" time="0.001" /><testcase classname="tests.integration.test_passline_odds2_integration" name="test_passline_odds2_integration[5-3-None-bets_before45-dice_result45-bets_after45]" time="0.001" /><testcase classname="tests.integration.test_passline_odds2_integration" name="test_passline_odds2_integration[5-4-None-bets_before46-dice_result46-bets_after46]" time="0.001" /><testcase classname="tests.integration.test_passline_odds2_integration" name="test_passline_odds2_integration[5-5-None-bets_before47-dice_result47-bets_after47]" time="0.001" /><testcase classname="tests.integration.test_passline_odds2_integration" name="test_passline_odds2_integration[5-5-None-bets_before48-dice_result48-bets_after48]" time="0.001" /><testcase classname="tests.integration.test_passline_odds2_integration" name="test_passline_odds2_integration[5-5-None-bets_before49-dice_result49-bets_after49]" time="0.001" /><testcase classname="tests.integration.test_passline_odds2_integration" name="test_passline_odds2_integration[5-5-None-bets_before50-dice_result50-bets_after50]" time="0.001" /><testcase classname="tests.integration.test_passline_odds2_integration" name="test_passline_odds2_integration[5-6-None-bets_before51-dice_result51-bets_after51]" time="0.001" /><testcase classname="tests.integration.test_passline_odds2_integration" name="test_passline_odds2_integration[5-6-None-bets_before52-dice_result52-bets_after52]" time="0.001" /><testcase classname="tests.integration.test_passline_odds2_integration" name="test_passline_odds2_integration[5-6-None-bets_before53-dice_result53-bets_after53]" time="0.001" /><testcase classname="tests.integration.test_passline_odds2_integration" name="test_passline_odds2_integration[5-8-None-bets_before54-dice_result54-bets_after54]" time="0.001" /><testcase classname="tests.integration.test_passline_odds2_integration" name="test_passline_odds2_integration[5-8-None-bets_before55-dice_result55-bets_after55]" time="0.001" /><testcase classname="tests.integration.test_passline_odds2_integration" name="test_passline_odds2_integration[5-8-None-bets_before56-dice_result56-bets_after56]" time="0.001" /><testcase classname="tests.integration.test_passline_odds2_integration" name="test_passline_odds2_integration[5-9-None-bets_before57-dice_result57-bets_after57]" time="0.001" /><testcase classname="tests.integration.test_passline_odds2_integration" name="test_passline_odds2_integration[5-9-None-bets_before58-dice_result58-bets_after58]" time="0.001" /><testcase classname="tests.integration.test_passline_odds2_integration" name="test_passline_odds2_integration[5-9-None-bets_before59-dice_result59-bets_after59]" time="0.001" /><testcase classname="tests.integration.test_passline_odds2_integration" name="test_passline_odds2_integration[5-9-None-bets_before60-dice_result60-bets_after60]" time="0.001" /><testcase classname="tests.integration.test_passline_odds2_integration" name="test_passline_odds2_integration[5-11-None-bets_before61-dice_result61-bets_after61]" time="0.001" /><testcase classname="tests.integration.test_passline_odds2_integration" name="test_passline_odds2_integration[5-12-None-bets_before62-dice_result62-bets_after62]" time="0.001" /><testcase classname="tests.integration.test_passline_odds2_integration" name="test_passline_odds2_integration[6-2-None-bets_before63-dice_result63-bets_after63]" time="0.001" /><testcase classname="tests.integration.test_passline_odds2_integration" name="test_passline_odds2_integration[6-3-None-bets_before64-dice_result64-bets_after64]" time="0.001" /><testcase classname="tests.integration.test_passline_odds2_integration" name="test_passline_odds2_integration[6-4-None-bets_before65-dice_result65-bets_after65]" time="0.001" /><testcase classname="tests.integration.test_passline_odds2_integration" name="test_passline_odds2_integration[6-4-None-bets_before66-dice_result66-bets_after66]" time="0.001" /><testcase classname="tests.integration.test_passline_odds2_integration" name="test_passline_odds2_integration[6-5-None-bets_before67-dice_result67-bets_after67]" time="0.001" /><testcase classname="tests.integration.test_passline_odds2_integration" name="test_passline_odds2_integration[6-5-None-bets_before68-dice_result68-bets_after68]" time="0.001" /><testcase classname="tests.integration.test_passline_odds2_integration" name="test_passline_odds2_integration[6-5-None-bets_before69-dice_result69-bets_after69]" time="0.001" /><testcase classname="tests.integration.test_passline_odds2_integration" name="test_passline_odds2_integration[6-6-None-bets_before70-dice_result70-bets_after70]" time="0.001" /><testcase classname="tests.integration.test_passline_odds2_integration" name="test_passline_odds2_integration[6-6-None-bets_before71-dice_result71-bets_after71]" time="0.001" /><testcase classname="tests.integration.test_passline_odds2_integration" name="test_passline_odds2_integration[6-6-None-bets_before72-dice_result72-bets_after72]" time="0.001" /><testcase classname="tests.integration.test_passline_odds2_integration" name="test_passline_odds2_integration[6-6-None-bets_before73-dice_result73-bets_after73]" time="0.001" /><testcase classname="tests.integration.test_passline_odds2_integration" name="test_passline_odds2_integration[6-6-None-bets_before74-dice_result74-bets_after74]" time="0.001" /><testcase classname="tests.integration.test_passline_odds2_integration" name="test_passline_odds2_integration[6-8-None-bets_before75-dice_result75-bets_after75]" time="0.001" /><testcase classname="tests.integration.test_passline_odds2_integration" name="test_passline_odds2_integration[6-8-None-bets_before76-dice_result76-bets_after76]" time="0.001" /><testcase classname="tests.integration.test_passline_odds2_integration" name="test_passline_odds2_integration[6-8-None-bets_before77-dice_result77-bets_after77]" time="0.001" /><testcase classname="tests.integration.test_passline_odds2_integration" name="test_passline_odds2_integration[6-8-None-bets_before78-dice_result78-bets_after78]" time="0.001" /><testcase classname="tests.integration.test_passline_odds2_integration" name="test_passline_odds2_integration[6-8-None-bets_before79-dice_result79-bets_after79]" time="0.001" /><testcase classname="tests.integration.test_passline_odds2_integration" name="test_passline_odds2_integration[6-9-None-bets_before80-dice_result80-bets_after80]" time="0.001" /><testcase classname="tests.integration.test_passline_odds2_integration" name="test_passline_odds2_integration[6-9-None-bets_before81-dice_result81-bets_after81]" time="0.001" /><testcase classname="tests.integration.test_passline_odds2_integration" name="test_passline_odds2_integration[6-9-None-bets_before82-dice_result82-bets_after82]" time="0.001" /><testcase classname="tests.integration.test_passline_odds2_integration" name="test_passline_odds2_integration[6-9-None-bets_before83-dice_result83-bets_after83]" time="0.001" /><testcase classname="tests.integration.test_passline_odds2_integration" name="test_passline_odds2_integration[6-10-None-bets_before84-dice_result84-bets_after84]" time="0.001" /><testcase classname="tests.integration.test_passline_odds2_integration" name="test_passline_odds2_integration[6-10-None-bets_before85-dice_result85-bets_after85]" time="0.001" /><testcase classname="tests.integration.test_passline_odds2_integration" name="test_passline_odds2_integration[6-11-None-bets_before86-dice_result86-bets_after86]" time="0.001" /><testcase classname="tests.integration.test_passline_odds2_integration" name="test_passline_odds2_integration[6-12-None-bets_before87-dice_result87-bets_after87]" time="0.001" /><testcase classname="tests.integration.test_passline_odds2_integration" name="test_passline_odds2_integration[8-2-None-bets_before88-dice_result88-bets_after88]" time="0.001" /><testcase classname="tests.integration.test_passline_odds2_integration" name="test_passline_odds2_integration[8-3-None-bets_before89-dice_result89-bets_after89]" time="0.001" /><testcase classname="tests.integration.test_passline_odds2_integration" name="test_passline_odds2_integration[8-3-None-bets_before90-dice_result90-bets_after90]" time="0.001" /><testcase classname="tests.integration.test_passline_odds2_integration" name="test_passline_odds2_integration[8-4-None-bets_before91-dice_result91-bets_after91]" time="0.001" /><testcase classname="tests.integration.test_passline_odds2_integration" name="test_passline_odds2_integration[8-5-None-bets_before92-dice_result92-bets_after92]" time="0.001" /><testcase classname="tests.integration.test_passline_odds2_integration" name="test_passline_odds2_integration[8-5-None-bets_before93-dice_result93-bets_after93]" time="0.001" /><testcase classname="tests.integration.test_passline_odds2_integration" name="test_passline_odds2_integration[8-5-None-bets_before94-dice_result94-bets_after94]" time="0.001" /><testcase classname="tests.integration.test_passline_odds2_integration" name="test_passline_odds2_integration[8-6-None-bets_before95-dice_result95-bets_after95]" time="0.001" /><testcase classname="tests.integration.test_passline_odds2_integration" name="test_passline_odds2_integration[8-6-None-bets_before96-dice_result96-bets_after96]" time="0.001" /><testcase classname="tests.integration.test_passline_odds2_integration" name="test_passline_odds2_integration[8-6-None-bets_before97-dice_result97-bets_after97]" time="0.001" /><testcase classname="tests.integration.test_passline_odds2_integration" name="test_passline_odds2_integration[8-6-None-bets_before98-dice_result98-bets_after98]" time="0.001" /><testcase classname="tests.integration.test_passline_odds2_integration" name="test_passline_odds2_integration[8-8-None-bets_before99-dice_result99-bets_after99]" time="0.001" /><testcase classname="tests.integration.test_passline_odds2_integration" name="test_passline_odds2_integration[8-8-None-bets_before100-dice_result100-bets_after100]" time="0.001" /><testcase classname="tests.integration.test_passline_odds2_integration" name="test_passline_odds2_integration[8-8-None-bets_before101-dice_result101-bets_after101]" time="0.001" /><testcase classname="tests.integration.test_passline_odds2_integration" name="test_passline_odds2_integration[8-8-None-bets_before102-dice_result102-bets_after102]" time="0.001" /><testcase classname="tests.integration.test_passline_odds2_integration" name="test_passline_odds2_integration[8-8-None-bets_before103-dice_result103-bets_after103]" time="0.001" /><testcase classname="tests.integration.test_passline_odds2_integration" name="test_passline_odds2_integration[8-9-None-bets_before104-dice_result104-bets_after104]" time="0.001" /><testcase classname="tests.integration.test_passline_odds2_integration" name="test_passline_odds2_integration[8-9-None-bets_before105-dice_result105-bets_after105]" time="0.001" /><testcase classname="tests.integration.test_passline_odds2_integration" name="test_passline_odds2_integration[8-9-None-bets_before106-dice_result106-bets_after106]" time="0.001" /><testcase classname="tests.integration.test_passline_odds2_integration" name="test_passline_odds2_integration[8-9-None-bets_before107-dice_result107-bets_after107]" time="0.001" /><testcase classname="tests.integration.test_passline_odds2_integration" name="test_passline_odds2_integration[8-10-None-bets_before108-dice_result108-bets_after108]" time="0.001" /><testcase classname="tests.integration.test_passline_odds2_integration" name="test_passline_odds2_integration[8-10-None-bets_before109-dice_result109-bets_after109]" time="0.001" /><testcase classname="tests.integration.test_passline_odds2_integration" name="test_passline_odds2_integration[8-10-None-bets_before110-dice_result110-bets_after110]" time="0.001" /><testcase classname="tests.integration.test_passline_odds2_integration" name="test_passline_odds2_integration[8-11-None-bets_before111-dice_result111-bets_after111]" time="0.001" /><testcase classname="tests.integration.test_passline_odds2_integration" name="test_passline_odds2_integration[8-11-None-bets_before112-dice_result112-bets_after112]" time="0.001" /><testcase classname="tests.integration.test_passline_odds2_integration" name="test_passline_odds2_integration[8-12-None-bets_before113-dice_result113-bets_after113]" time="0.001" /><testcase classname="tests.integration.test_passline_odds2_integration" name="test_passline_odds2_integration[9-2-None-bets_before114-dice_result114-bets_after114]" time="0.001" /><testcase classname="tests.integration.test_passline_odds2_integration" name="test_passline_odds2_integration[9-3-None-bets_before115-dice_result115-bets_after115]" time="0.001" /><testcase classname="tests.integration.test_passline_odds2_integration" name="test_passline_odds2_integration[9-4-None-bets_before116-dice_result116-bets_after116]" time="0.001" /><testcase classname="tests.integration.test_passline_odds2_integration" name="test_passline_odds2_integration[9-4-None-bets_before117-dice_result117-bets_after117]" time="0.001" /><testcase classname="tests.integration.test_passline_odds2_integration" name="test_passline_odds2_integration[9-4-None-bets_before118-dice_result118-bets_after118]" time="0.001" /><testcase classname="tests.integration.test_passline_odds2_integration" name="test_passline_odds2_integration[9-5-None-bets_before119-dice_result119-bets_after119]" time="0.001" /><testcase classname="tests.integration.test_passline_odds2_integration" name="test_passline_odds2_integration[9-5-None-bets_before120-dice_result120-bets_after120]" time="0.001" /><testcase classname="tests.integration.test_passline_odds2_integration" name="test_passline_odds2_integration[9-8-None-bets_before121-dice_result121-bets_after121]" time="0.001" /><testcase classname="tests.integration.test_passline_odds2_integration" name="test_passline_odds2_integration[9-8-None-bets_before122-dice_result122-bets_after122]" time="0.001" /><testcase classname="tests.integration.test_passline_odds2_integration" name="test_passline_odds2_integration[9-8-None-bets_before123-dice_result123-bets_after123]" time="0.001" /><testcase classname="tests.integration.test_passline_odds2_integration" name="test_passline_odds2_integration[9-9-None-bets_before124-dice_result124-bets_after124]" time="0.001" /><testcase classname="tests.integration.test_passline_odds2_integration" name="test_passline_odds2_integration[9-9-None-bets_before125-dice_result125-bets_after125]" time="0.001" /><testcase classname="tests.integration.test_passline_odds2_integration" name="test_passline_odds2_integration[9-9-None-bets_before126-dice_result126-bets_after126]" time="0.001" /><testcase classname="tests.integration.test_passline_odds2_integration" name="test_passline_odds2_integration[9-9-None-bets_before127-dice_result127-bets_after127]" time="0.001" /><testcase classname="tests.integration.test_passline_odds2_integration" name="test_passline_odds2_integration[9-10-None-bets_before128-dice_result128-bets_after128]" time="0.001" /><testcase classname="tests.integration.test_passline_odds2_integration" name="test_passline_odds2_integration[9-10-None-bets_before129-dice_result129-bets_after129]" time="0.001" /><testcase classname="tests.integration.test_passline_odds2_integration" name="test_passline_odds2_integration[9-10-None-bets_before130-dice_result130-bets_after130]" time="0.001" /><testcase classname="tests.integration.test_passline_odds2_integration" name="test_passline_odds2_integration[9-11-None-bets_before131-dice_result131-bets_after131]" time="0.001" /><testcase classname="tests.integration.test_passline_odds2_integration" name="test_passline_odds2_integration[9-12-None-bets_before132-dice_result132-bets_after132]" time="0.001" /><testcase classname="tests.integration.test_passline_odds2_integration" name="test_passline_odds2_integration[10-2-None-bets_before133-dice_result133-bets_after133]" time="0.001" /><testcase classname="tests.integration.test_passline_odds2_integration" name="test_passline_odds2_integration[10-3-None-bets_before134-dice_result134-bets_after134]" time="0.001" /><testcase classname="tests.integration.test_passline_odds2_integration" name="test_passline_odds2_integration[10-4-None-bets_before135-dice_result135-bets_after135]" time="0.001" /><testcase classname="tests.integration.test_passline_odds2_integration" name="test_passline_odds2_integration[10-5-None-bets_before136-dice_result136-bets_after136]" time="0.001" /><testcase classname="tests.integration.test_passline_odds2_integration" name="test_passline_odds2_integration[10-5-None-bets_before137-dice_result137-bets_after137]" time="0.001" /><testcase classname="tests.integration.test_passline_odds2_integration" name="test_passline_odds2_integration[10-6-None-bets_before138-dice_result138-bets_after138]" time="0.001" /><testcase classname="tests.integration.test_passline_odds2_integration" name="test_passline_odds2_integration[10-8-None-bets_before139-dice_result139-bets_after139]" time="0.001" /><testcase classname="tests.integration.test_passline_odds2_integration" name="test_passline_odds2_integration[10-9-None-bets_before140-dice_result140-bets_after140]" time="0.001" /><testcase classname="tests.integration.test_passline_odds2_integration" name="test_passline_odds2_integration[10-10-None-bets_before141-dice_result141-bets_after141]" time="0.001" /><testcase classname="tests.integration.test_passline_odds2_integration" name="test_passline_odds2_integration[10-10-None-bets_before142-dice_result142-bets_after142]" time="0.001" /><testcase classname="tests.integration.test_passline_odds2_integration" name="test_passline_odds2_integration[10-10-None-bets_before143-dice_result143-bets_after143]" time="0.001" /><testcase classname="tests.integration.test_passline_odds2_integration" name="test_passline_odds2_integration[10-11-None-bets_before144-dice_result144-bets_after144]" time="0.001" /><testcase classname="tests.integration.test_passline_odds2_integration" name="test_passline_odds2_integration[10-12-None-bets_before145-dice_result145-bets_after145]" time="0.001" /><testcase classname="tests.integration.test_passline_odds345_integration" name="test_passline_odds345_integration[None-None-None-bets_before0-None-bets_after0]" time="0.001" /><testcase classname="tests.integration.test_passline_odds345_integration" name="test_passline_odds345_integration[None-2-None-bets_before1-dice_result1-bets_after1]" time="0.001" /><testcase classname="tests.integration.test_passline_odds345_integration" name="test_passline_odds345_integration[None-3-None-bets_before2-dice_result2-bets_after2]" time="0.001" /><testcase classname="tests.integration.test_passline_odds345_integration" name="test_passline_odds345_integration[None-4-None-bets_before3-dice_result3-bets_after3]" time="0.001" /><testcase classname="tests.integration.test_passline_odds345_integration" name="test_passline_odds345_integration[None-4-None-bets_before4-dice_result4-bets_after4]" time="0.001" /><testcase classname="tests.integration.test_passline_odds345_integration" name="test_passline_odds345_integration[None-5-None-bets_before5-dice_result5-bets_after5]" time="0.001" /><testcase classname="tests.integration.test_passline_odds345_integration" name="test_passline_odds345_integration[None-6-None-bets_before6-dice_result6-bets_after6]" time="0.001" /><testcase classname="tests.integration.test_passline_odds345_integration" name="test_passline_odds345_integration[None-6-None-bets_before7-dice_result7-bets_after7]" time="0.001" /><testcase classname="tests.integration.test_passline_odds345_integration" name="test_passline_odds345_integration[None-6-None-bets_before8-dice_result8-bets_after8]" time="0.001" /><testcase classname="tests.integration.test_passline_odds345_integration" name="test_passline_odds345_integration[None-6-None-bets_before9-dice_result9-bets_after9]" time="0.001" /><testcase classname="tests.integration.test_passline_odds345_integration" name="test_passline_odds345_integration[None-7-None-bets_before10-dice_result10-bets_after10]" time="0.001" /><testcase classname="tests.integration.test_passline_odds345_integration" name="test_passline_odds345_integration[None-7-None-bets_before11-dice_result11-bets_after11]" time="0.001" /><testcase classname="tests.integration.test_passline_odds345_integration" name="test_passline_odds345_integration[None-7-None-bets_before12-dice_result12-bets_after12]" time="0.001" /><testcase classname="tests.integration.test_passline_odds345_integration" name="test_passline_odds345_integration[None-7-None-bets_before13-dice_result13-bets_after13]" time="0.001" /><testcase classname="tests.integration.test_passline_odds345_integration" name="test_passline_odds345_integration[None-7-None-bets_before14-dice_result14-bets_after14]" time="0.001" /><testcase classname="tests.integration.test_passline_odds345_integration" name="test_passline_odds345_integration[None-7-None-bets_before15-dice_result15-bets_after15]" time="0.001" /><testcase classname="tests.integration.test_passline_odds345_integration" name="test_passline_odds345_integration[None-8-None-bets_before16-dice_result16-bets_after16]" time="0.001" /><testcase classname="tests.integration.test_passline_odds345_integration" name="test_passline_odds345_integration[None-8-None-bets_before17-dice_result17-bets_after17]" time="0.001" /><testcase classname="tests.integration.test_passline_odds345_integration" name="test_passline_odds345_integration[None-8-None-bets_before18-dice_result18-bets_after18]" time="0.001" /><testcase classname="tests.integration.test_passline_odds345_integration" name="test_passline_odds345_integration[None-8-None-bets_before19-dice_result19-bets_after19]" time="0.001" /><testcase classname="tests.integration.test_passline_odds345_integration" name="test_passline_odds345_integration[None-8-None-bets_before20-dice_result20-bets_after20]" time="0.001" /><testcase classname="tests.integration.test_passline_odds345_integration" name="test_passline_odds345_integration[None-9-None-bets_before21-dice_result21-bets_after21]" time="0.001" /><testcase classname="tests.integration.test_passline_odds345_integration" name="test_passline_odds345_integration[None-9-None-bets_before22-dice_result22-bets_after22]" time="0.001" /><testcase classname="tests.integration.test_passline_odds345_integration" name="test_passline_odds345_integration[None-10-None-bets_before23-dice_result23-bets_after23]" time="0.001" /><testcase classname="tests.integration.test_passline_odds345_integration" name="test_passline_odds345_integration[None-10-None-bets_before24-dice_result24-bets_after24]" time="0.001" /><testcase classname="tests.integration.test_passline_odds345_integration" name="test_passline_odds345_integration[None-10-None-bets_before25-dice_result25-bets_after25]" time="0.001" /><testcase classname="tests.integration.test_passline_odds345_integration" name="test_passline_odds345_integration[None-11-None-bets_before26-dice_result26-bets_after26]" time="0.001" /><testcase classname="tests.integration.test_passline_odds345_integration" name="test_passline_odds345_integration[None-11-None-bets_before27-dice_result27-bets_after27]" time="0.001" /><testcase classname="tests.integration.test_passline_odds345_integration" name="test_passline_odds345_integration[None-12-None-bets_before28-dice_result28-bets_after28]" time="0.001" /><testcase classname="tests.integration.test_passline_odds345_integration" name="test_passline_odds345_integration[4-3-None-bets_before29-dice_result29-bets_after29]" time="0.001" /><testcase classname="tests.integration.test_passline_odds345_integration" name="test_passline_odds345_integration[4-3-None-bets_before30-dice_result30-bets_after30]" time="0.001" /><testcase classname="tests.integration.test_passline_odds345_integration" name="test_passline_odds345_integration[4-4-None-bets_before31-dice_result31-bets_after31]" time="0.001" /><testcase classname="tests.integration.test_passline_odds345_integration" name="test_passline_odds345_integration[4-4-None-bets_before32-dice_result32-bets_after32]" time="0.001" /><testcase classname="tests.integration.test_passline_odds345_integration" name="test_passline_odds345_integration[4-4-None-bets_before33-dice_result33-bets_after33]" time="0.001" /><testcase classname="tests.integration.test_passline_odds345_integration" name="test_passline_odds345_integration[4-5-None-bets_before34-dice_result34-bets_after34]" time="0.001" /><testcase classname="tests.integration.test_passline_odds345_integration" name="test_passline_odds345_integration[4-5-None-bets_before35-dice_result35-bets_after35]" time="0.001" /><testcase classname="tests.integration.test_passline_odds345_integration" name="test_passline_odds345_integration[4-5-None-bets_before36-dice_result36-bets_after36]" time="0.001" /><testcase classname="tests.integration.test_passline_odds345_integration" name="test_passline_odds345_integration[4-6-None-bets_before37-dice_result37-bets_after37]" time="0.001" /><testcase classname="tests.integration.test_passline_odds345_integration" name="test_passline_odds345_integration[4-6-None-bets_before38-dice_result38-bets_after38]" time="0.001" /><testcase classname="tests.integration.test_passline_odds345_integration" name="test_passline_odds345_integration[4-8-None-bets_before39-dice_result39-bets_after39]" time="0.001" /><testcase classname="tests.integration.test_passline_odds345_integration" name="test_passline_odds345_integration[4-8-None-bets_before40-dice_result40-bets_after40]" time="0.001" /><testcase classname="tests.integration.test_passline_odds345_integration" name="test_passline_odds345_integration[4-9-None-bets_before41-dice_result41-bets_after41]" time="0.001" /><testcase classname="tests.integration.test_passline_odds345_integration" name="test_passline_odds345_integration[4-10-None-bets_before42-dice_result42-bets_after42]" time="0.001" /><testcase classname="tests.integration.test_passline_odds345_integration" name="test_passline_odds345_integration[4-11-None-bets_before43-dice_result43-bets_after43]" time="0.001" /><testcase classname="tests.integration.test_passline_odds345_integration" name="test_passline_odds345_integration[5-4-None-bets_before44-dice_result44-bets_after44]" time="0.001" /><testcase classname="tests.integration.test_passline_odds345_integration" name="test_passline_odds345_integration[5-5-None-bets_before45-dice_result45-bets_after45]" time="0.001" /><testcase classname="tests.integration.test_passline_odds345_integration" name="test_passline_odds345_integration[5-5-None-bets_before46-dice_result46-bets_after46]" time="0.001" /><testcase classname="tests.integration.test_passline_odds345_integration" name="test_passline_odds345_integration[5-5-None-bets_before47-dice_result47-bets_after47]" time="0.001" /><testcase classname="tests.integration.test_passline_odds345_integration" name="test_passline_odds345_integration[5-5-None-bets_before48-dice_result48-bets_after48]" time="0.001" /><testcase classname="tests.integration.test_passline_odds345_integration" name="test_passline_odds345_integration[5-6-None-bets_before49-dice_result49-bets_after49]" time="0.001" /><testcase classname="tests.integration.test_passline_odds345_integration" name="test_passline_odds345_integration[5-6-None-bets_before50-dice_result50-bets_after50]" time="0.001" /><testcase classname="tests.integration.test_passline_odds345_integration" name="test_passline_odds345_integration[5-9-None-bets_before51-dice_result51-bets_after51]" time="0.001" /><testcase classname="tests.integration.test_passline_odds345_integration" name="test_passline_odds345_integration[5-10-None-bets_before52-dice_result52-bets_after52]" time="0.001" /><testcase classname="tests.integration.test_passline_odds345_integration" name="test_passline_odds345_integration[5-11-None-bets_before53-dice_result53-bets_after53]" time="0.001" /><testcase classname="tests.integration.test_passline_odds345_integration" name="test_passline_odds345_integration[5-12-None-bets_before54-dice_result54-bets_after54]" time="0.001" /><testcase classname="tests.integration.test_passline_odds345_integration" name="test_passline_odds345_integration[6-3-None-bets_before55-dice_result55-bets_after55]" time="0.001" /><testcase classname="tests.integration.test_passline_odds345_integration" name="test_passline_odds345_integration[6-5-None-bets_before56-dice_result56-bets_after56]" time="0.001" /><testcase classname="tests.integration.test_passline_odds345_integration" name="test_passline_odds345_integration[6-5-None-bets_before57-dice_result57-bets_after57]" time="0.001" /><testcase classname="tests.integration.test_passline_odds345_integration" name="test_passline_odds345_integration[6-5-None-bets_before58-dice_result58-bets_after58]" time="0.001" /><testcase classname="tests.integration.test_passline_odds345_integration" name="test_passline_odds345_integration[6-6-None-bets_before59-dice_result59-bets_after59]" time="0.001" /><testcase classname="tests.integration.test_passline_odds345_integration" name="test_passline_odds345_integration[6-6-None-bets_before60-dice_result60-bets_after60]" time="0.001" /><testcase classname="tests.integration.test_passline_odds345_integration" name="test_passline_odds345_integration[6-6-None-bets_before61-dice_result61-bets_after61]" time="0.001" /><testcase classname="tests.integration.test_passline_odds345_integration" name="test_passline_odds345_integration[6-6-None-bets_before62-dice_result62-bets_after62]" time="0.001" /><testcase classname="tests.integration.test_passline_odds345_integration" name="test_passline_odds345_integration[6-6-None-bets_before63-dice_result63-bets_after63]" time="0.001" /><testcase classname="tests.integration.test_passline_odds345_integration" name="test_passline_odds345_integration[6-8-None-bets_before64-dice_result64-bets_after64]" time="0.001" /><testcase classname="tests.integration.test_passline_odds345_integration" name="test_passline_odds345_integration[6-8-None-bets_before65-dice_result65-bets_after65]" time="0.001" /><testcase classname="tests.integration.test_passline_odds345_integration" name="test_passline_odds345_integration[6-8-None-bets_before66-dice_result66-bets_after66]" time="0.001" /><testcase classname="tests.integration.test_passline_odds345_integration" name="test_passline_odds345_integration[6-8-None-bets_before67-dice_result67-bets_after67]" time="0.001" /><testcase classname="tests.integration.test_passline_odds345_integration" name="test_passline_odds345_integration[6-9-None-bets_before68-dice_result68-bets_after68]" time="0.001" /><testcase classname="tests.integration.test_passline_odds345_integration" name="test_passline_odds345_integration[6-9-None-bets_before69-dice_result69-bets_after69]" time="0.001" /><testcase classname="tests.integration.test_passline_odds345_integration" name="test_passline_odds345_integration[6-10-None-bets_before70-dice_result70-bets_after70]" time="0.001" /><testcase classname="tests.integration.test_passline_odds345_integration" name="test_passline_odds345_integration[6-10-None-bets_before71-dice_result71-bets_after71]" time="0.001" /><testcase classname="tests.integration.test_passline_odds345_integration" name="test_passline_odds345_integration[6-10-None-bets_before72-dice_result72-bets_after72]" time="0.001" /><testcase classname="tests.integration.test_passline_odds345_integration" name="test_passline_odds345_integration[6-11-None-bets_before73-dice_result73-bets_after73]" time="0.001" /><testcase classname="tests.integration.test_passline_odds345_integration" name="test_passline_odds345_integration[6-11-None-bets_before74-dice_result74-bets_after74]" time="0.001" /><testcase classname="tests.integration.test_passline_odds345_integration" name="test_passline_odds345_integration[6-12-None-bets_before75-dice_result75-bets_after75]" time="0.001" /><testcase classname="tests.integration.test_passline_odds345_integration" name="test_passline_odds345_integration[8-2-None-bets_before76-dice_result76-bets_after76]" time="0.001" /><testcase classname="tests.integration.test_passline_odds345_integration" name="test_passline_odds345_integration[8-4-None-bets_before77-dice_result77-bets_after77]" time="0.001" /><testcase classname="tests.integration.test_passline_odds345_integration" name="test_passline_odds345_integration[8-5-None-bets_before78-dice_result78-bets_after78]" time="0.001" /><testcase classname="tests.integration.test_passline_odds345_integration" name="test_passline_odds345_integration[8-5-None-bets_before79-dice_result79-bets_after79]" time="0.001" /><testcase classname="tests.integration.test_passline_odds345_integration" name="test_passline_odds345_integration[8-6-None-bets_before80-dice_result80-bets_after80]" time="0.001" /><testcase classname="tests.integration.test_passline_odds345_integration" name="test_passline_odds345_integration[8-6-None-bets_before81-dice_result81-bets_after81]" time="0.001" /><testcase classname="tests.integration.test_passline_odds345_integration" name="test_passline_odds345_integration[8-6-None-bets_before82-dice_result82-bets_after82]" time="0.001" /><testcase classname="tests.integration.test_passline_odds345_integration" name="test_passline_odds345_integration[8-8-None-bets_before83-dice_result83-bets_after83]" time="0.001" /><testcase classname="tests.integration.test_passline_odds345_integration" name="test_passline_odds345_integration[8-8-None-bets_before84-dice_result84-bets_after84]" time="0.001" /><testcase classname="tests.integration.test_passline_odds345_integration" name="test_passline_odds345_integration[8-8-None-bets_before85-dice_result85-bets_after85]" time="0.001" /><testcase classname="tests.integration.test_passline_odds345_integration" name="test_passline_odds345_integration[8-8-None-bets_before86-dice_result86-bets_after86]" time="0.001" /><testcase classname="tests.integration.test_passline_odds345_integration" name="test_passline_odds345_integration[8-9-None-bets_before87-dice_result87-bets_after87]" time="0.001" /><testcase classname="tests.integration.test_passline_odds345_integration" name="test_passline_odds345_integration[8-10-None-bets_before88-dice_result88-bets_after88]" time="0.001" /><testcase classname="tests.integration.test_passline_odds345_integration" name="test_passline_odds345_integration[8-10-None-bets_before89-dice_result89-bets_after89]" time="0.001" /><testcase classname="tests.integration.test_passline_odds345_integration" name="test_passline_odds345_integration[8-11-None-bets_before90-dice_result90-bets_after90]" time="0.001" /><testcase classname="tests.integration.test_passline_odds345_integration" name="test_passline_odds345_integration[8-11-None-bets_before91-dice_result91-bets_after91]" time="0.001" /><testcase classname="tests.integration.test_passline_odds345_integration" name="test_passline_odds345_integration[8-12-None-bets_before92-dice_result92-bets_after92]" time="0.001" /><testcase classname="tests.integration.test_passline_odds345_integration" name="test_passline_odds345_integration[9-2-None-bets_before93-dice_result93-bets_after93]" time="0.001" /><testcase classname="tests.integration.test_passline_odds345_integration" name="test_passline_odds345_integration[9-4-None-bets_before94-dice_result94-bets_after94]" time="0.001" /><testcase classname="tests.integration.test_passline_odds345_integration" name="test_passline_odds345_integration[9-4-None-bets_before95-dice_result95-bets_after95]" time="0.001" /><testcase classname="tests.integration.test_passline_odds345_integration" name="test_passline_odds345_integration[9-5-None-bets_before96-dice_result96-bets_after96]" time="0.001" /><testcase classname="tests.integration.test_passline_odds345_integration" name="test_passline_odds345_integration[9-5-None-bets_before97-dice_result97-bets_after97]" time="0.001" /><testcase classname="tests.integration.test_passline_odds345_integration" name="test_passline_odds345_integration[9-6-None-bets_before98-dice_result98-bets_after98]" time="0.001" /><testcase classname="tests.integration.test_passline_odds345_integration" name="test_passline_odds345_integration[9-6-None-bets_before99-dice_result99-bets_after99]" time="0.001" /><testcase classname="tests.integration.test_passline_odds345_integration" name="test_passline_odds345_integration[9-6-None-bets_before100-dice_result100-bets_after100]" time="0.001" /><testcase classname="tests.integration.test_passline_odds345_integration" name="test_passline_odds345_integration[9-8-None-bets_before101-dice_result101-bets_after101]" time="0.001" /><testcase classname="tests.integration.test_passline_odds345_integration" name="test_passline_odds345_integration[9-8-None-bets_before102-dice_result102-bets_after102]" time="0.001" /><testcase classname="tests.integration.test_passline_odds345_integration" name="test_passline_odds345_integration[9-8-None-bets_before103-dice_result103-bets_after103]" time="0.001" /><testcase classname="tests.integration.test_passline_odds345_integration" name="test_passline_odds345_integration[9-8-None-bets_before104-dice_result104-bets_after104]" time="0.001" /><testcase classname="tests.integration.test_passline_odds345_integration" name="test_passline_odds345_integration[9-9-None-bets_before105-dice_result105-bets_after105]" time="0.001" /><testcase classname="tests.integration.test_passline_odds345_integration" name="test_passline_odds345_integration[9-9-None-bets_before106-dice_result106-bets_after106]" time="0.001" /><testcase classname="tests.integration.test_passline_odds345_integration" name="test_passline_odds345_integration[9-9-None-bets_before107-dice_result107-bets_after107]" time="0.001" /><testcase classname="tests.integration.test_passline_odds345_integration" name="test_passline_odds345_integration[9-9-None-bets_before108-dice_result108-bets_after108]" time="0.001" /><testcase classname="tests.integration.test_passline_odds345_integration" name="test_passline_odds345_integration[9-10-None-bets_before109-dice_result109-bets_after109]" time="0.001" /><testcase classname="tests.integration.test_passline_odds345_integration" name="test_passline_odds345_integration[9-10-None-bets_before110-dice_result110-bets_after110]" time="0.001" /><testcase classname="tests.integration.test_passline_odds345_integration" name="test_passline_odds345_integration[9-11-None-bets_before111-dice_result111-bets_after111]" time="0.001" /><testcase classname="tests.integration.test_passline_odds345_integration" name="test_passline_odds345_integration[9-11-None-bets_before112-dice_result112-bets_after112]" time="0.001" /><testcase classname="tests.integration.test_passline_odds345_integration" name="test_passline_odds345_integration[9-12-None-bets_before113-dice_result113-bets_after113]" time="0.001" /><testcase classname="tests.integration.test_passline_odds345_integration" name="test_passline_odds345_integration[10-2-None-bets_before114-dice_result114-bets_after114]" time="0.001" /><testcase classname="tests.integration.test_passline_odds345_integration" name="test_passline_odds345_integration[10-3-None-bets_before115-dice_result115-bets_after115]" time="0.001" /><testcase classname="tests.integration.test_passline_odds345_integration" name="test_passline_odds345_integration[10-4-None-bets_before116-dice_result116-bets_after116]" time="0.001" /><testcase classname="tests.integration.test_passline_odds345_integration" name="test_passline_odds345_integration[10-4-None-bets_before117-dice_result117-bets_after117]" time="0.001" /><testcase classname="tests.integration.test_passline_odds345_integration" name="test_passline_odds345_integration[10-5-None-bets_before118-dice_result118-bets_after118]" time="0.001" /><testcase classname="tests.integration.test_passline_odds345_integration" name="test_passline_odds345_integration[10-5-None-bets_before119-dice_result119-bets_after119]" time="0.001" /><testcase classname="tests.integration.test_passline_odds345_integration" name="test_passline_odds345_integration[10-6-None-bets_before120-dice_result120-bets_after120]" time="0.001" /><testcase classname="tests.integration.test_passline_odds345_integration" name="test_passline_odds345_integration[10-6-None-bets_before121-dice_result121-bets_after121]" time="0.001" /><testcase classname="tests.integration.test_passline_odds345_integration" name="test_passline_odds345_integration[10-8-None-bets_before122-dice_result122-bets_after122]" time="0.001" /><testcase classname="tests.integration.test_passline_odds345_integration" name="test_passline_odds345_integration[10-9-None-bets_before123-dice_result123-bets_after123]" time="0.001" /><testcase classname="tests.integration.test_passline_odds345_integration" name="test_passline_odds345_integration[10-9-None-bets_before124-dice_result124-bets_after124]" time="0.001" /><testcase classname="tests.integration.test_passline_odds345_integration" name="test_passline_odds345_integration[10-9-None-bets_before125-dice_result125-bets_after125]" time="0.001" /><testcase classname="tests.integration.test_passline_odds345_integration" name="test_passline_odds345_integration[10-9-None-bets_before126-dice_result126-bets_after126]" time="0.001" /><testcase classname="tests.integration.test_passline_odds345_integration" name="test_passline_odds345_integration[10-10-None-bets_before127-dice_result127-bets_after127]" time="0.001" /><testcase classname="tests.integration.test_passline_odds345_integration" name="test_passline_odds345_integration[10-10-None-bets_before128-dice_result128-bets_after128]" time="0.001" /><testcase classname="tests.integration.test_passline_odds345_integration" name="test_passline_odds345_integration[10-10-None-bets_before129-dice_result129-bets_after129]" time="0.001" /><testcase classname="tests.integration.test_passline_odds345_integration" name="test_passline_odds345_integration[10-11-None-bets_before130-dice_result130-bets_after130]" time="0.001" /><testcase classname="tests.integration.test_passline_odds345_integration" name="test_passline_odds345_integration[10-12-None-bets_before131-dice_result131-bets_after131]" time="0.001" /><testcase classname="tests.integration.test_passline_odds_integration" name="test_passline_odds_integration[None-None-None-bets_before0-None-bets_after0]" time="0.001" /><testcase classname="tests.integration.test_passline_odds_integration" name="test_passline_odds_integration[None-2-None-bets_before1-dice_result1-bets_after1]" time="0.001" /><testcase classname="tests.integration.test_passline_odds_integration" name="test_passline_odds_integration[None-3-None-bets_before2-dice_result2-bets_after2]" time="0.001" /><testcase classname="tests.integration.test_passline_odds_integration" name="test_passline_odds_integration[None-3-None-bets_before3-dice_result3-bets_after3]" time="0.001" /><testcase classname="tests.integration.test_passline_odds_integration" name="test_passline_odds_integration[None-5-None-bets_before4-dice_result4-bets_after4]" time="0.001" /><testcase classname="tests.integration.test_passline_odds_integration" name="test_passline_odds_integration[None-5-None-bets_before5-dice_result5-bets_after5]" time="0.001" /><testcase classname="tests.integration.test_passline_odds_integration" name="test_passline_odds_integration[None-5-None-bets_before6-dice_result6-bets_after6]" time="0.001" /><testcase classname="tests.integration.test_passline_odds_integration" name="test_passline_odds_integration[None-6-None-bets_before7-dice_result7-bets_after7]" time="0.001" /><testcase classname="tests.integration.test_passline_odds_integration" name="test_passline_odds_integration[None-6-None-bets_before8-dice_result8-bets_after8]" time="0.001" /><testcase classname="tests.integration.test_passline_odds_integration" name="test_passline_odds_integration[None-6-None-bets_before9-dice_result9-bets_after9]" time="0.001" /><testcase classname="tests.integration.test_passline_odds_integration" name="test_passline_odds_integration[None-6-None-bets_before10-dice_result10-bets_after10]" time="0.001" /><testcase classname="tests.integration.test_passline_odds_integration" name="test_passline_odds_integration[None-6-None-bets_before11-dice_result11-bets_after11]" time="0.001" /><testcase classname="tests.integration.test_passline_odds_integration" name="test_passline_odds_integration[None-7-None-bets_before12-dice_result12-bets_after12]" time="0.001" /><testcase classname="tests.integration.test_passline_odds_integration" name="test_passline_odds_integration[None-7-None-bets_before13-dice_result13-bets_after13]" time="0.001" /><testcase classname="tests.integration.test_passline_odds_integration" name="test_passline_odds_integration[None-7-None-bets_before14-dice_result14-bets_after14]" time="0.001" /><testcase classname="tests.integration.test_passline_odds_integration" name="test_passline_odds_integration[None-7-None-bets_before15-dice_result15-bets_after15]" time="0.001" /><testcase classname="tests.integration.test_passline_odds_integration" name="test_passline_odds_integration[None-7-None-bets_before16-dice_result16-bets_after16]" time="0.001" /><testcase classname="tests.integration.test_passline_odds_integration" name="test_passline_odds_integration[None-7-None-bets_before17-dice_result17-bets_after17]" time="0.001" /><testcase classname="tests.integration.test_passline_odds_integration" name="test_passline_odds_integration[None-8-None-bets_before18-dice_result18-bets_after18]" time="0.001" /><testcase classname="tests.integration.test_passline_odds_integration" name="test_passline_odds_integration[None-8-None-bets_before19-dice_result19-bets_after19]" time="0.001" /><testcase classname="tests.integration.test_passline_odds_integration" name="test_passline_odds_integration[None-8-None-bets_before20-dice_result20-bets_after20]" time="0.001" /><testcase classname="tests.integration.test_passline_odds_integration" name="test_passline_odds_integration[None-8-None-bets_before21-dice_result21-bets_after21]" time="0.001" /><testcase classname="tests.integration.test_passline_odds_integration" name="test_passline_odds_integration[None-9-None-bets_before22-dice_result22-bets_after22]" time="0.001" /><testcase classname="tests.integration.test_passline_odds_integration" name="test_passline_odds_integration[None-9-None-bets_before23-dice_result23-bets_after23]" time="0.001" /><testcase classname="tests.integration.test_passline_odds_integration" name="test_passline_odds_integration[None-9-None-bets_before24-dice_result24-bets_after24]" time="0.001" /><testcase classname="tests.integration.test_passline_odds_integration" name="test_passline_odds_integration[None-10-None-bets_before25-dice_result25-bets_after25]" time="0.001" /><testcase classname="tests.integration.test_passline_odds_integration" name="test_passline_odds_integration[None-10-None-bets_before26-dice_result26-bets_after26]" time="0.001" /><testcase classname="tests.integration.test_passline_odds_integration" name="test_passline_odds_integration[None-11-None-bets_before27-dice_result27-bets_after27]" time="0.001" /><testcase classname="tests.integration.test_passline_odds_integration" name="test_passline_odds_integration[None-11-None-bets_before28-dice_result28-bets_after28]" time="0.001" /><testcase classname="tests.integration.test_passline_odds_integration" name="test_passline_odds_integration[None-12-None-bets_before29-dice_result29-bets_after29]" time="0.001" /><testcase classname="tests.integration.test_passline_odds_integration" name="test_passline_odds_integration[4-3-None-bets_before30-dice_result30-bets_after30]" time="0.001" /><testcase classname="tests.integration.test_passline_odds_integration" name="test_passline_odds_integration[4-4-None-bets_before31-dice_result31-bets_after31]" time="0.001" /><testcase classname="tests.integration.test_passline_odds_integration" name="test_passline_odds_integration[4-4-None-bets_before32-dice_result32-bets_after32]" time="0.001" /><testcase classname="tests.integration.test_passline_odds_integration" name="test_passline_odds_integration[4-4-None-bets_before33-dice_result33-bets_after33]" time="0.001" /><testcase classname="tests.integration.test_passline_odds_integration" name="test_passline_odds_integration[4-5-None-bets_before34-dice_result34-bets_after34]" time="0.001" /><testcase classname="tests.integration.test_passline_odds_integration" name="test_passline_odds_integration[4-5-None-bets_before35-dice_result35-bets_after35]" time="0.001" /><testcase classname="tests.integration.test_passline_odds_integration" name="test_passline_odds_integration[4-9-None-bets_before36-dice_result36-bets_after36]" time="0.001" /><testcase classname="tests.integration.test_passline_odds_integration" name="test_passline_odds_integration[4-9-None-bets_before37-dice_result37-bets_after37]" time="0.001" /><testcase classname="tests.integration.test_passline_odds_integration" name="test_passline_odds_integration[4-11-None-bets_before38-dice_result38-bets_after38]" time="0.001" /><testcase classname="tests.integration.test_passline_odds_integration" name="test_passline_odds_integration[4-12-None-bets_before39-dice_result39-bets_after39]" time="0.001" /><testcase classname="tests.integration.test_passline_odds_integration" name="test_passline_odds_integration[5-3-None-bets_before40-dice_result40-bets_after40]" time="0.001" /><testcase classname="tests.integration.test_passline_odds_integration" name="test_passline_odds_integration[5-3-None-bets_before41-dice_result41-bets_after41]" time="0.001" /><testcase classname="tests.integration.test_passline_odds_integration" name="test_passline_odds_integration[5-4-None-bets_before42-dice_result42-bets_after42]" time="0.001" /><testcase classname="tests.integration.test_passline_odds_integration" name="test_passline_odds_integration[5-4-None-bets_before43-dice_result43-bets_after43]" time="0.001" /><testcase classname="tests.integration.test_passline_odds_integration" name="test_passline_odds_integration[5-5-None-bets_before44-dice_result44-bets_after44]" time="0.001" /><testcase classname="tests.integration.test_passline_odds_integration" name="test_passline_odds_integration[5-5-None-bets_before45-dice_result45-bets_after45]" time="0.001" /><testcase classname="tests.integration.test_passline_odds_integration" name="test_passline_odds_integration[5-5-None-bets_before46-dice_result46-bets_after46]" time="0.001" /><testcase classname="tests.integration.test_passline_odds_integration" name="test_passline_odds_integration[5-5-None-bets_before47-dice_result47-bets_after47]" time="0.001" /><testcase classname="tests.integration.test_passline_odds_integration" name="test_passline_odds_integration[5-6-None-bets_before48-dice_result48-bets_after48]" time="0.001" /><testcase classname="tests.integration.test_passline_odds_integration" name="test_passline_odds_integration[5-6-None-bets_before49-dice_result49-bets_after49]" time="0.001" /><testcase classname="tests.integration.test_passline_odds_integration" name="test_passline_odds_integration[5-6-None-bets_before50-dice_result50-bets_after50]" time="0.001" /><testcase classname="tests.integration.test_passline_odds_integration" name="test_passline_odds_integration[5-8-None-bets_before51-dice_result51-bets_after51]" time="0.001" /><testcase classname="tests.integration.test_passline_odds_integration" name="test_passline_odds_integration[5-8-None-bets_before52-dice_result52-bets_after52]" time="0.001" /><testcase classname="tests.integration.test_passline_odds_integration" name="test_passline_odds_integration[5-8-None-bets_before53-dice_result53-bets_after53]" time="0.001" /><testcase classname="tests.integration.test_passline_odds_integration" name="test_passline_odds_integration[5-8-None-bets_before54-dice_result54-bets_after54]" time="0.001" /><testcase classname="tests.integration.test_passline_odds_integration" name="test_passline_odds_integration[5-9-None-bets_before55-dice_result55-bets_after55]" time="0.001" /><testcase classname="tests.integration.test_passline_odds_integration" name="test_passline_odds_integration[5-9-None-bets_before56-dice_result56-bets_after56]" time="0.001" /><testcase classname="tests.integration.test_passline_odds_integration" name="test_passline_odds_integration[5-9-None-bets_before57-dice_result57-bets_after57]" time="0.001" /><testcase classname="tests.integration.test_passline_odds_integration" name="test_passline_odds_integration[5-9-None-bets_before58-dice_result58-bets_after58]" time="0.001" /><testcase classname="tests.integration.test_passline_odds_integration" name="test_passline_odds_integration[5-10-None-bets_before59-dice_result59-bets_after59]" time="0.001" /><testcase classname="tests.integration.test_passline_odds_integration" name="test_passline_odds_integration[5-10-None-bets_before60-dice_result60-bets_after60]" time="0.001" /><testcase classname="tests.integration.test_passline_odds_integration" name="test_passline_odds_integration[5-12-None-bets_before61-dice_result61-bets_after61]" time="0.001" /><testcase classname="tests.integration.test_passline_odds_integration" name="test_passline_odds_integration[6-2-None-bets_before62-dice_result62-bets_after62]" time="0.001" /><testcase classname="tests.integration.test_passline_odds_integration" name="test_passline_odds_integration[6-3-None-bets_before63-dice_result63-bets_after63]" time="0.001" /><testcase classname="tests.integration.test_passline_odds_integration" name="test_passline_odds_integration[6-5-None-bets_before64-dice_result64-bets_after64]" time="0.001" /><testcase classname="tests.integration.test_passline_odds_integration" name="test_passline_odds_integration[6-5-None-bets_before65-dice_result65-bets_after65]" time="0.001" /><testcase classname="tests.integration.test_passline_odds_integration" name="test_passline_odds_integration[6-5-None-bets_before66-dice_result66-bets_after66]" time="0.001" /><testcase classname="tests.integration.test_passline_odds_integration" name="test_passline_odds_integration[6-5-None-bets_before67-dice_result67-bets_after67]" time="0.001" /><testcase classname="tests.integration.test_passline_odds_integration" name="test_passline_odds_integration[6-6-None-bets_before68-dice_result68-bets_after68]" time="0.001" /><testcase classname="tests.integration.test_passline_odds_integration" name="test_passline_odds_integration[6-6-None-bets_before69-dice_result69-bets_after69]" time="0.001" /><testcase classname="tests.integration.test_passline_odds_integration" name="test_passline_odds_integration[6-6-None-bets_before70-dice_result70-bets_after70]" time="0.001" /><testcase classname="tests.integration.test_passline_odds_integration" name="test_passline_odds_integration[6-6-None-bets_before71-dice_result71-bets_after71]" time="0.001" /><testcase classname="tests.integration.test_passline_odds_integration" name="test_passline_odds_integration[6-8-None-bets_before72-dice_result72-bets_after72]" time="0.001" /><testcase classname="tests.integration.test_passline_odds_integration" name="test_passline_odds_integration[6-8-None-bets_before73-dice_result73-bets_after73]" time="0.001" /><testcase classname="tests.integration.test_passline_odds_integration" name="test_passline_odds_integration[6-8-None-bets_before74-dice_result74-bets_after74]" time="0.001" /><testcase classname="tests.integration.test_passline_odds_integration" name="test_passline_odds_integration[6-8-None-bets_before75-dice_result75-bets_after75]" time="0.001" /><testcase classname="tests.integration.test_passline_odds_integration" name="test_passline_odds_integration[6-8-None-bets_before76-dice_result76-bets_after76]" time="0.001" /><testcase classname="tests.integration.test_passline_odds_integration" name="test_passline_odds_integration[6-9-None-bets_before77-dice_result77-bets_after77]" time="0.001" /><testcase classname="tests.integration.test_passline_odds_integration" name="test_passline_odds_integration[6-9-None-bets_before78-dice_result78-bets_after78]" time="0.001" /><testcase classname="tests.integration.test_passline_odds_integration" name="test_passline_odds_integration[6-9-None-bets_before79-dice_result79-bets_after79]" time="0.001" /><testcase classname="tests.integration.test_passline_odds_integration" name="test_passline_odds_integration[6-10-None-bets_before80-dice_result80-bets_after80]" time="0.001" /><testcase classname="tests.integration.test_passline_odds_integration" name="test_passline_odds_integration[6-10-None-bets_before81-dice_result81-bets_after81]" time="0.001" /><testcase classname="tests.integration.test_passline_odds_integration" name="test_passline_odds_integration[6-10-None-bets_before82-dice_result82-bets_after82]" time="0.001" /><testcase classname="tests.integration.test_passline_odds_integration" name="test_passline_odds_integration[6-11-None-bets_before83-dice_result83-bets_after83]" time="0.001" /><testcase classname="tests.integration.test_passline_odds_integration" name="test_passline_odds_integration[8-4-None-bets_before84-dice_result84-bets_after84]" time="0.001" /><testcase classname="tests.integration.test_passline_odds_integration" name="test_passline_odds_integration[8-4-None-bets_before85-dice_result85-bets_after85]" time="0.001" /><testcase classname="tests.integration.test_passline_odds_integration" name="test_passline_odds_integration[8-4-None-bets_before86-dice_result86-bets_after86]" time="0.001" /><testcase classname="tests.integration.test_passline_odds_integration" name="test_passline_odds_integration[8-5-None-bets_before87-dice_result87-bets_after87]" time="0.001" /><testcase classname="tests.integration.test_passline_odds_integration" name="test_passline_odds_integration[8-6-None-bets_before88-dice_result88-bets_after88]" time="0.001" /><testcase classname="tests.integration.test_passline_odds_integration" name="test_passline_odds_integration[8-8-None-bets_before89-dice_result89-bets_after89]" time="0.001" /><testcase classname="tests.integration.test_passline_odds_integration" name="test_passline_odds_integration[8-8-None-bets_before90-dice_result90-bets_after90]" time="0.001" /><testcase classname="tests.integration.test_passline_odds_integration" name="test_passline_odds_integration[8-8-None-bets_before91-dice_result91-bets_after91]" time="0.001" /><testcase classname="tests.integration.test_passline_odds_integration" name="test_passline_odds_integration[8-8-None-bets_before92-dice_result92-bets_after92]" time="0.001" /><testcase classname="tests.integration.test_passline_odds_integration" name="test_passline_odds_integration[8-8-None-bets_before93-dice_result93-bets_after93]" time="0.001" /><testcase classname="tests.integration.test_passline_odds_integration" name="test_passline_odds_integration[8-9-None-bets_before94-dice_result94-bets_after94]" time="0.001" /><testcase classname="tests.integration.test_passline_odds_integration" name="test_passline_odds_integration[8-9-None-bets_before95-dice_result95-bets_after95]" time="0.001" /><testcase classname="tests.integration.test_passline_odds_integration" name="test_passline_odds_integration[8-9-None-bets_before96-dice_result96-bets_after96]" time="0.001" /><testcase classname="tests.integration.test_passline_odds_integration" name="test_passline_odds_integration[8-11-None-bets_before97-dice_result97-bets_after97]" time="0.001" /><testcase classname="tests.integration.test_passline_odds_integration" name="test_passline_odds_integration[8-11-None-bets_before98-dice_result98-bets_after98]" time="0.001" /><testcase classname="tests.integration.test_passline_odds_integration" name="test_passline_odds_integration[9-4-None-bets_before99-dice_result99-bets_after99]" time="0.001" /><testcase classname="tests.integration.test_passline_odds_integration" name="test_passline_odds_integration[9-5-None-bets_before100-dice_result100-bets_after100]" time="0.001" /><testcase classname="tests.integration.test_passline_odds_integration" name="test_passline_odds_integration[9-5-None-bets_before101-dice_result101-bets_after101]" time="0.001" /><testcase classname="tests.integration.test_passline_odds_integration" name="test_passline_odds_integration[9-5-None-bets_before102-dice_result102-bets_after102]" time="0.001" /><testcase classname="tests.integration.test_passline_odds_integration" name="test_passline_odds_integration[9-5-None-bets_before103-dice_result103-bets_after103]" time="0.001" /><testcase classname="tests.integration.test_passline_odds_integration" name="test_passline_odds_integration[9-6-None-bets_before104-dice_result104-bets_after104]" time="0.001" /><testcase classname="tests.integration.test_passline_odds_integration" name="test_passline_odds_integration[9-6-None-bets_before105-dice_result105-bets_after105]" time="0.001" /><testcase classname="tests.integration.test_passline_odds_integration" name="test_passline_odds_integration[9-6-None-bets_before106-dice_result106-bets_after106]" time="0.001" /><testcase classname="tests.integration.test_passline_odds_integration" name="test_passline_odds_integration[9-6-None-bets_before107-dice_result107-bets_after107]" time="0.001" /><testcase classname="tests.integration.test_passline_odds_integration" name="test_passline_odds_integration[9-8-None-bets_before108-dice_result108-bets_after108]" time="0.001" /><testcase classname="tests.integration.test_passline_odds_integration" name="test_passline_odds_integration[9-8-None-bets_before109-dice_result109-bets_after109]" time="0.001" /><testcase classname="tests.integration.test_passline_odds_integration" name="test_passline_odds_integration[9-8-None-bets_before110-dice_result110-bets_after110]" time="0.001" /><testcase classname="tests.integration.test_passline_odds_integration" name="test_passline_odds_integration[9-9-None-bets_before111-dice_result111-bets_after111]" time="0.001" /><testcase classname="tests.integration.test_passline_odds_integration" name="test_passline_odds_integration[9-9-None-bets_before112-dice_result112-bets_after112]" time="0.001" /><testcase classname="tests.integration.test_passline_odds_integration" name="test_passline_odds_integration[9-9-None-bets_before113-dice_result113-bets_after113]" time="0.001" /><testcase classname="tests.integration.test_passline_odds_integration" name="test_passline_odds_integration[9-9-None-bets_before114-dice_result114-bets_after114]" time="0.001" /><testcase classname="tests.integration.test_passline_odds_integration" name="test_passline_odds_integration[9-10-None-bets_before115-dice_result115-bets_after115]" time="0.001" /><testcase classname="tests.integration.test_passline_odds_integration" name="test_passline_odds_integration[9-12-None-bets_before116-dice_result116-bets_after116]" time="0.001" /><testcase classname="tests.integration.test_passline_odds_integration" name="test_passline_odds_integration[10-3-None-bets_before117-dice_result117-bets_after117]" time="0.001" /><testcase classname="tests.integration.test_passline_odds_integration" name="test_passline_odds_integration[10-3-None-bets_before118-dice_result118-bets_after118]" time="0.001" /><testcase classname="tests.integration.test_passline_odds_integration" name="test_passline_odds_integration[10-4-None-bets_before119-dice_result119-bets_after119]" time="0.001" /><testcase classname="tests.integration.test_passline_odds_integration" name="test_passline_odds_integration[10-4-None-bets_before120-dice_result120-bets_after120]" time="0.001" /><testcase classname="tests.integration.test_passline_odds_integration" name="test_passline_odds_integration[10-5-None-bets_before121-dice_result121-bets_after121]" time="0.001" /><testcase classname="tests.integration.test_passline_odds_integration" name="test_passline_odds_integration[10-5-None-bets_before122-dice_result122-bets_after122]" time="0.001" /><testcase classname="tests.integration.test_passline_odds_integration" name="test_passline_odds_integration[10-6-None-bets_before123-dice_result123-bets_after123]" time="0.001" /><testcase classname="tests.integration.test_passline_odds_integration" name="test_passline_odds_integration[10-6-None-bets_before124-dice_result124-bets_after124]" time="0.001" /><testcase classname="tests.integration.test_passline_odds_integration" name="test_passline_odds_integration[10-6-None-bets_before125-dice_result125-bets_after125]" time="0.001" /><testcase classname="tests.integration.test_passline_odds_integration" name="test_passline_odds_integration[10-6-None-bets_before126-dice_result126-bets_after126]" time="0.001" /><testcase classname="tests.integration.test_passline_odds_integration" name="test_passline_odds_integration[10-8-None-bets_before127-dice_result127-bets_after127]" time="0.001" /><testcase classname="tests.integration.test_passline_odds_integration" name="test_passline_odds_integration[10-8-None-bets_before128-dice_result128-bets_after128]" time="0.001" /><testcase classname="tests.integration.test_passline_odds_integration" name="test_passline_odds_integration[10-8-None-bets_before129-dice_result129-bets_after129]" time="0.001" /><testcase classname="tests.integration.test_passline_odds_integration" name="test_passline_odds_integration[10-9-None-bets_before130-dice_result130-bets_after130]" time="0.001" /><testcase classname="tests.integration.test_passline_odds_integration" name="test_passline_odds_integration[10-10-None-bets_before131-dice_result131-bets_after131]" time="0.001" /><testcase classname="tests.integration.test_passline_odds_integration" name="test_passline_odds_integration[10-10-None-bets_before132-dice_result132-bets_after132]" time="0.001" /><testcase classname="tests.integration.test_passline_odds_integration" name="test_passline_odds_integration[10-10-None-bets_before133-dice_result133-bets_after133]" time="0.001" /><testcase classname="tests.integration.test_passline_odds_integration" name="test_passline_odds_integration[10-11-None-bets_before134-dice_result134-bets_after134]" time="0.001" /><testcase classname="tests.integration.test_passline_odds_integration" name="test_passline_odds_integration[10-11-None-bets_before135-dice_result135-bets_after135]" time="0.001" /><testcase classname="tests.integration.test_put_integration" name="test_put_wins_on_number_and_is_removed" time="0.000" /><testcase classname="tests.integration.test_put_integration" name="test_put_loses_on_seven_and_is_removed" time="0.000" /><testcase classname="tests.integration.test_put_integration" name="test_put_allows_odds_like_come" time="0.000" /><testcase classname="tests.integration.test_readme" name="test_first_chunk" time="0.002" /><testcase classname="tests.integration.test_readme" name="test_second_chunk" time="0.284" /><testcase classname="tests.integration.test_risk12_integration" name="test_risk12_integration[None-None-None-bets_before0-None-bets_after0]" time="0.001" /><testcase classname="tests.integration.test_risk12_integration" name="test_risk12_integration[None-2-strat_info1-bets_before1-dice_result1-bets_after1]" time="0.001" /><testcase classname="tests.integration.test_risk12_integration" name="test_risk12_integration[None-2-strat_info2-bets_before2-dice_result2-bets_after2]" time="0.001" /><testcase classname="tests.integration.test_risk12_integration" name="test_risk12_integration[None-3-strat_info3-bets_before3-dice_result3-bets_after3]" time="0.001" /><testcase classname="tests.integration.test_risk12_integration" name="test_risk12_integration[None-4-strat_info4-bets_before4-dice_result4-bets_after4]" time="0.001" /><testcase classname="tests.integration.test_risk12_integration" name="test_risk12_integration[None-5-strat_info5-bets_before5-dice_result5-bets_after5]" time="0.001" /><testcase classname="tests.integration.test_risk12_integration" name="test_risk12_integration[None-5-strat_info6-bets_before6-dice_result6-bets_after6]" time="0.001" /><testcase classname="tests.integration.test_risk12_integration" name="test_risk12_integration[None-5-strat_info7-bets_before7-dice_result7-bets_after7]" time="0.001" /><testcase classname="tests.integration.test_risk12_integration" name="test_risk12_integration[None-6-strat_info8-bets_before8-dice_result8-bets_after8]" time="0.001" /><testcase classname="tests.integration.test_risk12_integration" name="test_risk12_integration[None-6-strat_info9-bets_before9-dice_result9-bets_after9]" time="0.001" /><testcase classname="tests.integration.test_risk12_integration" name="test_risk12_integration[None-7-strat_info10-bets_before10-dice_result10-bets_after10]" time="0.001" /><testcase classname="tests.integration.test_risk12_integration" name="test_risk12_integration[None-7-strat_info11-bets_before11-dice_result11-bets_after11]" time="0.001" /><testcase classname="tests.integration.test_risk12_integration" name="test_risk12_integration[None-7-strat_info12-bets_before12-dice_result12-bets_after12]" time="0.001" /><testcase classname="tests.integration.test_risk12_integration" name="test_risk12_integration[None-7-strat_info13-bets_before13-dice_result13-bets_after13]" time="0.001" /><testcase classname="tests.integration.test_risk12_integration" name="test_risk12_integration[None-7-strat_info14-bets_before14-dice_result14-bets_after14]" time="0.001" /><testcase classname="tests.integration.test_risk12_integration" name="test_risk12_integration[None-7-strat_info15-bets_before15-dice_result15-bets_after15]" time="0.001" /><testcase classname="tests.integration.test_risk12_integration" name="test_risk12_integration[None-7-strat_info16-bets_before16-dice_result16-bets_after16]" time="0.001" /><testcase classname="tests.integration.test_risk12_integration" name="test_risk12_integration[None-7-strat_info17-bets_before17-dice_result17-bets_after17]" time="0.001" /><testcase classname="tests.integration.test_risk12_integration" name="test_risk12_integration[None-7-strat_info18-bets_before18-dice_result18-bets_after18]" time="0.001" /><testcase classname="tests.integration.test_risk12_integration" name="test_risk12_integration[None-7-strat_info19-bets_before19-dice_result19-bets_after19]" time="0.001" /><testcase classname="tests.integration.test_risk12_integration" name="test_risk12_integration[None-7-strat_info20-bets_before20-dice_result20-bets_after20]" time="0.001" /><testcase classname="tests.integration.test_risk12_integration" name="test_risk12_integration[None-8-strat_info21-bets_before21-dice_result21-bets_after21]" time="0.001" /><testcase classname="tests.integration.test_risk12_integration" name="test_risk12_integration[None-8-strat_info22-bets_before22-dice_result22-bets_after22]" time="0.001" /><testcase classname="tests.integration.test_risk12_integration" name="test_risk12_integration[None-8-strat_info23-bets_before23-dice_result23-bets_after23]" time="0.001" /><testcase classname="tests.integration.test_risk12_integration" name="test_risk12_integration[None-8-strat_info24-bets_before24-dice_result24-bets_after24]" time="0.001" /><testcase classname="tests.integration.test_risk12_integration" name="test_risk12_integration[None-9-strat_info25-bets_before25-dice_result25-bets_after25]" time="0.001" /><testcase classname="tests.integration.test_risk12_integration" name="test_risk12_integration[None-9-strat_info26-bets_before26-dice_result26-bets_after26]" time="0.001" /><testcase classname="tests.integration.test_risk12_integration" name="test_risk12_integration[None-10-strat_info27-bets_before27-dice_result27-bets_after27]" time="0.001" /><testcase classname="tests.integration.test_risk12_integration" name="test_risk12_integration[None-10-strat_info28-bets_before28-dice_result28-bets_after28]" time="0.001" /><testcase classname="tests.integration.test_risk12_integration" name="test_risk12_integration[None-11-strat_info29-bets_before29-dice_result29-bets_after29]" time="0.001" /><testcase classname="tests.integration.test_risk12_integration" name="test_risk12_integration[None-12-strat_info30-bets_before30-dice_result30-bets_after30]" time="0.001" /><testcase classname="tests.integration.test_risk12_integration" name="test_risk12_integration[4-2-strat_info31-bets_before31-dice_result31-bets_after31]" time="0.001" /><testcase classname="tests.integration.test_risk12_integration" name="test_risk12_integration[4-4-strat_info32-bets_before32-dice_result32-bets_after32]" time="0.001" /><testcase classname="tests.integration.test_risk12_integration" name="test_risk12_integration[4-4-strat_info33-bets_before33-dice_result33-bets_after33]" time="0.001" /><testcase classname="tests.integration.test_risk12_integration" name="test_risk12_integration[4-4-strat_info34-bets_before34-dice_result34-bets_after34]" time="0.001" /><testcase classname="tests.integration.test_risk12_integration" name="test_risk12_integration[4-4-strat_info35-bets_before35-dice_result35-bets_after35]" time="0.001" /><testcase classname="tests.integration.test_risk12_integration" name="test_risk12_integration[4-4-strat_info36-bets_before36-dice_result36-bets_after36]" time="0.001" /><testcase classname="tests.integration.test_risk12_integration" name="test_risk12_integration[4-5-strat_info37-bets_before37-dice_result37-bets_after37]" time="0.001" /><testcase classname="tests.integration.test_risk12_integration" name="test_risk12_integration[4-5-strat_info38-bets_before38-dice_result38-bets_after38]" time="0.001" /><testcase classname="tests.integration.test_risk12_integration" name="test_risk12_integration[4-5-strat_info39-bets_before39-dice_result39-bets_after39]" time="0.001" /><testcase classname="tests.integration.test_risk12_integration" name="test_risk12_integration[4-5-strat_info40-bets_before40-dice_result40-bets_after40]" time="0.001" /><testcase classname="tests.integration.test_risk12_integration" name="test_risk12_integration[4-6-strat_info41-bets_before41-dice_result41-bets_after41]" time="0.001" /><testcase classname="tests.integration.test_risk12_integration" name="test_risk12_integration[4-8-strat_info42-bets_before42-dice_result42-bets_after42]" time="0.001" /><testcase classname="tests.integration.test_risk12_integration" name="test_risk12_integration[4-9-strat_info43-bets_before43-dice_result43-bets_after43]" time="0.001" /><testcase classname="tests.integration.test_risk12_integration" name="test_risk12_integration[4-9-strat_info44-bets_before44-dice_result44-bets_after44]" time="0.001" /><testcase classname="tests.integration.test_risk12_integration" name="test_risk12_integration[4-10-strat_info45-bets_before45-dice_result45-bets_after45]" time="0.001" /><testcase classname="tests.integration.test_risk12_integration" name="test_risk12_integration[4-10-strat_info46-bets_before46-dice_result46-bets_after46]" time="0.001" /><testcase classname="tests.integration.test_risk12_integration" name="test_risk12_integration[4-11-strat_info47-bets_before47-dice_result47-bets_after47]" time="0.001" /><testcase classname="tests.integration.test_risk12_integration" name="test_risk12_integration[5-2-strat_info48-bets_before48-dice_result48-bets_after48]" time="0.001" /><testcase classname="tests.integration.test_risk12_integration" name="test_risk12_integration[5-3-strat_info49-bets_before49-dice_result49-bets_after49]" time="0.001" /><testcase classname="tests.integration.test_risk12_integration" name="test_risk12_integration[5-3-strat_info50-bets_before50-dice_result50-bets_after50]" time="0.001" /><testcase classname="tests.integration.test_risk12_integration" name="test_risk12_integration[5-4-strat_info51-bets_before51-dice_result51-bets_after51]" time="0.001" /><testcase classname="tests.integration.test_risk12_integration" name="test_risk12_integration[5-4-strat_info52-bets_before52-dice_result52-bets_after52]" time="0.001" /><testcase classname="tests.integration.test_risk12_integration" name="test_risk12_integration[5-4-strat_info53-bets_before53-dice_result53-bets_after53]" time="0.001" /><testcase classname="tests.integration.test_risk12_integration" name="test_risk12_integration[5-4-strat_info54-bets_before54-dice_result54-bets_after54]" time="0.001" /><testcase classname="tests.integration.test_risk12_integration" name="test_risk12_integration[5-5-strat_info55-bets_before55-dice_result55-bets_after55]" time="0.001" /><testcase classname="tests.integration.test_risk12_integration" name="test_risk12_integration[5-5-strat_info56-bets_before56-dice_result56-bets_after56]" time="0.001" /><testcase classname="tests.integration.test_risk12_integration" name="test_risk12_integration[5-5-strat_info57-bets_before57-dice_result57-bets_after57]" time="0.001" /><testcase classname="tests.integration.test_risk12_integration" name="test_risk12_integration[5-5-strat_info58-bets_before58-dice_result58-bets_after58]" time="0.001" /><testcase classname="tests.integration.test_risk12_integration" name="test_risk12_integration[5-5-strat_info59-bets_before59-dice_result59-bets_after59]" time="0.001" /><testcase classname="tests.integration.test_risk12_integration" name="test_risk12_integration[5-5-strat_info60-bets_before60-dice_result60-bets_after60]" time="0.001" /><testcase classname="tests.integration.test_risk12_integration" name="test_risk12_integration[5-6-strat_info61-bets_before61-dice_result61-bets_after61]" time="0.001" /><testcase classname="tests.integration.test_risk12_integration" name="test_risk12_integration[5-6-strat_info62-bets_before62-dice_result62-bets_after62]" time="0.001" /><testcase classname="tests.integration.test_risk12_integration" name="test_risk12_integration[5-6-strat_info63-bets_before63-dice_result63-bets_after63]" time="0.000" /><testcase classname="tests.integration.test_risk12_integration" name="test_risk12_integration[5-6-strat_info64-bets_before64-dice_result64-bets_after64]" time="0.001" /><testcase classname="tests.integration.test_risk12_integration" name="test_risk12_integration[5-6-strat_info65-bets_before65-dice_result65-bets_after65]" time="0.001" /><testcase classname="tests.integration.test_risk12_integration" name="test_risk12_integration[5-6-strat_info66-bets_before66-dice_result66-bets_after66]" time="0.001" /><testcase classname="tests.integration.test_risk12_integration" name="test_risk12_integration[5-8-strat_info67-bets_before67-dice_result67-bets_after67]" time="0.001" /><testcase classname="tests.integration.test_risk12_integration" name="test_risk12_integration[5-8-strat_info68-bets_before68-dice_result68-bets_after68]" time="0.001" /><testcase classname="tests.integration.test_risk12_integration" name="test_risk12_integration[5-8-strat_info69-bets_before69-dice_result69-bets_after69]" time="0.001" /><testcase classname="tests.integration.test_risk12_integration" name="test_risk12_integration[5-8-strat_info70-bets_before70-dice_result70-bets_after70]" time="0.001" /><testcase classname="tests.integration.test_risk12_integration" name="test_risk12_integration[5-9-strat_info71-bets_before71-dice_result71-bets_after71]" time="0.001" /><testcase classname="tests.integration.test_risk12_integration" name="test_risk12_integration[5-9-strat_info72-bets_before72-dice_result72-bets_after72]" time="0.001" /><testcase classname="tests.integration.test_risk12_integration" name="test_risk12_integration[5-9-strat_info73-bets_before73-dice_result73-bets_after73]" time="0.001" /><testcase classname="tests.integration.test_risk12_integration" name="test_risk12_integration[5-9-strat_info74-bets_before74-dice_result74-bets_after74]" time="0.000" /><testcase classname="tests.integration.test_risk12_integration" name="test_risk12_integration[5-9-strat_info75-bets_before75-dice_result75-bets_after75]" time="0.001" /><testcase classname="tests.integration.test_risk12_integration" name="test_risk12_integration[5-9-strat_info76-bets_before76-dice_result76-bets_after76]" time="0.001" /><testcase classname="tests.integration.test_risk12_integration" name="test_risk12_integration[5-10-strat_info77-bets_before77-dice_result77-bets_after77]" time="0.001" /><testcase classname="tests.integration.test_risk12_integration" name="test_risk12_integration[5-10-strat_info78-bets_before78-dice_result78-bets_after78]" time="0.001" /><testcase classname="tests.integration.test_risk12_integration" name="test_risk12_integration[5-10-strat_info79-bets_before79-dice_result79-bets_after79]" time="0.001" /><testcase classname="tests.integration.test_risk12_integration" name="test_risk12_integration[5-10-strat_info80-bets_before80-dice_result80-bets_after80]" time="0.001" /><testcase classname="tests.integration.test_risk12_integration" name="test_risk12_integration[5-11-strat_info81-bets_before81-dice_result81-bets_after81]" time="0.001" /><testcase classname="tests.integration.test_risk12_integration" name="test_risk12_integration[5-11-strat_info82-bets_before82-dice_result82-bets_after82]" time="0.001" /><testcase classname="tests.integration.test_risk12_integration" name="test_risk12_integration[5-11-strat_info83-bets_before83-dice_result83-bets_after83]" time="0.001" /><testcase classname="tests.integration.test_risk12_integration" name="test_risk12_integration[5-12-strat_info84-bets_before84-dice_result84-bets_after84]" time="0.001" /><testcase classname="tests.integration.test_risk12_integration" name="test_risk12_integration[5-12-strat_info85-bets_before85-dice_result85-bets_after85]" time="0.001" /><testcase classname="tests.integration.test_risk12_integration" name="test_risk12_integration[6-3-strat_info86-bets_before86-dice_result86-bets_after86]" time="0.001" /><testcase classname="tests.integration.test_risk12_integration" name="test_risk12_integration[6-4-strat_info87-bets_before87-dice_result87-bets_after87]" time="0.001" /><testcase classname="tests.integration.test_risk12_integration" name="test_risk12_integration[6-4-strat_info88-bets_before88-dice_result88-bets_after88]" time="0.001" /><testcase classname="tests.integration.test_risk12_integration" name="test_risk12_integration[6-4-strat_info89-bets_before89-dice_result89-bets_after89]" time="0.001" /><testcase classname="tests.integration.test_risk12_integration" name="test_risk12_integration[6-5-strat_info90-bets_before90-dice_result90-bets_after90]" time="0.001" /><testcase classname="tests.integration.test_risk12_integration" name="test_risk12_integration[6-5-strat_info91-bets_before91-dice_result91-bets_after91]" time="0.001" /><testcase classname="tests.integration.test_risk12_integration" name="test_risk12_integration[6-5-strat_info92-bets_before92-dice_result92-bets_after92]" time="0.000" /><testcase classname="tests.integration.test_risk12_integration" name="test_risk12_integration[6-5-strat_info93-bets_before93-dice_result93-bets_after93]" time="0.000" /><testcase classname="tests.integration.test_risk12_integration" name="test_risk12_integration[6-6-strat_info94-bets_before94-dice_result94-bets_after94]" time="0.001" /><testcase classname="tests.integration.test_risk12_integration" name="test_risk12_integration[6-6-strat_info95-bets_before95-dice_result95-bets_after95]" time="0.001" /><testcase classname="tests.integration.test_risk12_integration" name="test_risk12_integration[6-6-strat_info96-bets_before96-dice_result96-bets_after96]" time="0.001" /><testcase classname="tests.integration.test_risk12_integration" name="test_risk12_integration[6-6-strat_info97-bets_before97-dice_result97-bets_after97]" time="0.001" /><testcase classname="tests.integration.test_risk12_integration" name="test_risk12_integration[6-6-strat_info98-bets_before98-dice_result98-bets_after98]" time="0.001" /><testcase classname="tests.integration.test_risk12_integration" name="test_risk12_integration[6-6-strat_info99-bets_before99-dice_result99-bets_after99]" time="0.001" /><testcase classname="tests.integration.test_risk12_integration" name="test_risk12_integration[6-6-strat_info100-bets_before100-dice_result100-bets_after100]" time="0.001" /><testcase classname="tests.integration.test_risk12_integration" name="test_risk12_integration[6-6-strat_info101-bets_before101-dice_result101-bets_after101]" time="0.001" /><testcase classname="tests.integration.test_risk12_integration" name="test_risk12_integration[6-6-strat_info102-bets_before102-dice_result102-bets_after102]" time="0.001" /><testcase classname="tests.integration.test_risk12_integration" name="test_risk12_integration[6-6-strat_info103-bets_before103-dice_result103-bets_after103]" time="0.001" /><testcase classname="tests.integration.test_risk12_integration" name="test_risk12_integration[6-6-strat_info104-bets_before104-dice_result104-bets_after104]" time="0.001" /><testcase classname="tests.integration.test_risk12_integration" name="test_risk12_integration[6-8-strat_info105-bets_before105-dice_result105-bets_after105]" time="0.001" /><testcase classname="tests.integration.test_risk12_integration" name="test_risk12_integration[6-8-strat_info106-bets_before106-dice_result106-bets_after106]" time="0.001" /><testcase classname="tests.integration.test_risk12_integration" name="test_risk12_integration[6-8-strat_info107-bets_before107-dice_result107-bets_after107]" time="0.001" /><testcase classname="tests.integration.test_risk12_integration" name="test_risk12_integration[6-9-strat_info108-bets_before108-dice_result108-bets_after108]" time="0.001" /><testcase classname="tests.integration.test_risk12_integration" name="test_risk12_integration[6-9-strat_info109-bets_before109-dice_result109-bets_after109]" time="0.001" /><testcase classname="tests.integration.test_risk12_integration" name="test_risk12_integration[6-9-strat_info110-bets_before110-dice_result110-bets_after110]" time="0.001" /><testcase classname="tests.integration.test_risk12_integration" name="test_risk12_integration[6-9-strat_info111-bets_before111-dice_result111-bets_after111]" time="0.001" /><testcase classname="tests.integration.test_risk12_integration" name="test_risk12_integration[6-9-strat_info112-bets_before112-dice_result112-bets_after112]" time="0.000" /><testcase classname="tests.integration.test_risk12_integration" name="test_risk12_integration[6-9-strat_info113-bets_before113-dice_result113-bets_after113]" time="0.001" /><testcase classname="tests.integration.test_risk12_integration" name="test_risk12_integration[6-10-strat_info114-bets_before114-dice_result114-bets_after114]" time="0.001" /><testcase classname="tests.integration.test_risk12_integration" name="test_risk12_integration[6-10-strat_info115-bets_before115-dice_result115-bets_after115]" time="0.001" /><testcase classname="tests.integration.test_risk12_integration" name="test_risk12_integration[6-10-strat_info116-bets_before116-dice_result116-bets_after116]" time="0.001" /><testcase classname="tests.integration.test_risk12_integration" name="test_risk12_integration[6-10-strat_info117-bets_before117-dice_result117-bets_after117]" time="0.001" /><testcase classname="tests.integration.test_risk12_integration" name="test_risk12_integration[6-10-strat_info118-bets_before118-dice_result118-bets_after118]" time="0.001" /><testcase classname="tests.integration.test_risk12_integration" name="test_risk12_integration[6-11-strat_info119-bets_before119-dice_result119-bets_after119]" time="0.001" /><testcase classname="tests.integration.test_risk12_integration" name="test_risk12_integration[8-3-strat_info120-bets_before120-dice_result120-bets_after120]" time="0.001" /><testcase classname="tests.integration.test_risk12_integration" name="test_risk12_integration[8-4-strat_info121-bets_before121-dice_result121-bets_after121]" time="0.001" /><testcase classname="tests.integration.test_risk12_integration" name="test_risk12_integration[8-6-strat_info122-bets_before122-dice_result122-bets_after122]" time="0.001" /><testcase classname="tests.integration.test_risk12_integration" name="test_risk12_integration[8-8-strat_info123-bets_before123-dice_result123-bets_after123]" time="0.001" /><testcase classname="tests.integration.test_risk12_integration" name="test_risk12_integration[8-8-strat_info124-bets_before124-dice_result124-bets_after124]" time="0.001" /><testcase classname="tests.integration.test_risk12_integration" name="test_risk12_integration[8-8-strat_info125-bets_before125-dice_result125-bets_after125]" time="0.001" /><testcase classname="tests.integration.test_risk12_integration" name="test_risk12_integration[8-8-strat_info126-bets_before126-dice_result126-bets_after126]" time="0.001" /><testcase classname="tests.integration.test_risk12_integration" name="test_risk12_integration[8-8-strat_info127-bets_before127-dice_result127-bets_after127]" time="0.001" /><testcase classname="tests.integration.test_risk12_integration" name="test_risk12_integration[8-8-strat_info128-bets_before128-dice_result128-bets_after128]" time="0.001" /><testcase classname="tests.integration.test_risk12_integration" name="test_risk12_integration[8-11-strat_info129-bets_before129-dice_result129-bets_after129]" time="0.001" /><testcase classname="tests.integration.test_risk12_integration" name="test_risk12_integration[8-11-strat_info130-bets_before130-dice_result130-bets_after130]" time="0.001" /><testcase classname="tests.integration.test_risk12_integration" name="test_risk12_integration[9-2-strat_info131-bets_before131-dice_result131-bets_after131]" time="0.001" /><testcase classname="tests.integration.test_risk12_integration" name="test_risk12_integration[9-3-strat_info132-bets_before132-dice_result132-bets_after132]" time="0.001" /><testcase classname="tests.integration.test_risk12_integration" name="test_risk12_integration[9-3-strat_info133-bets_before133-dice_result133-bets_after133]" time="0.001" /><testcase classname="tests.integration.test_risk12_integration" name="test_risk12_integration[9-4-strat_info134-bets_before134-dice_result134-bets_after134]" time="0.001" /><testcase classname="tests.integration.test_risk12_integration" name="test_risk12_integration[9-5-strat_info135-bets_before135-dice_result135-bets_after135]" time="0.001" /><testcase classname="tests.integration.test_risk12_integration" name="test_risk12_integration[9-5-strat_info136-bets_before136-dice_result136-bets_after136]" time="0.001" /><testcase classname="tests.integration.test_risk12_integration" name="test_risk12_integration[9-5-strat_info137-bets_before137-dice_result137-bets_after137]" time="0.000" /><testcase classname="tests.integration.test_risk12_integration" name="test_risk12_integration[9-6-strat_info138-bets_before138-dice_result138-bets_after138]" time="0.001" /><testcase classname="tests.integration.test_risk12_integration" name="test_risk12_integration[9-6-strat_info139-bets_before139-dice_result139-bets_after139]" time="0.001" /><testcase classname="tests.integration.test_risk12_integration" name="test_risk12_integration[9-8-strat_info140-bets_before140-dice_result140-bets_after140]" time="0.001" /><testcase classname="tests.integration.test_risk12_integration" name="test_risk12_integration[9-8-strat_info141-bets_before141-dice_result141-bets_after141]" time="0.001" /><testcase classname="tests.integration.test_risk12_integration" name="test_risk12_integration[9-9-strat_info142-bets_before142-dice_result142-bets_after142]" time="0.001" /><testcase classname="tests.integration.test_risk12_integration" name="test_risk12_integration[9-9-strat_info143-bets_before143-dice_result143-bets_after143]" time="0.001" /><testcase classname="tests.integration.test_risk12_integration" name="test_risk12_integration[9-9-strat_info144-bets_before144-dice_result144-bets_after144]" time="0.001" /><testcase classname="tests.integration.test_risk12_integration" name="test_risk12_integration[9-9-strat_info145-bets_before145-dice_result145-bets_after145]" time="0.001" /><testcase classname="tests.integration.test_risk12_integration" name="test_risk12_integration[9-9-strat_info146-bets_before146-dice_result146-bets_after146]" time="0.001" /><testcase classname="tests.integration.test_risk12_integration" name="test_risk12_integration[9-9-strat_info147-bets_before147-dice_result147-bets_after147]" time="0.001" /><testcase classname="tests.integration.test_risk12_integration" name="test_risk12_integration[9-9-strat_info148-bets_before148-dice_result148-bets_after148]" time="0.001" /><testcase classname="tests.integration.test_risk12_integration" name="test_risk12_integration[9-10-strat_info149-bets_before149-dice_result149-bets_after149]" time="0.001" /><testcase classname="tests.integration.test_risk12_integration" name="test_risk12_integration[9-10-strat_info150-bets_before150-dice_result150-bets_after150]" time="0.001" /><testcase classname="tests.integration.test_risk12_integration" name="test_risk12_integration[9-10-strat_info151-bets_before151-dice_result151-bets_after151]" time="0.001" /><testcase classname="tests.integration.test_risk12_integration" name="test_risk12_integration[9-12-strat_info152-bets_before152-dice_result152-bets_after152]" time="0.001" /><testcase classname="tests.integration.test_risk12_integration" name="test_risk12_integration[9-12-strat_info153-bets_before153-dice_result153-bets_after153]" time="0.001" /><testcase classname="tests.integration.test_risk12_integration" name="test_risk12_integration[10-2-strat_info154-bets_before154-dice_result154-bets_after154]" time="0.001" /><testcase classname="tests.integration.test_risk12_integration" name="test_risk12_integration[10-3-strat_info155-bets_before155-dice_result155-bets_after155]" time="0.001" /><testcase classname="tests.integration.test_risk12_integration" name="test_risk12_integration[10-3-strat_info156-bets_before156-dice_result156-bets_after156]" time="0.001" /><testcase classname="tests.integration.test_risk12_integration" name="test_risk12_integration[10-3-strat_info157-bets_before157-dice_result157-bets_after157]" time="0.001" /><testcase classname="tests.integration.test_risk12_integration" name="test_risk12_integration[10-4-strat_info158-bets_before158-dice_result158-bets_after158]" time="0.001" /><testcase classname="tests.integration.test_risk12_integration" name="test_risk12_integration[10-4-strat_info159-bets_before159-dice_result159-bets_after159]" time="0.001" /><testcase classname="tests.integration.test_risk12_integration" name="test_risk12_integration[10-4-strat_info160-bets_before160-dice_result160-bets_after160]" time="0.001" /><testcase classname="tests.integration.test_risk12_integration" name="test_risk12_integration[10-5-strat_info161-bets_before161-dice_result161-bets_after161]" time="0.001" /><testcase classname="tests.integration.test_risk12_integration" name="test_risk12_integration[10-5-strat_info162-bets_before162-dice_result162-bets_after162]" time="0.001" /><testcase classname="tests.integration.test_risk12_integration" name="test_risk12_integration[10-5-strat_info163-bets_before163-dice_result163-bets_after163]" time="0.001" /><testcase classname="tests.integration.test_risk12_integration" name="test_risk12_integration[10-5-strat_info164-bets_before164-dice_result164-bets_after164]" time="0.001" /><testcase classname="tests.integration.test_risk12_integration" name="test_risk12_integration[10-5-strat_info165-bets_before165-dice_result165-bets_after165]" time="0.001" /><testcase classname="tests.integration.test_risk12_integration" name="test_risk12_integration[10-5-strat_info166-bets_before166-dice_result166-bets_after166]" time="0.001" /><testcase classname="tests.integration.test_risk12_integration" name="test_risk12_integration[10-5-strat_info167-bets_before167-dice_result167-bets_after167]" time="0.001" /><testcase classname="tests.integration.test_risk12_integration" name="test_risk12_integration[10-6-strat_info168-bets_before168-dice_result168-bets_after168]" time="0.001" /><testcase classname="tests.integration.test_risk12_integration" name="test_risk12_integration[10-6-strat_info169-bets_before169-dice_result169-bets_after169]" time="0.001" /><testcase classname="tests.integration.test_risk12_integration" name="test_risk12_integration[10-6-strat_info170-bets_before170-dice_result170-bets_after170]" time="0.001" /><testcase classname="tests.integration.test_risk12_integration" name="test_risk12_integration[10-6-strat_info171-bets_before171-dice_result171-bets_after171]" time="0.001" /><testcase classname="tests.integration.test_risk12_integration" name="test_risk12_integration[10-8-strat_info172-bets_before172-dice_result172-bets_after172]" time="0.001" /><testcase classname="tests.integration.test_risk12_integration" name="test_risk12_integration[10-8-strat_info173-bets_before173-dice_result173-bets_after173]" time="0.001" /><testcase classname="tests.integration.test_risk12_integration" name="test_risk12_integration[10-8-strat_info174-bets_before174-dice_result174-bets_after174]" time="0.001" /><testcase classname="tests.integration.test_risk12_integration" name="test_risk12_integration[10-9-strat_info175-bets_before175-dice_result175-bets_after175]" time="0.001" /><testcase classname="tests.integration.test_risk12_integration" name="test_risk12_integration[10-10-strat_info176-bets_before176-dice_result176-bets_after176]" time="0.001" /><testcase classname="tests.integration.test_risk12_integration" name="test_risk12_integration[10-10-strat_info177-bets_before177-dice_result177-bets_after177]" time="0.001" /><testcase classname="tests.integration.test_risk12_integration" name="test_risk12_integration[10-10-strat_info178-bets_before178-dice_result178-bets_after178]" time="0.001" /><testcase classname="tests.integration.test_risk12_integration" name="test_risk12_integration[10-10-strat_info179-bets_before179-dice_result179-bets_after179]" time="0.001" /><testcase classname="tests.integration.test_risk12_integration" name="test_risk12_integration[10-10-strat_info180-bets_before180-dice_result180-bets_after180]" time="0.001" /><testcase classname="tests.integration.test_risk12_integration" name="test_risk12_integration[10-10-strat_info181-bets_before181-dice_result181-bets_after181]" time="0.001" /><testcase classname="tests.integration.test_risk12_integration" name="test_risk12_integration[10-11-strat_info182-bets_before182-dice_result182-bets_after182]" time="0.001" /><testcase classname="tests.integration.test_risk12_integration" name="test_risk12_integration[10-11-strat_info183-bets_before183-dice_result183-bets_after183]" time="0.001" /><testcase classname="tests.integration.test_risk12_integration" name="test_risk12_integration[10-11-strat_info184-bets_before184-dice_result184-bets_after184]" time="0.001" /><testcase classname="tests.integration.test_risk12_integration" name="test_risk12_integration[10-12-strat_info185-bets_before185-dice_result185-bets_after185]" time="0.001" /><testcase classname="tests.integration.test_strategy" name="test_strategies_compare_bets[strategy0-rolls0-correct_bets0]" time="0.001" /><testcase classname="tests.integration.test_strategy" name="test_strategies_compare_bets[strategy1-rolls1-correct_bets1]" time="0.001" /><testcase classname="tests.integration.test_strategy" name="test_strategies_compare_bets[strategy2-rolls2-correct_bets2]" time="0.001" /><testcase classname="tests.integration.test_strategy" name="test_strategies_compare_bets[strategy3-rolls3-correct_bets3]" time="0.001" /><testcase classname="tests.integration.test_strategy" name="test_strategies_compare_bets[strategy4-rolls4-correct_bets4]" time="0.001" /><testcase classname="tests.integration.test_strategy" name="test_strategies_compare_bets[strategy5-rolls5-correct_bets5]" time="0.001" /><testcase classname="tests.integration.test_strategy" name="test_strategies_compare_bets[strategy6-rolls6-correct_bets6]" time="0.001" /><testcase classname="tests.integration.test_strategy" name="test_strategies_compare_bets[strategy7-rolls7-correct_bets7]" time="0.001" /><testcase classname="tests.integration.test_strategy" name="test_strategies_compare_bets[strategy8-rolls8-correct_bets8]" time="0.001" /><testcase classname="tests.integration.test_strategy" name="test_strategies_compare_bets[strategy9-rolls9-correct_bets9]" time="0.001" /><testcase classname="tests.integration.test_strategy" name="test_strategies_compare_bets[strategy10-rolls10-correct_bets10]" time="0.001" /><testcase classname="tests.integration.test_strategy" name="test_strategies_compare_bets[strategy11-rolls11-correct_bets11]" time="0.001" /><testcase classname="tests.integration.test_strategy" name="test_strategies_compare_bets[strategy12-rolls12-correct_bets12]" time="0.001" /><testcase classname="tests.integration.test_strategy" name="test_strategies_compare_bets[strategy13-rolls13-correct_bets13]" time="0.000" /><testcase classname="tests.integration.test_strategy" name="test_strategies_compare_bets[strategy14-rolls14-correct_bets14]" time="0.001" /><testcase classname="tests.integration.test_strategy" name="test_strategies_compare_bets[strategy15-rolls15-correct_bets15]" time="0.000" /><testcase classname="tests.integration.test_strategy" name="test_strategies_compare_bets[strategy16-rolls16-correct_bets16]" time="0.000" /><testcase classname="tests.integration.test_strategy" name="test_strategies_compare_bets[strategy17-rolls17-correct_bets17]" time="0.001" /><testcase classname="tests.integration.test_strategy" name="test_strategies_compare_bets[strategy18-rolls18-correct_bets18]" time="0.001" /><testcase classname="tests.integration.test_strategy" name="test_strategies_compare_bets[strategy19-rolls19-correct_bets19]" time="0.001" /><testcase classname="tests.integration.test_strategy" name="test_strategies_compare_bets[strategy20-rolls20-correct_bets20]" time="0.001" /><testcase classname="tests.integration.test_strategy" name="test_strategies_compare_bets[strategy21-rolls21-correct_bets21]" time="0.001" /><testcase classname="tests.integration.test_strategy" name="test_strategies_compare_bets[strategy22-rolls22-correct_bets22]" time="0.001" /><testcase classname="tests.integration.test_strategy" name="test_strategies_compare_bets[strategy23-rolls23-correct_bets23]" time="0.001" /><testcase classname="tests.integration.test_strategy" name="test_strategies_compare_bets[strategy24-rolls24-correct_bets24]" time="0.001" /><testcase classname="tests.integration.test_strategy" name="test_strategies_compare_bets[strategy25-rolls25-correct_bets25]" time="0.000" /><testcase classname="tests.integration.test_strategy" name="test_strategies_compare_bets[strategy26-rolls26-correct_bets26]" time="0.001" /><testcase classname="tests.integration.test_strategy" name="test_strategies_compare_bets[strategy27-rolls27-correct_bets27]" time="0.001" /><testcase classname="tests.integration.test_strategy" name="test_strategies_compare_bets[strategy28-rolls28-correct_bets28]" time="0.001" /><testcase classname="tests.integration.test_strategy" name="test_strategies_compare_bets[strategy29-rolls29-correct_bets29]" time="0.001" /><testcase classname="tests.integration.test_strategy" name="test_strategies_compare_bets[strategy30-rolls30-correct_bets30]" time="0.001" /><testcase classname="tests.integration.test_strategy" name="test_strategies_compare_bets[strategy31-rolls31-correct_bets31]" time="0.001" /><testcase classname="tests.integration.test_strategy" name="test_strategies_compare_bets[strategy32-rolls32-correct_bets32]" time="0.001" /><testcase classname="tests.integration.test_strategy" name="test_strategies_compare_bets[strategy33-rolls33-correct_bets33]" time="0.001" /><testcase classname="tests.integration.test_strategy" name="test_strategies_compare_bets[strategy34-rolls34-correct_bets34]" time="0.001" /><testcase classname="tests.integration.test_strategy" name="test_strategies_compare_bets[strategy35-rolls35-correct_bets35]" time="0.001" /><testcase classname="tests.integration.test_strategy" name="test_strategies_compare_bets[strategy36-rolls36-correct_bets36]" time="0.001" /><testcase classname="tests.integration.test_strategy" name="test_strategies_compare_bets[strategy37-rolls37-correct_bets37]" time="0.001" /><testcase classname="tests.integration.test_strategy" name="test_strategies_compare_bets[strategy38-rolls38-correct_bets38]" time="0.001" /><testcase classname="tests.integration.test_strategy" name="test_strategies_compare_bets[strategy39-rolls39-correct_bets39]" time="0.001" /><testcase classname="tests.integration.test_strategy" name="test_strategies_compare_bets[strategy40-rolls40-correct_bets40]" time="0.001" /><testcase classname="tests.integration.test_strategy" name="test_strategies_compare_bets[strategy41-rolls41-correct_bets41]" time="0.001" /><testcase classname="tests.integration.test_strategy" name="test_strategies_compare_bets[strategy42-rolls42-correct_bets42]" time="0.001" /><testcase classname="tests.integration.test_strategy" name="test_strategies_compare_bets[strategy43-rolls43-correct_bets43]" time="0.000" /><testcase classname="tests.integration.test_strategy" name="test_strategies_compare_bets[strategy44-rolls44-correct_bets44]" time="0.001" /><testcase classname="tests.integration.test_strategy" name="test_strategies_compare_bets[strategy45-rolls45-correct_bets45]" time="0.001" /><testcase classname="tests.integration.test_strategy" name="test_strategies_compare_bets[strategy46-rolls46-correct_bets46]" time="0.001" /><testcase classname="tests.integration.test_strategy" name="test_strategies_compare_bets[strategy47-rolls47-correct_bets47]" time="0.000" /><testcase classname="tests.integration.test_strategy" name="test_strategies_compare_bets[strategy48-rolls48-correct_bets48]" time="0.001" /><testcase classname="tests.integration.test_strategy" name="test_strategies_compare_bets[strategy49-rolls49-correct_bets49]" time="0.001" /><testcase classname="tests.integration.test_strategy" name="test_strategies_compare_bets[strategy50-rolls50-correct_bets50]" time="0.001" /><testcase classname="tests.integration.test_strategy" name="test_strategies_compare_bets[strategy51-rolls51-correct_bets51]" time="0.001" /><testcase classname="tests.integration.test_strategy" name="test_strategies_compare_bets[strategy52-rolls52-correct_bets52]" time="0.001" /><testcase classname="tests.integration.test_strategy" name="test_strategies_compare_bets[strategy53-rolls53-correct_bets53]" time="0.001" /><testcase classname="tests.integration.test_strategy" name="test_strategies_compare_bets[strategy54-rolls54-correct_bets54]" time="0.000" /><testcase classname="tests.integration.test_strategy" name="test_strategies_compare_bets[strategy55-rolls55-correct_bets55]" time="0.001" /><testcase classname="tests.integration.test_strategy" name="test_strategies_compare_bets[strategy56-rolls56-correct_bets56]" time="0.001" /><testcase classname="tests.integration.test_strategy" name="test_strategies_compare_bets[strategy57-rolls57-correct_bets57]" time="0.001" /><testcase classname="tests.integration.test_strategy" name="test_strategies_compare_bets[strategy58-rolls58-correct_bets58]" time="0.001" /><testcase classname="tests.integration.test_strategy" name="test_strategies_compare_bets[strategy59-rolls59-correct_bets59]" time="0.001" /><testcase classname="tests.integration.test_strategy" name="test_strategies_in_simulation_persistent_features" time="0.001" /><testcase classname="tests.integration.test_strategy" name="test_placeinside_with_betpointon" time="0.001" /><testcase classname="tests.integration.test_strategy" name="test_ATS_in_simulation" time="0.503" /><testcase classname="tests.integration.test_strategy" name="test_ATS_in_simulation_persistent_features" time="0.001" /><testcase classname="tests.integration.test_strategy_single_bet" name="test_strategies_compare_bets[strategy0-rolls0-correct_bets0]" time="0.001" /><testcase classname="tests.integration.test_strategy_single_bet" name="test_strategies_compare_bets[strategy1-rolls1-correct_bets1]" time="0.001" /><testcase classname="tests.integration.test_strategy_single_bet" name="test_strategies_compare_bets[strategy2-rolls2-correct_bets2]" time="0.001" /><testcase classname="tests.integration.test_strategy_single_bet" name="test_strategies_compare_bets[strategy3-rolls3-correct_bets3]" time="0.001" /><testcase classname="tests.integration.test_strategy_single_bet" name="test_strategies_compare_bets[strategy4-rolls4-correct_bets4]" time="0.000" /><testcase classname="tests.integration.test_strategy_single_bet" name="test_strategies_compare_bets[strategy5-rolls5-correct_bets5]" time="0.001" /><testcase classname="tests.integration.test_strategy_single_bet" name="test_strategies_compare_bets[strategy6-rolls6-correct_bets6]" time="0.001" /><testcase classname="tests.integration.test_strategy_single_bet" name="test_strategies_compare_bets[strategy7-rolls7-correct_bets7]" time="0.000" /><testcase classname="tests.integration.test_strategy_single_bet" name="test_strategies_compare_bets[strategy8-rolls8-correct_bets8]" time="0.000" /><testcase classname="tests.integration.test_strategy_single_bet" name="test_strategies_compare_bets[strategy9-rolls9-correct_bets9]" time="0.000" /><testcase classname="tests.integration.test_strategy_single_bet" name="test_strategies_compare_bets[strategy10-rolls10-correct_bets10]" time="0.000" /><testcase classname="tests.integration.test_strategy_single_bet" name="test_strategies_compare_bets[strategy11-rolls11-correct_bets11]" time="0.001" /><testcase classname="tests.integration.test_strategy_single_bet" name="test_strategies_compare_bets[strategy12-rolls12-correct_bets12]" time="0.001" /><testcase classname="tests.integration.test_strategy_single_bet" name="test_strategies_compare_bets[strategy13-rolls13-correct_bets13]" time="0.000" /><testcase classname="tests.integration.test_strategy_single_bet" name="test_strategies_compare_bets[strategy14-rolls14-correct_bets14]" time="0.000" /><testcase classname="tests.integration.test_strategy_single_bet" name="test_strategies_compare_bets[strategy15-rolls15-correct_bets15]" time="0.001" /><testcase classname="tests.integration.test_strategy_single_bet" name="test_bet_point_on_special_cases[strategy0-rolls0-correct_bets0]" time="0.001" /><testcase classname="tests.integration.test_strategy_single_bet" name="test_bet_point_on_special_cases[strategy1-rolls1-correct_bets1]" time="0.001" /><testcase classname="tests.integration.test_strategy_single_bet" name="test_bet_point_on_special_cases[strategy2-rolls2-correct_bets2]" time="0.001" /><testcase classname="tests.integration.test_strategy_single_bet" name="test_bet_point_on_special_cases[strategy3-rolls3-correct_bets3]" time="0.001" /><testcase classname="tests.integration.test_table" name="test_table_print_output" time="0.004" /><testcase classname="tests.integration.test_table" name="test_table_runout_comebets[strategy0]" time="0.002" /><testcase classname="tests.integration.test_table" name="test_table_runout_comebets[strategy1]" time="0.001" /><testcase classname="tests.integration.test_table" name="test_table_without_runout_comebets[strategy0]" time="0.001" /><testcase classname="tests.integration.test_table" name="test_table_without_runout_comebets[strategy1]" time="0.001" /><testcase classname="tests.integration.test_vxp_baseline" name="test_vxp_full_integration" time="0.001" /><testcase classname="tests.stress.test_vxp_torture" name="test_vxp_randomized_smoke" time="0.010" /><testcase classname="tests.stress.test_vxp_torture" name="test_vxp_heavy_stress" time="0.001"><skipped type="pytest.skip" message="stress test: run with -m stress">/workspace/crapssim/tests/stress/test_vxp_torture.py:146: stress test: run with -m stress</skipped></testcase><testcase classname="tests.test_api_skeleton" name="test_package_imports" time="0.000" /><testcase classname="tests.test_api_skeleton" name="test_create_app_callable" time="0.000" /><testcase classname="tests.test_api_skeleton" name="test_error_codes_present" time="0.000" /><testcase classname="tests.test_api_skeleton" name="test_rng_determinism" time="0.000" /><testcase classname="tests.test_determinism_harness" name="test_same_seed_same_tape" time="0.001" /><testcase classname="tests.test_determinism_harness" name="test_mismatch_detected" time="0.000" /><testcase classname="tests.test_determinism_harness" name="test_replay_works" time="0.000" /><testcase classname="tests.test_version_identity" name="test_constants_types" time="0.000" /><testcase classname="tests.test_version_identity" name="test_healthz_reports_identity" time="0.054" /><testcase classname="tests.unit.test_bet" name="test_ev_oneroll[bet0--0.0167]" time="0.001" /><testcase classname="tests.unit.test_bet" name="test_ev_oneroll[bet1--0.0111]" time="0.001" /><testcase classname="tests.unit.test_bet" name="test_ev_oneroll[bet2--0.0046]" time="0.001" /><testcase classname="tests.unit.test_bet" name="test_ev_oneroll[bet3--0.0046]" time="0.001" /><testcase classname="tests.unit.test_bet" name="test_ev_oneroll[bet4--0.0111]" time="0.001" /><testcase classname="tests.unit.test_bet" name="test_ev_oneroll[bet5--0.0167]" time="0.001" /><testcase classname="tests.unit.test_bet" name="test_ev_oneroll[bet6--0.0556]" time="0.001" /><testcase classname="tests.unit.test_bet" name="test_ev_oneroll[bet7--0.1667]" time="0.001" /><testcase classname="tests.unit.test_bet" name="test_ev_oneroll[bet8--0.1389]" time="0.001" /><testcase classname="tests.unit.test_bet" name="test_ev_oneroll[bet9--0.1111]" time="0.001" /><testcase classname="tests.unit.test_bet" name="test_ev_oneroll[bet10--0.1111]" time="0.001" /><testcase classname="tests.unit.test_bet" name="test_ev_oneroll[bet11--0.1389]" time="0.001" /><testcase classname="tests.unit.test_bet" name="test_ev_oneroll[bet12--0.1111]" time="0.001" /><testcase classname="tests.unit.test_bet" name="test_ev_oneroll[bet13--0.1111]" time="0.001" /><testcase classname="tests.unit.test_bet" name="test_ev_oneroll[bet14--0.0278]" time="0.001" /><testcase classname="tests.unit.test_bet" name="test_ev_oneroll[bet15--0.0278]" time="0.001" /><testcase classname="tests.unit.test_bet" name="test_ev_oneroll[bet16--0.0278]" time="0.001" /><testcase classname="tests.unit.test_bet" name="test_ev_oneroll[bet17--0.0278]" time="0.001" /><testcase classname="tests.unit.test_bet" name="test_ev_oneroll[bet18--0.1111]" time="0.001" /><testcase classname="tests.unit.test_bet" name="test_ev_oneroll[bet19--0.1111]" time="0.001" /><testcase classname="tests.unit.test_bet" name="test_ev_oneroll[bet20--0.1389]" time="0.001" /><testcase classname="tests.unit.test_bet" name="test_ev_oneroll[bet21--0.125]" time="0.001" /><testcase classname="tests.unit.test_bet" name="test_ev_oneroll[bet22--0.1333]" time="0.001" /><testcase classname="tests.unit.test_bet" name="test_ev_oneroll[bet23--0.0278]" time="0.001" /><testcase classname="tests.unit.test_bet" name="test_ev_oneroll[bet24--0.0278]" time="0.001" /><testcase classname="tests.unit.test_bet" name="test_ev_oneroll[bet25--0.0148]" time="0.001" /><testcase classname="tests.unit.test_bet" name="test_ev_oneroll[bet26--0.0093]" time="0.001" /><testcase classname="tests.unit.test_bet" name="test_ev_oneroll[bet27--0.0148]" time="0.001" /><testcase classname="tests.unit.test_bet" name="test_ev_oneroll[bet28--0.0093]" time="0.001" /><testcase classname="tests.unit.test_bet" name="test_ev_oneroll[bet29--0.0833]" time="0.001" /><testcase classname="tests.unit.test_bet" name="test_ev_oneroll[bet30--0.0556]" time="0.001" /><testcase classname="tests.unit.test_bet" name="test_ev_oneroll[bet31--0.0278]" time="0.001" /><testcase classname="tests.unit.test_bet" name="test_ev_oneroll[bet32--0.0278]" time="0.001" /><testcase classname="tests.unit.test_bet" name="test_ev_oneroll[bet33--0.0556]" time="0.001" /><testcase classname="tests.unit.test_bet" name="test_ev_oneroll[bet34--0.0833]" time="0.001" /><testcase classname="tests.unit.test_bet" name="test_repr_names[bet0-PassLine(amount=1.0)]" time="0.000" /><testcase classname="tests.unit.test_bet" name="test_repr_names[bet1-Come(amount=1.0, number=None)]" time="0.000" /><testcase classname="tests.unit.test_bet" name="test_repr_names[bet2-DontPass(amount=1.0)]" time="0.000" /><testcase classname="tests.unit.test_bet" name="test_repr_names[bet3-DontCome(amount=1.0, number=None)]" time="0.000" /><testcase classname="tests.unit.test_bet" name="test_repr_names[bet4-Odds(base_type=crapssim.bet.PassLine, number=6, amount=1.0)]" time="0.000" /><testcase classname="tests.unit.test_bet" name="test_repr_names[bet5-Odds(base_type=crapssim.bet.Come, number=8, amount=1.0)]" time="0.000" /><testcase classname="tests.unit.test_bet" name="test_repr_names[bet6-Odds(base_type=crapssim.bet.DontPass, number=9, amount=1.0)]" time="0.000" /><testcase classname="tests.unit.test_bet" name="test_repr_names[bet7-Odds(base_type=crapssim.bet.DontCome, number=10, amount=1.0)]" time="0.000" /><testcase classname="tests.unit.test_bet" name="test_repr_names[bet8-Odds(base_type=crapssim.bet.PassLine, number=6, amount=1.0, always_working=True)]" time="0.000" /><testcase classname="tests.unit.test_bet" name="test_repr_names[bet9-Odds(base_type=crapssim.bet.Come, number=8, amount=1.0, always_working=True)]" time="0.000" /><testcase classname="tests.unit.test_bet" name="test_repr_names[bet10-Odds(base_type=crapssim.bet.DontPass, number=9, amount=1.0, always_working=True)]" time="0.000" /><testcase classname="tests.unit.test_bet" name="test_repr_names[bet11-Odds(base_type=crapssim.bet.DontCome, number=10, amount=1.0, always_working=True)]" time="0.000" /><testcase classname="tests.unit.test_bet" name="test_repr_names[bet12-Place(4, amount=1.0)]" time="0.000" /><testcase classname="tests.unit.test_bet" name="test_repr_names[bet13-Place(5, amount=1.0)]" time="0.000" /><testcase classname="tests.unit.test_bet" name="test_repr_names[bet14-Place(6, amount=1.0)]" time="0.000" /><testcase classname="tests.unit.test_bet" name="test_repr_names[bet15-Place(8, amount=1.0)]" time="0.000" /><testcase classname="tests.unit.test_bet" name="test_repr_names[bet16-Place(9, amount=1.0)]" time="0.000" /><testcase classname="tests.unit.test_bet" name="test_repr_names[bet17-Place(10, amount=1.0)]" time="0.000" /><testcase classname="tests.unit.test_bet" name="test_repr_names[bet18-Field(amount=1.0)]" time="0.000" /><testcase classname="tests.unit.test_bet" name="test_repr_names[bet19-Any7(amount=1.0)]" time="0.000" /><testcase classname="tests.unit.test_bet" name="test_repr_names[bet20-Two(amount=1.0)]" time="0.000" /><testcase classname="tests.unit.test_bet" name="test_repr_names[bet21-Three(amount=1.0)]" time="0.000" /><testcase classname="tests.unit.test_bet" name="test_repr_names[bet22-Yo(amount=1.0)]" time="0.000" /><testcase classname="tests.unit.test_bet" name="test_repr_names[bet23-Boxcars(amount=1.0)]" time="0.000" /><testcase classname="tests.unit.test_bet" name="test_repr_names[bet24-AnyCraps(amount=1.0)]" time="0.000" /><testcase classname="tests.unit.test_bet" name="test_repr_names[bet25-CAndE(amount=1.0)]" time="0.000" /><testcase classname="tests.unit.test_bet" name="test_repr_names[bet26-HardWay(4, amount=1.0)]" time="0.000" /><testcase classname="tests.unit.test_bet" name="test_repr_names[bet27-HardWay(6, amount=1.0)]" time="0.000" /><testcase classname="tests.unit.test_bet" name="test_repr_names[bet28-HardWay(8, amount=1.0)]" time="0.000" /><testcase classname="tests.unit.test_bet" name="test_repr_names[bet29-HardWay(10, amount=1.0)]" time="0.000" /><testcase classname="tests.unit.test_bet" name="test_repr_names[bet30-Hop((2, 3), amount=1.0)]" time="0.000" /><testcase classname="tests.unit.test_bet" name="test_repr_names[bet31-Hop((2, 3), amount=1.0)]" time="0.000" /><testcase classname="tests.unit.test_bet" name="test_repr_names[bet32-Hop((3, 3), amount=1.0)]" time="0.000" /><testcase classname="tests.unit.test_bet" name="test_repr_names[bet33-Fire(amount=1.0)]" time="0.000" /><testcase classname="tests.unit.test_bet" name="test_repr_names[bet34-All(amount=1.0)]" time="0.000" /><testcase classname="tests.unit.test_bet" name="test_repr_names[bet35-Tall(amount=1.0)]" time="0.000" /><testcase classname="tests.unit.test_bet" name="test_repr_names[bet36-Small(amount=1.0)]" time="0.000" /><testcase classname="tests.unit.test_bet" name="test_repr_names[bet37-Horn(amount=1.0)]" time="0.000" /><testcase classname="tests.unit.test_bet" name="test_repr_names[bet38-World(amount=1.0)]" time="0.000" /><testcase classname="tests.unit.test_bet" name="test_repr_names[bet39-Big6(amount=1.0)]" time="0.000" /><testcase classname="tests.unit.test_bet" name="test_repr_names[bet40-Big8(amount=1.0)]" time="0.000" /><testcase classname="tests.unit.test_bet" name="test_repr_names[bet41-Buy(4, amount=1.0)]" time="0.000" /><testcase classname="tests.unit.test_bet" name="test_repr_names[bet42-Lay(6, amount=1.0)]" time="0.000" /><testcase classname="tests.unit.test_bet" name="test_repr_names[bet43-Put(6, amount=1.0)]" time="0.000" /><testcase classname="tests.unit.test_bet" name="test_repr_names[bet44-Put(10, amount=1.0)]" time="0.000" /><testcase classname="tests.unit.test_bet" name="test_copy_returns_equal_bet[bet0]" time="0.000" /><testcase classname="tests.unit.test_bet" name="test_copy_returns_equal_bet[bet1]" time="0.000" /><testcase classname="tests.unit.test_bet" name="test_copy_returns_equal_bet[bet2]" time="0.000" /><testcase classname="tests.unit.test_bet" name="test_copy_returns_equal_bet[bet3]" time="0.000" /><testcase classname="tests.unit.test_bet" name="test_copy_returns_equal_bet[bet4]" time="0.000" /><testcase classname="tests.unit.test_bet" name="test_copy_returns_equal_bet[bet5]" time="0.000" /><testcase classname="tests.unit.test_bet" name="test_copy_returns_equal_bet[bet6]" time="0.000" /><testcase classname="tests.unit.test_bet" name="test_copy_returns_equal_bet[bet7]" time="0.000" /><testcase classname="tests.unit.test_bet" name="test_copy_returns_equal_bet[bet8]" time="0.000" /><testcase classname="tests.unit.test_bet" name="test_copy_returns_equal_bet[bet9]" time="0.000" /><testcase classname="tests.unit.test_bet" name="test_copy_returns_equal_bet[bet10]" time="0.000" /><testcase classname="tests.unit.test_bet" name="test_copy_returns_equal_bet[bet11]" time="0.000" /><testcase classname="tests.unit.test_bet" name="test_copy_returns_equal_bet[bet12]" time="0.000" /><testcase classname="tests.unit.test_bet" name="test_copy_returns_equal_bet[bet13]" time="0.000" /><testcase classname="tests.unit.test_bet" name="test_copy_returns_equal_bet[bet14]" time="0.000" /><testcase classname="tests.unit.test_bet" name="test_copy_returns_equal_bet[bet15]" time="0.000" /><testcase classname="tests.unit.test_bet" name="test_copy_returns_equal_bet[bet16]" time="0.000" /><testcase classname="tests.unit.test_bet" name="test_copy_returns_equal_bet[bet17]" time="0.000" /><testcase classname="tests.unit.test_bet" name="test_copy_returns_equal_bet[bet18]" time="0.000" /><testcase classname="tests.unit.test_bet" name="test_copy_returns_equal_bet[bet19]" time="0.000" /><testcase classname="tests.unit.test_bet" name="test_copy_returns_equal_bet[bet20]" time="0.000" /><testcase classname="tests.unit.test_bet" name="test_copy_returns_equal_bet[bet21]" time="0.000" /><testcase classname="tests.unit.test_bet" name="test_copy_returns_equal_bet[bet22]" time="0.000" /><testcase classname="tests.unit.test_bet" name="test_copy_returns_equal_bet[bet23]" time="0.000" /><testcase classname="tests.unit.test_bet" name="test_copy_returns_equal_bet[bet24]" time="0.000" /><testcase classname="tests.unit.test_bet" name="test_copy_returns_equal_bet[bet25]" time="0.000" /><testcase classname="tests.unit.test_bet" name="test_copy_returns_equal_bet[bet26]" time="0.000" /><testcase classname="tests.unit.test_bet" name="test_copy_returns_equal_bet[bet27]" time="0.000" /><testcase classname="tests.unit.test_bet" name="test_copy_returns_equal_bet[bet28]" time="0.000" /><testcase classname="tests.unit.test_bet" name="test_copy_returns_equal_bet[bet29]" time="0.000" /><testcase classname="tests.unit.test_bet" name="test_copy_returns_equal_bet[bet30]" time="0.000" /><testcase classname="tests.unit.test_bet" name="test_copy_returns_equal_bet[bet31]" time="0.000" /><testcase classname="tests.unit.test_bet" name="test_copy_returns_equal_bet[bet32]" time="0.000" /><testcase classname="tests.unit.test_bet" name="test_copy_returns_equal_bet[bet33]" time="0.000" /><testcase classname="tests.unit.test_bet" name="test_copy_returns_equal_bet[bet34]" time="0.000" /><testcase classname="tests.unit.test_bet" name="test_copy_returns_equal_bet[bet35]" time="0.000" /><testcase classname="tests.unit.test_bet" name="test_copy_returns_equal_bet[bet36]" time="0.000" /><testcase classname="tests.unit.test_bet" name="test_come_equality" time="0.000" /><testcase classname="tests.unit.test_bet" name="test_come_point_inequality" time="0.000" /><testcase classname="tests.unit.test_bet" name="test_dont_come_equality" time="0.000" /><testcase classname="tests.unit.test_bet" name="test_dont_come_point_inequality" time="0.000" /><testcase classname="tests.unit.test_bet" name="test_cant_instantiate_bet_object" time="0.000" /><testcase classname="tests.unit.test_bet" name="test_get_cande_dice_2_payout_ratio" time="0.001" /><testcase classname="tests.unit.test_bet" name="test_get_cande_dice_3_payout_ratio" time="0.000" /><testcase classname="tests.unit.test_bet" name="test_get_cande_dice_11_payout_ratio" time="0.000" /><testcase classname="tests.unit.test_bet" name="test_get_cande_dice_12_payout_ratio" time="0.000" /><testcase classname="tests.unit.test_bet" name="test_passline_is_irremovable_table_point_off" time="0.000" /><testcase classname="tests.unit.test_bet" name="test_come_is_removable_without_point" time="0.000" /><testcase classname="tests.unit.test_bet" name="test_come_is_irremovable_with_number" time="0.000" /><testcase classname="tests.unit.test_bet" name="test_pass_line_odds_is_allowed" time="0.000" /><testcase classname="tests.unit.test_bet" name="test_pass_line_odds_too_high" time="0.000" /><testcase classname="tests.unit.test_bet" name="test_come_odds_is_allowed" time="0.000" /><testcase classname="tests.unit.test_bet" name="test_come_odds_not_is_allowed" time="0.000" /><testcase classname="tests.unit.test_bet" name="test_hop_equality" time="0.000" /><testcase classname="tests.unit.test_bet" name="test_hop_inequality" time="0.000" /><testcase classname="tests.unit.test_bet" name="test_buy_invalid_number_raises" time="0.000" /><testcase classname="tests.unit.test_bet" name="test_lay_invalid_number_raises" time="0.000" /><testcase classname="tests.unit.test_bet" name="test_buy_commission_modes_and_rounding" time="0.001" /><testcase classname="tests.unit.test_bet" name="test_lay_commission_floor" time="0.000" /><testcase classname="tests.unit.test_bet" name="test_put_odds_disallowed_when_toggled_off" time="0.000" /><testcase classname="tests.unit.test_bet" name="test_commission_rounding_ties_buy_nearest_even" time="0.000" /><testcase classname="tests.unit.test_bet" name="test_commission_rounding_ties_lay_ceiling" time="0.000" /><testcase classname="tests.unit.test_bet" name="test_commission_multiplier_legacy_gate_changes_base" time="0.002" /><testcase classname="tests.unit.test_dice" name="test_no_rolls" time="0.000" /><testcase classname="tests.unit.test_dice" name="test_one_roll" time="0.000" /><testcase classname="tests.unit.test_dice" name="test_many_roll" time="0.000" /><testcase classname="tests.unit.test_dice" name="test_fixed_roll[roll0-7]" time="0.000" /><testcase classname="tests.unit.test_dice" name="test_fixed_roll[roll1-2]" time="0.000" /><testcase classname="tests.unit.test_dice" name="test_fixed_roll[roll2-7]" time="0.000" /><testcase classname="tests.unit.test_dice" name="test_fixed_roll[roll3-11]" time="0.000" /><testcase classname="tests.unit.test_dice" name="test_roll_seed_idential[8]" time="0.000" /><testcase classname="tests.unit.test_dice" name="test_roll_seed_idential[15]" time="0.000" /><testcase classname="tests.unit.test_dice" name="test_roll_seed_idential[21234]" time="0.000" /><testcase classname="tests.unit.test_dice" name="test_roll_seed_idential[0]" time="0.000" /><testcase classname="tests.unit.test_player" name="test_default_strategy" time="0.000" /><testcase classname="tests.unit.test_player" name="test_irremovable_bet" time="0.000" /><testcase classname="tests.unit.test_player" name="test_existing_bet" time="0.001" /><testcase classname="tests.unit.test_put_guard" name="test_illegal_put_removed_when_point_off" time="0.000" /><testcase classname="tests.unit.test_strategy" name="test_strategy_completed" time="0.001" /><testcase classname="tests.unit.test_strategy" name="test_strategy_default_not_completed" time="0.000" /><testcase classname="tests.unit.test_strategy" name="test_strategy_add" time="0.000" /><testcase classname="tests.unit.test_strategy" name="test_strategy_equality" time="0.000" /><testcase classname="tests.unit.test_strategy" name="test_strategy_inequality" time="0.000" /><testcase classname="tests.unit.test_strategy" name="test_strategy_repr" time="0.000" /><testcase classname="tests.unit.test_strategy" name="test_aggregate_strategy_completed" time="0.001" /><testcase classname="tests.unit.test_strategy" name="test_aggregate_strategy_incomplete" time="0.066" /><testcase classname="tests.unit.test_strategy" name="test_aggregate_strategy_calls_all_update_bets" time="0.001" /><testcase classname="tests.unit.test_strategy" name="test_aggregate_strategy_update_bets_calls_completed" time="0.002" /><testcase classname="tests.unit.test_strategy" name="test_aggregate_strategy_completed_calls_all_completed" time="0.002" /><testcase classname="tests.unit.test_strategy" name="test_aggregate_repr" time="0.000" /><testcase classname="tests.unit.test_strategy" name="test_bet_if_true_key_is_called" time="0.001" /><testcase classname="tests.unit.test_strategy" name="test_player_add_bet_is_called_if_key_is_true" time="0.001" /><testcase classname="tests.unit.test_strategy" name="test_player_add_bet_is_not_called_if_key_is_true" time="0.001" /><testcase classname="tests.unit.test_strategy" name="test_bet_if_true_repr" time="0.001" /><testcase classname="tests.unit.test_strategy" name="test_remove_if_true_key_called_for_each_bet" time="0.003" /><testcase classname="tests.unit.test_strategy" name="test_remove_if_true_no_bets_removed" time="0.001" /><testcase classname="tests.unit.test_strategy" name="test_remove_if_true_one_bet_removed" time="0.003" /><testcase classname="tests.unit.test_strategy" name="test_remove_if_true_two_bets_removed" time="0.004" /><testcase classname="tests.unit.test_strategy" name="test_remove_if_true_calls_remove_bet" time="0.003" /><testcase classname="tests.unit.test_strategy" name="test_remove_if_true_repr" time="0.001" /><testcase classname="tests.unit.test_strategy" name="test_replace_if_true_no_initial_bets_no_bets_added" time="0.001" /><testcase classname="tests.unit.test_strategy" name="test_replace_if_true_no_initial_bets_no_bets_removed" time="0.001" /><testcase classname="tests.unit.test_strategy" name="test_replace_if_true_key_true_has_initial_bets_removed" time="0.002" /><testcase classname="tests.unit.test_strategy" name="test_replace_if_true_key_true_has_replacement_bet_added" time="0.002" /><testcase classname="tests.unit.test_strategy" name="test_if_bet_not_exists_bet_doesnt_exist_add_bet" time="0.002" /><testcase classname="tests.unit.test_strategy" name="test_if_bet_exists_dont_add_bet" time="0.001" /><testcase classname="tests.unit.test_strategy" name="test_if_bet_not_exist_repr" time="0.001" /><testcase classname="tests.unit.test_strategy" name="test_bet_point_off_add_bet" time="0.002" /><testcase classname="tests.unit.test_strategy" name="test_bet_point_off_dont_add_bet" time="0.001" /><testcase classname="tests.unit.test_strategy" name="test_bet_point_on_add_bet" time="0.002" /><testcase classname="tests.unit.test_strategy" name="test_bet_point_on_dont_add_bet" time="0.001" /><testcase classname="tests.unit.test_strategy" name="test_bet_new_shooter_add_bet" time="0.002" /><testcase classname="tests.unit.test_strategy" name="test_bet_new_shooter_dont_add_bet" time="0.001" /><testcase classname="tests.unit.test_strategy" name="test_count_strategy_when_more" time="0.000" /><testcase classname="tests.unit.test_strategy" name="test_count_strategy_when_more_two_bets" time="0.000" /><testcase classname="tests.unit.test_strategy" name="test_count_strategy_when_more_three_bets" time="0.000" /><testcase classname="tests.unit.test_strategy" name="test_count_strategy_when_less" time="0.000" /><testcase classname="tests.unit.test_strategy" name="test_count_strategy_repr" time="0.000" /><testcase classname="tests.unit.test_strategy" name="test_count_strategy_key_passes" time="0.000" /><testcase classname="tests.unit.test_strategy" name="test_count_strategy_key_fails_bet_on_table" time="0.000" /><testcase classname="tests.unit.test_strategy" name="test_count_strategy_key_fails_too_many_bets" time="0.000" /><testcase classname="tests.unit.test_strategy" name="test_remove_if_point_off_repr" time="0.001" /><testcase classname="tests.unit.test_strategy" name="test_remove_if_point_off_remove_bet" time="0.001" /><testcase classname="tests.unit.test_strategy" name="test_remove_by_type_remove_bet_called" time="0.001" /><testcase classname="tests.unit.test_strategy" name="test_remove_by_type_remove_bet_not_called" time="0.003" /><testcase classname="tests.unit.test_strategy" name="test_odds_amount_strategy_add_bet_called_pass_line" time="0.001" /><testcase classname="tests.unit.test_strategy" name="test_odds_amount_strategy_add_bet_not_called_pass_line" time="0.001" /><testcase classname="tests.unit.test_strategy" name="test_odds_amount_strategy_add_bet_called_come" time="0.001" /><testcase classname="tests.unit.test_strategy" name="test_odds_amount_strategy_add_bet_not_called_come_wrong_numbers" time="0.001" /><testcase classname="tests.unit.test_strategy" name="test_odds_amount_strategy_add_bet_not_called_come_bet_wrong_type" time="0.001" /><testcase classname="tests.unit.test_strategy" name="test_odds_amount_strategy_add_bet_not_called_amount_too_high" time="0.001" /><testcase classname="tests.unit.test_strategy" name="test_odds_amount_strategy_add_bet_not_called_already_placed" time="0.001" /><testcase classname="tests.unit.test_strategy" name="test_odds_multiplier_pass_line_point_number" time="0.000" /><testcase classname="tests.unit.test_strategy" name="test_odds_multiplier_come_point_number" time="0.000" /><testcase classname="tests.unit.test_strategy" name="test_odds_multiplier_dont_come_bet_placed" time="0.001" /><testcase classname="tests.unit.test_strategy" name="test_come_odds_multiplier_always_working_argument_passes_through" time="0.001" /><testcase classname="tests.unit.test_strategy" name="test_dontcome_odds_multiplier_always_working_argument_passes_through" time="0.001" /><testcase classname="tests.unit.test_strategy" name="test_base_single_bet_add_if_non_existent_add" time="0.001" /><testcase classname="tests.unit.test_strategy" name="test_base_single_bet_add_if_non_existent_dont_add" time="0.001" /><testcase classname="tests.unit.test_strategy" name="test_base_single_bet_is_not_allowed" time="0.001" /><testcase classname="tests.unit.test_strategy" name="test_base_single_bet_add_or_increase" time="0.001" /><testcase classname="tests.unit.test_strategy" name="test_base_single_bet_replace" time="0.001" /><testcase classname="tests.unit.test_strategy" name="test_base_single_bet_bet_point_on_when_point_on" time="0.001" /><testcase classname="tests.unit.test_strategy" name="test_base_single_bet_bet_point_on_when_point_off" time="0.001" /><testcase classname="tests.unit.test_strategy" name="test_bet_place_remove_point_bet" time="0.001" /><testcase classname="tests.unit.test_strategy" name="test_bet_place_skip_point" time="0.000" /><testcase classname="tests.unit.test_strategy" name="test_bet_place_dont_add_point_off" time="0.001" /><testcase classname="tests.unit.test_strategy" name="test_bet_place_add_bet" time="0.001" /><testcase classname="tests.unit.test_strategy" name="test_bet_place_add_bet_not_skip_point" time="0.001" /><testcase classname="tests.unit.test_strategy" name="test_pass_2_come_point_off_passline" time="0.001" /><testcase classname="tests.unit.test_strategy" name="test_pass_2_come_point_on_come" time="0.001" /><testcase classname="tests.unit.test_strategy" name="test_pass_2_come_point_on_come_2" time="0.001" /><testcase classname="tests.unit.test_strategy" name="test_pass_2_come_point_off_come_2_dont_add" time="0.001" /><testcase classname="tests.unit.test_strategy" name="test_pass_line_place_six_eight_pass_line" time="0.001" /><testcase classname="tests.unit.test_strategy" name="test_pass_line_place_six_eight_place_six_eight" time="0.001" /><testcase classname="tests.unit.test_strategy" name="test_pass_line_place_six_eight_place_six_eight_skip_point" time="0.001" /><testcase classname="tests.unit.test_strategy" name="test_pass_line_place_six_eight_place_six_eight_not_skip_point" time="0.001" /><testcase classname="tests.unit.test_strategy" name="test_pass_line_place_six_eight_place_six_eight_doesnt_place_twice" time="0.001" /><testcase classname="tests.unit.test_strategy" name="test_place_inside_place_bets_dict" time="0.001" /><testcase classname="tests.unit.test_strategy" name="test_place_inside_place_bets_int" time="0.001" /><testcase classname="tests.unit.test_strategy" name="test_place_inside_bets_dont_double" time="0.001" /><testcase classname="tests.unit.test_strategy" name="test_place_68_move_59_get_pass_line_come_points" time="0.000" /><testcase classname="tests.unit.test_strategy" name="test_place_68_move_59_do_nothing_point_off" time="0.001" /><testcase classname="tests.unit.test_strategy" name="test_place_68_move_59_remove_matching_place_bet_pass_line" time="0.001" /><testcase classname="tests.unit.test_strategy" name="test_place_68_move_59_remove_matching_place_bet_come" time="0.001" /><testcase classname="tests.unit.test_strategy" name="test_place_68_move_59_add_six_eight_nothing_on_table" time="0.001" /><testcase classname="tests.unit.test_strategy" name="test_place_68_move_59_add_six_eight_other_pass_come_on_table" time="0.001" /><testcase classname="tests.unit.test_strategy" name="test_place_68_move_59_add_five_eight_six_pass_line" time="0.001" /><testcase classname="tests.unit.test_strategy" name="test_place_68_move_59_no_more_than_2_come_bets" time="0.001" /><testcase classname="tests.unit.test_strategy" name="test_place_68_2_come_pass_line_bet_not_repeated" time="0.001" /><testcase classname="tests.unit.test_strategy" name="test_place_68_2_come_come_bet_not_repeated" time="0.002" /><testcase classname="tests.unit.test_strategy" name="test_place_68_2_come_pass_line_added" time="0.001" /><testcase classname="tests.unit.test_strategy" name="test_place_68_2_come_pass_line_not_added_too_many_come" time="0.001" /><testcase classname="tests.unit.test_strategy" name="test_place_68_2_come_come_added_point_on" time="0.001" /><testcase classname="tests.unit.test_strategy" name="test_place_68_2_come_add_come_and_place" time="0.000" /><testcase classname="tests.unit.test_strategy" name="test_place_68_2_come_dont_add_come" time="0.001" /><testcase classname="tests.unit.test_strategy" name="test_hammerlock_point_start_six_eight_amount" time="0.000" /><testcase classname="tests.unit.test_strategy" name="test_hammerlock_end_six_eight_amount" time="0.000" /><testcase classname="tests.unit.test_strategy" name="test_hammerlock_five_nine_amount" time="0.000" /><testcase classname="tests.unit.test_strategy" name="test_hammerlock_odds_multiplier" time="0.000" /><testcase classname="tests.unit.test_strategy" name="test_hammerlock_1_win_after_roll" time="0.001" /><testcase classname="tests.unit.test_strategy" name="test_hammerlock_2_win_after_roll" time="0.001" /><testcase classname="tests.unit.test_strategy" name="test_hammerlock_lose_place_win_count_0" time="0.000" /><testcase classname="tests.unit.test_strategy" name="test_hammerlock_point_off_bets" time="0.001" /><testcase classname="tests.unit.test_strategy" name="test_hammerlock_place_68" time="0.001" /><testcase classname="tests.unit.test_strategy" name="test_hammerlock_place_5689_removed_bets" time="0.001" /><testcase classname="tests.unit.test_strategy" name="test_hammerlock_place_5689_added_bets" time="0.001" /><testcase classname="tests.unit.test_strategy" name="test_hammerlock_always_add_dont_odds[0]" time="0.001" /><testcase classname="tests.unit.test_strategy" name="test_hammerlock_always_add_dont_odds[1]" time="0.001" /><testcase classname="tests.unit.test_strategy" name="test_hammerlock_always_add_dont_odds[2]" time="0.001" /><testcase classname="tests.unit.test_strategy" name="test_risk_12_point_off_add_bets" time="0.001" /><testcase classname="tests.unit.test_strategy" name="test_risk_12_point_on_5_pre_point_winnings" time="0.001" /><testcase classname="tests.unit.test_strategy" name="test_risk_12_point_on_10_pre_point_winnings" time="0.001" /><testcase classname="tests.unit.test_strategy" name="test_dice_doctor_win_increase_progression" time="0.001" /><testcase classname="tests.unit.test_strategy" name="test_dice_doctor_lose_progression" time="0.001" /><testcase classname="tests.unit.test_strategy" name="test_dice_doctor_bet_amounts[0-10]" time="0.001" /><testcase classname="tests.unit.test_strategy" name="test_dice_doctor_bet_amounts[4-25]" time="0.001" /><testcase classname="tests.unit.test_strategy" name="test_dice_doctor_bet_amounts[9-100]" time="0.001" /><testcase classname="tests.unit.test_strategy" name="test_place_68_cpr_amounts[base_amount-6]" time="0.000" /><testcase classname="tests.unit.test_strategy" name="test_place_68_cpr_amounts[starting_amount-6]" time="0.000" /><testcase classname="tests.unit.test_strategy" name="test_place_68_cpr_amounts[win_one_amount-7]" time="0.000" /><testcase classname="tests.unit.test_strategy" name="test_place_68_cpr_amounts[win_two_amount-14]" time="0.000" /><testcase classname="tests.unit.test_strategy" name="test_place_68_cpr_after_roll_6_winnings_increase" time="0.001" /><testcase classname="tests.unit.test_strategy" name="test_place_68_cpr_after_roll_winnings_dont_change" time="0.001" /><testcase classname="tests.unit.test_strategy" name="test_place_68_cpr_ensure_bets_exist_adds_place_6_place_8" time="0.001" /><testcase classname="tests.unit.test_strategy" name="test_place_68_cpr_ensure_bets_exist_doesnt_double_bets" time="0.001" /><testcase classname="tests.unit.test_strategy" name="test_place_68_cpr_ensure_bets_exist_doesnt_add_to_existing_bets_with_press" time="0.001" /><testcase classname="tests.unit.test_strategy" name="test_place_68_cpr_press_increases_bet" time="0.001" /><testcase classname="tests.unit.test_strategy" name="test_place_68_cpr_press_no_increases" time="0.000" /><testcase classname="tests.unit.test_strategy" name="test_place_68_cpr_update_bets_initial_bets" time="0.001" /><testcase classname="tests.unit.test_strategy" name="test_place_68_cpr_update_bets_initial_bets_placed_push_6_add_bet" time="0.001" /><testcase classname="tests.unit.test_strategy" name="test_place_68_cpr_update_bets_initial_bets_placed_no_update" time="0.001" /><testcase classname="tests.unit.test_strategy" name="test_repr_names[strategy0-BetPlace(place_bet_amounts={6: 6, 8: 6}, mode=StrategyMode.BET_IF_POINT_ON, skip_point=True, skip_come=False)]" time="0.000" /><testcase classname="tests.unit.test_strategy" name="test_repr_names[strategy1-BetPassLine(bet_amount=1.0, mode=StrategyMode.ADD_IF_POINT_OFF)]" time="0.000" /><testcase classname="tests.unit.test_strategy" name="test_repr_names[strategy2-BetDontPass(bet_amount=1.0, mode=StrategyMode.ADD_IF_POINT_OFF)]" time="0.000" /><testcase classname="tests.unit.test_strategy" name="test_repr_names[strategy3-BetCome(bet_amount=1.0, mode=StrategyMode.ADD_IF_POINT_ON)]" time="0.000" /><testcase classname="tests.unit.test_strategy" name="test_repr_names[strategy4-BetDontCome(bet_amount=1.0, mode=StrategyMode.ADD_IF_POINT_ON)]" time="0.000" /><testcase classname="tests.unit.test_strategy" name="test_repr_names[strategy5-BetHardWay(4, bet_amount=1.0, mode=StrategyMode.ADD_IF_NOT_BET)]" time="0.000" /><testcase classname="tests.unit.test_strategy" name="test_repr_names[strategy6-BetHardWay(6, bet_amount=1.0, mode=StrategyMode.ADD_IF_NOT_BET)]" time="0.000" /><testcase classname="tests.unit.test_strategy" name="test_repr_names[strategy7-BetHardWay(8, bet_amount=1.0, mode=StrategyMode.ADD_IF_NOT_BET)]" time="0.000" /><testcase classname="tests.unit.test_strategy" name="test_repr_names[strategy8-BetHardWay(10, bet_amount=1.0, mode=StrategyMode.ADD_IF_NOT_BET)]" time="0.000" /><testcase classname="tests.unit.test_strategy" name="test_repr_names[strategy9-BetHop((4, 5), bet_amount=1.0, mode=StrategyMode.ADD_IF_NOT_BET)]" time="0.000" /><testcase classname="tests.unit.test_strategy" name="test_repr_names[strategy10-BetHop((4, 5), bet_amount=1.0, mode=StrategyMode.ADD_IF_NOT_BET)]" time="0.000" /><testcase classname="tests.unit.test_strategy" name="test_repr_names[strategy11-BetHop((1, 1), bet_amount=1.0, mode=StrategyMode.ADD_IF_NOT_BET)]" time="0.000" /><testcase classname="tests.unit.test_strategy" name="test_repr_names[strategy12-BetField(bet_amount=1.0, mode=StrategyMode.ADD_IF_NOT_BET)]" time="0.000" /><testcase classname="tests.unit.test_strategy" name="test_repr_names[strategy13-BetAny7(bet_amount=1.0, mode=StrategyMode.ADD_IF_NOT_BET)]" time="0.000" /><testcase classname="tests.unit.test_strategy" name="test_repr_names[strategy14-BetTwo(bet_amount=1.0, mode=StrategyMode.ADD_IF_NOT_BET)]" time="0.000" /><testcase classname="tests.unit.test_strategy" name="test_repr_names[strategy15-BetThree(bet_amount=1.0, mode=StrategyMode.ADD_IF_NOT_BET)]" time="0.000" /><testcase classname="tests.unit.test_strategy" name="test_repr_names[strategy16-BetYo(bet_amount=1.0, mode=StrategyMode.ADD_IF_NOT_BET)]" time="0.000" /><testcase classname="tests.unit.test_strategy" name="test_repr_names[strategy17-BetBoxcars(bet_amount=1.0, mode=StrategyMode.ADD_IF_NOT_BET)]" time="0.000" /><testcase classname="tests.unit.test_strategy" name="test_repr_names[strategy18-BetFire(bet_amount=1.0, mode=StrategyMode.ADD_IF_NOT_BET)]" time="0.000" /><testcase classname="tests.unit.test_strategy" name="test_repr_names[strategy19-BetAll(bet_amount=1.0, mode=StrategyMode.ADD_IF_NOT_BET)]" time="0.000" /><testcase classname="tests.unit.test_strategy" name="test_repr_names[strategy20-BetTall(bet_amount=1.0, mode=StrategyMode.ADD_IF_NOT_BET)]" time="0.000" /><testcase classname="tests.unit.test_strategy" name="test_repr_names[strategy21-BetSmall(bet_amount=1.0, mode=StrategyMode.ADD_IF_NOT_BET)]" time="0.000" /><testcase classname="tests.unit.test_strategy" name="test_repr_names[strategy22-Pass2Come(amount=1.0)]" time="0.000" /><testcase classname="tests.unit.test_strategy" name="test_repr_names[strategy23-PassLinePlace68(pass_line_amount=5.0, six_amount=6.0, eight_amount=6.0, skip_point=True)]" time="0.000" /><testcase classname="tests.unit.test_strategy" name="test_repr_names[strategy24-PlaceInside(amount=5.0)]" time="0.000" /><testcase classname="tests.unit.test_strategy" name="test_repr_names[strategy25-Place68Move59(pass_come_amount=5.0, six_eight_amount=6.0, five_nine_amount=5.0)]" time="0.000" /><testcase classname="tests.unit.test_strategy" name="test_repr_names[strategy26-PassLinePlace68Move59(pass_line_amount=5.0, six_eight_amount=6.0, five_nine_amount=5.0)]" time="0.000" /><testcase classname="tests.unit.test_strategy" name="test_repr_names[strategy27-Place682Come(pass_come_amount=5.0, six_eight_amount=6.0, five_nine_amount=5.0)]" time="0.000" /><testcase classname="tests.unit.test_strategy" name="test_repr_names[strategy28-IronCross(base_amount=10.0)]" time="0.000" /><testcase classname="tests.unit.test_strategy" name="test_repr_names[strategy29-HammerLock(base_amount=5.0)]" time="0.000" /><testcase classname="tests.unit.test_strategy" name="test_repr_names[strategy30-Risk12()]" time="0.000" /><testcase classname="tests.unit.test_strategy" name="test_repr_names[strategy31-Knockout(base_amount=5.0)]" time="0.000" /><testcase classname="tests.unit.test_strategy" name="test_repr_names[strategy32-DiceDoctor(base_amount=5.0)]" time="0.000" /><testcase classname="tests.unit.test_strategy" name="test_repr_names[strategy33-Place68PR(base_amount=6.0)]" time="0.000" /><testcase classname="tests.unit.test_strategy" name="test_repr_names[strategy34-Place68DontCome2Odds(six_eight_amount=6.0, dont_come_amount=5.0)]" time="0.000" /><testcase classname="tests.unit.test_strategy" name="test_repr_names[strategy35-OddsAmount(base_type=crapssim.bet.PassLine, odds_amounts={4: 10, 5: 10, 6: 10, 8: 10, 9: 10, 10: 10})]" time="0.000" /><testcase classname="tests.unit.test_strategy" name="test_repr_names[strategy36-OddsAmount(base_type=crapssim.bet.PassLine, odds_amounts={4: 10, 5: 10, 6: 10, 8: 10, 9: 10, 10: 10}, always_working=True)]" time="0.000" /><testcase classname="tests.unit.test_strategy" name="test_repr_names[strategy37-OddsAmount(base_type=crapssim.bet.Come, odds_amounts={4: 10, 5: 10, 6: 10, 8: 10, 9: 10, 10: 10})]" time="0.000" /><testcase classname="tests.unit.test_strategy" name="test_repr_names[strategy38-OddsAmount(base_type=crapssim.bet.DontPass, odds_amounts={4: 10, 5: 10, 6: 10, 8: 10, 9: 10, 10: 10})]" time="0.000" /><testcase classname="tests.unit.test_strategy" name="test_repr_names[strategy39-OddsAmount(base_type=crapssim.bet.DontCome, odds_amounts={4: 10, 5: 10, 6: 10, 8: 10, 9: 10, 10: 10}, always_working=True)]" time="0.000" /><testcase classname="tests.unit.test_strategy" name="test_repr_names[strategy40-PassLineOddsAmount(bet_amount=10.0, numbers=(4, 5, 6, 8, 9, 10))]" time="0.000" /><testcase classname="tests.unit.test_strategy" name="test_repr_names[strategy41-PassLineOddsAmount(bet_amount=10.0, numbers=(4, 5, 6, 8, 9, 10), always_working=True)]" time="0.000" /><testcase classname="tests.unit.test_strategy" name="test_repr_names[strategy42-ComeOddsAmount(bet_amount=10.0, numbers=(4, 5, 6, 8, 9, 10), always_working=True)]" time="0.000" /><testcase classname="tests.unit.test_strategy" name="test_repr_names[strategy43-ComeOddsAmount(bet_amount=10.0, numbers=(4, 5, 6, 8, 9, 10))]" time="0.000" /><testcase classname="tests.unit.test_strategy" name="test_repr_names[strategy44-DontPassOddsAmount(bet_amount=10.0, numbers=(4, 5, 6, 8, 9, 10))]" time="0.000" /><testcase classname="tests.unit.test_strategy" name="test_repr_names[strategy45-DontComeOddsAmount(bet_amount=10.0, numbers=(4, 5, 6, 8, 9, 10))]" time="0.001" /><testcase classname="tests.unit.test_strategy" name="test_repr_names[strategy46-PassLineOddsMultiplier(odds_multiplier={4: 3, 5: 4, 6: 5, 8: 5, 9: 4, 10: 3})]" time="0.000" /><testcase classname="tests.unit.test_strategy" name="test_repr_names[strategy47-PassLineOddsMultiplier(odds_multiplier=2)]" time="0.000" /><testcase classname="tests.unit.test_strategy" name="test_repr_names[strategy48-PassLineOddsMultiplier(odds_multiplier=2, always_working=True)]" time="0.000" /><testcase classname="tests.unit.test_strategy" name="test_repr_names[strategy49-ComeOddsMultiplier(odds_multiplier=2, always_working=True)]" time="0.000" /><testcase classname="tests.unit.test_strategy" name="test_repr_names[strategy50-DontPassOddsMultiplier(odds_multiplier=2)]" time="0.000" /><testcase classname="tests.unit.test_strategy" name="test_repr_names[strategy51-DontComeOddsMultiplier(odds_multiplier=2, always_working=True)]" time="0.000" /><testcase classname="tests.unit.test_table" name="test_ensure_one_player" time="0.000" /><testcase classname="tests.unit.test_table" name="test_wrong_point_off" time="0.000" /><testcase classname="tests.unit.test_table" name="test_wrong_point_on" time="0.000" /><testcase classname="tests.unit.test_table" name="test_point_equality[Off-None-Off]" time="0.000" /><testcase classname="tests.unit.test_table" name="test_point_equality[Off-None-off]" time="0.000" /><testcase classname="tests.unit.test_table" name="test_point_equality[On-6-6_0]" time="0.000" /><testcase classname="tests.unit.test_table" name="test_point_equality[On-6-6_1]" time="0.000" /><testcase classname="tests.unit.test_table" name="test_point_equality[On-8-on]" time="0.000" /><testcase classname="tests.unit.test_table" name="test_point_greater_than[8-6_0]" time="0.000" /><testcase classname="tests.unit.test_table" name="test_point_greater_than[8-6_1]" time="0.000" /><testcase classname="tests.unit.test_table" name="test_point_less_than[4-6]" time="0.000" /><testcase classname="tests.unit.test_table" name="test_point_less_than[4-10]" time="0.000" /><testcase classname="tests.unit.test_table" name="test_table_seed_idential[8]" time="0.010" /><testcase classname="tests.unit.test_table" name="test_table_seed_idential[15]" time="0.010" /><testcase classname="tests.unit.test_table" name="test_table_seed_idential[21234]" time="0.010" /><testcase classname="tests.unit.test_table" name="test_table_seed_idential[0]" time="0.009" /><testcase classname="tests.unit.test_table" name="test_table_n_shooters[rolls0-1]" time="0.001" /><testcase classname="tests.unit.test_table" name="test_table_n_shooters[rolls1-1]" time="0.001" /><testcase classname="tests.unit.test_table" name="test_table_n_shooters[rolls2-2]" time="0.001" /><testcase classname="tests.unit.test_table" name="test_table_n_shooters[rolls3-2]" time="0.000" /><testcase classname="tests.unit.test_table" name="test_table_n_shooters[rolls4-2]" time="0.000" /><testcase classname="tests.unit.test_table" name="test_table_n_shooters[rolls5-3]" time="0.001" /><testcase classname="tests.unit.test_table" name="test_table_rerunning_with_rolls" time="0.001" /><testcase classname="tests.unit.test_table" name="test_table_rerunning_with_shooters" time="0.002" /></testsuite></testsuites>